
===========================================================================
 report_power
============================================================================
======================= Fastest Corner ===================================

Group                  Internal  Switching    Leakage      Total
                          Power      Power      Power      Power (Watts)
----------------------------------------------------------------
Sequential             0.00e+00   0.00e+00   0.00e+00   0.00e+00   0.0%
Combinational          2.46e-06   7.01e-06   1.38e-10   9.46e-06 100.0%
Clock                  0.00e+00   0.00e+00   1.44e-10   1.44e-10   0.0%
Macro                  0.00e+00   0.00e+00   0.00e+00   0.00e+00   0.0%
Pad                    0.00e+00   0.00e+00   0.00e+00   0.00e+00   0.0%
----------------------------------------------------------------
Total                  2.46e-06   7.01e-06   2.83e-10   9.47e-06 100.0%
                          26.0%      74.0%       0.0%

======================= Slowest Corner ===================================

Group                  Internal  Switching    Leakage      Total
                          Power      Power      Power      Power (Watts)
----------------------------------------------------------------
Sequential             0.00e+00   0.00e+00   0.00e+00   0.00e+00   0.0%
Combinational          1.84e-06   4.70e-06   1.18e-07   6.66e-06 100.0%
Clock                  0.00e+00   0.00e+00   1.44e-10   1.44e-10   0.0%
Macro                  0.00e+00   0.00e+00   0.00e+00   0.00e+00   0.0%
Pad                    0.00e+00   0.00e+00   0.00e+00   0.00e+00   0.0%
----------------------------------------------------------------
Total                  1.84e-06   4.70e-06   1.18e-07   6.66e-06 100.0%
                          27.6%      70.6%       1.8%

======================= Typical Corner ===================================

Group                  Internal  Switching    Leakage      Total
                          Power      Power      Power      Power (Watts)
----------------------------------------------------------------
Sequential             0.00e+00   0.00e+00   0.00e+00   0.00e+00   0.0%
Combinational          2.22e-06   5.96e-06   7.56e-11   8.18e-06 100.0%
Clock                  0.00e+00   0.00e+00   1.44e-10   1.44e-10   0.0%
Macro                  0.00e+00   0.00e+00   0.00e+00   0.00e+00   0.0%
Pad                    0.00e+00   0.00e+00   0.00e+00   0.00e+00   0.0%
----------------------------------------------------------------
Total                  2.22e-06   5.96e-06   2.20e-10   8.18e-06 100.0%
                          27.1%      72.9%       0.0%

