
===========================================================================
 report_power
============================================================================
======================= Fastest Corner ===================================

Group                  Internal  Switching    Leakage      Total
                          Power      Power      Power      Power (Watts)
----------------------------------------------------------------
Sequential             1.37e-04   0.00e+00   2.96e-08   1.37e-04  39.2%
Combinational          2.77e-06   1.18e-05   7.66e-10   1.45e-05   4.2%
Clock                  1.36e-04   6.14e-05   1.06e-09   1.97e-04  56.6%
Macro                  0.00e+00   0.00e+00   0.00e+00   0.00e+00   0.0%
Pad                    0.00e+00   0.00e+00   0.00e+00   0.00e+00   0.0%
----------------------------------------------------------------
Total                  2.76e-04   7.32e-05   3.14e-08   3.49e-04 100.0%
                          79.0%      21.0%       0.0%

======================= Slowest Corner ===================================

Group                  Internal  Switching    Leakage      Total
                          Power      Power      Power      Power (Watts)
----------------------------------------------------------------
Sequential             9.04e-05   0.00e+00   5.50e-07   9.09e-05  38.1%
Combinational          1.89e-06   7.81e-06   5.96e-07   1.03e-05   4.3%
Clock                  9.71e-05   3.99e-05   1.31e-07   1.37e-04  57.5%
Macro                  0.00e+00   0.00e+00   0.00e+00   0.00e+00   0.0%
Pad                    0.00e+00   0.00e+00   0.00e+00   0.00e+00   0.0%
----------------------------------------------------------------
Total                  1.89e-04   4.77e-05   1.28e-06   2.38e-04 100.0%
                          79.4%      20.0%       0.5%

======================= Typical Corner ===================================

Group                  Internal  Switching    Leakage      Total
                          Power      Power      Power      Power (Watts)
----------------------------------------------------------------
Sequential             1.17e-04   0.00e+00   2.93e-08   1.18e-04  39.1%
Combinational          2.32e-06   1.00e-05   5.31e-10   1.24e-05   4.1%
Clock                  1.19e-04   5.14e-05   7.29e-10   1.70e-04  56.7%
Macro                  0.00e+00   0.00e+00   0.00e+00   0.00e+00   0.0%
Pad                    0.00e+00   0.00e+00   0.00e+00   0.00e+00   0.0%
----------------------------------------------------------------
Total                  2.39e-04   6.15e-05   3.05e-08   3.00e-04 100.0%
                          79.5%      20.5%       0.0%

