
===========================================================================
report_checks -path_delay max (Setup)
============================================================================
======================= Fastest Corner ===================================

Startpoint: A[2] (input port clocked by __VIRTUAL_CLK__)
Endpoint: out[5] (output port clocked by __VIRTUAL_CLK__)
Path Group: __VIRTUAL_CLK__
Path Type: max
Corner: Fastest

Fanout     Cap    Slew   Delay    Time   Description
-----------------------------------------------------------------------------
                  0.00    0.00    0.00   clock __VIRTUAL_CLK__ (rise edge)
                          0.00    0.00   clock network delay (ideal)
                          2.00    2.00 ^ input external delay
     1    0.00    0.02    0.01    2.01 ^ A[2] (in)
                                         A[2] (net)
                  0.02    0.00    2.01 ^ input3/A (sky130_fd_sc_hd__clkbuf_2)
     4    0.04    0.16    0.16    2.16 ^ input3/X (sky130_fd_sc_hd__clkbuf_2)
                                         net3 (net)
                  0.16    0.00    2.17 ^ _176_/A (sky130_fd_sc_hd__buf_4)
    10    0.08    0.16    0.20    2.36 ^ _176_/X (sky130_fd_sc_hd__buf_4)
                                         _104_ (net)
                  0.16    0.00    2.36 ^ _194_/B1 (sky130_fd_sc_hd__a22o_1)
     3    0.03    0.22    0.22    2.59 ^ _194_/X (sky130_fd_sc_hd__a22o_1)
                                         _122_ (net)
                  0.22    0.00    2.59 ^ _196_/A3 (sky130_fd_sc_hd__a31o_1)
     2    0.03    0.24    0.26    2.85 ^ _196_/X (sky130_fd_sc_hd__a31o_1)
                                         _124_ (net)
                  0.24    0.00    2.85 ^ _198_/C (sky130_fd_sc_hd__and3_1)
     2    0.02    0.17    0.22    3.07 ^ _198_/X (sky130_fd_sc_hd__and3_1)
                                         _126_ (net)
                  0.17    0.00    3.07 ^ _208_/A_N (sky130_fd_sc_hd__and2b_1)
     1    0.02    0.06    0.17    3.24 v _208_/X (sky130_fd_sc_hd__and2b_1)
                                         _136_ (net)
                  0.06    0.00    3.24 v _209_/B (sky130_fd_sc_hd__xnor2_4)
     3    0.04    0.27    0.24    3.48 ^ _209_/Y (sky130_fd_sc_hd__xnor2_4)
                                         _137_ (net)
                  0.27    0.00    3.48 ^ _210_/C (sky130_fd_sc_hd__nand3_4)
     3    0.05    0.13    0.12    3.60 v _210_/Y (sky130_fd_sc_hd__nand3_4)
                                         _138_ (net)
                  0.13    0.00    3.61 v _219_/A2 (sky130_fd_sc_hd__a21oi_2)
     1    0.03    0.23    0.25    3.86 ^ _219_/Y (sky130_fd_sc_hd__a21oi_2)
                                         _147_ (net)
                  0.23    0.00    3.86 ^ _221_/A (sky130_fd_sc_hd__nor2_1)
     1    0.01    0.09    0.08    3.95 v _221_/Y (sky130_fd_sc_hd__nor2_1)
                                         _149_ (net)
                  0.09    0.00    3.95 v _267_/A2 (sky130_fd_sc_hd__a211o_1)
     1    0.02    0.09    0.27    4.22 v _267_/X (sky130_fd_sc_hd__a211o_1)
                                         net25 (net)
                  0.09    0.00    4.22 v output25/A (sky130_fd_sc_hd__buf_2)
     1    0.03    0.06    0.15    4.37 v output25/X (sky130_fd_sc_hd__buf_2)
                                         out[5] (net)
                  0.06    0.00    4.37 v out[5] (out)
                                  4.37   data arrival time

                  0.00   10.00   10.00   clock __VIRTUAL_CLK__ (rise edge)
                          0.00   10.00   clock network delay (ideal)
                         -0.25    9.75   clock uncertainty
                          0.00    9.75   clock reconvergence pessimism
                         -2.00    7.75   output external delay
                                  7.75   data required time
-----------------------------------------------------------------------------
                                  7.75   data required time
                                 -4.37   data arrival time
-----------------------------------------------------------------------------
                                  3.38   slack (MET)


Startpoint: A[2] (input port clocked by __VIRTUAL_CLK__)
Endpoint: out[6] (output port clocked by __VIRTUAL_CLK__)
Path Group: __VIRTUAL_CLK__
Path Type: max
Corner: Fastest

Fanout     Cap    Slew   Delay    Time   Description
-----------------------------------------------------------------------------
                  0.00    0.00    0.00   clock __VIRTUAL_CLK__ (rise edge)
                          0.00    0.00   clock network delay (ideal)
                          2.00    2.00 ^ input external delay
     1    0.00    0.02    0.01    2.01 ^ A[2] (in)
                                         A[2] (net)
                  0.02    0.00    2.01 ^ input3/A (sky130_fd_sc_hd__clkbuf_2)
     4    0.04    0.16    0.16    2.16 ^ input3/X (sky130_fd_sc_hd__clkbuf_2)
                                         net3 (net)
                  0.16    0.00    2.17 ^ _176_/A (sky130_fd_sc_hd__buf_4)
    10    0.08    0.16    0.20    2.36 ^ _176_/X (sky130_fd_sc_hd__buf_4)
                                         _104_ (net)
                  0.16    0.00    2.36 ^ _194_/B1 (sky130_fd_sc_hd__a22o_1)
     3    0.03    0.22    0.22    2.59 ^ _194_/X (sky130_fd_sc_hd__a22o_1)
                                         _122_ (net)
                  0.22    0.00    2.59 ^ _196_/A3 (sky130_fd_sc_hd__a31o_1)
     2    0.03    0.24    0.26    2.85 ^ _196_/X (sky130_fd_sc_hd__a31o_1)
                                         _124_ (net)
                  0.24    0.00    2.85 ^ _198_/C (sky130_fd_sc_hd__and3_1)
     2    0.02    0.17    0.22    3.07 ^ _198_/X (sky130_fd_sc_hd__and3_1)
                                         _126_ (net)
                  0.17    0.00    3.07 ^ _199_/B1 (sky130_fd_sc_hd__a31o_2)
     2    0.03    0.14    0.16    3.23 ^ _199_/X (sky130_fd_sc_hd__a31o_2)
                                         _127_ (net)
                  0.14    0.00    3.23 ^ _200_/B (sky130_fd_sc_hd__nand2_2)
     3    0.04    0.15    0.12    3.35 v _200_/Y (sky130_fd_sc_hd__nand2_2)
                                         _128_ (net)
                  0.15    0.00    3.35 v _282_/A1 (sky130_fd_sc_hd__a21o_1)
     3    0.04    0.11    0.23    3.58 v _282_/X (sky130_fd_sc_hd__a21o_1)
                                         _039_ (net)
                  0.11    0.00    3.58 v _283_/B (sky130_fd_sc_hd__or2_1)
     1    0.02    0.09    0.22    3.80 v _283_/X (sky130_fd_sc_hd__or2_1)
                                         _040_ (net)
                  0.09    0.00    3.81 v _290_/A2 (sky130_fd_sc_hd__a31o_1)
     1    0.03    0.10    0.23    4.03 v _290_/X (sky130_fd_sc_hd__a31o_1)
                                         _047_ (net)
                  0.10    0.00    4.04 v _291_/B1 (sky130_fd_sc_hd__a21o_1)
     1    0.01    0.06    0.13    4.17 v _291_/X (sky130_fd_sc_hd__a21o_1)
                                         net26 (net)
                  0.06    0.00    4.17 v output26/A (sky130_fd_sc_hd__clkbuf_4)
     1    0.03    0.06    0.14    4.31 v output26/X (sky130_fd_sc_hd__clkbuf_4)
                                         out[6] (net)
                  0.06    0.00    4.31 v out[6] (out)
                                  4.31   data arrival time

                  0.00   10.00   10.00   clock __VIRTUAL_CLK__ (rise edge)
                          0.00   10.00   clock network delay (ideal)
                         -0.25    9.75   clock uncertainty
                          0.00    9.75   clock reconvergence pessimism
                         -2.00    7.75   output external delay
                                  7.75   data required time
-----------------------------------------------------------------------------
                                  7.75   data required time
                                 -4.31   data arrival time
-----------------------------------------------------------------------------
                                  3.44   slack (MET)


Startpoint: A[2] (input port clocked by __VIRTUAL_CLK__)
Endpoint: out[4] (output port clocked by __VIRTUAL_CLK__)
Path Group: __VIRTUAL_CLK__
Path Type: max
Corner: Fastest

Fanout     Cap    Slew   Delay    Time   Description
-----------------------------------------------------------------------------
                  0.00    0.00    0.00   clock __VIRTUAL_CLK__ (rise edge)
                          0.00    0.00   clock network delay (ideal)
                          2.00    2.00 ^ input external delay
     1    0.00    0.02    0.01    2.01 ^ A[2] (in)
                                         A[2] (net)
                  0.02    0.00    2.01 ^ input3/A (sky130_fd_sc_hd__clkbuf_2)
     4    0.04    0.16    0.16    2.16 ^ input3/X (sky130_fd_sc_hd__clkbuf_2)
                                         net3 (net)
                  0.16    0.00    2.17 ^ _176_/A (sky130_fd_sc_hd__buf_4)
    10    0.08    0.16    0.20    2.36 ^ _176_/X (sky130_fd_sc_hd__buf_4)
                                         _104_ (net)
                  0.16    0.00    2.36 ^ _194_/B1 (sky130_fd_sc_hd__a22o_1)
     3    0.03    0.22    0.22    2.59 ^ _194_/X (sky130_fd_sc_hd__a22o_1)
                                         _122_ (net)
                  0.22    0.00    2.59 ^ _196_/A3 (sky130_fd_sc_hd__a31o_1)
     2    0.03    0.24    0.26    2.85 ^ _196_/X (sky130_fd_sc_hd__a31o_1)
                                         _124_ (net)
                  0.24    0.00    2.85 ^ _198_/C (sky130_fd_sc_hd__and3_1)
     2    0.02    0.17    0.22    3.07 ^ _198_/X (sky130_fd_sc_hd__and3_1)
                                         _126_ (net)
                  0.17    0.00    3.07 ^ _208_/A_N (sky130_fd_sc_hd__and2b_1)
     1    0.02    0.06    0.17    3.24 v _208_/X (sky130_fd_sc_hd__and2b_1)
                                         _136_ (net)
                  0.06    0.00    3.24 v _209_/B (sky130_fd_sc_hd__xnor2_4)
     3    0.04    0.27    0.24    3.48 ^ _209_/Y (sky130_fd_sc_hd__xnor2_4)
                                         _137_ (net)
                  0.27    0.00    3.48 ^ _210_/C (sky130_fd_sc_hd__nand3_4)
     3    0.05    0.13    0.12    3.60 v _210_/Y (sky130_fd_sc_hd__nand3_4)
                                         _138_ (net)
                  0.13    0.00    3.61 v _345_/A1 (sky130_fd_sc_hd__a31o_1)
     1    0.01    0.03    0.16    3.77 v _345_/X (sky130_fd_sc_hd__a31o_1)
                                         _096_ (net)
                  0.03    0.00    3.77 v _346_/C (sky130_fd_sc_hd__or3_1)
     1    0.01    0.06    0.20    3.97 v _346_/X (sky130_fd_sc_hd__or3_1)
                                         _097_ (net)
                  0.06    0.00    3.97 v _347_/A (sky130_fd_sc_hd__buf_1)
     1    0.02    0.07    0.11    4.08 v _347_/X (sky130_fd_sc_hd__buf_1)
                                         net24 (net)
                  0.07    0.00    4.08 v output24/A (sky130_fd_sc_hd__buf_2)
     1    0.03    0.06    0.14    4.22 v output24/X (sky130_fd_sc_hd__buf_2)
                                         out[4] (net)
                  0.06    0.00    4.22 v out[4] (out)
                                  4.22   data arrival time

                  0.00   10.00   10.00   clock __VIRTUAL_CLK__ (rise edge)
                          0.00   10.00   clock network delay (ideal)
                         -0.25    9.75   clock uncertainty
                          0.00    9.75   clock reconvergence pessimism
                         -2.00    7.75   output external delay
                                  7.75   data required time
-----------------------------------------------------------------------------
                                  7.75   data required time
                                 -4.22   data arrival time
-----------------------------------------------------------------------------
                                  3.53   slack (MET)


Startpoint: B[1] (input port clocked by __VIRTUAL_CLK__)
Endpoint: out[7] (output port clocked by __VIRTUAL_CLK__)
Path Group: __VIRTUAL_CLK__
Path Type: max
Corner: Fastest

Fanout     Cap    Slew   Delay    Time   Description
-----------------------------------------------------------------------------
                  0.00    0.00    0.00   clock __VIRTUAL_CLK__ (rise edge)
                          0.00    0.00   clock network delay (ideal)
                          2.00    2.00 ^ input external delay
     1    0.00    0.01    0.01    2.01 ^ B[1] (in)
                                         B[1] (net)
                  0.01    0.00    2.01 ^ input10/A (sky130_fd_sc_hd__clkbuf_2)
     5    0.04    0.18    0.17    2.18 ^ input10/X (sky130_fd_sc_hd__clkbuf_2)
                                         net10 (net)
                  0.18    0.00    2.18 ^ _175_/A (sky130_fd_sc_hd__buf_6)
    10    0.07    0.11    0.14    2.32 ^ _175_/X (sky130_fd_sc_hd__buf_6)
                                         _103_ (net)
                  0.11    0.01    2.33 ^ _242_/B (sky130_fd_sc_hd__and3_1)
     2    0.02    0.14    0.19    2.52 ^ _242_/X (sky130_fd_sc_hd__and3_1)
                                         _000_ (net)
                  0.14    0.00    2.52 ^ rebuffer2/A (sky130_fd_sc_hd__dlymetal6s2s_1)
     1    0.01    0.11    0.13    2.65 ^ rebuffer2/X (sky130_fd_sc_hd__dlymetal6s2s_1)
                                         net29 (net)
                  0.11    0.00    2.65 ^ _244_/A1 (sky130_fd_sc_hd__o21a_4)
     4    0.04    0.10    0.15    2.80 ^ _244_/X (sky130_fd_sc_hd__o21a_4)
                                         _002_ (net)
                  0.10    0.00    2.80 ^ _247_/A_N (sky130_fd_sc_hd__and3b_2)
     3    0.04    0.09    0.21    3.01 v _247_/X (sky130_fd_sc_hd__and3b_2)
                                         _005_ (net)
                  0.09    0.00    3.01 v _250_/A1 (sky130_fd_sc_hd__o21ai_4)
     4    0.04    0.22    0.23    3.24 ^ _250_/Y (sky130_fd_sc_hd__o21ai_4)
                                         _008_ (net)
                  0.22    0.00    3.24 ^ _257_/A2 (sky130_fd_sc_hd__a311o_4)
     5    0.04    0.12    0.23    3.47 ^ _257_/X (sky130_fd_sc_hd__a311o_4)
                                         _015_ (net)
                  0.12    0.00    3.47 ^ _276_/A1 (sky130_fd_sc_hd__a311oi_4)
     2    0.01    0.07    0.08    3.55 v _276_/Y (sky130_fd_sc_hd__a311oi_4)
                                         _033_ (net)
                  0.07    0.00    3.55 v rebuffer1/A (sky130_fd_sc_hd__buf_6)
     2    0.03    0.03    0.11    3.66 v rebuffer1/X (sky130_fd_sc_hd__buf_6)
                                         net28 (net)
                  0.03    0.00    3.66 v _295_/A2 (sky130_fd_sc_hd__o21ai_1)
     1    0.01    0.19    0.17    3.83 ^ _295_/Y (sky130_fd_sc_hd__o21ai_1)
                                         _051_ (net)
                  0.19    0.00    3.83 ^ _302_/A2 (sky130_fd_sc_hd__a31o_1)
     1    0.01    0.08    0.14    3.97 ^ _302_/X (sky130_fd_sc_hd__a31o_1)
                                         net27 (net)
                  0.08    0.00    3.97 ^ output27/A (sky130_fd_sc_hd__buf_2)
     1    0.03    0.13    0.16    4.13 ^ output27/X (sky130_fd_sc_hd__buf_2)
                                         out[7] (net)
                  0.13    0.00    4.13 ^ out[7] (out)
                                  4.13   data arrival time

                  0.00   10.00   10.00   clock __VIRTUAL_CLK__ (rise edge)
                          0.00   10.00   clock network delay (ideal)
                         -0.25    9.75   clock uncertainty
                          0.00    9.75   clock reconvergence pessimism
                         -2.00    7.75   output external delay
                                  7.75   data required time
-----------------------------------------------------------------------------
                                  7.75   data required time
                                 -4.13   data arrival time
-----------------------------------------------------------------------------
                                  3.62   slack (MET)


Startpoint: B[1] (input port clocked by __VIRTUAL_CLK__)
Endpoint: out[1] (output port clocked by __VIRTUAL_CLK__)
Path Group: __VIRTUAL_CLK__
Path Type: max
Corner: Fastest

Fanout     Cap    Slew   Delay    Time   Description
-----------------------------------------------------------------------------
                  0.00    0.00    0.00   clock __VIRTUAL_CLK__ (rise edge)
                          0.00    0.00   clock network delay (ideal)
                          2.00    2.00 ^ input external delay
     1    0.00    0.01    0.01    2.01 ^ B[1] (in)
                                         B[1] (net)
                  0.01    0.00    2.01 ^ input10/A (sky130_fd_sc_hd__clkbuf_2)
     5    0.04    0.18    0.17    2.18 ^ input10/X (sky130_fd_sc_hd__clkbuf_2)
                                         net10 (net)
                  0.18    0.00    2.18 ^ _175_/A (sky130_fd_sc_hd__buf_6)
    10    0.07    0.11    0.14    2.32 ^ _175_/X (sky130_fd_sc_hd__buf_6)
                                         _103_ (net)
                  0.11    0.01    2.33 ^ _242_/B (sky130_fd_sc_hd__and3_1)
     2    0.02    0.14    0.19    2.52 ^ _242_/X (sky130_fd_sc_hd__and3_1)
                                         _000_ (net)
                  0.14    0.00    2.52 ^ rebuffer2/A (sky130_fd_sc_hd__dlymetal6s2s_1)
     1    0.01    0.11    0.13    2.65 ^ rebuffer2/X (sky130_fd_sc_hd__dlymetal6s2s_1)
                                         net29 (net)
                  0.11    0.00    2.65 ^ _244_/A1 (sky130_fd_sc_hd__o21a_4)
     4    0.04    0.10    0.15    2.80 ^ _244_/X (sky130_fd_sc_hd__o21a_4)
                                         _002_ (net)
                  0.10    0.00    2.80 ^ _314_/A_N (sky130_fd_sc_hd__and2b_1)
     1    0.02    0.08    0.18    2.98 v _314_/X (sky130_fd_sc_hd__and2b_1)
                                         _068_ (net)
                  0.08    0.00    2.98 v _315_/A (sky130_fd_sc_hd__nor2_1)
     1    0.02    0.26    0.25    3.23 ^ _315_/Y (sky130_fd_sc_hd__nor2_1)
                                         _069_ (net)
                  0.26    0.00    3.23 ^ _316_/B (sky130_fd_sc_hd__or3b_1)
     1    0.01    0.10    0.15    3.38 ^ _316_/X (sky130_fd_sc_hd__or3b_1)
                                         _070_ (net)
                  0.10    0.00    3.38 ^ _317_/D_N (sky130_fd_sc_hd__or4b_2)
     1    0.02    0.11    0.41    3.80 v _317_/X (sky130_fd_sc_hd__or4b_2)
                                         _071_ (net)
                  0.11    0.00    3.80 v _318_/A (sky130_fd_sc_hd__buf_1)
     1    0.01    0.06    0.13    3.93 v _318_/X (sky130_fd_sc_hd__buf_1)
                                         net21 (net)
                  0.06    0.00    3.93 v output21/A (sky130_fd_sc_hd__buf_2)
     1    0.03    0.06    0.14    4.06 v output21/X (sky130_fd_sc_hd__buf_2)
                                         out[1] (net)
                  0.06    0.00    4.07 v out[1] (out)
                                  4.07   data arrival time

                  0.00   10.00   10.00   clock __VIRTUAL_CLK__ (rise edge)
                          0.00   10.00   clock network delay (ideal)
                         -0.25    9.75   clock uncertainty
                          0.00    9.75   clock reconvergence pessimism
                         -2.00    7.75   output external delay
                                  7.75   data required time
-----------------------------------------------------------------------------
                                  7.75   data required time
                                 -4.07   data arrival time
-----------------------------------------------------------------------------
                                  3.68   slack (MET)


Startpoint: A[2] (input port clocked by __VIRTUAL_CLK__)
Endpoint: out[3] (output port clocked by __VIRTUAL_CLK__)
Path Group: __VIRTUAL_CLK__
Path Type: max
Corner: Fastest

Fanout     Cap    Slew   Delay    Time   Description
-----------------------------------------------------------------------------
                  0.00    0.00    0.00   clock __VIRTUAL_CLK__ (rise edge)
                          0.00    0.00   clock network delay (ideal)
                          2.00    2.00 ^ input external delay
     1    0.00    0.02    0.01    2.01 ^ A[2] (in)
                                         A[2] (net)
                  0.02    0.00    2.01 ^ input3/A (sky130_fd_sc_hd__clkbuf_2)
     4    0.04    0.16    0.16    2.16 ^ input3/X (sky130_fd_sc_hd__clkbuf_2)
                                         net3 (net)
                  0.16    0.00    2.17 ^ _176_/A (sky130_fd_sc_hd__buf_4)
    10    0.08    0.16    0.20    2.36 ^ _176_/X (sky130_fd_sc_hd__buf_4)
                                         _104_ (net)
                  0.16    0.00    2.36 ^ _194_/B1 (sky130_fd_sc_hd__a22o_1)
     3    0.03    0.22    0.22    2.59 ^ _194_/X (sky130_fd_sc_hd__a22o_1)
                                         _122_ (net)
                  0.22    0.00    2.59 ^ _196_/A3 (sky130_fd_sc_hd__a31o_1)
     2    0.03    0.24    0.26    2.85 ^ _196_/X (sky130_fd_sc_hd__a31o_1)
                                         _124_ (net)
                  0.24    0.00    2.85 ^ _198_/C (sky130_fd_sc_hd__and3_1)
     2    0.02    0.17    0.22    3.07 ^ _198_/X (sky130_fd_sc_hd__and3_1)
                                         _126_ (net)
                  0.17    0.00    3.07 ^ _208_/A_N (sky130_fd_sc_hd__and2b_1)
     1    0.02    0.06    0.17    3.24 v _208_/X (sky130_fd_sc_hd__and2b_1)
                                         _136_ (net)
                  0.06    0.00    3.24 v _209_/B (sky130_fd_sc_hd__xnor2_4)
     3    0.04    0.27    0.24    3.48 ^ _209_/Y (sky130_fd_sc_hd__xnor2_4)
                                         _137_ (net)
                  0.27    0.00    3.48 ^ _330_/B (sky130_fd_sc_hd__xor2_1)
     1    0.01    0.23    0.21    3.69 ^ _330_/X (sky130_fd_sc_hd__xor2_1)
                                         _082_ (net)
                  0.23    0.00    3.69 ^ _335_/B1 (sky130_fd_sc_hd__a221o_1)
     1    0.01    0.11    0.16    3.86 ^ _335_/X (sky130_fd_sc_hd__a221o_1)
                                         net23 (net)
                  0.11    0.00    3.86 ^ output23/A (sky130_fd_sc_hd__buf_2)
     1    0.03    0.13    0.16    4.02 ^ output23/X (sky130_fd_sc_hd__buf_2)
                                         out[3] (net)
                  0.13    0.00    4.02 ^ out[3] (out)
                                  4.02   data arrival time

                  0.00   10.00   10.00   clock __VIRTUAL_CLK__ (rise edge)
                          0.00   10.00   clock network delay (ideal)
                         -0.25    9.75   clock uncertainty
                          0.00    9.75   clock reconvergence pessimism
                         -2.00    7.75   output external delay
                                  7.75   data required time
-----------------------------------------------------------------------------
                                  7.75   data required time
                                 -4.02   data arrival time
-----------------------------------------------------------------------------
                                  3.73   slack (MET)


Startpoint: A[2] (input port clocked by __VIRTUAL_CLK__)
Endpoint: out[2] (output port clocked by __VIRTUAL_CLK__)
Path Group: __VIRTUAL_CLK__
Path Type: max
Corner: Fastest

Fanout     Cap    Slew   Delay    Time   Description
-----------------------------------------------------------------------------
                  0.00    0.00    0.00   clock __VIRTUAL_CLK__ (rise edge)
                          0.00    0.00   clock network delay (ideal)
                          2.00    2.00 ^ input external delay
     1    0.00    0.02    0.01    2.01 ^ A[2] (in)
                                         A[2] (net)
                  0.02    0.00    2.01 ^ input3/A (sky130_fd_sc_hd__clkbuf_2)
     4    0.04    0.16    0.16    2.16 ^ input3/X (sky130_fd_sc_hd__clkbuf_2)
                                         net3 (net)
                  0.16    0.00    2.17 ^ _176_/A (sky130_fd_sc_hd__buf_4)
    10    0.08    0.16    0.20    2.36 ^ _176_/X (sky130_fd_sc_hd__buf_4)
                                         _104_ (net)
                  0.16    0.00    2.36 ^ _194_/B1 (sky130_fd_sc_hd__a22o_1)
     3    0.03    0.22    0.22    2.59 ^ _194_/X (sky130_fd_sc_hd__a22o_1)
                                         _122_ (net)
                  0.22    0.00    2.59 ^ _203_/B (sky130_fd_sc_hd__and2b_1)
     1    0.02    0.14    0.18    2.77 ^ _203_/X (sky130_fd_sc_hd__and2b_1)
                                         _131_ (net)
                  0.14    0.00    2.77 ^ _204_/B (sky130_fd_sc_hd__xnor2_2)
     2    0.04    0.12    0.12    2.90 v _204_/Y (sky130_fd_sc_hd__xnor2_2)
                                         _132_ (net)
                  0.12    0.00    2.90 v _206_/A (sky130_fd_sc_hd__and2_2)
     4    0.05    0.10    0.22    3.12 v _206_/X (sky130_fd_sc_hd__and2_2)
                                         _134_ (net)
                  0.10    0.01    3.13 v _325_/A1 (sky130_fd_sc_hd__o21bai_1)
     1    0.02    0.27    0.27    3.40 ^ _325_/Y (sky130_fd_sc_hd__o21bai_1)
                                         _078_ (net)
                  0.27    0.00    3.40 ^ _326_/B1 (sky130_fd_sc_hd__a31o_1)
     1    0.02    0.12    0.13    3.53 ^ _326_/X (sky130_fd_sc_hd__a31o_1)
                                         net22 (net)
                  0.12    0.00    3.53 ^ output22/A (sky130_fd_sc_hd__buf_2)
     1    0.04    0.13    0.17    3.71 ^ output22/X (sky130_fd_sc_hd__buf_2)
                                         out[2] (net)
                  0.13    0.00    3.71 ^ out[2] (out)
                                  3.71   data arrival time

                  0.00   10.00   10.00   clock __VIRTUAL_CLK__ (rise edge)
                          0.00   10.00   clock network delay (ideal)
                         -0.25    9.75   clock uncertainty
                          0.00    9.75   clock reconvergence pessimism
                         -2.00    7.75   output external delay
                                  7.75   data required time
-----------------------------------------------------------------------------
                                  7.75   data required time
                                 -3.71   data arrival time
-----------------------------------------------------------------------------
                                  4.04   slack (MET)


Startpoint: opcode[1] (input port clocked by __VIRTUAL_CLK__)
Endpoint: out[0] (output port clocked by __VIRTUAL_CLK__)
Path Group: __VIRTUAL_CLK__
Path Type: max
Corner: Fastest

Fanout     Cap    Slew   Delay    Time   Description
-----------------------------------------------------------------------------
                  0.00    0.00    0.00   clock __VIRTUAL_CLK__ (rise edge)
                          0.00    0.00   clock network delay (ideal)
                          2.00    2.00 v input external delay
     1    0.00    0.00    0.00    2.00 v opcode[1] (in)
                                         opcode[1] (net)
                  0.00    0.00    2.00 v input18/A (sky130_fd_sc_hd__clkbuf_4)
     6    0.06    0.09    0.14    2.15 v input18/X (sky130_fd_sc_hd__clkbuf_4)
                                         net18 (net)
                  0.09    0.00    2.15 v _171_/B (sky130_fd_sc_hd__or2_2)
     4    0.04    0.10    0.26    2.41 v _171_/X (sky130_fd_sc_hd__or2_2)
                                         _099_ (net)
                  0.10    0.00    2.41 v _172_/B (sky130_fd_sc_hd__nor2_4)
     8    0.07    0.33    0.29    2.70 ^ _172_/Y (sky130_fd_sc_hd__nor2_4)
                                         _100_ (net)
                  0.33    0.00    2.71 ^ _303_/A (sky130_fd_sc_hd__or2_1)
     1    0.02    0.14    0.17    2.88 ^ _303_/X (sky130_fd_sc_hd__or2_1)
                                         _058_ (net)
                  0.14    0.00    2.88 ^ _307_/A3 (sky130_fd_sc_hd__a31o_1)
     2    0.03    0.20    0.23    3.11 ^ _307_/X (sky130_fd_sc_hd__a31o_1)
                                         net20 (net)
                  0.20    0.00    3.11 ^ output20/A (sky130_fd_sc_hd__buf_2)
     1    0.03    0.13    0.18    3.29 ^ output20/X (sky130_fd_sc_hd__buf_2)
                                         out[0] (net)
                  0.13    0.00    3.29 ^ out[0] (out)
                                  3.29   data arrival time

                  0.00   10.00   10.00   clock __VIRTUAL_CLK__ (rise edge)
                          0.00   10.00   clock network delay (ideal)
                         -0.25    9.75   clock uncertainty
                          0.00    9.75   clock reconvergence pessimism
                         -2.00    7.75   output external delay
                                  7.75   data required time
-----------------------------------------------------------------------------
                                  7.75   data required time
                                 -3.29   data arrival time
-----------------------------------------------------------------------------
                                  4.46   slack (MET)



worst slack corner Fastest: 3.3778
======================= Slowest Corner ===================================

Startpoint: A[2] (input port clocked by __VIRTUAL_CLK__)
Endpoint: out[5] (output port clocked by __VIRTUAL_CLK__)
Path Group: __VIRTUAL_CLK__
Path Type: max
Corner: Slowest

Fanout     Cap    Slew   Delay    Time   Description
-----------------------------------------------------------------------------
                  0.00    0.00    0.00   clock __VIRTUAL_CLK__ (rise edge)
                          0.00    0.00   clock network delay (ideal)
                          2.00    2.00 ^ input external delay
     1    0.00    0.03    0.02    2.02 ^ A[2] (in)
                                         A[2] (net)
                  0.03    0.00    2.02 ^ input3/A (sky130_fd_sc_hd__clkbuf_2)
     4    0.04    0.31    0.37    2.39 ^ input3/X (sky130_fd_sc_hd__clkbuf_2)
                                         net3 (net)
                  0.31    0.00    2.39 ^ _176_/A (sky130_fd_sc_hd__buf_4)
    10    0.08    0.34    0.54    2.92 ^ _176_/X (sky130_fd_sc_hd__buf_4)
                                         _104_ (net)
                  0.34    0.00    2.93 ^ _194_/B1 (sky130_fd_sc_hd__a22o_1)
     3    0.03    0.47    0.67    3.59 ^ _194_/X (sky130_fd_sc_hd__a22o_1)
                                         _122_ (net)
                  0.47    0.00    3.60 ^ _196_/A3 (sky130_fd_sc_hd__a31o_1)
     2    0.03    0.51    0.79    4.38 ^ _196_/X (sky130_fd_sc_hd__a31o_1)
                                         _124_ (net)
                  0.51    0.00    4.39 ^ _198_/C (sky130_fd_sc_hd__and3_1)
     2    0.02    0.34    0.68    5.07 ^ _198_/X (sky130_fd_sc_hd__and3_1)
                                         _126_ (net)
                  0.34    0.00    5.07 ^ _208_/A_N (sky130_fd_sc_hd__and2b_1)
     1    0.02    0.18    0.60    5.67 v _208_/X (sky130_fd_sc_hd__and2b_1)
                                         _136_ (net)
                  0.18    0.00    5.67 v _209_/B (sky130_fd_sc_hd__xnor2_4)
     3    0.04    0.54    0.56    6.23 ^ _209_/Y (sky130_fd_sc_hd__xnor2_4)
                                         _137_ (net)
                  0.54    0.00    6.23 ^ _210_/C (sky130_fd_sc_hd__nand3_4)
     3    0.05    0.35    0.50    6.73 v _210_/Y (sky130_fd_sc_hd__nand3_4)
                                         _138_ (net)
                  0.35    0.00    6.73 v _219_/A2 (sky130_fd_sc_hd__a21oi_2)
     1    0.03    0.52    0.64    7.37 ^ _219_/Y (sky130_fd_sc_hd__a21oi_2)
                                         _147_ (net)
                  0.52    0.00    7.37 ^ _221_/A (sky130_fd_sc_hd__nor2_1)
     1    0.01    0.19    0.36    7.73 v _221_/Y (sky130_fd_sc_hd__nor2_1)
                                         _149_ (net)
                  0.19    0.00    7.73 v _267_/A2 (sky130_fd_sc_hd__a211o_1)
     1    0.02    0.24    0.79    8.52 v _267_/X (sky130_fd_sc_hd__a211o_1)
                                         net25 (net)
                  0.24    0.00    8.52 v output25/A (sky130_fd_sc_hd__buf_2)
     1    0.03    0.17    0.45    8.97 v output25/X (sky130_fd_sc_hd__buf_2)
                                         out[5] (net)
                  0.17    0.00    8.97 v out[5] (out)
                                  8.97   data arrival time

                  0.00   10.00   10.00   clock __VIRTUAL_CLK__ (rise edge)
                          0.00   10.00   clock network delay (ideal)
                         -0.25    9.75   clock uncertainty
                          0.00    9.75   clock reconvergence pessimism
                         -2.00    7.75   output external delay
                                  7.75   data required time
-----------------------------------------------------------------------------
                                  7.75   data required time
                                 -8.97   data arrival time
-----------------------------------------------------------------------------
                                 -1.22   slack (VIOLATED)


Startpoint: A[2] (input port clocked by __VIRTUAL_CLK__)
Endpoint: out[6] (output port clocked by __VIRTUAL_CLK__)
Path Group: __VIRTUAL_CLK__
Path Type: max
Corner: Slowest

Fanout     Cap    Slew   Delay    Time   Description
-----------------------------------------------------------------------------
                  0.00    0.00    0.00   clock __VIRTUAL_CLK__ (rise edge)
                          0.00    0.00   clock network delay (ideal)
                          2.00    2.00 ^ input external delay
     1    0.00    0.03    0.02    2.02 ^ A[2] (in)
                                         A[2] (net)
                  0.03    0.00    2.02 ^ input3/A (sky130_fd_sc_hd__clkbuf_2)
     4    0.04    0.31    0.37    2.39 ^ input3/X (sky130_fd_sc_hd__clkbuf_2)
                                         net3 (net)
                  0.31    0.00    2.39 ^ _176_/A (sky130_fd_sc_hd__buf_4)
    10    0.08    0.34    0.54    2.92 ^ _176_/X (sky130_fd_sc_hd__buf_4)
                                         _104_ (net)
                  0.34    0.00    2.93 ^ _194_/B1 (sky130_fd_sc_hd__a22o_1)
     3    0.03    0.47    0.67    3.59 ^ _194_/X (sky130_fd_sc_hd__a22o_1)
                                         _122_ (net)
                  0.47    0.00    3.60 ^ _196_/A3 (sky130_fd_sc_hd__a31o_1)
     2    0.03    0.51    0.79    4.38 ^ _196_/X (sky130_fd_sc_hd__a31o_1)
                                         _124_ (net)
                  0.51    0.00    4.39 ^ _197_/B1 (sky130_fd_sc_hd__a21o_1)
     2    0.03    0.38    0.54    4.92 ^ _197_/X (sky130_fd_sc_hd__a21o_1)
                                         _125_ (net)
                  0.38    0.00    4.93 ^ _199_/A3 (sky130_fd_sc_hd__a31o_2)
     2    0.03    0.30    0.65    5.57 ^ _199_/X (sky130_fd_sc_hd__a31o_2)
                                         _127_ (net)
                  0.30    0.00    5.57 ^ _200_/B (sky130_fd_sc_hd__nand2_2)
     3    0.04    0.37    0.41    5.99 v _200_/Y (sky130_fd_sc_hd__nand2_2)
                                         _128_ (net)
                  0.37    0.00    5.99 v _282_/A1 (sky130_fd_sc_hd__a21o_1)
     3    0.04    0.31    0.66    6.65 v _282_/X (sky130_fd_sc_hd__a21o_1)
                                         _039_ (net)
                  0.31    0.00    6.65 v _283_/B (sky130_fd_sc_hd__or2_1)
     1    0.02    0.25    0.77    7.42 v _283_/X (sky130_fd_sc_hd__or2_1)
                                         _040_ (net)
                  0.25    0.00    7.42 v _290_/A2 (sky130_fd_sc_hd__a31o_1)
     1    0.03    0.25    0.65    8.07 v _290_/X (sky130_fd_sc_hd__a31o_1)
                                         _047_ (net)
                  0.25    0.00    8.07 v _291_/B1 (sky130_fd_sc_hd__a21o_1)
     1    0.01    0.15    0.46    8.53 v _291_/X (sky130_fd_sc_hd__a21o_1)
                                         net26 (net)
                  0.15    0.00    8.53 v output26/A (sky130_fd_sc_hd__clkbuf_4)
     1    0.03    0.14    0.38    8.91 v output26/X (sky130_fd_sc_hd__clkbuf_4)
                                         out[6] (net)
                  0.14    0.00    8.91 v out[6] (out)
                                  8.91   data arrival time

                  0.00   10.00   10.00   clock __VIRTUAL_CLK__ (rise edge)
                          0.00   10.00   clock network delay (ideal)
                         -0.25    9.75   clock uncertainty
                          0.00    9.75   clock reconvergence pessimism
                         -2.00    7.75   output external delay
                                  7.75   data required time
-----------------------------------------------------------------------------
                                  7.75   data required time
                                 -8.91   data arrival time
-----------------------------------------------------------------------------
                                 -1.16   slack (VIOLATED)


Startpoint: A[2] (input port clocked by __VIRTUAL_CLK__)
Endpoint: out[4] (output port clocked by __VIRTUAL_CLK__)
Path Group: __VIRTUAL_CLK__
Path Type: max
Corner: Slowest

Fanout     Cap    Slew   Delay    Time   Description
-----------------------------------------------------------------------------
                  0.00    0.00    0.00   clock __VIRTUAL_CLK__ (rise edge)
                          0.00    0.00   clock network delay (ideal)
                          2.00    2.00 ^ input external delay
     1    0.00    0.03    0.02    2.02 ^ A[2] (in)
                                         A[2] (net)
                  0.03    0.00    2.02 ^ input3/A (sky130_fd_sc_hd__clkbuf_2)
     4    0.04    0.31    0.37    2.39 ^ input3/X (sky130_fd_sc_hd__clkbuf_2)
                                         net3 (net)
                  0.31    0.00    2.39 ^ _176_/A (sky130_fd_sc_hd__buf_4)
    10    0.08    0.34    0.54    2.92 ^ _176_/X (sky130_fd_sc_hd__buf_4)
                                         _104_ (net)
                  0.34    0.00    2.93 ^ _194_/B1 (sky130_fd_sc_hd__a22o_1)
     3    0.03    0.47    0.67    3.59 ^ _194_/X (sky130_fd_sc_hd__a22o_1)
                                         _122_ (net)
                  0.47    0.00    3.60 ^ _196_/A3 (sky130_fd_sc_hd__a31o_1)
     2    0.03    0.51    0.79    4.38 ^ _196_/X (sky130_fd_sc_hd__a31o_1)
                                         _124_ (net)
                  0.51    0.00    4.39 ^ _198_/C (sky130_fd_sc_hd__and3_1)
     2    0.02    0.34    0.68    5.07 ^ _198_/X (sky130_fd_sc_hd__and3_1)
                                         _126_ (net)
                  0.34    0.00    5.07 ^ _208_/A_N (sky130_fd_sc_hd__and2b_1)
     1    0.02    0.18    0.60    5.67 v _208_/X (sky130_fd_sc_hd__and2b_1)
                                         _136_ (net)
                  0.18    0.00    5.67 v _209_/B (sky130_fd_sc_hd__xnor2_4)
     3    0.04    0.54    0.56    6.23 ^ _209_/Y (sky130_fd_sc_hd__xnor2_4)
                                         _137_ (net)
                  0.54    0.00    6.23 ^ _210_/C (sky130_fd_sc_hd__nand3_4)
     3    0.05    0.35    0.50    6.73 v _210_/Y (sky130_fd_sc_hd__nand3_4)
                                         _138_ (net)
                  0.35    0.00    6.73 v _345_/A1 (sky130_fd_sc_hd__a31o_1)
     1    0.00    0.08    0.48    7.21 v _345_/X (sky130_fd_sc_hd__a31o_1)
                                         _096_ (net)
                  0.08    0.00    7.21 v _346_/C (sky130_fd_sc_hd__or3_1)
     1    0.01    0.18    0.83    8.04 v _346_/X (sky130_fd_sc_hd__or3_1)
                                         _097_ (net)
                  0.18    0.00    8.04 v _347_/A (sky130_fd_sc_hd__buf_1)
     1    0.02    0.19    0.34    8.38 v _347_/X (sky130_fd_sc_hd__buf_1)
                                         net24 (net)
                  0.19    0.00    8.38 v output24/A (sky130_fd_sc_hd__buf_2)
     1    0.03    0.17    0.42    8.80 v output24/X (sky130_fd_sc_hd__buf_2)
                                         out[4] (net)
                  0.17    0.00    8.80 v out[4] (out)
                                  8.80   data arrival time

                  0.00   10.00   10.00   clock __VIRTUAL_CLK__ (rise edge)
                          0.00   10.00   clock network delay (ideal)
                         -0.25    9.75   clock uncertainty
                          0.00    9.75   clock reconvergence pessimism
                         -2.00    7.75   output external delay
                                  7.75   data required time
-----------------------------------------------------------------------------
                                  7.75   data required time
                                 -8.80   data arrival time
-----------------------------------------------------------------------------
                                 -1.05   slack (VIOLATED)


Startpoint: B[1] (input port clocked by __VIRTUAL_CLK__)
Endpoint: out[1] (output port clocked by __VIRTUAL_CLK__)
Path Group: __VIRTUAL_CLK__
Path Type: max
Corner: Slowest

Fanout     Cap    Slew   Delay    Time   Description
-----------------------------------------------------------------------------
                  0.00    0.00    0.00   clock __VIRTUAL_CLK__ (rise edge)
                          0.00    0.00   clock network delay (ideal)
                          2.00    2.00 ^ input external delay
     1    0.00    0.03    0.02    2.02 ^ B[1] (in)
                                         B[1] (net)
                  0.03    0.00    2.02 ^ input10/A (sky130_fd_sc_hd__clkbuf_2)
     5    0.04    0.36    0.40    2.42 ^ input10/X (sky130_fd_sc_hd__clkbuf_2)
                                         net10 (net)
                  0.36    0.00    2.42 ^ _175_/A (sky130_fd_sc_hd__buf_6)
    10    0.07    0.23    0.43    2.85 ^ _175_/X (sky130_fd_sc_hd__buf_6)
                                         _103_ (net)
                  0.23    0.01    2.86 ^ _242_/B (sky130_fd_sc_hd__and3_1)
     2    0.02    0.29    0.54    3.41 ^ _242_/X (sky130_fd_sc_hd__and3_1)
                                         _000_ (net)
                  0.29    0.00    3.41 ^ rebuffer2/A (sky130_fd_sc_hd__dlymetal6s2s_1)
     1    0.01    0.20    0.37    3.78 ^ rebuffer2/X (sky130_fd_sc_hd__dlymetal6s2s_1)
                                         net29 (net)
                  0.20    0.00    3.78 ^ _244_/A1 (sky130_fd_sc_hd__o21a_4)
     4    0.04    0.20    0.43    4.21 ^ _244_/X (sky130_fd_sc_hd__o21a_4)
                                         _002_ (net)
                  0.20    0.00    4.21 ^ _314_/A_N (sky130_fd_sc_hd__and2b_1)
     1    0.02    0.22    0.59    4.80 v _314_/X (sky130_fd_sc_hd__and2b_1)
                                         _068_ (net)
                  0.22    0.00    4.80 v _315_/A (sky130_fd_sc_hd__nor2_1)
     1    0.02    0.62    0.62    5.42 ^ _315_/Y (sky130_fd_sc_hd__nor2_1)
                                         _069_ (net)
                  0.62    0.00    5.42 ^ _316_/B (sky130_fd_sc_hd__or3b_1)
     1    0.01    0.22    0.51    5.94 ^ _316_/X (sky130_fd_sc_hd__or3b_1)
                                         _070_ (net)
                  0.22    0.00    5.94 ^ _317_/D_N (sky130_fd_sc_hd__or4b_2)
     1    0.02    0.34    1.76    7.70 v _317_/X (sky130_fd_sc_hd__or4b_2)
                                         _071_ (net)
                  0.34    0.00    7.70 v _318_/A (sky130_fd_sc_hd__buf_1)
     1    0.01    0.17    0.39    8.09 v _318_/X (sky130_fd_sc_hd__buf_1)
                                         net21 (net)
                  0.17    0.00    8.09 v output21/A (sky130_fd_sc_hd__buf_2)
     1    0.03    0.17    0.41    8.51 v output21/X (sky130_fd_sc_hd__buf_2)
                                         out[1] (net)
                  0.17    0.00    8.51 v out[1] (out)
                                  8.51   data arrival time

                  0.00   10.00   10.00   clock __VIRTUAL_CLK__ (rise edge)
                          0.00   10.00   clock network delay (ideal)
                         -0.25    9.75   clock uncertainty
                          0.00    9.75   clock reconvergence pessimism
                         -2.00    7.75   output external delay
                                  7.75   data required time
-----------------------------------------------------------------------------
                                  7.75   data required time
                                 -8.51   data arrival time
-----------------------------------------------------------------------------
                                 -0.76   slack (VIOLATED)


Startpoint: B[1] (input port clocked by __VIRTUAL_CLK__)
Endpoint: out[7] (output port clocked by __VIRTUAL_CLK__)
Path Group: __VIRTUAL_CLK__
Path Type: max
Corner: Slowest

Fanout     Cap    Slew   Delay    Time   Description
-----------------------------------------------------------------------------
                  0.00    0.00    0.00   clock __VIRTUAL_CLK__ (rise edge)
                          0.00    0.00   clock network delay (ideal)
                          2.00    2.00 ^ input external delay
     1    0.00    0.03    0.02    2.02 ^ B[1] (in)
                                         B[1] (net)
                  0.03    0.00    2.02 ^ input10/A (sky130_fd_sc_hd__clkbuf_2)
     5    0.04    0.36    0.40    2.42 ^ input10/X (sky130_fd_sc_hd__clkbuf_2)
                                         net10 (net)
                  0.36    0.00    2.42 ^ _175_/A (sky130_fd_sc_hd__buf_6)
    10    0.07    0.23    0.43    2.85 ^ _175_/X (sky130_fd_sc_hd__buf_6)
                                         _103_ (net)
                  0.23    0.01    2.86 ^ _242_/B (sky130_fd_sc_hd__and3_1)
     2    0.02    0.29    0.54    3.41 ^ _242_/X (sky130_fd_sc_hd__and3_1)
                                         _000_ (net)
                  0.29    0.00    3.41 ^ rebuffer2/A (sky130_fd_sc_hd__dlymetal6s2s_1)
     1    0.01    0.20    0.37    3.78 ^ rebuffer2/X (sky130_fd_sc_hd__dlymetal6s2s_1)
                                         net29 (net)
                  0.20    0.00    3.78 ^ _244_/A1 (sky130_fd_sc_hd__o21a_4)
     4    0.04    0.20    0.43    4.21 ^ _244_/X (sky130_fd_sc_hd__o21a_4)
                                         _002_ (net)
                  0.20    0.00    4.21 ^ _247_/A_N (sky130_fd_sc_hd__and3b_2)
     3    0.04    0.23    0.68    4.89 v _247_/X (sky130_fd_sc_hd__and3b_2)
                                         _005_ (net)
                  0.23    0.00    4.89 v _250_/A1 (sky130_fd_sc_hd__o21ai_4)
     4    0.04    0.47    0.56    5.46 ^ _250_/Y (sky130_fd_sc_hd__o21ai_4)
                                         _008_ (net)
                  0.47    0.00    5.46 ^ _257_/A2 (sky130_fd_sc_hd__a311o_4)
     5    0.04    0.25    0.73    6.18 ^ _257_/X (sky130_fd_sc_hd__a311o_4)
                                         _015_ (net)
                  0.25    0.00    6.19 ^ _276_/A1 (sky130_fd_sc_hd__a311oi_4)
     2    0.01    0.17    0.26    6.45 v _276_/Y (sky130_fd_sc_hd__a311oi_4)
                                         _033_ (net)
                  0.17    0.00    6.45 v _296_/B (sky130_fd_sc_hd__or3_1)
     1    0.01    0.20    0.97    7.41 v _296_/X (sky130_fd_sc_hd__or3_1)
                                         _052_ (net)
                  0.20    0.00    7.41 v _302_/A3 (sky130_fd_sc_hd__a31o_1)
     1    0.01    0.13    0.53    7.94 v _302_/X (sky130_fd_sc_hd__a31o_1)
                                         net27 (net)
                  0.13    0.00    7.94 v output27/A (sky130_fd_sc_hd__buf_2)
     1    0.03    0.17    0.39    8.33 v output27/X (sky130_fd_sc_hd__buf_2)
                                         out[7] (net)
                  0.17    0.00    8.33 v out[7] (out)
                                  8.33   data arrival time

                  0.00   10.00   10.00   clock __VIRTUAL_CLK__ (rise edge)
                          0.00   10.00   clock network delay (ideal)
                         -0.25    9.75   clock uncertainty
                          0.00    9.75   clock reconvergence pessimism
                         -2.00    7.75   output external delay
                                  7.75   data required time
-----------------------------------------------------------------------------
                                  7.75   data required time
                                 -8.33   data arrival time
-----------------------------------------------------------------------------
                                 -0.58   slack (VIOLATED)


Startpoint: A[2] (input port clocked by __VIRTUAL_CLK__)
Endpoint: out[3] (output port clocked by __VIRTUAL_CLK__)
Path Group: __VIRTUAL_CLK__
Path Type: max
Corner: Slowest

Fanout     Cap    Slew   Delay    Time   Description
-----------------------------------------------------------------------------
                  0.00    0.00    0.00   clock __VIRTUAL_CLK__ (rise edge)
                          0.00    0.00   clock network delay (ideal)
                          2.00    2.00 ^ input external delay
     1    0.00    0.03    0.02    2.02 ^ A[2] (in)
                                         A[2] (net)
                  0.03    0.00    2.02 ^ input3/A (sky130_fd_sc_hd__clkbuf_2)
     4    0.04    0.31    0.37    2.39 ^ input3/X (sky130_fd_sc_hd__clkbuf_2)
                                         net3 (net)
                  0.31    0.00    2.39 ^ _176_/A (sky130_fd_sc_hd__buf_4)
    10    0.08    0.34    0.54    2.92 ^ _176_/X (sky130_fd_sc_hd__buf_4)
                                         _104_ (net)
                  0.34    0.00    2.93 ^ _194_/B1 (sky130_fd_sc_hd__a22o_1)
     3    0.03    0.47    0.67    3.59 ^ _194_/X (sky130_fd_sc_hd__a22o_1)
                                         _122_ (net)
                  0.47    0.00    3.60 ^ _196_/A3 (sky130_fd_sc_hd__a31o_1)
     2    0.03    0.51    0.79    4.38 ^ _196_/X (sky130_fd_sc_hd__a31o_1)
                                         _124_ (net)
                  0.51    0.00    4.39 ^ _198_/C (sky130_fd_sc_hd__and3_1)
     2    0.02    0.34    0.68    5.07 ^ _198_/X (sky130_fd_sc_hd__and3_1)
                                         _126_ (net)
                  0.34    0.00    5.07 ^ _208_/A_N (sky130_fd_sc_hd__and2b_1)
     1    0.02    0.18    0.60    5.67 v _208_/X (sky130_fd_sc_hd__and2b_1)
                                         _136_ (net)
                  0.18    0.00    5.67 v _209_/B (sky130_fd_sc_hd__xnor2_4)
     3    0.04    0.54    0.56    6.23 ^ _209_/Y (sky130_fd_sc_hd__xnor2_4)
                                         _137_ (net)
                  0.54    0.00    6.23 ^ _330_/B (sky130_fd_sc_hd__xor2_1)
     1    0.01    0.52    0.67    6.90 ^ _330_/X (sky130_fd_sc_hd__xor2_1)
                                         _082_ (net)
                  0.52    0.00    6.90 ^ _335_/B1 (sky130_fd_sc_hd__a221o_1)
     1    0.01    0.24    0.60    7.50 ^ _335_/X (sky130_fd_sc_hd__a221o_1)
                                         net23 (net)
                  0.24    0.00    7.50 ^ output23/A (sky130_fd_sc_hd__buf_2)
     1    0.03    0.27    0.44    7.95 ^ output23/X (sky130_fd_sc_hd__buf_2)
                                         out[3] (net)
                  0.27    0.00    7.95 ^ out[3] (out)
                                  7.95   data arrival time

                  0.00   10.00   10.00   clock __VIRTUAL_CLK__ (rise edge)
                          0.00   10.00   clock network delay (ideal)
                         -0.25    9.75   clock uncertainty
                          0.00    9.75   clock reconvergence pessimism
                         -2.00    7.75   output external delay
                                  7.75   data required time
-----------------------------------------------------------------------------
                                  7.75   data required time
                                 -7.95   data arrival time
-----------------------------------------------------------------------------
                                 -0.20   slack (VIOLATED)


Startpoint: opcode[0] (input port clocked by __VIRTUAL_CLK__)
Endpoint: out[2] (output port clocked by __VIRTUAL_CLK__)
Path Group: __VIRTUAL_CLK__
Path Type: max
Corner: Slowest

Fanout     Cap    Slew   Delay    Time   Description
-----------------------------------------------------------------------------
                  0.00    0.00    0.00   clock __VIRTUAL_CLK__ (rise edge)
                          0.00    0.00   clock network delay (ideal)
                          2.00    2.00 ^ input external delay
     1    0.00    0.03    0.02    2.02 ^ opcode[0] (in)
                                         opcode[0] (net)
                  0.03    0.00    2.02 ^ input17/A (sky130_fd_sc_hd__buf_2)
     5    0.04    0.35    0.40    2.42 ^ input17/X (sky130_fd_sc_hd__buf_2)
                                         net17 (net)
                  0.35    0.00    2.42 ^ _235_/A_N (sky130_fd_sc_hd__nand3b_4)
     3    0.02    0.13    0.41    2.83 ^ _235_/Y (sky130_fd_sc_hd__nand3b_4)
                                         _163_ (net)
                  0.13    0.00    2.83 ^ rebuffer3/A (sky130_fd_sc_hd__buf_8)
     7    0.04    0.11    0.25    3.08 ^ rebuffer3/X (sky130_fd_sc_hd__buf_8)
                                         net30 (net)
                  0.11    0.00    3.08 ^ rebuffer4/A (sky130_fd_sc_hd__buf_2)
     1    0.01    0.11    0.26    3.33 ^ rebuffer4/X (sky130_fd_sc_hd__buf_2)
                                         net31 (net)
                  0.11    0.00    3.33 ^ _239_/A1 (sky130_fd_sc_hd__a21oi_2)
     2    0.03    0.26    0.27    3.61 v _239_/Y (sky130_fd_sc_hd__a21oi_2)
                                         _167_ (net)
                  0.26    0.00    3.61 v _248_/B (sky130_fd_sc_hd__or3_1)
     1    0.02    0.26    1.09    4.70 v _248_/X (sky130_fd_sc_hd__or3_1)
                                         _006_ (net)
                  0.26    0.00    4.70 v _249_/B (sky130_fd_sc_hd__and2_4)
     2    0.04    0.12    0.48    5.17 v _249_/X (sky130_fd_sc_hd__and2_4)
                                         _007_ (net)
                  0.12    0.00    5.18 v _319_/A (sky130_fd_sc_hd__or3_1)
     1    0.02    0.31    1.14    6.31 v _319_/X (sky130_fd_sc_hd__or3_1)
                                         _072_ (net)
                  0.31    0.00    6.31 v _326_/A3 (sky130_fd_sc_hd__a31o_1)
     1    0.02    0.17    0.63    6.94 v _326_/X (sky130_fd_sc_hd__a31o_1)
                                         net22 (net)
                  0.17    0.00    6.94 v output22/A (sky130_fd_sc_hd__buf_2)
     1    0.04    0.17    0.42    7.36 v output22/X (sky130_fd_sc_hd__buf_2)
                                         out[2] (net)
                  0.17    0.00    7.36 v out[2] (out)
                                  7.36   data arrival time

                  0.00   10.00   10.00   clock __VIRTUAL_CLK__ (rise edge)
                          0.00   10.00   clock network delay (ideal)
                         -0.25    9.75   clock uncertainty
                          0.00    9.75   clock reconvergence pessimism
                         -2.00    7.75   output external delay
                                  7.75   data required time
-----------------------------------------------------------------------------
                                  7.75   data required time
                                 -7.36   data arrival time
-----------------------------------------------------------------------------
                                  0.39   slack (MET)


Startpoint: opcode[0] (input port clocked by __VIRTUAL_CLK__)
Endpoint: out[0] (output port clocked by __VIRTUAL_CLK__)
Path Group: __VIRTUAL_CLK__
Path Type: max
Corner: Slowest

Fanout     Cap    Slew   Delay    Time   Description
-----------------------------------------------------------------------------
                  0.00    0.00    0.00   clock __VIRTUAL_CLK__ (rise edge)
                          0.00    0.00   clock network delay (ideal)
                          2.00    2.00 v input external delay
     1    0.00    0.02    0.01    2.01 v opcode[0] (in)
                                         opcode[0] (net)
                  0.02    0.00    2.01 v input17/A (sky130_fd_sc_hd__buf_2)
     5    0.04    0.20    0.37    2.38 v input17/X (sky130_fd_sc_hd__buf_2)
                                         net17 (net)
                  0.20    0.00    2.38 v _171_/A (sky130_fd_sc_hd__or2_2)
     4    0.04    0.26    0.96    3.34 v _171_/X (sky130_fd_sc_hd__or2_2)
                                         _099_ (net)
                  0.26    0.00    3.35 v _224_/B (sky130_fd_sc_hd__or2_1)
     1    0.00    0.11    0.59    3.93 v _224_/X (sky130_fd_sc_hd__or2_1)
                                         _152_ (net)
                  0.11    0.00    3.93 v _225_/A (sky130_fd_sc_hd__clkbuf_4)
     8    0.07    0.25    0.44    4.38 v _225_/X (sky130_fd_sc_hd__clkbuf_4)
                                         _153_ (net)
                  0.25    0.01    4.39 v _306_/A2 (sky130_fd_sc_hd__o21ai_1)
     1    0.01    0.34    0.42    4.81 ^ _306_/Y (sky130_fd_sc_hd__o21ai_1)
                                         _061_ (net)
                  0.34    0.00    4.81 ^ _307_/B1 (sky130_fd_sc_hd__a31o_1)
     2    0.03    0.45    0.57    5.38 ^ _307_/X (sky130_fd_sc_hd__a31o_1)
                                         net20 (net)
                  0.45    0.00    5.38 ^ output20/A (sky130_fd_sc_hd__buf_2)
     1    0.03    0.27    0.53    5.90 ^ output20/X (sky130_fd_sc_hd__buf_2)
                                         out[0] (net)
                  0.27    0.00    5.90 ^ out[0] (out)
                                  5.90   data arrival time

                  0.00   10.00   10.00   clock __VIRTUAL_CLK__ (rise edge)
                          0.00   10.00   clock network delay (ideal)
                         -0.25    9.75   clock uncertainty
                          0.00    9.75   clock reconvergence pessimism
                         -2.00    7.75   output external delay
                                  7.75   data required time
-----------------------------------------------------------------------------
                                  7.75   data required time
                                 -5.90   data arrival time
-----------------------------------------------------------------------------
                                  1.85   slack (MET)



worst slack corner Slowest: -1.2210
======================= Typical Corner ===================================

Startpoint: A[2] (input port clocked by __VIRTUAL_CLK__)
Endpoint: out[5] (output port clocked by __VIRTUAL_CLK__)
Path Group: __VIRTUAL_CLK__
Path Type: max
Corner: Typical

Fanout     Cap    Slew   Delay    Time   Description
-----------------------------------------------------------------------------
                  0.00    0.00    0.00   clock __VIRTUAL_CLK__ (rise edge)
                          0.00    0.00   clock network delay (ideal)
                          2.00    2.00 ^ input external delay
     1    0.00    0.02    0.01    2.01 ^ A[2] (in)
                                         A[2] (net)
                  0.02    0.00    2.01 ^ input3/A (sky130_fd_sc_hd__clkbuf_2)
     4    0.04    0.20    0.22    2.23 ^ input3/X (sky130_fd_sc_hd__clkbuf_2)
                                         net3 (net)
                  0.20    0.00    2.23 ^ _176_/A (sky130_fd_sc_hd__buf_4)
    10    0.08    0.21    0.30    2.53 ^ _176_/X (sky130_fd_sc_hd__buf_4)
                                         _104_ (net)
                  0.21    0.00    2.53 ^ _194_/B1 (sky130_fd_sc_hd__a22o_1)
     3    0.03    0.29    0.36    2.89 ^ _194_/X (sky130_fd_sc_hd__a22o_1)
                                         _122_ (net)
                  0.29    0.00    2.89 ^ _196_/A3 (sky130_fd_sc_hd__a31o_1)
     2    0.03    0.32    0.40    3.29 ^ _196_/X (sky130_fd_sc_hd__a31o_1)
                                         _124_ (net)
                  0.32    0.00    3.29 ^ _198_/C (sky130_fd_sc_hd__and3_1)
     2    0.02    0.22    0.35    3.64 ^ _198_/X (sky130_fd_sc_hd__and3_1)
                                         _126_ (net)
                  0.22    0.00    3.64 ^ _208_/A_N (sky130_fd_sc_hd__and2b_1)
     1    0.02    0.09    0.28    3.92 v _208_/X (sky130_fd_sc_hd__and2b_1)
                                         _136_ (net)
                  0.09    0.00    3.92 v _209_/B (sky130_fd_sc_hd__xnor2_4)
     3    0.04    0.35    0.34    4.26 ^ _209_/Y (sky130_fd_sc_hd__xnor2_4)
                                         _137_ (net)
                  0.35    0.00    4.27 ^ _210_/C (sky130_fd_sc_hd__nand3_4)
     3    0.05    0.18    0.22    4.49 v _210_/Y (sky130_fd_sc_hd__nand3_4)
                                         _138_ (net)
                  0.18    0.00    4.49 v _219_/A2 (sky130_fd_sc_hd__a21oi_2)
     1    0.03    0.32    0.37    4.86 ^ _219_/Y (sky130_fd_sc_hd__a21oi_2)
                                         _147_ (net)
                  0.32    0.00    4.86 ^ _221_/A (sky130_fd_sc_hd__nor2_1)
     1    0.01    0.12    0.16    5.02 v _221_/Y (sky130_fd_sc_hd__nor2_1)
                                         _149_ (net)
                  0.12    0.00    5.02 v _267_/A2 (sky130_fd_sc_hd__a211o_1)
     1    0.02    0.13    0.43    5.45 v _267_/X (sky130_fd_sc_hd__a211o_1)
                                         net25 (net)
                  0.13    0.00    5.45 v output25/A (sky130_fd_sc_hd__buf_2)
     1    0.03    0.09    0.23    5.68 v output25/X (sky130_fd_sc_hd__buf_2)
                                         out[5] (net)
                  0.09    0.00    5.68 v out[5] (out)
                                  5.68   data arrival time

                  0.00   10.00   10.00   clock __VIRTUAL_CLK__ (rise edge)
                          0.00   10.00   clock network delay (ideal)
                         -0.25    9.75   clock uncertainty
                          0.00    9.75   clock reconvergence pessimism
                         -2.00    7.75   output external delay
                                  7.75   data required time
-----------------------------------------------------------------------------
                                  7.75   data required time
                                 -5.68   data arrival time
-----------------------------------------------------------------------------
                                  2.07   slack (MET)


Startpoint: A[2] (input port clocked by __VIRTUAL_CLK__)
Endpoint: out[6] (output port clocked by __VIRTUAL_CLK__)
Path Group: __VIRTUAL_CLK__
Path Type: max
Corner: Typical

Fanout     Cap    Slew   Delay    Time   Description
-----------------------------------------------------------------------------
                  0.00    0.00    0.00   clock __VIRTUAL_CLK__ (rise edge)
                          0.00    0.00   clock network delay (ideal)
                          2.00    2.00 ^ input external delay
     1    0.00    0.02    0.01    2.01 ^ A[2] (in)
                                         A[2] (net)
                  0.02    0.00    2.01 ^ input3/A (sky130_fd_sc_hd__clkbuf_2)
     4    0.04    0.20    0.22    2.23 ^ input3/X (sky130_fd_sc_hd__clkbuf_2)
                                         net3 (net)
                  0.20    0.00    2.23 ^ _176_/A (sky130_fd_sc_hd__buf_4)
    10    0.08    0.21    0.30    2.53 ^ _176_/X (sky130_fd_sc_hd__buf_4)
                                         _104_ (net)
                  0.21    0.00    2.53 ^ _194_/B1 (sky130_fd_sc_hd__a22o_1)
     3    0.03    0.29    0.36    2.89 ^ _194_/X (sky130_fd_sc_hd__a22o_1)
                                         _122_ (net)
                  0.29    0.00    2.89 ^ _196_/A3 (sky130_fd_sc_hd__a31o_1)
     2    0.03    0.32    0.40    3.29 ^ _196_/X (sky130_fd_sc_hd__a31o_1)
                                         _124_ (net)
                  0.32    0.00    3.29 ^ _198_/C (sky130_fd_sc_hd__and3_1)
     2    0.02    0.22    0.35    3.64 ^ _198_/X (sky130_fd_sc_hd__and3_1)
                                         _126_ (net)
                  0.22    0.00    3.64 ^ _199_/B1 (sky130_fd_sc_hd__a31o_2)
     2    0.03    0.18    0.26    3.90 ^ _199_/X (sky130_fd_sc_hd__a31o_2)
                                         _127_ (net)
                  0.18    0.00    3.91 ^ _200_/B (sky130_fd_sc_hd__nand2_2)
     3    0.04    0.19    0.19    4.10 v _200_/Y (sky130_fd_sc_hd__nand2_2)
                                         _128_ (net)
                  0.19    0.00    4.10 v _282_/A1 (sky130_fd_sc_hd__a21o_1)
     3    0.04    0.16    0.34    4.45 v _282_/X (sky130_fd_sc_hd__a21o_1)
                                         _039_ (net)
                  0.16    0.00    4.45 v _283_/B (sky130_fd_sc_hd__or2_1)
     1    0.02    0.13    0.36    4.81 v _283_/X (sky130_fd_sc_hd__or2_1)
                                         _040_ (net)
                  0.13    0.00    4.81 v _290_/A2 (sky130_fd_sc_hd__a31o_1)
     1    0.03    0.13    0.35    5.16 v _290_/X (sky130_fd_sc_hd__a31o_1)
                                         _047_ (net)
                  0.13    0.00    5.16 v _291_/B1 (sky130_fd_sc_hd__a21o_1)
     1    0.01    0.08    0.24    5.40 v _291_/X (sky130_fd_sc_hd__a21o_1)
                                         net26 (net)
                  0.08    0.00    5.40 v output26/A (sky130_fd_sc_hd__clkbuf_4)
     1    0.03    0.08    0.21    5.61 v output26/X (sky130_fd_sc_hd__clkbuf_4)
                                         out[6] (net)
                  0.08    0.00    5.61 v out[6] (out)
                                  5.61   data arrival time

                  0.00   10.00   10.00   clock __VIRTUAL_CLK__ (rise edge)
                          0.00   10.00   clock network delay (ideal)
                         -0.25    9.75   clock uncertainty
                          0.00    9.75   clock reconvergence pessimism
                         -2.00    7.75   output external delay
                                  7.75   data required time
-----------------------------------------------------------------------------
                                  7.75   data required time
                                 -5.61   data arrival time
-----------------------------------------------------------------------------
                                  2.14   slack (MET)


Startpoint: A[2] (input port clocked by __VIRTUAL_CLK__)
Endpoint: out[4] (output port clocked by __VIRTUAL_CLK__)
Path Group: __VIRTUAL_CLK__
Path Type: max
Corner: Typical

Fanout     Cap    Slew   Delay    Time   Description
-----------------------------------------------------------------------------
                  0.00    0.00    0.00   clock __VIRTUAL_CLK__ (rise edge)
                          0.00    0.00   clock network delay (ideal)
                          2.00    2.00 ^ input external delay
     1    0.00    0.02    0.01    2.01 ^ A[2] (in)
                                         A[2] (net)
                  0.02    0.00    2.01 ^ input3/A (sky130_fd_sc_hd__clkbuf_2)
     4    0.04    0.20    0.22    2.23 ^ input3/X (sky130_fd_sc_hd__clkbuf_2)
                                         net3 (net)
                  0.20    0.00    2.23 ^ _176_/A (sky130_fd_sc_hd__buf_4)
    10    0.08    0.21    0.30    2.53 ^ _176_/X (sky130_fd_sc_hd__buf_4)
                                         _104_ (net)
                  0.21    0.00    2.53 ^ _194_/B1 (sky130_fd_sc_hd__a22o_1)
     3    0.03    0.29    0.36    2.89 ^ _194_/X (sky130_fd_sc_hd__a22o_1)
                                         _122_ (net)
                  0.29    0.00    2.89 ^ _196_/A3 (sky130_fd_sc_hd__a31o_1)
     2    0.03    0.32    0.40    3.29 ^ _196_/X (sky130_fd_sc_hd__a31o_1)
                                         _124_ (net)
                  0.32    0.00    3.29 ^ _198_/C (sky130_fd_sc_hd__and3_1)
     2    0.02    0.22    0.35    3.64 ^ _198_/X (sky130_fd_sc_hd__and3_1)
                                         _126_ (net)
                  0.22    0.00    3.64 ^ _208_/A_N (sky130_fd_sc_hd__and2b_1)
     1    0.02    0.09    0.28    3.92 v _208_/X (sky130_fd_sc_hd__and2b_1)
                                         _136_ (net)
                  0.09    0.00    3.92 v _209_/B (sky130_fd_sc_hd__xnor2_4)
     3    0.04    0.35    0.34    4.26 ^ _209_/Y (sky130_fd_sc_hd__xnor2_4)
                                         _137_ (net)
                  0.35    0.00    4.27 ^ _210_/C (sky130_fd_sc_hd__nand3_4)
     3    0.05    0.18    0.22    4.49 v _210_/Y (sky130_fd_sc_hd__nand3_4)
                                         _138_ (net)
                  0.18    0.00    4.49 v _345_/A1 (sky130_fd_sc_hd__a31o_1)
     1    0.00    0.05    0.25    4.74 v _345_/X (sky130_fd_sc_hd__a31o_1)
                                         _096_ (net)
                  0.05    0.00    4.74 v _346_/C (sky130_fd_sc_hd__or3_1)
     1    0.01    0.09    0.35    5.09 v _346_/X (sky130_fd_sc_hd__or3_1)
                                         _097_ (net)
                  0.09    0.00    5.09 v _347_/A (sky130_fd_sc_hd__buf_1)
     1    0.02    0.10    0.17    5.26 v _347_/X (sky130_fd_sc_hd__buf_1)
                                         net24 (net)
                  0.10    0.00    5.26 v output24/A (sky130_fd_sc_hd__buf_2)
     1    0.03    0.09    0.21    5.48 v output24/X (sky130_fd_sc_hd__buf_2)
                                         out[4] (net)
                  0.09    0.00    5.48 v out[4] (out)
                                  5.48   data arrival time

                  0.00   10.00   10.00   clock __VIRTUAL_CLK__ (rise edge)
                          0.00   10.00   clock network delay (ideal)
                         -0.25    9.75   clock uncertainty
                          0.00    9.75   clock reconvergence pessimism
                         -2.00    7.75   output external delay
                                  7.75   data required time
-----------------------------------------------------------------------------
                                  7.75   data required time
                                 -5.48   data arrival time
-----------------------------------------------------------------------------
                                  2.27   slack (MET)


Startpoint: B[1] (input port clocked by __VIRTUAL_CLK__)
Endpoint: out[7] (output port clocked by __VIRTUAL_CLK__)
Path Group: __VIRTUAL_CLK__
Path Type: max
Corner: Typical

Fanout     Cap    Slew   Delay    Time   Description
-----------------------------------------------------------------------------
                  0.00    0.00    0.00   clock __VIRTUAL_CLK__ (rise edge)
                          0.00    0.00   clock network delay (ideal)
                          2.00    2.00 v input external delay
     1    0.00    0.01    0.00    2.00 v B[1] (in)
                                         B[1] (net)
                  0.01    0.00    2.00 v input10/A (sky130_fd_sc_hd__clkbuf_2)
     5    0.04    0.16    0.20    2.21 v input10/X (sky130_fd_sc_hd__clkbuf_2)
                                         net10 (net)
                  0.16    0.00    2.21 v _234_/B (sky130_fd_sc_hd__or2_4)
     4    0.04    0.09    0.34    2.55 v _234_/X (sky130_fd_sc_hd__or2_4)
                                         _162_ (net)
                  0.09    0.00    2.55 v _236_/A3 (sky130_fd_sc_hd__o31a_2)
     3    0.03    0.11    0.40    2.95 v _236_/X (sky130_fd_sc_hd__o31a_2)
                                         _164_ (net)
                  0.11    0.00    2.95 v _237_/B (sky130_fd_sc_hd__xnor2_2)
     2    0.02    0.31    0.31    3.26 ^ _237_/Y (sky130_fd_sc_hd__xnor2_2)
                                         _165_ (net)
                  0.31    0.00    3.26 ^ _255_/B (sky130_fd_sc_hd__or2_1)
     1    0.03    0.24    0.31    3.57 ^ _255_/X (sky130_fd_sc_hd__or2_1)
                                         _013_ (net)
                  0.24    0.00    3.57 ^ _256_/B (sky130_fd_sc_hd__nand2_1)
     2    0.02    0.17    0.21    3.78 v _256_/Y (sky130_fd_sc_hd__nand2_1)
                                         _014_ (net)
                  0.17    0.00    3.79 v _257_/C1 (sky130_fd_sc_hd__a311o_4)
     5    0.04    0.11    0.45    4.23 v _257_/X (sky130_fd_sc_hd__a311o_4)
                                         _015_ (net)
                  0.11    0.00    4.24 v _276_/A1 (sky130_fd_sc_hd__a311oi_4)
     2    0.01    0.25    0.27    4.50 ^ _276_/Y (sky130_fd_sc_hd__a311oi_4)
                                         _033_ (net)
                  0.25    0.00    4.50 ^ rebuffer1/A (sky130_fd_sc_hd__buf_6)
     2    0.03    0.07    0.18    4.68 ^ rebuffer1/X (sky130_fd_sc_hd__buf_6)
                                         net28 (net)
                  0.07    0.00    4.68 ^ _295_/A2 (sky130_fd_sc_hd__o21ai_1)
     1    0.01    0.14    0.11    4.80 v _295_/Y (sky130_fd_sc_hd__o21ai_1)
                                         _051_ (net)
                  0.14    0.00    4.80 v _302_/A2 (sky130_fd_sc_hd__a31o_1)
     1    0.01    0.07    0.29    5.09 v _302_/X (sky130_fd_sc_hd__a31o_1)
                                         net27 (net)
                  0.07    0.00    5.09 v output27/A (sky130_fd_sc_hd__buf_2)
     1    0.03    0.09    0.20    5.29 v output27/X (sky130_fd_sc_hd__buf_2)
                                         out[7] (net)
                  0.09    0.00    5.29 v out[7] (out)
                                  5.29   data arrival time

                  0.00   10.00   10.00   clock __VIRTUAL_CLK__ (rise edge)
                          0.00   10.00   clock network delay (ideal)
                         -0.25    9.75   clock uncertainty
                          0.00    9.75   clock reconvergence pessimism
                         -2.00    7.75   output external delay
                                  7.75   data required time
-----------------------------------------------------------------------------
                                  7.75   data required time
                                 -5.29   data arrival time
-----------------------------------------------------------------------------
                                  2.46   slack (MET)


Startpoint: B[1] (input port clocked by __VIRTUAL_CLK__)
Endpoint: out[1] (output port clocked by __VIRTUAL_CLK__)
Path Group: __VIRTUAL_CLK__
Path Type: max
Corner: Typical

Fanout     Cap    Slew   Delay    Time   Description
-----------------------------------------------------------------------------
                  0.00    0.00    0.00   clock __VIRTUAL_CLK__ (rise edge)
                          0.00    0.00   clock network delay (ideal)
                          2.00    2.00 ^ input external delay
     1    0.00    0.02    0.01    2.01 ^ B[1] (in)
                                         B[1] (net)
                  0.02    0.00    2.01 ^ input10/A (sky130_fd_sc_hd__clkbuf_2)
     5    0.04    0.23    0.24    2.25 ^ input10/X (sky130_fd_sc_hd__clkbuf_2)
                                         net10 (net)
                  0.23    0.00    2.25 ^ _175_/A (sky130_fd_sc_hd__buf_6)
    10    0.07    0.14    0.23    2.48 ^ _175_/X (sky130_fd_sc_hd__buf_6)
                                         _103_ (net)
                  0.14    0.01    2.49 ^ _242_/B (sky130_fd_sc_hd__and3_1)
     2    0.02    0.18    0.29    2.78 ^ _242_/X (sky130_fd_sc_hd__and3_1)
                                         _000_ (net)
                  0.18    0.00    2.78 ^ rebuffer2/A (sky130_fd_sc_hd__dlymetal6s2s_1)
     1    0.01    0.14    0.20    2.98 ^ rebuffer2/X (sky130_fd_sc_hd__dlymetal6s2s_1)
                                         net29 (net)
                  0.14    0.00    2.98 ^ _244_/A1 (sky130_fd_sc_hd__o21a_4)
     4    0.04    0.13    0.23    3.21 ^ _244_/X (sky130_fd_sc_hd__o21a_4)
                                         _002_ (net)
                  0.13    0.00    3.21 ^ _314_/A_N (sky130_fd_sc_hd__and2b_1)
     1    0.02    0.12    0.28    3.49 v _314_/X (sky130_fd_sc_hd__and2b_1)
                                         _068_ (net)
                  0.12    0.00    3.49 v _315_/A (sky130_fd_sc_hd__nor2_1)
     1    0.02    0.37    0.36    3.85 ^ _315_/Y (sky130_fd_sc_hd__nor2_1)
                                         _069_ (net)
                  0.37    0.00    3.85 ^ _316_/B (sky130_fd_sc_hd__or3b_1)
     1    0.01    0.14    0.25    4.10 ^ _316_/X (sky130_fd_sc_hd__or3b_1)
                                         _070_ (net)
                  0.14    0.00    4.10 ^ _317_/D_N (sky130_fd_sc_hd__or4b_2)
     1    0.02    0.17    0.74    4.85 v _317_/X (sky130_fd_sc_hd__or4b_2)
                                         _071_ (net)
                  0.17    0.00    4.85 v _318_/A (sky130_fd_sc_hd__buf_1)
     1    0.01    0.09    0.20    5.05 v _318_/X (sky130_fd_sc_hd__buf_1)
                                         net21 (net)
                  0.09    0.00    5.05 v output21/A (sky130_fd_sc_hd__buf_2)
     1    0.03    0.09    0.21    5.26 v output21/X (sky130_fd_sc_hd__buf_2)
                                         out[1] (net)
                  0.09    0.00    5.26 v out[1] (out)
                                  5.26   data arrival time

                  0.00   10.00   10.00   clock __VIRTUAL_CLK__ (rise edge)
                          0.00   10.00   clock network delay (ideal)
                         -0.25    9.75   clock uncertainty
                          0.00    9.75   clock reconvergence pessimism
                         -2.00    7.75   output external delay
                                  7.75   data required time
-----------------------------------------------------------------------------
                                  7.75   data required time
                                 -5.26   data arrival time
-----------------------------------------------------------------------------
                                  2.49   slack (MET)


Startpoint: A[2] (input port clocked by __VIRTUAL_CLK__)
Endpoint: out[3] (output port clocked by __VIRTUAL_CLK__)
Path Group: __VIRTUAL_CLK__
Path Type: max
Corner: Typical

Fanout     Cap    Slew   Delay    Time   Description
-----------------------------------------------------------------------------
                  0.00    0.00    0.00   clock __VIRTUAL_CLK__ (rise edge)
                          0.00    0.00   clock network delay (ideal)
                          2.00    2.00 ^ input external delay
     1    0.00    0.02    0.01    2.01 ^ A[2] (in)
                                         A[2] (net)
                  0.02    0.00    2.01 ^ input3/A (sky130_fd_sc_hd__clkbuf_2)
     4    0.04    0.20    0.22    2.23 ^ input3/X (sky130_fd_sc_hd__clkbuf_2)
                                         net3 (net)
                  0.20    0.00    2.23 ^ _176_/A (sky130_fd_sc_hd__buf_4)
    10    0.08    0.21    0.30    2.53 ^ _176_/X (sky130_fd_sc_hd__buf_4)
                                         _104_ (net)
                  0.21    0.00    2.53 ^ _194_/B1 (sky130_fd_sc_hd__a22o_1)
     3    0.03    0.29    0.36    2.89 ^ _194_/X (sky130_fd_sc_hd__a22o_1)
                                         _122_ (net)
                  0.29    0.00    2.89 ^ _196_/A3 (sky130_fd_sc_hd__a31o_1)
     2    0.03    0.32    0.40    3.29 ^ _196_/X (sky130_fd_sc_hd__a31o_1)
                                         _124_ (net)
                  0.32    0.00    3.29 ^ _198_/C (sky130_fd_sc_hd__and3_1)
     2    0.02    0.22    0.35    3.64 ^ _198_/X (sky130_fd_sc_hd__and3_1)
                                         _126_ (net)
                  0.22    0.00    3.64 ^ _208_/A_N (sky130_fd_sc_hd__and2b_1)
     1    0.02    0.09    0.28    3.92 v _208_/X (sky130_fd_sc_hd__and2b_1)
                                         _136_ (net)
                  0.09    0.00    3.92 v _209_/B (sky130_fd_sc_hd__xnor2_4)
     3    0.04    0.35    0.34    4.26 ^ _209_/Y (sky130_fd_sc_hd__xnor2_4)
                                         _137_ (net)
                  0.35    0.00    4.27 ^ _330_/B (sky130_fd_sc_hd__xor2_1)
     1    0.01    0.32    0.35    4.61 ^ _330_/X (sky130_fd_sc_hd__xor2_1)
                                         _082_ (net)
                  0.32    0.00    4.61 ^ _335_/B1 (sky130_fd_sc_hd__a221o_1)
     1    0.01    0.15    0.29    4.91 ^ _335_/X (sky130_fd_sc_hd__a221o_1)
                                         net23 (net)
                  0.15    0.00    4.91 ^ output23/A (sky130_fd_sc_hd__buf_2)
     1    0.03    0.17    0.25    5.15 ^ output23/X (sky130_fd_sc_hd__buf_2)
                                         out[3] (net)
                  0.17    0.00    5.15 ^ out[3] (out)
                                  5.15   data arrival time

                  0.00   10.00   10.00   clock __VIRTUAL_CLK__ (rise edge)
                          0.00   10.00   clock network delay (ideal)
                         -0.25    9.75   clock uncertainty
                          0.00    9.75   clock reconvergence pessimism
                         -2.00    7.75   output external delay
                                  7.75   data required time
-----------------------------------------------------------------------------
                                  7.75   data required time
                                 -5.15   data arrival time
-----------------------------------------------------------------------------
                                  2.60   slack (MET)


Startpoint: A[2] (input port clocked by __VIRTUAL_CLK__)
Endpoint: out[2] (output port clocked by __VIRTUAL_CLK__)
Path Group: __VIRTUAL_CLK__
Path Type: max
Corner: Typical

Fanout     Cap    Slew   Delay    Time   Description
-----------------------------------------------------------------------------
                  0.00    0.00    0.00   clock __VIRTUAL_CLK__ (rise edge)
                          0.00    0.00   clock network delay (ideal)
                          2.00    2.00 v input external delay
     1    0.00    0.01    0.00    2.00 v A[2] (in)
                                         A[2] (net)
                  0.01    0.00    2.00 v input3/A (sky130_fd_sc_hd__clkbuf_2)
     4    0.04    0.14    0.18    2.19 v input3/X (sky130_fd_sc_hd__clkbuf_2)
                                         net3 (net)
                  0.14    0.00    2.19 v _176_/A (sky130_fd_sc_hd__buf_4)
    10    0.07    0.10    0.26    2.45 v _176_/X (sky130_fd_sc_hd__buf_4)
                                         _104_ (net)
                  0.10    0.00    2.45 v _194_/B1 (sky130_fd_sc_hd__a22o_1)
     3    0.03    0.15    0.32    2.77 v _194_/X (sky130_fd_sc_hd__a22o_1)
                                         _122_ (net)
                  0.15    0.00    2.77 v _203_/B (sky130_fd_sc_hd__and2b_1)
     1    0.02    0.11    0.28    3.06 v _203_/X (sky130_fd_sc_hd__and2b_1)
                                         _131_ (net)
                  0.11    0.00    3.06 v _204_/B (sky130_fd_sc_hd__xnor2_2)
     2    0.04    0.49    0.45    3.51 ^ _204_/Y (sky130_fd_sc_hd__xnor2_2)
                                         _132_ (net)
                  0.49    0.00    3.51 ^ _206_/A (sky130_fd_sc_hd__and2_2)
     4    0.05    0.28    0.44    3.95 ^ _206_/X (sky130_fd_sc_hd__and2_2)
                                         _134_ (net)
                  0.28    0.01    3.96 ^ _325_/A1 (sky130_fd_sc_hd__o21bai_1)
     1    0.02    0.16    0.23    4.19 v _325_/Y (sky130_fd_sc_hd__o21bai_1)
                                         _078_ (net)
                  0.16    0.00    4.19 v _326_/B1 (sky130_fd_sc_hd__a31o_1)
     1    0.02    0.09    0.30    4.49 v _326_/X (sky130_fd_sc_hd__a31o_1)
                                         net22 (net)
                  0.09    0.00    4.49 v output22/A (sky130_fd_sc_hd__buf_2)
     1    0.04    0.09    0.21    4.70 v output22/X (sky130_fd_sc_hd__buf_2)
                                         out[2] (net)
                  0.09    0.00    4.70 v out[2] (out)
                                  4.70   data arrival time

                  0.00   10.00   10.00   clock __VIRTUAL_CLK__ (rise edge)
                          0.00   10.00   clock network delay (ideal)
                         -0.25    9.75   clock uncertainty
                          0.00    9.75   clock reconvergence pessimism
                         -2.00    7.75   output external delay
                                  7.75   data required time
-----------------------------------------------------------------------------
                                  7.75   data required time
                                 -4.70   data arrival time
-----------------------------------------------------------------------------
                                  3.05   slack (MET)


Startpoint: opcode[1] (input port clocked by __VIRTUAL_CLK__)
Endpoint: out[0] (output port clocked by __VIRTUAL_CLK__)
Path Group: __VIRTUAL_CLK__
Path Type: max
Corner: Typical

Fanout     Cap    Slew   Delay    Time   Description
-----------------------------------------------------------------------------
                  0.00    0.00    0.00   clock __VIRTUAL_CLK__ (rise edge)
                          0.00    0.00   clock network delay (ideal)
                          2.00    2.00 v input external delay
     1    0.00    0.01    0.00    2.00 v opcode[1] (in)
                                         opcode[1] (net)
                  0.01    0.00    2.00 v input18/A (sky130_fd_sc_hd__clkbuf_4)
     6    0.06    0.12    0.21    2.22 v input18/X (sky130_fd_sc_hd__clkbuf_4)
                                         net18 (net)
                  0.12    0.00    2.22 v _171_/B (sky130_fd_sc_hd__or2_2)
     4    0.04    0.13    0.43    2.65 v _171_/X (sky130_fd_sc_hd__or2_2)
                                         _099_ (net)
                  0.13    0.00    2.65 v _224_/B (sky130_fd_sc_hd__or2_1)
     1    0.00    0.06    0.26    2.91 v _224_/X (sky130_fd_sc_hd__or2_1)
                                         _152_ (net)
                  0.06    0.00    2.91 v _225_/A (sky130_fd_sc_hd__clkbuf_4)
     8    0.07    0.14    0.24    3.15 v _225_/X (sky130_fd_sc_hd__clkbuf_4)
                                         _153_ (net)
                  0.14    0.01    3.16 v _306_/A2 (sky130_fd_sc_hd__o21ai_1)
     1    0.01    0.20    0.24    3.40 ^ _306_/Y (sky130_fd_sc_hd__o21ai_1)
                                         _061_ (net)
                  0.20    0.00    3.40 ^ _307_/B1 (sky130_fd_sc_hd__a31o_1)
     2    0.03    0.27    0.31    3.71 ^ _307_/X (sky130_fd_sc_hd__a31o_1)
                                         net20 (net)
                  0.27    0.00    3.71 ^ output20/A (sky130_fd_sc_hd__buf_2)
     1    0.03    0.17    0.28    3.99 ^ output20/X (sky130_fd_sc_hd__buf_2)
                                         out[0] (net)
                  0.17    0.00    3.99 ^ out[0] (out)
                                  3.99   data arrival time

                  0.00   10.00   10.00   clock __VIRTUAL_CLK__ (rise edge)
                          0.00   10.00   clock network delay (ideal)
                         -0.25    9.75   clock uncertainty
                          0.00    9.75   clock reconvergence pessimism
                         -2.00    7.75   output external delay
                                  7.75   data required time
-----------------------------------------------------------------------------
                                  7.75   data required time
                                 -3.99   data arrival time
-----------------------------------------------------------------------------
                                  3.76   slack (MET)



worst slack corner Typical: 2.0696
