
===========================================================================
 report_power
============================================================================
======================= Fastest Corner ===================================

Group                  Internal  Switching    Leakage      Total
                          Power      Power      Power      Power (Watts)
----------------------------------------------------------------
Sequential             0.00e+00   0.00e+00   0.00e+00   0.00e+00   0.0%
Combinational          5.76e-05   1.61e-04   2.05e-09   2.19e-04 100.0%
Clock                 -9.33e-11   0.00e+00   1.04e-09   9.49e-10   0.0%
Macro                  0.00e+00   0.00e+00   0.00e+00   0.00e+00   0.0%
Pad                    0.00e+00   0.00e+00   0.00e+00   0.00e+00   0.0%
----------------------------------------------------------------
Total                  5.76e-05   1.61e-04   3.10e-09   2.19e-04 100.0%
                          26.4%      73.6%       0.0%

======================= Slowest Corner ===================================

Group                  Internal  Switching    Leakage      Total
                          Power      Power      Power      Power (Watts)
----------------------------------------------------------------
Sequential             0.00e+00   0.00e+00   0.00e+00   0.00e+00   0.0%
Combinational          4.12e-05   1.08e-04   1.10e-06   1.50e-04 100.0%
Clock                 -3.80e-11   0.00e+00   1.05e-09   1.01e-09   0.0%
Macro                  0.00e+00   0.00e+00   0.00e+00   0.00e+00   0.0%
Pad                    0.00e+00   0.00e+00   0.00e+00   0.00e+00   0.0%
----------------------------------------------------------------
Total                  4.12e-05   1.08e-04   1.10e-06   1.50e-04 100.0%
                          27.5%      71.8%       0.7%

======================= Typical Corner ===================================

Group                  Internal  Switching    Leakage      Total
                          Power      Power      Power      Power (Watts)
----------------------------------------------------------------
Sequential             0.00e+00   0.00e+00   0.00e+00   0.00e+00   0.0%
Combinational          5.24e-05   1.37e-04   8.49e-10   1.89e-04 100.0%
Clock                 -2.46e-11   0.00e+00   1.04e-09   1.02e-09   0.0%
Macro                  0.00e+00   0.00e+00   0.00e+00   0.00e+00   0.0%
Pad                    0.00e+00   0.00e+00   0.00e+00   0.00e+00   0.0%
----------------------------------------------------------------
Total                  5.24e-05   1.37e-04   1.89e-09   1.89e-04 100.0%
                          27.7%      72.3%       0.0%

