
===========================================================================
report_checks -unconstrained
===========================================================================
======================= Fastest Corner ===================================

Startpoint: BTNC (input port clocked by CLK100MHZ)
Endpoint: _248_ (recovery check against rising-edge clock CLK100MHZ)
Path Group: asynchronous
Path Type: max
Corner: Fastest

Fanout     Cap    Slew   Delay    Time   Description
-----------------------------------------------------------------------------
                          0.00    0.00   clock CLK100MHZ (rise edge)
                          0.00    0.00   clock network delay (propagated)
                          2.00    2.00 v input external delay
     2    0.02    0.03    0.02    2.02 v BTNC (in)
                                         BTNC (net)
                  0.03    0.00    2.02 v _214_/A (sky130_fd_sc_hd__buf_4)
    10    0.08    0.07    0.15    2.17 v _214_/X (sky130_fd_sc_hd__buf_4)
                                         _112_ (net)
                  0.07    0.00    2.18 v _215_/A (sky130_fd_sc_hd__clkbuf_8)
    10    0.08    0.07    0.16    2.33 v _215_/X (sky130_fd_sc_hd__clkbuf_8)
                                         _113_ (net)
                  0.07    0.00    2.34 v _218_/A (sky130_fd_sc_hd__inv_2)
     1    0.02    0.06    0.08    2.42 ^ _218_/Y (sky130_fd_sc_hd__inv_2)
                                         _027_ (net)
                  0.06    0.00    2.42 ^ _248_/RESET_B (sky130_fd_sc_hd__dfrtp_4)
                                  2.42   data arrival time

                         10.00   10.00   clock CLK100MHZ (rise edge)
                          0.00   10.00   clock source latency
     1    0.02    0.07    0.04   10.04 ^ CLK100MHZ (in)
                                         CLK100MHZ (net)
                  0.07    0.00   10.04 ^ clkbuf_0_CLK100MHZ/A (sky130_fd_sc_hd__clkbuf_16)
     4    0.04    0.05    0.10   10.15 ^ clkbuf_0_CLK100MHZ/X (sky130_fd_sc_hd__clkbuf_16)
                                         clknet_0_CLK100MHZ (net)
                  0.05    0.00   10.15 ^ clkbuf_2_2__f_CLK100MHZ/A (sky130_fd_sc_hd__clkbuf_16)
     6    0.03    0.04    0.09   10.24 ^ clkbuf_2_2__f_CLK100MHZ/X (sky130_fd_sc_hd__clkbuf_16)
                                         clknet_2_2__leaf_CLK100MHZ (net)
                  0.04    0.00   10.24 ^ _248_/CLK (sky130_fd_sc_hd__dfrtp_4)
                         -0.25    9.99   clock uncertainty
                          0.00    9.99   clock reconvergence pessimism
                          0.12   10.11   library recovery time
                                 10.11   data required time
-----------------------------------------------------------------------------
                                 10.11   data required time
                                 -2.42   data arrival time
-----------------------------------------------------------------------------
                                  7.69   slack (MET)


Startpoint: _247_ (rising edge-triggered flip-flop clocked by CLK100MHZ)
Endpoint: seg[0] (output port clocked by CLK100MHZ)
Path Group: CLK100MHZ
Path Type: max
Corner: Fastest

Fanout     Cap    Slew   Delay    Time   Description
-----------------------------------------------------------------------------
                          0.00    0.00   clock CLK100MHZ (rise edge)
                          0.00    0.00   clock source latency
     1    0.02    0.07    0.05    0.05 ^ CLK100MHZ (in)
                                         CLK100MHZ (net)
                  0.07    0.00    0.05 ^ clkbuf_0_CLK100MHZ/A (sky130_fd_sc_hd__clkbuf_16)
     4    0.04    0.05    0.11    0.16 ^ clkbuf_0_CLK100MHZ/X (sky130_fd_sc_hd__clkbuf_16)
                                         clknet_0_CLK100MHZ (net)
                  0.05    0.00    0.16 ^ clkbuf_2_1__f_CLK100MHZ/A (sky130_fd_sc_hd__clkbuf_16)
     9    0.03    0.04    0.10    0.26 ^ clkbuf_2_1__f_CLK100MHZ/X (sky130_fd_sc_hd__clkbuf_16)
                                         clknet_2_1__leaf_CLK100MHZ (net)
                  0.04    0.00    0.26 ^ _247_/CLK (sky130_fd_sc_hd__dfrtp_4)
     9    0.05    0.09    0.37    0.63 v _247_/Q (sky130_fd_sc_hd__dfrtp_4)
                                         decoder.count[1] (net)
                  0.09    0.00    0.63 v _132_/B (sky130_fd_sc_hd__or3b_2)
     2    0.03    0.10    0.34    0.98 v _132_/X (sky130_fd_sc_hd__or3b_2)
                                         _064_ (net)
                  0.10    0.00    0.98 v _133_/B (sky130_fd_sc_hd__nor2_1)
     3    0.02    0.29    0.26    1.24 ^ _133_/Y (sky130_fd_sc_hd__nor2_1)
                                         _065_ (net)
                  0.29    0.00    1.24 ^ _158_/B1 (sky130_fd_sc_hd__a2111o_1)
     2    0.02    0.11    0.14    1.38 ^ _158_/X (sky130_fd_sc_hd__a2111o_1)
                                         net4 (net)
                  0.11    0.00    1.38 ^ _279_/A (sky130_fd_sc_hd__clkbuf_1)
     1    0.01    0.07    0.09    1.47 ^ _279_/X (sky130_fd_sc_hd__clkbuf_1)
                                         net1 (net)
                  0.07    0.00    1.47 ^ output1/A (sky130_fd_sc_hd__buf_1)
     1    0.03    0.30    0.25    1.73 ^ output1/X (sky130_fd_sc_hd__buf_1)
                                         seg[0] (net)
                  0.30    0.00    1.73 ^ seg[0] (out)
                                  1.73   data arrival time

                         10.00   10.00   clock CLK100MHZ (rise edge)
                          0.00   10.00   clock network delay (propagated)
                         -0.25    9.75   clock uncertainty
                          0.00    9.75   clock reconvergence pessimism
                         -2.00    7.75   output external delay
                                  7.75   data required time
-----------------------------------------------------------------------------
                                  7.75   data required time
                                 -1.73   data arrival time
-----------------------------------------------------------------------------
                                  6.02   slack (MET)



======================= Slowest Corner ===================================

Startpoint: BTNC (input port clocked by CLK100MHZ)
Endpoint: _248_ (recovery check against rising-edge clock CLK100MHZ)
Path Group: asynchronous
Path Type: max
Corner: Slowest

Fanout     Cap    Slew   Delay    Time   Description
-----------------------------------------------------------------------------
                          0.00    0.00   clock CLK100MHZ (rise edge)
                          0.00    0.00   clock network delay (propagated)
                          2.00    2.00 v input external delay
     2    0.02    0.10    0.07    2.07 v BTNC (in)
                                         BTNC (net)
                  0.10    0.00    2.07 v _214_/A (sky130_fd_sc_hd__buf_4)
    10    0.08    0.19    0.41    2.48 v _214_/X (sky130_fd_sc_hd__buf_4)
                                         _112_ (net)
                  0.19    0.00    2.48 v _215_/A (sky130_fd_sc_hd__clkbuf_8)
    10    0.08    0.16    0.42    2.90 v _215_/X (sky130_fd_sc_hd__clkbuf_8)
                                         _113_ (net)
                  0.16    0.00    2.91 v _218_/A (sky130_fd_sc_hd__inv_2)
     1    0.02    0.13    0.19    3.09 ^ _218_/Y (sky130_fd_sc_hd__inv_2)
                                         _027_ (net)
                  0.13    0.00    3.09 ^ _248_/RESET_B (sky130_fd_sc_hd__dfrtp_4)
                                  3.09   data arrival time

                         10.00   10.00   clock CLK100MHZ (rise edge)
                          0.00   10.00   clock source latency
     1    0.02    0.14    0.09   10.09 ^ CLK100MHZ (in)
                                         CLK100MHZ (net)
                  0.14    0.00   10.09 ^ clkbuf_0_CLK100MHZ/A (sky130_fd_sc_hd__clkbuf_16)
     4    0.04    0.10    0.27   10.36 ^ clkbuf_0_CLK100MHZ/X (sky130_fd_sc_hd__clkbuf_16)
                                         clknet_0_CLK100MHZ (net)
                  0.10    0.00   10.36 ^ clkbuf_2_2__f_CLK100MHZ/A (sky130_fd_sc_hd__clkbuf_16)
     6    0.03    0.08    0.23   10.60 ^ clkbuf_2_2__f_CLK100MHZ/X (sky130_fd_sc_hd__clkbuf_16)
                                         clknet_2_2__leaf_CLK100MHZ (net)
                  0.08    0.00   10.60 ^ _248_/CLK (sky130_fd_sc_hd__dfrtp_4)
                         -0.25   10.35   clock uncertainty
                          0.00   10.35   clock reconvergence pessimism
                          0.42   10.76   library recovery time
                                 10.76   data required time
-----------------------------------------------------------------------------
                                 10.76   data required time
                                 -3.09   data arrival time
-----------------------------------------------------------------------------
                                  7.67   slack (MET)


Startpoint: _249_ (rising edge-triggered flip-flop clocked by CLK100MHZ)
Endpoint: seg[0] (output port clocked by CLK100MHZ)
Path Group: CLK100MHZ
Path Type: max
Corner: Slowest

Fanout     Cap    Slew   Delay    Time   Description
-----------------------------------------------------------------------------
                          0.00    0.00   clock CLK100MHZ (rise edge)
                          0.00    0.00   clock source latency
     1    0.02    0.14    0.10    0.10 ^ CLK100MHZ (in)
                                         CLK100MHZ (net)
                  0.14    0.00    0.10 ^ clkbuf_0_CLK100MHZ/A (sky130_fd_sc_hd__clkbuf_16)
     4    0.04    0.10    0.30    0.40 ^ clkbuf_0_CLK100MHZ/X (sky130_fd_sc_hd__clkbuf_16)
                                         clknet_0_CLK100MHZ (net)
                  0.10    0.00    0.40 ^ clkbuf_2_3__f_CLK100MHZ/A (sky130_fd_sc_hd__clkbuf_16)
     8    0.02    0.07    0.25    0.65 ^ clkbuf_2_3__f_CLK100MHZ/X (sky130_fd_sc_hd__clkbuf_16)
                                         clknet_2_3__leaf_CLK100MHZ (net)
                  0.07    0.00    0.65 ^ _249_/CLK (sky130_fd_sc_hd__dfrtp_4)
     6    0.04    0.19    1.16    1.81 v _249_/Q (sky130_fd_sc_hd__dfrtp_4)
                                         decoder.count[3] (net)
                  0.19    0.00    1.82 v _132_/A (sky130_fd_sc_hd__or3b_2)
     2    0.03    0.28    1.39    3.20 v _132_/X (sky130_fd_sc_hd__or3b_2)
                                         _064_ (net)
                  0.28    0.00    3.20 v _133_/B (sky130_fd_sc_hd__nor2_1)
     3    0.02    0.67    0.67    3.87 ^ _133_/Y (sky130_fd_sc_hd__nor2_1)
                                         _065_ (net)
                  0.67    0.00    3.87 ^ _158_/B1 (sky130_fd_sc_hd__a2111o_1)
     2    0.01    0.23    0.54    4.41 ^ _158_/X (sky130_fd_sc_hd__a2111o_1)
                                         net4 (net)
                  0.23    0.00    4.41 ^ _279_/A (sky130_fd_sc_hd__clkbuf_1)
     1    0.01    0.15    0.28    4.70 ^ _279_/X (sky130_fd_sc_hd__clkbuf_1)
                                         net1 (net)
                  0.15    0.00    4.70 ^ output1/A (sky130_fd_sc_hd__buf_1)
     1    0.03    0.65    0.62    5.32 ^ output1/X (sky130_fd_sc_hd__buf_1)
                                         seg[0] (net)
                  0.65    0.00    5.32 ^ seg[0] (out)
                                  5.32   data arrival time

                         10.00   10.00   clock CLK100MHZ (rise edge)
                          0.00   10.00   clock network delay (propagated)
                         -0.25    9.75   clock uncertainty
                          0.00    9.75   clock reconvergence pessimism
                         -2.00    7.75   output external delay
                                  7.75   data required time
-----------------------------------------------------------------------------
                                  7.75   data required time
                                 -5.32   data arrival time
-----------------------------------------------------------------------------
                                  2.43   slack (MET)



======================= Typical Corner ===================================

Startpoint: BTNC (input port clocked by CLK100MHZ)
Endpoint: _248_ (recovery check against rising-edge clock CLK100MHZ)
Path Group: asynchronous
Path Type: max
Corner: Typical

Fanout     Cap    Slew   Delay    Time   Description
-----------------------------------------------------------------------------
                          0.00    0.00   clock CLK100MHZ (rise edge)
                          0.00    0.00   clock network delay (propagated)
                          2.00    2.00 v input external delay
     2    0.02    0.05    0.04    2.04 v BTNC (in)
                                         BTNC (net)
                  0.05    0.00    2.04 v _214_/A (sky130_fd_sc_hd__buf_4)
    10    0.08    0.10    0.22    2.26 v _214_/X (sky130_fd_sc_hd__buf_4)
                                         _112_ (net)
                  0.10    0.00    2.26 v _215_/A (sky130_fd_sc_hd__clkbuf_8)
    10    0.08    0.09    0.23    2.49 v _215_/X (sky130_fd_sc_hd__clkbuf_8)
                                         _113_ (net)
                  0.09    0.00    2.50 v _218_/A (sky130_fd_sc_hd__inv_2)
     1    0.02    0.08    0.11    2.61 ^ _218_/Y (sky130_fd_sc_hd__inv_2)
                                         _027_ (net)
                  0.08    0.00    2.61 ^ _248_/RESET_B (sky130_fd_sc_hd__dfrtp_4)
                                  2.61   data arrival time

                         10.00   10.00   clock CLK100MHZ (rise edge)
                          0.00   10.00   clock source latency
     1    0.02    0.09    0.06   10.06 ^ CLK100MHZ (in)
                                         CLK100MHZ (net)
                  0.09    0.00   10.06 ^ clkbuf_0_CLK100MHZ/A (sky130_fd_sc_hd__clkbuf_16)
     4    0.04    0.06    0.15   10.21 ^ clkbuf_0_CLK100MHZ/X (sky130_fd_sc_hd__clkbuf_16)
                                         clknet_0_CLK100MHZ (net)
                  0.06    0.00   10.21 ^ clkbuf_2_2__f_CLK100MHZ/A (sky130_fd_sc_hd__clkbuf_16)
     6    0.03    0.05    0.13   10.34 ^ clkbuf_2_2__f_CLK100MHZ/X (sky130_fd_sc_hd__clkbuf_16)
                                         clknet_2_2__leaf_CLK100MHZ (net)
                  0.05    0.00   10.34 ^ _248_/CLK (sky130_fd_sc_hd__dfrtp_4)
                         -0.25   10.09   clock uncertainty
                          0.00   10.09   clock reconvergence pessimism
                          0.21   10.30   library recovery time
                                 10.30   data required time
-----------------------------------------------------------------------------
                                 10.30   data required time
                                 -2.61   data arrival time
-----------------------------------------------------------------------------
                                  7.69   slack (MET)


Startpoint: _247_ (rising edge-triggered flip-flop clocked by CLK100MHZ)
Endpoint: seg[0] (output port clocked by CLK100MHZ)
Path Group: CLK100MHZ
Path Type: max
Corner: Typical

Fanout     Cap    Slew   Delay    Time   Description
-----------------------------------------------------------------------------
                          0.00    0.00   clock CLK100MHZ (rise edge)
                          0.00    0.00   clock source latency
     1    0.02    0.09    0.06    0.06 ^ CLK100MHZ (in)
                                         CLK100MHZ (net)
                  0.09    0.00    0.06 ^ clkbuf_0_CLK100MHZ/A (sky130_fd_sc_hd__clkbuf_16)
     4    0.04    0.06    0.17    0.23 ^ clkbuf_0_CLK100MHZ/X (sky130_fd_sc_hd__clkbuf_16)
                                         clknet_0_CLK100MHZ (net)
                  0.06    0.00    0.23 ^ clkbuf_2_1__f_CLK100MHZ/A (sky130_fd_sc_hd__clkbuf_16)
     9    0.03    0.05    0.15    0.38 ^ clkbuf_2_1__f_CLK100MHZ/X (sky130_fd_sc_hd__clkbuf_16)
                                         clknet_2_1__leaf_CLK100MHZ (net)
                  0.05    0.00    0.38 ^ _247_/CLK (sky130_fd_sc_hd__dfrtp_4)
     9    0.05    0.12    0.58    0.96 v _247_/Q (sky130_fd_sc_hd__dfrtp_4)
                                         decoder.count[1] (net)
                  0.12    0.00    0.96 v _132_/B (sky130_fd_sc_hd__or3b_2)
     2    0.03    0.15    0.59    1.55 v _132_/X (sky130_fd_sc_hd__or3b_2)
                                         _064_ (net)
                  0.15    0.00    1.55 v _133_/B (sky130_fd_sc_hd__nor2_1)
     3    0.02    0.40    0.38    1.93 ^ _133_/Y (sky130_fd_sc_hd__nor2_1)
                                         _065_ (net)
                  0.40    0.00    1.93 ^ _158_/B1 (sky130_fd_sc_hd__a2111o_1)
     2    0.02    0.14    0.26    2.19 ^ _158_/X (sky130_fd_sc_hd__a2111o_1)
                                         net4 (net)
                  0.14    0.00    2.19 ^ _279_/A (sky130_fd_sc_hd__clkbuf_1)
     1    0.01    0.09    0.15    2.34 ^ _279_/X (sky130_fd_sc_hd__clkbuf_1)
                                         net1 (net)
                  0.09    0.00    2.34 ^ output1/A (sky130_fd_sc_hd__buf_1)
     1    0.03    0.40    0.36    2.70 ^ output1/X (sky130_fd_sc_hd__buf_1)
                                         seg[0] (net)
                  0.40    0.00    2.70 ^ seg[0] (out)
                                  2.70   data arrival time

                         10.00   10.00   clock CLK100MHZ (rise edge)
                          0.00   10.00   clock network delay (propagated)
                         -0.25    9.75   clock uncertainty
                          0.00    9.75   clock reconvergence pessimism
                         -2.00    7.75   output external delay
                                  7.75   data required time
-----------------------------------------------------------------------------
                                  7.75   data required time
                                 -2.70   data arrival time
-----------------------------------------------------------------------------
                                  5.05   slack (MET)




===========================================================================
report_checks --slack_max -0.01
============================================================================
======================= Fastest Corner ===================================

No paths found.

======================= Slowest Corner ===================================

No paths found.

======================= Typical Corner ===================================

No paths found.


===========================================================================
 report_check_types -max_slew -max_cap -max_fanout -violators
============================================================================
======================= Fastest Corner ===================================


max slew violations count Fastest: 0
max fanout violations count Fastest: 0
max cap violations count Fastest: 0
======================= Slowest Corner ===================================


max slew violations count Slowest: 0
max fanout violations count Slowest: 0
max cap violations count Slowest: 0
======================= Typical Corner ===================================


max slew violations count Typical: 0
max fanout violations count Typical: 0
max cap violations count Typical: 0

===========================================================================
report_parasitic_annotation -report_unannotated
============================================================================
Found 7 unannotated drivers.
 ZeroToFiveCounter_10/LO
 ZeroToFiveCounter_11/LO
 ZeroToFiveCounter_8/HI
 ZeroToFiveCounter_9/LO
 clkload0/X
 clkload1/Y
 clkload2/Y
Found 0 partially unannotated drivers.

===========================================================================
max slew violation count 0
max fanout violation count 0
max cap violation count 0
============================================================================

===========================================================================
check_setup -verbose -unconstrained_endpoints -multiple_clock -no_clock -no_input_delay -loops -generated_clocks
===========================================================================
Warning: There are 4 unconstrained endpoints.
  AN[0]
  AN[1]
  AN[2]
  AN[3]
