Instance,Terminal,Layer,X location,Y location,Voltage
FILLER_0_12_37,VGND,li1,23.2300,43.5200,0.000005
FILLER_0_12_29,VGND,li1,20.7000,43.5200,0.000004
FILLER_0_12_27,VGND,li1,18.1700,43.5200,0.000004
FILLER_0_12_21,VGND,li1,16.5600,43.5200,0.000003
FILLER_0_12_9,VGND,li1,12.4200,43.5200,0.000003
FILLER_0_11_47,VGND,li1,27.3700,43.5200,0.000005
FILLER_0_11_39,VGND,li1,25.3000,43.5200,0.000005
FILLER_0_11_27,VGND,li1,20.7000,43.5200,0.000004
FILLER_0_11_15,VGND,li1,15.1800,43.5200,0.000003
FILLER_0_11_3,VGND,li1,9.6600,43.5200,0.000003
FILLER_0_10_41,VGND,li1,25.0700,38.0800,0.000003
FILLER_0_10_29,VGND,li1,21.6200,38.0800,0.000002
FILLER_0_10_26,VGND,li1,17.9400,38.0800,0.000002
FILLER_0_10_18,VGND,li1,15.6400,38.0800,0.000002
FILLER_0_10_6,VGND,li1,11.0400,38.0800,0.000002
FILLER_0_9_47,VGND,li1,27.3700,38.0800,0.000003
FILLER_0_9_35,VGND,li1,24.3800,38.0800,0.000003
FILLER_0_9_23,VGND,li1,18.8600,38.0800,0.000002
FILLER_0_9_19,VGND,li1,14.4900,38.0800,0.000001
FILLER_0_9_15,VGND,li1,13.3400,38.0800,0.000001
FILLER_0_9_3,VGND,li1,9.6600,38.0800,0.000002
FILLER_0_8_29,VGND,li1,21.6200,32.6400,0.000001
FILLER_0_8_26,VGND,li1,17.9400,32.6400,0.000000
FILLER_0_8_18,VGND,li1,15.6400,32.6400,0.000000
FILLER_0_8_6,VGND,li1,11.0400,32.6400,0.000001
FILLER_0_7_44,VGND,li1,26.6800,32.6400,0.000001
FILLER_0_7_39,VGND,li1,23.9200,32.6400,0.000001
FILLER_0_7_27,VGND,li1,20.7000,32.6400,0.000001
FILLER_0_7_15,VGND,li1,15.1800,32.6400,0.000000
FILLER_0_7_3,VGND,li1,9.6600,32.6400,0.000001
FILLER_0_6_47,VGND,li1,27.3700,27.2000,0.000003
FILLER_0_6_41,VGND,li1,25.7600,27.2000,0.000003
FILLER_0_6_29,VGND,li1,21.6200,27.2000,0.000002
FILLER_0_6_26,VGND,li1,17.9400,27.2000,0.000002
FILLER_0_6_18,VGND,li1,15.6400,27.2000,0.000002
FILLER_0_6_3,VGND,li1,9.6600,27.2000,0.000002
FILLER_0_5_42,VGND,li1,25.3000,27.2000,0.000003
FILLER_0_5_30,VGND,li1,22.0800,27.2000,0.000002
FILLER_0_5_18,VGND,li1,16.5600,27.2000,0.000002
FILLER_0_5_6,VGND,li1,11.0400,27.2000,0.000002
FILLER_0_4_47,VGND,li1,27.3700,21.7600,0.000003
FILLER_0_4_41,VGND,li1,25.7600,21.7600,0.000003
FILLER_0_4_29,VGND,li1,21.6200,21.7600,0.000002
FILLER_0_4_27,VGND,li1,18.1700,21.7600,0.000002
FILLER_0_4_23,VGND,li1,17.0200,21.7600,0.000002
FILLER_0_4_19,VGND,li1,14.4900,21.7600,0.000001
FILLER_0_4_15,VGND,li1,13.3400,21.7600,0.000001
FILLER_0_4_3,VGND,li1,9.6600,21.7600,0.000002
FILLER_0_3_42,VGND,li1,25.3000,21.7600,0.000003
FILLER_0_3_30,VGND,li1,22.0800,21.7600,0.000002
FILLER_0_3_18,VGND,li1,16.5600,21.7600,0.000002
FILLER_0_3_6,VGND,li1,11.0400,21.7600,0.000002
FILLER_0_2_47,VGND,li1,27.3700,16.3200,0.000000
FILLER_0_2_41,VGND,li1,25.7600,16.3200,0.000000
FILLER_0_2_29,VGND,li1,21.6200,16.3200,0.000000
FILLER_0_2_27,VGND,li1,18.1700,16.3200,0.000000
FILLER_0_2_15,VGND,li1,15.1800,16.3200,0.000000
FILLER_0_2_11,VGND,li1,10.8100,16.3200,0.000000
FILLER_0_2_3,VGND,li1,8.7400,16.3200,0.000000
FILLER_0_1_44,VGND,li1,26.6800,16.3200,0.000000
FILLER_0_1_32,VGND,li1,23.0000,16.3200,0.000000
FILLER_0_1_20,VGND,li1,17.4800,16.3200,0.000000
FILLER_0_1_15,VGND,li1,12.8800,16.3200,0.000000
FILLER_0_1_3,VGND,li1,9.6600,16.3200,0.000000
FILLER_0_0_37,VGND,li1,22.7700,10.8800,0.000005
FILLER_0_0_29,VGND,li1,20.7000,10.8800,0.000005
FILLER_0_0_26,VGND,li1,17.9400,10.8800,0.000004
FILLER_0_0_18,VGND,li1,15.6400,10.8800,0.000004
FILLER_0_0_9,VGND,li1,11.0400,10.8800,0.000003
output16,VGND,li1,26.2200,10.8800,0.000006
output15,VGND,li1,23.9200,10.8800,0.000005
output14,VGND,li1,26.6800,21.7600,0.000003
output13,VGND,li1,26.6800,27.2000,0.000003
output12,VGND,li1,26.6800,32.6400,0.000001
output11,VGND,li1,26.6800,38.0800,0.000003
output10,VGND,li1,26.6800,43.5200,0.000005
output9,VGND,li1,24.8400,43.5200,0.000005
input8,VGND,li1,8.9700,10.8800,0.000003
input7,VGND,li1,7.5900,10.8800,0.000003
input6,VGND,li1,7.5900,21.7600,0.000002
input5,VGND,li1,7.5900,27.2000,0.000002
input4,VGND,li1,7.5900,32.6400,0.000001
input3,VGND,li1,7.5900,38.0800,0.000002
input2,VGND,li1,8.9700,43.5200,0.000003
input1,VGND,li1,7.5900,43.5200,0.000003
TAP_TAPCELL_ROW_12_32,VGND,li1,18.6300,43.8110,0.000004
TAP_TAPCELL_ROW_10_31,VGND,li1,18.6300,38.3710,0.000002
TAP_TAPCELL_ROW_8_30,VGND,li1,18.6300,32.9310,0.000000
TAP_TAPCELL_ROW_6_29,VGND,li1,18.6300,27.4910,0.000002
TAP_TAPCELL_ROW_4_28,VGND,li1,18.6300,22.0510,0.000002
TAP_TAPCELL_ROW_2_27,VGND,li1,18.6300,16.6110,0.000000
TAP_TAPCELL_ROW_0_26,VGND,li1,18.6300,11.1710,0.000004
PHY_EDGE_ROW_12_Left_25,VGND,li1,6.2100,43.5200,0.000003
PHY_EDGE_ROW_11_Left_24,VGND,li1,6.2100,43.5200,0.000003
PHY_EDGE_ROW_10_Left_23,VGND,li1,6.2100,38.0800,0.000002
PHY_EDGE_ROW_9_Left_22,VGND,li1,6.2100,38.0800,0.000002
PHY_EDGE_ROW_8_Left_21,VGND,li1,6.2100,32.6400,0.000001
PHY_EDGE_ROW_7_Left_20,VGND,li1,6.2100,32.6400,0.000001
PHY_EDGE_ROW_6_Left_19,VGND,li1,6.2100,27.2000,0.000002
PHY_EDGE_ROW_5_Left_18,VGND,li1,6.2100,27.2000,0.000002
PHY_EDGE_ROW_4_Left_17,VGND,li1,6.2100,21.7600,0.000002
PHY_EDGE_ROW_3_Left_16,VGND,li1,6.2100,21.7600,0.000002
PHY_EDGE_ROW_2_Left_15,VGND,li1,6.2100,16.3200,0.000000
PHY_EDGE_ROW_1_Left_14,VGND,li1,6.2100,16.3200,0.000000
PHY_EDGE_ROW_0_Left_13,VGND,li1,6.2100,10.8800,0.000003
PHY_EDGE_ROW_12_Right_12,VGND,li1,28.2900,43.5200,0.000005
PHY_EDGE_ROW_11_Right_11,VGND,li1,28.2900,43.5200,0.000005
PHY_EDGE_ROW_10_Right_10,VGND,li1,28.2900,38.0800,0.000003
PHY_EDGE_ROW_9_Right_9,VGND,li1,28.2900,38.0800,0.000003
PHY_EDGE_ROW_8_Right_8,VGND,li1,28.2900,32.6400,0.000001
PHY_EDGE_ROW_7_Right_7,VGND,li1,28.2900,32.6400,0.000001
PHY_EDGE_ROW_6_Right_6,VGND,li1,28.2900,27.2000,0.000003
PHY_EDGE_ROW_5_Right_5,VGND,li1,28.2900,27.2000,0.000003
PHY_EDGE_ROW_4_Right_4,VGND,li1,28.2900,21.7600,0.000003
PHY_EDGE_ROW_3_Right_3,VGND,li1,28.2900,21.7600,0.000003
PHY_EDGE_ROW_2_Right_2,VGND,li1,28.2900,16.3200,0.000000
PHY_EDGE_ROW_1_Right_1,VGND,li1,28.2900,16.3200,0.000000
PHY_EDGE_ROW_0_Right_0,VGND,li1,28.2900,10.8800,0.000006
_7_,VGND,li1,11.7300,16.3200,0.000000
_6_,VGND,li1,13.1100,10.8800,0.000003
_5_,VGND,li1,25.0700,32.6400,0.000001
_4_,VGND,li1,14.0300,16.3200,0.000000
_3_,VGND,li1,15.4100,21.7600,0.000002
_2_,VGND,li1,15.4100,38.0800,0.000002
_1_,VGND,li1,13.1100,27.2000,0.000001
_0_,VGND,li1,25.0700,32.6400,0.000001
