
===========================================================================
report_checks -path_delay min (Hold)
============================================================================
======================= Fastest Corner ===================================

Startpoint: B[5] (input port clocked by __VIRTUAL_CLK__)
Endpoint: out[5] (output port clocked by __VIRTUAL_CLK__)
Path Group: __VIRTUAL_CLK__
Path Type: min
Corner: Fastest

Fanout     Cap    Slew   Delay    Time   Description
-----------------------------------------------------------------------------
                  0.00    0.00    0.00   clock __VIRTUAL_CLK__ (rise edge)
                          0.00    0.00   clock network delay (ideal)
                          2.00    2.00 ^ input external delay
     1    0.00    0.01    0.01    2.01 ^ B[5] (in)
                                         B[5] (net)
                  0.01    0.00    2.01 ^ input14/A (sky130_fd_sc_hd__buf_2)
     5    0.04    0.15    0.14    2.15 ^ input14/X (sky130_fd_sc_hd__buf_2)
                                         net14 (net)
                  0.15    0.00    2.15 ^ _233_/A1 (sky130_fd_sc_hd__a311o_1)
     1    0.01    0.06    0.12    2.27 ^ _233_/X (sky130_fd_sc_hd__a311o_1)
                                         _161_ (net)
                  0.06    0.00    2.27 ^ _267_/B1 (sky130_fd_sc_hd__a211o_1)
     1    0.02    0.13    0.13    2.40 ^ _267_/X (sky130_fd_sc_hd__a211o_1)
                                         net25 (net)
                  0.13    0.00    2.41 ^ output25/A (sky130_fd_sc_hd__buf_2)
     1    0.03    0.13    0.15    2.56 ^ output25/X (sky130_fd_sc_hd__buf_2)
                                         out[5] (net)
                  0.13    0.00    2.56 ^ out[5] (out)
                                  2.56   data arrival time

                  0.00    0.00    0.00   clock __VIRTUAL_CLK__ (rise edge)
                          0.00    0.00   clock network delay (ideal)
                          0.25    0.25   clock uncertainty
                          0.00    0.25   clock reconvergence pessimism
                         -2.00   -1.75   output external delay
                                 -1.75   data required time
-----------------------------------------------------------------------------
                                 -1.75   data required time
                                 -2.56   data arrival time
-----------------------------------------------------------------------------
                                  4.31   slack (MET)


Startpoint: B[0] (input port clocked by __VIRTUAL_CLK__)
Endpoint: out[0] (output port clocked by __VIRTUAL_CLK__)
Path Group: __VIRTUAL_CLK__
Path Type: min
Corner: Fastest

Fanout     Cap    Slew   Delay    Time   Description
-----------------------------------------------------------------------------
                  0.00    0.00    0.00   clock __VIRTUAL_CLK__ (rise edge)
                          0.00    0.00   clock network delay (ideal)
                          2.00    2.00 v input external delay
     1    0.00    0.00    0.00    2.00 v B[0] (in)
                                         B[0] (net)
                  0.00    0.00    2.00 v input9/A (sky130_fd_sc_hd__clkbuf_2)
     5    0.03    0.08    0.11    2.11 v input9/X (sky130_fd_sc_hd__clkbuf_2)
                                         net9 (net)
                  0.08    0.00    2.11 v clone7/A (sky130_fd_sc_hd__buf_2)
     5    0.05    0.08    0.15    2.26 v clone7/X (sky130_fd_sc_hd__buf_2)
                                         net34 (net)
                  0.08    0.00    2.26 v _307_/A1 (sky130_fd_sc_hd__a31o_1)
     2    0.03    0.09    0.18    2.44 v _307_/X (sky130_fd_sc_hd__a31o_1)
                                         net20 (net)
                  0.09    0.00    2.44 v output20/A (sky130_fd_sc_hd__buf_2)
     1    0.03    0.06    0.13    2.57 v output20/X (sky130_fd_sc_hd__buf_2)
                                         out[0] (net)
                  0.06    0.00    2.57 v out[0] (out)
                                  2.57   data arrival time

                  0.00    0.00    0.00   clock __VIRTUAL_CLK__ (rise edge)
                          0.00    0.00   clock network delay (ideal)
                          0.25    0.25   clock uncertainty
                          0.00    0.25   clock reconvergence pessimism
                         -2.00   -1.75   output external delay
                                 -1.75   data required time
-----------------------------------------------------------------------------
                                 -1.75   data required time
                                 -2.57   data arrival time
-----------------------------------------------------------------------------
                                  4.32   slack (MET)


Startpoint: A[7] (input port clocked by __VIRTUAL_CLK__)
Endpoint: out[7] (output port clocked by __VIRTUAL_CLK__)
Path Group: __VIRTUAL_CLK__
Path Type: min
Corner: Fastest

Fanout     Cap    Slew   Delay    Time   Description
-----------------------------------------------------------------------------
                  0.00    0.00    0.00   clock __VIRTUAL_CLK__ (rise edge)
                          0.00    0.00   clock network delay (ideal)
                          2.00    2.00 ^ input external delay
     1    0.00    0.01    0.01    2.01 ^ A[7] (in)
                                         A[7] (net)
                  0.01    0.00    2.01 ^ input8/A (sky130_fd_sc_hd__buf_2)
     4    0.04    0.13    0.13    2.14 ^ input8/X (sky130_fd_sc_hd__buf_2)
                                         net8 (net)
                  0.13    0.00    2.14 ^ _300_/A1 (sky130_fd_sc_hd__o221a_1)
     1    0.00    0.04    0.11    2.24 ^ _300_/X (sky130_fd_sc_hd__o221a_1)
                                         _056_ (net)
                  0.04    0.00    2.24 ^ _301_/B1_N (sky130_fd_sc_hd__a21bo_1)
     1    0.02    0.06    0.12    2.36 v _301_/X (sky130_fd_sc_hd__a21bo_1)
                                         _057_ (net)
                  0.06    0.00    2.37 v _302_/B1 (sky130_fd_sc_hd__a31o_1)
     1    0.01    0.04    0.09    2.46 v _302_/X (sky130_fd_sc_hd__a31o_1)
                                         net27 (net)
                  0.04    0.00    2.46 v output27/A (sky130_fd_sc_hd__buf_2)
     1    0.03    0.06    0.11    2.57 v output27/X (sky130_fd_sc_hd__buf_2)
                                         out[7] (net)
                  0.06    0.00    2.57 v out[7] (out)
                                  2.57   data arrival time

                  0.00    0.00    0.00   clock __VIRTUAL_CLK__ (rise edge)
                          0.00    0.00   clock network delay (ideal)
                          0.25    0.25   clock uncertainty
                          0.00    0.25   clock reconvergence pessimism
                         -2.00   -1.75   output external delay
                                 -1.75   data required time
-----------------------------------------------------------------------------
                                 -1.75   data required time
                                 -2.57   data arrival time
-----------------------------------------------------------------------------
                                  4.32   slack (MET)


Startpoint: opcode[2] (input port clocked by __VIRTUAL_CLK__)
Endpoint: out[2] (output port clocked by __VIRTUAL_CLK__)
Path Group: __VIRTUAL_CLK__
Path Type: min
Corner: Fastest

Fanout     Cap    Slew   Delay    Time   Description
-----------------------------------------------------------------------------
                  0.00    0.00    0.00   clock __VIRTUAL_CLK__ (rise edge)
                          0.00    0.00   clock network delay (ideal)
                          2.00    2.00 v input external delay
     1    0.00    0.00    0.00    2.00 v opcode[2] (in)
                                         opcode[2] (net)
                  0.00    0.00    2.00 v input19/A (sky130_fd_sc_hd__clkbuf_4)
     6    0.06    0.09    0.13    2.13 v input19/X (sky130_fd_sc_hd__clkbuf_4)
                                         net19 (net)
                  0.09    0.00    2.13 v _265_/A (sky130_fd_sc_hd__and3_2)
     7    0.04    0.09    0.19    2.32 v _265_/X (sky130_fd_sc_hd__and3_2)
                                         _023_ (net)
                  0.09    0.00    2.32 v _326_/A2 (sky130_fd_sc_hd__a31o_1)
     1    0.01    0.05    0.18    2.50 v _326_/X (sky130_fd_sc_hd__a31o_1)
                                         net22 (net)
                  0.05    0.00    2.50 v output22/A (sky130_fd_sc_hd__buf_2)
     1    0.04    0.06    0.12    2.62 v output22/X (sky130_fd_sc_hd__buf_2)
                                         out[2] (net)
                  0.06    0.00    2.62 v out[2] (out)
                                  2.62   data arrival time

                  0.00    0.00    0.00   clock __VIRTUAL_CLK__ (rise edge)
                          0.00    0.00   clock network delay (ideal)
                          0.25    0.25   clock uncertainty
                          0.00    0.25   clock reconvergence pessimism
                         -2.00   -1.75   output external delay
                                 -1.75   data required time
-----------------------------------------------------------------------------
                                 -1.75   data required time
                                 -2.62   data arrival time
-----------------------------------------------------------------------------
                                  4.37   slack (MET)


Startpoint: A[6] (input port clocked by __VIRTUAL_CLK__)
Endpoint: out[6] (output port clocked by __VIRTUAL_CLK__)
Path Group: __VIRTUAL_CLK__
Path Type: min
Corner: Fastest

Fanout     Cap    Slew   Delay    Time   Description
-----------------------------------------------------------------------------
                  0.00    0.00    0.00   clock __VIRTUAL_CLK__ (rise edge)
                          0.00    0.00   clock network delay (ideal)
                          2.00    2.00 ^ input external delay
     1    0.00    0.01    0.01    2.01 ^ A[6] (in)
                                         A[6] (net)
                  0.01    0.00    2.01 ^ input7/A (sky130_fd_sc_hd__clkbuf_2)
     5    0.03    0.14    0.13    2.14 ^ input7/X (sky130_fd_sc_hd__clkbuf_2)
                                         net7 (net)
                  0.14    0.00    2.14 ^ _289_/A1 (sky130_fd_sc_hd__o211ai_2)
     1    0.03    0.10    0.11    2.25 v _289_/Y (sky130_fd_sc_hd__o211ai_2)
                                         _046_ (net)
                  0.10    0.00    2.25 v _290_/B1 (sky130_fd_sc_hd__a31o_1)
     1    0.02    0.08    0.14    2.40 v _290_/X (sky130_fd_sc_hd__a31o_1)
                                         _047_ (net)
                  0.08    0.00    2.40 v _291_/B1 (sky130_fd_sc_hd__a21o_1)
     1    0.01    0.05    0.11    2.51 v _291_/X (sky130_fd_sc_hd__a21o_1)
                                         net26 (net)
                  0.05    0.00    2.51 v output26/A (sky130_fd_sc_hd__clkbuf_4)
     1    0.03    0.06    0.12    2.63 v output26/X (sky130_fd_sc_hd__clkbuf_4)
                                         out[6] (net)
                  0.06    0.00    2.63 v out[6] (out)
                                  2.63   data arrival time

                  0.00    0.00    0.00   clock __VIRTUAL_CLK__ (rise edge)
                          0.00    0.00   clock network delay (ideal)
                          0.25    0.25   clock uncertainty
                          0.00    0.25   clock reconvergence pessimism
                         -2.00   -1.75   output external delay
                                 -1.75   data required time
-----------------------------------------------------------------------------
                                 -1.75   data required time
                                 -2.63   data arrival time
-----------------------------------------------------------------------------
                                  4.38   slack (MET)


Startpoint: opcode[2] (input port clocked by __VIRTUAL_CLK__)
Endpoint: out[3] (output port clocked by __VIRTUAL_CLK__)
Path Group: __VIRTUAL_CLK__
Path Type: min
Corner: Fastest

Fanout     Cap    Slew   Delay    Time   Description
-----------------------------------------------------------------------------
                  0.00    0.00    0.00   clock __VIRTUAL_CLK__ (rise edge)
                          0.00    0.00   clock network delay (ideal)
                          2.00    2.00 v input external delay
     1    0.00    0.00    0.00    2.00 v opcode[2] (in)
                                         opcode[2] (net)
                  0.00    0.00    2.00 v input19/A (sky130_fd_sc_hd__clkbuf_4)
     6    0.06    0.09    0.13    2.13 v input19/X (sky130_fd_sc_hd__clkbuf_4)
                                         net19 (net)
                  0.09    0.00    2.13 v _170_/A (sky130_fd_sc_hd__inv_2)
     2    0.03    0.11    0.11    2.25 ^ _170_/Y (sky130_fd_sc_hd__inv_2)
                                         _098_ (net)
                  0.11    0.00    2.25 ^ _172_/A (sky130_fd_sc_hd__nor2_4)
     8    0.07    0.08    0.07    2.32 v _172_/Y (sky130_fd_sc_hd__nor2_4)
                                         _100_ (net)
                  0.08    0.00    2.33 v _335_/B2 (sky130_fd_sc_hd__a221o_1)
     1    0.01    0.06    0.20    2.52 v _335_/X (sky130_fd_sc_hd__a221o_1)
                                         net23 (net)
                  0.06    0.00    2.52 v output23/A (sky130_fd_sc_hd__buf_2)
     1    0.03    0.06    0.12    2.65 v output23/X (sky130_fd_sc_hd__buf_2)
                                         out[3] (net)
                  0.06    0.00    2.65 v out[3] (out)
                                  2.65   data arrival time

                  0.00    0.00    0.00   clock __VIRTUAL_CLK__ (rise edge)
                          0.00    0.00   clock network delay (ideal)
                          0.25    0.25   clock uncertainty
                          0.00    0.25   clock reconvergence pessimism
                         -2.00   -1.75   output external delay
                                 -1.75   data required time
-----------------------------------------------------------------------------
                                 -1.75   data required time
                                 -2.65   data arrival time
-----------------------------------------------------------------------------
                                  4.40   slack (MET)


Startpoint: A[4] (input port clocked by __VIRTUAL_CLK__)
Endpoint: out[4] (output port clocked by __VIRTUAL_CLK__)
Path Group: __VIRTUAL_CLK__
Path Type: min
Corner: Fastest

Fanout     Cap    Slew   Delay    Time   Description
-----------------------------------------------------------------------------
                  0.00    0.00    0.00   clock __VIRTUAL_CLK__ (rise edge)
                          0.00    0.00   clock network delay (ideal)
                          2.00    2.00 ^ input external delay
     1    0.00    0.01    0.01    2.01 ^ A[4] (in)
                                         A[4] (net)
                  0.01    0.00    2.01 ^ input5/A (sky130_fd_sc_hd__clkbuf_4)
     6    0.06    0.13    0.15    2.15 ^ input5/X (sky130_fd_sc_hd__clkbuf_4)
                                         net5 (net)
                  0.13    0.00    2.15 ^ _341_/A2 (sky130_fd_sc_hd__a31o_1)
     1    0.02    0.11    0.15    2.30 ^ _341_/X (sky130_fd_sc_hd__a31o_1)
                                         _092_ (net)
                  0.11    0.00    2.30 ^ _346_/B (sky130_fd_sc_hd__or3_1)
     1    0.01    0.05    0.09    2.40 ^ _346_/X (sky130_fd_sc_hd__or3_1)
                                         _097_ (net)
                  0.05    0.00    2.40 ^ _347_/A (sky130_fd_sc_hd__buf_1)
     1    0.01    0.13    0.12    2.52 ^ _347_/X (sky130_fd_sc_hd__buf_1)
                                         net24 (net)
                  0.13    0.00    2.52 ^ output24/A (sky130_fd_sc_hd__buf_2)
     1    0.03    0.13    0.15    2.67 ^ output24/X (sky130_fd_sc_hd__buf_2)
                                         out[4] (net)
                  0.13    0.00    2.67 ^ out[4] (out)
                                  2.67   data arrival time

                  0.00    0.00    0.00   clock __VIRTUAL_CLK__ (rise edge)
                          0.00    0.00   clock network delay (ideal)
                          0.25    0.25   clock uncertainty
                          0.00    0.25   clock reconvergence pessimism
                         -2.00   -1.75   output external delay
                                 -1.75   data required time
-----------------------------------------------------------------------------
                                 -1.75   data required time
                                 -2.67   data arrival time
-----------------------------------------------------------------------------
                                  4.42   slack (MET)


Startpoint: B[1] (input port clocked by __VIRTUAL_CLK__)
Endpoint: out[1] (output port clocked by __VIRTUAL_CLK__)
Path Group: __VIRTUAL_CLK__
Path Type: min
Corner: Fastest

Fanout     Cap    Slew   Delay    Time   Description
-----------------------------------------------------------------------------
                  0.00    0.00    0.00   clock __VIRTUAL_CLK__ (rise edge)
                          0.00    0.00   clock network delay (ideal)
                          2.00    2.00 ^ input external delay
     1    0.00    0.01    0.01    2.01 ^ B[1] (in)
                                         B[1] (net)
                  0.01    0.00    2.01 ^ input10/A (sky130_fd_sc_hd__clkbuf_2)
     5    0.04    0.17    0.15    2.16 ^ input10/X (sky130_fd_sc_hd__clkbuf_2)
                                         net10 (net)
                  0.17    0.00    2.16 ^ _175_/A (sky130_fd_sc_hd__buf_6)
    10    0.06    0.10    0.13    2.28 ^ _175_/X (sky130_fd_sc_hd__buf_6)
                                         _103_ (net)
                  0.10    0.00    2.29 ^ _309_/A2 (sky130_fd_sc_hd__o22a_1)
     1    0.01    0.08    0.11    2.40 ^ _309_/X (sky130_fd_sc_hd__o22a_1)
                                         _063_ (net)
                  0.08    0.00    2.40 ^ _317_/A (sky130_fd_sc_hd__or4b_2)
     1    0.02    0.10    0.13    2.53 ^ _317_/X (sky130_fd_sc_hd__or4b_2)
                                         _071_ (net)
                  0.10    0.00    2.53 ^ _318_/A (sky130_fd_sc_hd__buf_1)
     1    0.01    0.12    0.11    2.65 ^ _318_/X (sky130_fd_sc_hd__buf_1)
                                         net21 (net)
                  0.12    0.00    2.65 ^ output21/A (sky130_fd_sc_hd__buf_2)
     1    0.03    0.13    0.15    2.80 ^ output21/X (sky130_fd_sc_hd__buf_2)
                                         out[1] (net)
                  0.13    0.00    2.80 ^ out[1] (out)
                                  2.80   data arrival time

                  0.00    0.00    0.00   clock __VIRTUAL_CLK__ (rise edge)
                          0.00    0.00   clock network delay (ideal)
                          0.25    0.25   clock uncertainty
                          0.00    0.25   clock reconvergence pessimism
                         -2.00   -1.75   output external delay
                                 -1.75   data required time
-----------------------------------------------------------------------------
                                 -1.75   data required time
                                 -2.80   data arrival time
-----------------------------------------------------------------------------
                                  4.55   slack (MET)



worst slack corner Fastest: 4.3087
======================= Slowest Corner ===================================

Startpoint: B[5] (input port clocked by __VIRTUAL_CLK__)
Endpoint: out[5] (output port clocked by __VIRTUAL_CLK__)
Path Group: __VIRTUAL_CLK__
Path Type: min
Corner: Slowest

Fanout     Cap    Slew   Delay    Time   Description
-----------------------------------------------------------------------------
                  0.00    0.00    0.00   clock __VIRTUAL_CLK__ (rise edge)
                          0.00    0.00   clock network delay (ideal)
                          2.00    2.00 ^ input external delay
     1    0.00    0.03    0.01    2.01 ^ B[5] (in)
                                         B[5] (net)
                  0.03    0.00    2.01 ^ input14/A (sky130_fd_sc_hd__buf_2)
     5    0.04    0.33    0.34    2.36 ^ input14/X (sky130_fd_sc_hd__buf_2)
                                         net14 (net)
                  0.33    0.00    2.36 ^ _233_/A1 (sky130_fd_sc_hd__a311o_1)
     1    0.01    0.14    0.44    2.80 ^ _233_/X (sky130_fd_sc_hd__a311o_1)
                                         _161_ (net)
                  0.14    0.00    2.80 ^ _267_/B1 (sky130_fd_sc_hd__a211o_1)
     1    0.02    0.27    0.34    3.14 ^ _267_/X (sky130_fd_sc_hd__a211o_1)
                                         net25 (net)
                  0.27    0.00    3.14 ^ output25/A (sky130_fd_sc_hd__buf_2)
     1    0.03    0.27    0.41    3.55 ^ output25/X (sky130_fd_sc_hd__buf_2)
                                         out[5] (net)
                  0.27    0.00    3.55 ^ out[5] (out)
                                  3.55   data arrival time

                  0.00    0.00    0.00   clock __VIRTUAL_CLK__ (rise edge)
                          0.00    0.00   clock network delay (ideal)
                          0.25    0.25   clock uncertainty
                          0.00    0.25   clock reconvergence pessimism
                         -2.00   -1.75   output external delay
                                 -1.75   data required time
-----------------------------------------------------------------------------
                                 -1.75   data required time
                                 -3.55   data arrival time
-----------------------------------------------------------------------------
                                  5.30   slack (MET)


Startpoint: B[0] (input port clocked by __VIRTUAL_CLK__)
Endpoint: out[0] (output port clocked by __VIRTUAL_CLK__)
Path Group: __VIRTUAL_CLK__
Path Type: min
Corner: Slowest

Fanout     Cap    Slew   Delay    Time   Description
-----------------------------------------------------------------------------
                  0.00    0.00    0.00   clock __VIRTUAL_CLK__ (rise edge)
                          0.00    0.00   clock network delay (ideal)
                          2.00    2.00 v input external delay
     1    0.00    0.02    0.01    2.01 v B[0] (in)
                                         B[0] (net)
                  0.02    0.00    2.01 v input9/A (sky130_fd_sc_hd__clkbuf_2)
     5    0.03    0.22    0.28    2.29 v input9/X (sky130_fd_sc_hd__clkbuf_2)
                                         net9 (net)
                  0.22    0.00    2.29 v clone7/A (sky130_fd_sc_hd__buf_2)
     5    0.05    0.22    0.44    2.73 v clone7/X (sky130_fd_sc_hd__buf_2)
                                         net34 (net)
                  0.22    0.00    2.73 v _307_/A1 (sky130_fd_sc_hd__a31o_1)
     2    0.03    0.24    0.53    3.26 v _307_/X (sky130_fd_sc_hd__a31o_1)
                                         net20 (net)
                  0.24    0.00    3.26 v output20/A (sky130_fd_sc_hd__buf_2)
     1    0.03    0.16    0.41    3.66 v output20/X (sky130_fd_sc_hd__buf_2)
                                         out[0] (net)
                  0.16    0.00    3.66 v out[0] (out)
                                  3.66   data arrival time

                  0.00    0.00    0.00   clock __VIRTUAL_CLK__ (rise edge)
                          0.00    0.00   clock network delay (ideal)
                          0.25    0.25   clock uncertainty
                          0.00    0.25   clock reconvergence pessimism
                         -2.00   -1.75   output external delay
                                 -1.75   data required time
-----------------------------------------------------------------------------
                                 -1.75   data required time
                                 -3.66   data arrival time
-----------------------------------------------------------------------------
                                  5.41   slack (MET)


Startpoint: opcode[2] (input port clocked by __VIRTUAL_CLK__)
Endpoint: out[7] (output port clocked by __VIRTUAL_CLK__)
Path Group: __VIRTUAL_CLK__
Path Type: min
Corner: Slowest

Fanout     Cap    Slew   Delay    Time   Description
-----------------------------------------------------------------------------
                  0.00    0.00    0.00   clock __VIRTUAL_CLK__ (rise edge)
                          0.00    0.00   clock network delay (ideal)
                          2.00    2.00 v input external delay
     1    0.00    0.02    0.01    2.01 v opcode[2] (in)
                                         opcode[2] (net)
                  0.02    0.00    2.01 v input19/A (sky130_fd_sc_hd__clkbuf_4)
     6    0.06    0.21    0.34    2.35 v input19/X (sky130_fd_sc_hd__clkbuf_4)
                                         net19 (net)
                  0.21    0.00    2.35 v _265_/A (sky130_fd_sc_hd__and3_2)
     7    0.04    0.23    0.58    2.93 v _265_/X (sky130_fd_sc_hd__and3_2)
                                         _023_ (net)
                  0.23    0.00    2.93 v _302_/A1 (sky130_fd_sc_hd__a31o_1)
     1    0.01    0.12    0.42    3.36 v _302_/X (sky130_fd_sc_hd__a31o_1)
                                         net27 (net)
                  0.12    0.00    3.36 v output27/A (sky130_fd_sc_hd__buf_2)
     1    0.03    0.16    0.35    3.70 v output27/X (sky130_fd_sc_hd__buf_2)
                                         out[7] (net)
                  0.16    0.00    3.70 v out[7] (out)
                                  3.70   data arrival time

                  0.00    0.00    0.00   clock __VIRTUAL_CLK__ (rise edge)
                          0.00    0.00   clock network delay (ideal)
                          0.25    0.25   clock uncertainty
                          0.00    0.25   clock reconvergence pessimism
                         -2.00   -1.75   output external delay
                                 -1.75   data required time
-----------------------------------------------------------------------------
                                 -1.75   data required time
                                 -3.70   data arrival time
-----------------------------------------------------------------------------
                                  5.45   slack (MET)


Startpoint: opcode[2] (input port clocked by __VIRTUAL_CLK__)
Endpoint: out[2] (output port clocked by __VIRTUAL_CLK__)
Path Group: __VIRTUAL_CLK__
Path Type: min
Corner: Slowest

Fanout     Cap    Slew   Delay    Time   Description
-----------------------------------------------------------------------------
                  0.00    0.00    0.00   clock __VIRTUAL_CLK__ (rise edge)
                          0.00    0.00   clock network delay (ideal)
                          2.00    2.00 v input external delay
     1    0.00    0.02    0.01    2.01 v opcode[2] (in)
                                         opcode[2] (net)
                  0.02    0.00    2.01 v input19/A (sky130_fd_sc_hd__clkbuf_4)
     6    0.06    0.21    0.34    2.35 v input19/X (sky130_fd_sc_hd__clkbuf_4)
                                         net19 (net)
                  0.21    0.00    2.35 v _265_/A (sky130_fd_sc_hd__and3_2)
     7    0.04    0.23    0.58    2.93 v _265_/X (sky130_fd_sc_hd__and3_2)
                                         _023_ (net)
                  0.23    0.00    2.93 v _326_/A2 (sky130_fd_sc_hd__a31o_1)
     1    0.01    0.15    0.51    3.44 v _326_/X (sky130_fd_sc_hd__a31o_1)
                                         net22 (net)
                  0.15    0.00    3.44 v output22/A (sky130_fd_sc_hd__buf_2)
     1    0.04    0.17    0.37    3.81 v output22/X (sky130_fd_sc_hd__buf_2)
                                         out[2] (net)
                  0.17    0.00    3.81 v out[2] (out)
                                  3.81   data arrival time

                  0.00    0.00    0.00   clock __VIRTUAL_CLK__ (rise edge)
                          0.00    0.00   clock network delay (ideal)
                          0.25    0.25   clock uncertainty
                          0.00    0.25   clock reconvergence pessimism
                         -2.00   -1.75   output external delay
                                 -1.75   data required time
-----------------------------------------------------------------------------
                                 -1.75   data required time
                                 -3.81   data arrival time
-----------------------------------------------------------------------------
                                  5.56   slack (MET)


Startpoint: A[4] (input port clocked by __VIRTUAL_CLK__)
Endpoint: out[4] (output port clocked by __VIRTUAL_CLK__)
Path Group: __VIRTUAL_CLK__
Path Type: min
Corner: Slowest

Fanout     Cap    Slew   Delay    Time   Description
-----------------------------------------------------------------------------
                  0.00    0.00    0.00   clock __VIRTUAL_CLK__ (rise edge)
                          0.00    0.00   clock network delay (ideal)
                          2.00    2.00 ^ input external delay
     1    0.00    0.03    0.02    2.02 ^ A[4] (in)
                                         A[4] (net)
                  0.03    0.00    2.02 ^ input5/A (sky130_fd_sc_hd__clkbuf_4)
     6    0.06    0.28    0.36    2.38 ^ input5/X (sky130_fd_sc_hd__clkbuf_4)
                                         net5 (net)
                  0.28    0.00    2.38 ^ _341_/A2 (sky130_fd_sc_hd__a31o_1)
     1    0.02    0.25    0.48    2.86 ^ _341_/X (sky130_fd_sc_hd__a31o_1)
                                         _092_ (net)
                  0.25    0.00    2.86 ^ _346_/B (sky130_fd_sc_hd__or3_1)
     1    0.01    0.11    0.27    3.13 ^ _346_/X (sky130_fd_sc_hd__or3_1)
                                         _097_ (net)
                  0.11    0.00    3.13 ^ _347_/A (sky130_fd_sc_hd__buf_1)
     1    0.01    0.28    0.30    3.44 ^ _347_/X (sky130_fd_sc_hd__buf_1)
                                         net24 (net)
                  0.28    0.00    3.44 ^ output24/A (sky130_fd_sc_hd__buf_2)
     1    0.03    0.27    0.41    3.85 ^ output24/X (sky130_fd_sc_hd__buf_2)
                                         out[4] (net)
                  0.27    0.00    3.85 ^ out[4] (out)
                                  3.85   data arrival time

                  0.00    0.00    0.00   clock __VIRTUAL_CLK__ (rise edge)
                          0.00    0.00   clock network delay (ideal)
                          0.25    0.25   clock uncertainty
                          0.00    0.25   clock reconvergence pessimism
                         -2.00   -1.75   output external delay
                                 -1.75   data required time
-----------------------------------------------------------------------------
                                 -1.75   data required time
                                 -3.85   data arrival time
-----------------------------------------------------------------------------
                                  5.60   slack (MET)


Startpoint: opcode[2] (input port clocked by __VIRTUAL_CLK__)
Endpoint: out[3] (output port clocked by __VIRTUAL_CLK__)
Path Group: __VIRTUAL_CLK__
Path Type: min
Corner: Slowest

Fanout     Cap    Slew   Delay    Time   Description
-----------------------------------------------------------------------------
                  0.00    0.00    0.00   clock __VIRTUAL_CLK__ (rise edge)
                          0.00    0.00   clock network delay (ideal)
                          2.00    2.00 v input external delay
     1    0.00    0.02    0.01    2.01 v opcode[2] (in)
                                         opcode[2] (net)
                  0.02    0.00    2.01 v input19/A (sky130_fd_sc_hd__clkbuf_4)
     6    0.06    0.21    0.34    2.35 v input19/X (sky130_fd_sc_hd__clkbuf_4)
                                         net19 (net)
                  0.21    0.00    2.35 v _170_/A (sky130_fd_sc_hd__inv_2)
     2    0.03    0.24    0.27    2.62 ^ _170_/Y (sky130_fd_sc_hd__inv_2)
                                         _098_ (net)
                  0.24    0.00    2.62 ^ _172_/A (sky130_fd_sc_hd__nor2_4)
     8    0.06    0.16    0.22    2.85 v _172_/Y (sky130_fd_sc_hd__nor2_4)
                                         _100_ (net)
                  0.16    0.00    2.85 v _335_/B2 (sky130_fd_sc_hd__a221o_1)
     1    0.01    0.18    0.70    3.55 v _335_/X (sky130_fd_sc_hd__a221o_1)
                                         net23 (net)
                  0.18    0.00    3.55 v output23/A (sky130_fd_sc_hd__buf_2)
     1    0.03    0.17    0.38    3.93 v output23/X (sky130_fd_sc_hd__buf_2)
                                         out[3] (net)
                  0.17    0.00    3.93 v out[3] (out)
                                  3.93   data arrival time

                  0.00    0.00    0.00   clock __VIRTUAL_CLK__ (rise edge)
                          0.00    0.00   clock network delay (ideal)
                          0.25    0.25   clock uncertainty
                          0.00    0.25   clock reconvergence pessimism
                         -2.00   -1.75   output external delay
                                 -1.75   data required time
-----------------------------------------------------------------------------
                                 -1.75   data required time
                                 -3.93   data arrival time
-----------------------------------------------------------------------------
                                  5.68   slack (MET)


Startpoint: A[6] (input port clocked by __VIRTUAL_CLK__)
Endpoint: out[6] (output port clocked by __VIRTUAL_CLK__)
Path Group: __VIRTUAL_CLK__
Path Type: min
Corner: Slowest

Fanout     Cap    Slew   Delay    Time   Description
-----------------------------------------------------------------------------
                  0.00    0.00    0.00   clock __VIRTUAL_CLK__ (rise edge)
                          0.00    0.00   clock network delay (ideal)
                          2.00    2.00 v input external delay
     1    0.00    0.02    0.01    2.01 v A[6] (in)
                                         A[6] (net)
                  0.02    0.00    2.01 v input7/A (sky130_fd_sc_hd__clkbuf_2)
     5    0.03    0.22    0.28    2.29 v input7/X (sky130_fd_sc_hd__clkbuf_2)
                                         net7 (net)
                  0.22    0.00    2.29 v _289_/A1 (sky130_fd_sc_hd__o211ai_2)
     1    0.03    0.27    0.59    2.88 ^ _289_/Y (sky130_fd_sc_hd__o211ai_2)
                                         _046_ (net)
                  0.27    0.00    2.88 ^ _290_/B1 (sky130_fd_sc_hd__a31o_1)
     1    0.02    0.38    0.45    3.34 ^ _290_/X (sky130_fd_sc_hd__a31o_1)
                                         _047_ (net)
                  0.38    0.00    3.34 ^ _291_/B1 (sky130_fd_sc_hd__a21o_1)
     1    0.01    0.19    0.33    3.67 ^ _291_/X (sky130_fd_sc_hd__a21o_1)
                                         net26 (net)
                  0.19    0.00    3.67 ^ output26/A (sky130_fd_sc_hd__clkbuf_4)
     1    0.03    0.18    0.37    4.03 ^ output26/X (sky130_fd_sc_hd__clkbuf_4)
                                         out[6] (net)
                  0.18    0.00    4.03 ^ out[6] (out)
                                  4.03   data arrival time

                  0.00    0.00    0.00   clock __VIRTUAL_CLK__ (rise edge)
                          0.00    0.00   clock network delay (ideal)
                          0.25    0.25   clock uncertainty
                          0.00    0.25   clock reconvergence pessimism
                         -2.00   -1.75   output external delay
                                 -1.75   data required time
-----------------------------------------------------------------------------
                                 -1.75   data required time
                                 -4.03   data arrival time
-----------------------------------------------------------------------------
                                  5.78   slack (MET)


Startpoint: B[1] (input port clocked by __VIRTUAL_CLK__)
Endpoint: out[1] (output port clocked by __VIRTUAL_CLK__)
Path Group: __VIRTUAL_CLK__
Path Type: min
Corner: Slowest

Fanout     Cap    Slew   Delay    Time   Description
-----------------------------------------------------------------------------
                  0.00    0.00    0.00   clock __VIRTUAL_CLK__ (rise edge)
                          0.00    0.00   clock network delay (ideal)
                          2.00    2.00 ^ input external delay
     1    0.00    0.03    0.02    2.02 ^ B[1] (in)
                                         B[1] (net)
                  0.03    0.00    2.02 ^ input10/A (sky130_fd_sc_hd__clkbuf_2)
     5    0.04    0.34    0.35    2.36 ^ input10/X (sky130_fd_sc_hd__clkbuf_2)
                                         net10 (net)
                  0.34    0.00    2.36 ^ _175_/A (sky130_fd_sc_hd__buf_6)
    10    0.06    0.21    0.38    2.74 ^ _175_/X (sky130_fd_sc_hd__buf_6)
                                         _103_ (net)
                  0.21    0.00    2.74 ^ _309_/A2 (sky130_fd_sc_hd__o22a_1)
     1    0.01    0.18    0.37    3.11 ^ _309_/X (sky130_fd_sc_hd__o22a_1)
                                         _063_ (net)
                  0.18    0.00    3.11 ^ _317_/A (sky130_fd_sc_hd__or4b_2)
     1    0.02    0.20    0.35    3.46 ^ _317_/X (sky130_fd_sc_hd__or4b_2)
                                         _071_ (net)
                  0.20    0.00    3.46 ^ _318_/A (sky130_fd_sc_hd__buf_1)
     1    0.01    0.26    0.32    3.78 ^ _318_/X (sky130_fd_sc_hd__buf_1)
                                         net21 (net)
                  0.26    0.00    3.78 ^ output21/A (sky130_fd_sc_hd__buf_2)
     1    0.03    0.27    0.41    4.19 ^ output21/X (sky130_fd_sc_hd__buf_2)
                                         out[1] (net)
                  0.27    0.00    4.19 ^ out[1] (out)
                                  4.19   data arrival time

                  0.00    0.00    0.00   clock __VIRTUAL_CLK__ (rise edge)
                          0.00    0.00   clock network delay (ideal)
                          0.25    0.25   clock uncertainty
                          0.00    0.25   clock reconvergence pessimism
                         -2.00   -1.75   output external delay
                                 -1.75   data required time
-----------------------------------------------------------------------------
                                 -1.75   data required time
                                 -4.19   data arrival time
-----------------------------------------------------------------------------
                                  5.94   slack (MET)



worst slack corner Slowest: 5.3045
======================= Typical Corner ===================================

Startpoint: B[5] (input port clocked by __VIRTUAL_CLK__)
Endpoint: out[5] (output port clocked by __VIRTUAL_CLK__)
Path Group: __VIRTUAL_CLK__
Path Type: min
Corner: Typical

Fanout     Cap    Slew   Delay    Time   Description
-----------------------------------------------------------------------------
                  0.00    0.00    0.00   clock __VIRTUAL_CLK__ (rise edge)
                          0.00    0.00   clock network delay (ideal)
                          2.00    2.00 ^ input external delay
     1    0.00    0.02    0.01    2.01 ^ B[5] (in)
                                         B[5] (net)
                  0.02    0.00    2.01 ^ input14/A (sky130_fd_sc_hd__buf_2)
     5    0.04    0.20    0.20    2.21 ^ input14/X (sky130_fd_sc_hd__buf_2)
                                         net14 (net)
                  0.20    0.00    2.21 ^ _233_/A1 (sky130_fd_sc_hd__a311o_1)
     1    0.01    0.09    0.21    2.42 ^ _233_/X (sky130_fd_sc_hd__a311o_1)
                                         _161_ (net)
                  0.09    0.00    2.42 ^ _267_/B1 (sky130_fd_sc_hd__a211o_1)
     1    0.02    0.18    0.19    2.62 ^ _267_/X (sky130_fd_sc_hd__a211o_1)
                                         net25 (net)
                  0.18    0.00    2.62 ^ output25/A (sky130_fd_sc_hd__buf_2)
     1    0.03    0.17    0.23    2.85 ^ output25/X (sky130_fd_sc_hd__buf_2)
                                         out[5] (net)
                  0.17    0.00    2.85 ^ out[5] (out)
                                  2.85   data arrival time

                  0.00    0.00    0.00   clock __VIRTUAL_CLK__ (rise edge)
                          0.00    0.00   clock network delay (ideal)
                          0.25    0.25   clock uncertainty
                          0.00    0.25   clock reconvergence pessimism
                         -2.00   -1.75   output external delay
                                 -1.75   data required time
-----------------------------------------------------------------------------
                                 -1.75   data required time
                                 -2.85   data arrival time
-----------------------------------------------------------------------------
                                  4.60   slack (MET)


Startpoint: B[0] (input port clocked by __VIRTUAL_CLK__)
Endpoint: out[0] (output port clocked by __VIRTUAL_CLK__)
Path Group: __VIRTUAL_CLK__
Path Type: min
Corner: Typical

Fanout     Cap    Slew   Delay    Time   Description
-----------------------------------------------------------------------------
                  0.00    0.00    0.00   clock __VIRTUAL_CLK__ (rise edge)
                          0.00    0.00   clock network delay (ideal)
                          2.00    2.00 v input external delay
     1    0.00    0.01    0.00    2.00 v B[0] (in)
                                         B[0] (net)
                  0.01    0.00    2.00 v input9/A (sky130_fd_sc_hd__clkbuf_2)
     5    0.03    0.12    0.16    2.16 v input9/X (sky130_fd_sc_hd__clkbuf_2)
                                         net9 (net)
                  0.12    0.00    2.16 v clone7/A (sky130_fd_sc_hd__buf_2)
     5    0.05    0.12    0.23    2.39 v clone7/X (sky130_fd_sc_hd__buf_2)
                                         net34 (net)
                  0.12    0.00    2.39 v _307_/A1 (sky130_fd_sc_hd__a31o_1)
     2    0.03    0.13    0.28    2.66 v _307_/X (sky130_fd_sc_hd__a31o_1)
                                         net20 (net)
                  0.13    0.00    2.67 v output20/A (sky130_fd_sc_hd__buf_2)
     1    0.03    0.09    0.21    2.87 v output20/X (sky130_fd_sc_hd__buf_2)
                                         out[0] (net)
                  0.09    0.00    2.87 v out[0] (out)
                                  2.87   data arrival time

                  0.00    0.00    0.00   clock __VIRTUAL_CLK__ (rise edge)
                          0.00    0.00   clock network delay (ideal)
                          0.25    0.25   clock uncertainty
                          0.00    0.25   clock reconvergence pessimism
                         -2.00   -1.75   output external delay
                                 -1.75   data required time
-----------------------------------------------------------------------------
                                 -1.75   data required time
                                 -2.87   data arrival time
-----------------------------------------------------------------------------
                                  4.62   slack (MET)


Startpoint: opcode[2] (input port clocked by __VIRTUAL_CLK__)
Endpoint: out[7] (output port clocked by __VIRTUAL_CLK__)
Path Group: __VIRTUAL_CLK__
Path Type: min
Corner: Typical

Fanout     Cap    Slew   Delay    Time   Description
-----------------------------------------------------------------------------
                  0.00    0.00    0.00   clock __VIRTUAL_CLK__ (rise edge)
                          0.00    0.00   clock network delay (ideal)
                          2.00    2.00 v input external delay
     1    0.00    0.01    0.00    2.00 v opcode[2] (in)
                                         opcode[2] (net)
                  0.01    0.00    2.00 v input19/A (sky130_fd_sc_hd__clkbuf_4)
     6    0.06    0.12    0.19    2.19 v input19/X (sky130_fd_sc_hd__clkbuf_4)
                                         net19 (net)
                  0.12    0.00    2.20 v _265_/A (sky130_fd_sc_hd__and3_2)
     7    0.04    0.12    0.28    2.48 v _265_/X (sky130_fd_sc_hd__and3_2)
                                         _023_ (net)
                  0.12    0.00    2.48 v _302_/A1 (sky130_fd_sc_hd__a31o_1)
     1    0.01    0.06    0.22    2.70 v _302_/X (sky130_fd_sc_hd__a31o_1)
                                         net27 (net)
                  0.06    0.00    2.70 v output27/A (sky130_fd_sc_hd__buf_2)
     1    0.03    0.09    0.18    2.88 v output27/X (sky130_fd_sc_hd__buf_2)
                                         out[7] (net)
                  0.09    0.00    2.88 v out[7] (out)
                                  2.88   data arrival time

                  0.00    0.00    0.00   clock __VIRTUAL_CLK__ (rise edge)
                          0.00    0.00   clock network delay (ideal)
                          0.25    0.25   clock uncertainty
                          0.00    0.25   clock reconvergence pessimism
                         -2.00   -1.75   output external delay
                                 -1.75   data required time
-----------------------------------------------------------------------------
                                 -1.75   data required time
                                 -2.88   data arrival time
-----------------------------------------------------------------------------
                                  4.63   slack (MET)


Startpoint: opcode[2] (input port clocked by __VIRTUAL_CLK__)
Endpoint: out[2] (output port clocked by __VIRTUAL_CLK__)
Path Group: __VIRTUAL_CLK__
Path Type: min
Corner: Typical

Fanout     Cap    Slew   Delay    Time   Description
-----------------------------------------------------------------------------
                  0.00    0.00    0.00   clock __VIRTUAL_CLK__ (rise edge)
                          0.00    0.00   clock network delay (ideal)
                          2.00    2.00 v input external delay
     1    0.00    0.01    0.00    2.00 v opcode[2] (in)
                                         opcode[2] (net)
                  0.01    0.00    2.00 v input19/A (sky130_fd_sc_hd__clkbuf_4)
     6    0.06    0.12    0.19    2.19 v input19/X (sky130_fd_sc_hd__clkbuf_4)
                                         net19 (net)
                  0.12    0.00    2.20 v _265_/A (sky130_fd_sc_hd__and3_2)
     7    0.04    0.12    0.28    2.48 v _265_/X (sky130_fd_sc_hd__and3_2)
                                         _023_ (net)
                  0.12    0.00    2.48 v _326_/A2 (sky130_fd_sc_hd__a31o_1)
     1    0.01    0.08    0.27    2.75 v _326_/X (sky130_fd_sc_hd__a31o_1)
                                         net22 (net)
                  0.08    0.00    2.75 v output22/A (sky130_fd_sc_hd__buf_2)
     1    0.04    0.09    0.19    2.94 v output22/X (sky130_fd_sc_hd__buf_2)
                                         out[2] (net)
                  0.09    0.00    2.94 v out[2] (out)
                                  2.94   data arrival time

                  0.00    0.00    0.00   clock __VIRTUAL_CLK__ (rise edge)
                          0.00    0.00   clock network delay (ideal)
                          0.25    0.25   clock uncertainty
                          0.00    0.25   clock reconvergence pessimism
                         -2.00   -1.75   output external delay
                                 -1.75   data required time
-----------------------------------------------------------------------------
                                 -1.75   data required time
                                 -2.94   data arrival time
-----------------------------------------------------------------------------
                                  4.69   slack (MET)


Startpoint: A[4] (input port clocked by __VIRTUAL_CLK__)
Endpoint: out[4] (output port clocked by __VIRTUAL_CLK__)
Path Group: __VIRTUAL_CLK__
Path Type: min
Corner: Typical

Fanout     Cap    Slew   Delay    Time   Description
-----------------------------------------------------------------------------
                  0.00    0.00    0.00   clock __VIRTUAL_CLK__ (rise edge)
                          0.00    0.00   clock network delay (ideal)
                          2.00    2.00 ^ input external delay
     1    0.00    0.02    0.01    2.01 ^ A[4] (in)
                                         A[4] (net)
                  0.02    0.00    2.01 ^ input5/A (sky130_fd_sc_hd__clkbuf_4)
     6    0.06    0.18    0.21    2.22 ^ input5/X (sky130_fd_sc_hd__clkbuf_4)
                                         net5 (net)
                  0.18    0.00    2.22 ^ _341_/A2 (sky130_fd_sc_hd__a31o_1)
     1    0.02    0.15    0.24    2.46 ^ _341_/X (sky130_fd_sc_hd__a31o_1)
                                         _092_ (net)
                  0.15    0.00    2.46 ^ _346_/B (sky130_fd_sc_hd__or3_1)
     1    0.01    0.07    0.15    2.61 ^ _346_/X (sky130_fd_sc_hd__or3_1)
                                         _097_ (net)
                  0.07    0.00    2.61 ^ _347_/A (sky130_fd_sc_hd__buf_1)
     1    0.01    0.17    0.17    2.78 ^ _347_/X (sky130_fd_sc_hd__buf_1)
                                         net24 (net)
                  0.17    0.00    2.78 ^ output24/A (sky130_fd_sc_hd__buf_2)
     1    0.03    0.17    0.23    3.01 ^ output24/X (sky130_fd_sc_hd__buf_2)
                                         out[4] (net)
                  0.17    0.00    3.01 ^ out[4] (out)
                                  3.01   data arrival time

                  0.00    0.00    0.00   clock __VIRTUAL_CLK__ (rise edge)
                          0.00    0.00   clock network delay (ideal)
                          0.25    0.25   clock uncertainty
                          0.00    0.25   clock reconvergence pessimism
                         -2.00   -1.75   output external delay
                                 -1.75   data required time
-----------------------------------------------------------------------------
                                 -1.75   data required time
                                 -3.01   data arrival time
-----------------------------------------------------------------------------
                                  4.76   slack (MET)


Startpoint: opcode[2] (input port clocked by __VIRTUAL_CLK__)
Endpoint: out[3] (output port clocked by __VIRTUAL_CLK__)
Path Group: __VIRTUAL_CLK__
Path Type: min
Corner: Typical

Fanout     Cap    Slew   Delay    Time   Description
-----------------------------------------------------------------------------
                  0.00    0.00    0.00   clock __VIRTUAL_CLK__ (rise edge)
                          0.00    0.00   clock network delay (ideal)
                          2.00    2.00 ^ input external delay
     1    0.00    0.02    0.01    2.01 ^ opcode[2] (in)
                                         opcode[2] (net)
                  0.02    0.00    2.01 ^ input19/A (sky130_fd_sc_hd__clkbuf_4)
     6    0.06    0.19    0.22    2.22 ^ input19/X (sky130_fd_sc_hd__clkbuf_4)
                                         net19 (net)
                  0.19    0.00    2.23 ^ _265_/A (sky130_fd_sc_hd__and3_2)
     7    0.05    0.23    0.34    2.57 ^ _265_/X (sky130_fd_sc_hd__and3_2)
                                         _023_ (net)
                  0.23    0.00    2.57 ^ _335_/A1 (sky130_fd_sc_hd__a221o_1)
     1    0.01    0.13    0.25    2.82 ^ _335_/X (sky130_fd_sc_hd__a221o_1)
                                         net23 (net)
                  0.13    0.00    2.82 ^ output23/A (sky130_fd_sc_hd__buf_2)
     1    0.03    0.17    0.22    3.04 ^ output23/X (sky130_fd_sc_hd__buf_2)
                                         out[3] (net)
                  0.17    0.00    3.04 ^ out[3] (out)
                                  3.04   data arrival time

                  0.00    0.00    0.00   clock __VIRTUAL_CLK__ (rise edge)
                          0.00    0.00   clock network delay (ideal)
                          0.25    0.25   clock uncertainty
                          0.00    0.25   clock reconvergence pessimism
                         -2.00   -1.75   output external delay
                                 -1.75   data required time
-----------------------------------------------------------------------------
                                 -1.75   data required time
                                 -3.04   data arrival time
-----------------------------------------------------------------------------
                                  4.79   slack (MET)


Startpoint: opcode[2] (input port clocked by __VIRTUAL_CLK__)
Endpoint: out[6] (output port clocked by __VIRTUAL_CLK__)
Path Group: __VIRTUAL_CLK__
Path Type: min
Corner: Typical

Fanout     Cap    Slew   Delay    Time   Description
-----------------------------------------------------------------------------
                  0.00    0.00    0.00   clock __VIRTUAL_CLK__ (rise edge)
                          0.00    0.00   clock network delay (ideal)
                          2.00    2.00 v input external delay
     1    0.00    0.01    0.00    2.00 v opcode[2] (in)
                                         opcode[2] (net)
                  0.01    0.00    2.00 v input19/A (sky130_fd_sc_hd__clkbuf_4)
     6    0.06    0.12    0.19    2.19 v input19/X (sky130_fd_sc_hd__clkbuf_4)
                                         net19 (net)
                  0.12    0.00    2.20 v _265_/A (sky130_fd_sc_hd__and3_2)
     7    0.04    0.12    0.28    2.48 v _265_/X (sky130_fd_sc_hd__and3_2)
                                         _023_ (net)
                  0.12    0.00    2.48 v _277_/B (sky130_fd_sc_hd__and2b_1)
     1    0.01    0.06    0.21    2.69 v _277_/X (sky130_fd_sc_hd__and2b_1)
                                         _034_ (net)
                  0.06    0.00    2.69 v _291_/A2 (sky130_fd_sc_hd__a21o_1)
     1    0.01    0.07    0.21    2.90 v _291_/X (sky130_fd_sc_hd__a21o_1)
                                         net26 (net)
                  0.07    0.00    2.90 v output26/A (sky130_fd_sc_hd__clkbuf_4)
     1    0.03    0.08    0.19    3.09 v output26/X (sky130_fd_sc_hd__clkbuf_4)
                                         out[6] (net)
                  0.08    0.00    3.09 v out[6] (out)
                                  3.09   data arrival time

                  0.00    0.00    0.00   clock __VIRTUAL_CLK__ (rise edge)
                          0.00    0.00   clock network delay (ideal)
                          0.25    0.25   clock uncertainty
                          0.00    0.25   clock reconvergence pessimism
                         -2.00   -1.75   output external delay
                                 -1.75   data required time
-----------------------------------------------------------------------------
                                 -1.75   data required time
                                 -3.09   data arrival time
-----------------------------------------------------------------------------
                                  4.84   slack (MET)


Startpoint: B[1] (input port clocked by __VIRTUAL_CLK__)
Endpoint: out[1] (output port clocked by __VIRTUAL_CLK__)
Path Group: __VIRTUAL_CLK__
Path Type: min
Corner: Typical

Fanout     Cap    Slew   Delay    Time   Description
-----------------------------------------------------------------------------
                  0.00    0.00    0.00   clock __VIRTUAL_CLK__ (rise edge)
                          0.00    0.00   clock network delay (ideal)
                          2.00    2.00 ^ input external delay
     1    0.00    0.02    0.01    2.01 ^ B[1] (in)
                                         B[1] (net)
                  0.02    0.00    2.01 ^ input10/A (sky130_fd_sc_hd__clkbuf_2)
     5    0.04    0.22    0.21    2.22 ^ input10/X (sky130_fd_sc_hd__clkbuf_2)
                                         net10 (net)
                  0.22    0.00    2.22 ^ _175_/A (sky130_fd_sc_hd__buf_6)
    10    0.06    0.13    0.20    2.42 ^ _175_/X (sky130_fd_sc_hd__buf_6)
                                         _103_ (net)
                  0.13    0.00    2.42 ^ _309_/A2 (sky130_fd_sc_hd__o22a_1)
     1    0.01    0.11    0.19    2.61 ^ _309_/X (sky130_fd_sc_hd__o22a_1)
                                         _063_ (net)
                  0.11    0.00    2.61 ^ _317_/A (sky130_fd_sc_hd__or4b_2)
     1    0.02    0.13    0.20    2.80 ^ _317_/X (sky130_fd_sc_hd__or4b_2)
                                         _071_ (net)
                  0.13    0.00    2.81 ^ _318_/A (sky130_fd_sc_hd__buf_1)
     1    0.01    0.16    0.18    2.98 ^ _318_/X (sky130_fd_sc_hd__buf_1)
                                         net21 (net)
                  0.16    0.00    2.98 ^ output21/A (sky130_fd_sc_hd__buf_2)
     1    0.03    0.17    0.23    3.21 ^ output21/X (sky130_fd_sc_hd__buf_2)
                                         out[1] (net)
                  0.17    0.00    3.21 ^ out[1] (out)
                                  3.21   data arrival time

                  0.00    0.00    0.00   clock __VIRTUAL_CLK__ (rise edge)
                          0.00    0.00   clock network delay (ideal)
                          0.25    0.25   clock uncertainty
                          0.00    0.25   clock reconvergence pessimism
                         -2.00   -1.75   output external delay
                                 -1.75   data required time
-----------------------------------------------------------------------------
                                 -1.75   data required time
                                 -3.21   data arrival time
-----------------------------------------------------------------------------
                                  4.96   slack (MET)



worst slack corner Typical: 4.5968
