
63. Printing statistics.

=== ZeroToFiveCounter ===

   Number of wires:                153
   Number of wire bits:            162
   Number of public wires:          33
   Number of public wire bits:      42
   Number of memories:               0
   Number of memory bits:            0
   Number of processes:              0
   Number of cells:                160
     sky130_fd_sc_hd__a2111o_2       1
     sky130_fd_sc_hd__a21boi_2       2
     sky130_fd_sc_hd__a21o_2         2
     sky130_fd_sc_hd__a21oi_2        6
     sky130_fd_sc_hd__a31o_2         3
     sky130_fd_sc_hd__and2_2         4
     sky130_fd_sc_hd__and2b_2        4
     sky130_fd_sc_hd__and3_2         9
     sky130_fd_sc_hd__and4_2        13
     sky130_fd_sc_hd__buf_1         12
     sky130_fd_sc_hd__buf_2          1
     sky130_fd_sc_hd__conb_1         4
     sky130_fd_sc_hd__dfrtp_2       29
     sky130_fd_sc_hd__inv_2         32
     sky130_fd_sc_hd__nand2_2        6
     sky130_fd_sc_hd__nand4b_2       1
     sky130_fd_sc_hd__nor2_2        12
     sky130_fd_sc_hd__o21a_2         1
     sky130_fd_sc_hd__o21ba_2        2
     sky130_fd_sc_hd__o2bb2a_2       3
     sky130_fd_sc_hd__o31ai_2        1
     sky130_fd_sc_hd__or2_2          1
     sky130_fd_sc_hd__or3_2          1
     sky130_fd_sc_hd__or3b_2         1
     sky130_fd_sc_hd__xnor2_2        4
     sky130_fd_sc_hd__xor2_2         5

   Chip area for module '\ZeroToFiveCounter': 1712.892800

