
===========================================================================
report_checks -path_delay max (Setup)
============================================================================
======================= Typical Corner ===================================

Startpoint: _250_ (rising edge-triggered flip-flop clocked by CLK100MHZ)
Endpoint: _271_ (rising edge-triggered flip-flop clocked by CLK100MHZ)
Path Group: CLK100MHZ
Path Type: max

Fanout     Cap    Slew   Delay    Time   Description
-----------------------------------------------------------------------------
                  0.00    0.00    0.00   clock CLK100MHZ (rise edge)
                          0.00    0.00   clock network delay (ideal)
                  0.00    0.00    0.00 ^ _250_/CLK (sky130_fd_sc_hd__dfrtp_2)
     5    0.01    0.09    0.37    0.37 ^ _250_/Q (sky130_fd_sc_hd__dfrtp_2)
                                         decoder.delay[0] (net)
                  0.09    0.00    0.37 ^ _126_/B (sky130_fd_sc_hd__and4_2)
     6    0.01    0.10    0.26    0.63 ^ _126_/X (sky130_fd_sc_hd__and4_2)
                                         _059_ (net)
                  0.10    0.00    0.63 ^ _128_/C (sky130_fd_sc_hd__and4_2)
     7    0.02    0.11    0.28    0.91 ^ _128_/X (sky130_fd_sc_hd__and4_2)
                                         _061_ (net)
                  0.11    0.00    0.91 ^ _134_/A (sky130_fd_sc_hd__buf_1)
    10    0.04    0.44    0.37    1.28 ^ _134_/X (sky130_fd_sc_hd__buf_1)
                                         _066_ (net)
                  0.44    0.00    1.28 ^ _146_/C (sky130_fd_sc_hd__and3_2)
     2    0.00    0.05    0.24    1.53 ^ _146_/X (sky130_fd_sc_hd__and3_2)
                                         _074_ (net)
                  0.05    0.00    1.53 ^ _147_/B1_N (sky130_fd_sc_hd__o21ba_2)
     1    0.00    0.03    0.14    1.67 v _147_/X (sky130_fd_sc_hd__o21ba_2)
                                         _013_ (net)
                  0.03    0.00    1.67 v _271_/D (sky130_fd_sc_hd__dfrtp_2)
                                  1.67   data arrival time

                  0.00   10.00   10.00   clock CLK100MHZ (rise edge)
                          0.00   10.00   clock network delay (ideal)
                          0.00   10.00   clock reconvergence pessimism
                                 10.00 ^ _271_/CLK (sky130_fd_sc_hd__dfrtp_2)
                         -0.12    9.88   library setup time
                                  9.88   data required time
-----------------------------------------------------------------------------
                                  9.88   data required time
                                 -1.67   data arrival time
-----------------------------------------------------------------------------
                                  8.21   slack (MET)


Startpoint: _252_ (rising edge-triggered flip-flop clocked by CLK100MHZ)
Endpoint: _272_ (rising edge-triggered flip-flop clocked by CLK100MHZ)
Path Group: CLK100MHZ
Path Type: max

Fanout     Cap    Slew   Delay    Time   Description
-----------------------------------------------------------------------------
                  0.00    0.00    0.00   clock CLK100MHZ (rise edge)
                          0.00    0.00   clock network delay (ideal)
                  0.00    0.00    0.00 ^ _252_/CLK (sky130_fd_sc_hd__dfrtp_2)
     3    0.01    0.07    0.40    0.40 v _252_/Q (sky130_fd_sc_hd__dfrtp_2)
                                         decoder.delay[2] (net)
                  0.07    0.00    0.40 v _126_/C (sky130_fd_sc_hd__and4_2)
     6    0.01    0.06    0.26    0.65 v _126_/X (sky130_fd_sc_hd__and4_2)
                                         _059_ (net)
                  0.06    0.00    0.65 v _128_/C (sky130_fd_sc_hd__and4_2)
     7    0.01    0.07    0.26    0.92 v _128_/X (sky130_fd_sc_hd__and4_2)
                                         _061_ (net)
                  0.07    0.00    0.92 v _134_/A (sky130_fd_sc_hd__buf_1)
    10    0.03    0.20    0.23    1.15 v _134_/X (sky130_fd_sc_hd__buf_1)
                                         _066_ (net)
                  0.20    0.00    1.15 v _146_/C (sky130_fd_sc_hd__and3_2)
     2    0.00    0.04    0.27    1.42 v _146_/X (sky130_fd_sc_hd__and3_2)
                                         _074_ (net)
                  0.04    0.00    1.42 v _149_/B1 (sky130_fd_sc_hd__o2bb2a_2)
     1    0.00    0.04    0.24    1.66 v _149_/X (sky130_fd_sc_hd__o2bb2a_2)
                                         _014_ (net)
                  0.04    0.00    1.66 v _272_/D (sky130_fd_sc_hd__dfrtp_2)
                                  1.66   data arrival time

                  0.00   10.00   10.00   clock CLK100MHZ (rise edge)
                          0.00   10.00   clock network delay (ideal)
                          0.00   10.00   clock reconvergence pessimism
                                 10.00 ^ _272_/CLK (sky130_fd_sc_hd__dfrtp_2)
                         -0.12    9.88   library setup time
                                  9.88   data required time
-----------------------------------------------------------------------------
                                  9.88   data required time
                                 -1.66   data arrival time
-----------------------------------------------------------------------------
                                  8.21   slack (MET)


Startpoint: _250_ (rising edge-triggered flip-flop clocked by CLK100MHZ)
Endpoint: _248_ (rising edge-triggered flip-flop clocked by CLK100MHZ)
Path Group: CLK100MHZ
Path Type: max

Fanout     Cap    Slew   Delay    Time   Description
-----------------------------------------------------------------------------
                  0.00    0.00    0.00   clock CLK100MHZ (rise edge)
                          0.00    0.00   clock network delay (ideal)
                  0.00    0.00    0.00 ^ _250_/CLK (sky130_fd_sc_hd__dfrtp_2)
     5    0.01    0.09    0.37    0.37 ^ _250_/Q (sky130_fd_sc_hd__dfrtp_2)
                                         decoder.delay[0] (net)
                  0.09    0.00    0.37 ^ _126_/B (sky130_fd_sc_hd__and4_2)
     6    0.01    0.10    0.26    0.63 ^ _126_/X (sky130_fd_sc_hd__and4_2)
                                         _059_ (net)
                  0.10    0.00    0.63 ^ _128_/C (sky130_fd_sc_hd__and4_2)
     7    0.02    0.11    0.28    0.91 ^ _128_/X (sky130_fd_sc_hd__and4_2)
                                         _061_ (net)
                  0.11    0.00    0.91 ^ _134_/A (sky130_fd_sc_hd__buf_1)
    10    0.04    0.44    0.37    1.28 ^ _134_/X (sky130_fd_sc_hd__buf_1)
                                         _066_ (net)
                  0.44    0.00    1.28 ^ _135_/B (sky130_fd_sc_hd__nand4b_2)
     2    0.01    0.15    0.19    1.48 v _135_/Y (sky130_fd_sc_hd__nand4b_2)
                                         _067_ (net)
                  0.15    0.00    1.48 v _138_/A3 (sky130_fd_sc_hd__o31ai_2)
     1    0.00    0.15    0.19    1.67 ^ _138_/Y (sky130_fd_sc_hd__o31ai_2)
                                         _056_ (net)
                  0.15    0.00    1.67 ^ _248_/D (sky130_fd_sc_hd__dfrtp_2)
                                  1.67   data arrival time

                  0.00   10.00   10.00   clock CLK100MHZ (rise edge)
                          0.00   10.00   clock network delay (ideal)
                          0.00   10.00   clock reconvergence pessimism
                                 10.00 ^ _248_/CLK (sky130_fd_sc_hd__dfrtp_2)
                         -0.10    9.90   library setup time
                                  9.90   data required time
-----------------------------------------------------------------------------
                                  9.90   data required time
                                 -1.67   data arrival time
-----------------------------------------------------------------------------
                                  8.24   slack (MET)


Startpoint: _252_ (rising edge-triggered flip-flop clocked by CLK100MHZ)
Endpoint: _264_ (rising edge-triggered flip-flop clocked by CLK100MHZ)
Path Group: CLK100MHZ
Path Type: max

Fanout     Cap    Slew   Delay    Time   Description
-----------------------------------------------------------------------------
                  0.00    0.00    0.00   clock CLK100MHZ (rise edge)
                          0.00    0.00   clock network delay (ideal)
                  0.00    0.00    0.00 ^ _252_/CLK (sky130_fd_sc_hd__dfrtp_2)
     3    0.01    0.07    0.40    0.40 v _252_/Q (sky130_fd_sc_hd__dfrtp_2)
                                         decoder.delay[2] (net)
                  0.07    0.00    0.40 v _126_/C (sky130_fd_sc_hd__and4_2)
     6    0.01    0.06    0.26    0.65 v _126_/X (sky130_fd_sc_hd__and4_2)
                                         _059_ (net)
                  0.06    0.00    0.65 v _182_/B (sky130_fd_sc_hd__and3_2)
     2    0.01    0.05    0.21    0.86 v _182_/X (sky130_fd_sc_hd__and3_2)
                                         _093_ (net)
                  0.05    0.00    0.86 v _183_/A (sky130_fd_sc_hd__buf_1)
    10    0.03    0.18    0.21    1.07 v _183_/X (sky130_fd_sc_hd__buf_1)
                                         _094_ (net)
                  0.18    0.00    1.07 v _201_/D (sky130_fd_sc_hd__and4_2)
     2    0.00    0.04    0.29    1.36 v _201_/X (sky130_fd_sc_hd__and4_2)
                                         _106_ (net)
                  0.04    0.00    1.36 v _204_/B1 (sky130_fd_sc_hd__o2bb2a_2)
     1    0.00    0.04    0.24    1.60 v _204_/X (sky130_fd_sc_hd__o2bb2a_2)
                                         _005_ (net)
                  0.04    0.00    1.60 v _264_/D (sky130_fd_sc_hd__dfrtp_2)
                                  1.60   data arrival time

                  0.00   10.00   10.00   clock CLK100MHZ (rise edge)
                          0.00   10.00   clock network delay (ideal)
                          0.00   10.00   clock reconvergence pessimism
                                 10.00 ^ _264_/CLK (sky130_fd_sc_hd__dfrtp_2)
                         -0.12    9.88   library setup time
                                  9.88   data required time
-----------------------------------------------------------------------------
                                  9.88   data required time
                                 -1.60   data arrival time
-----------------------------------------------------------------------------
                                  8.27   slack (MET)


Startpoint: _250_ (rising edge-triggered flip-flop clocked by CLK100MHZ)
Endpoint: _246_ (rising edge-triggered flip-flop clocked by CLK100MHZ)
Path Group: CLK100MHZ
Path Type: max

Fanout     Cap    Slew   Delay    Time   Description
-----------------------------------------------------------------------------
                  0.00    0.00    0.00   clock CLK100MHZ (rise edge)
                          0.00    0.00   clock network delay (ideal)
                  0.00    0.00    0.00 ^ _250_/CLK (sky130_fd_sc_hd__dfrtp_2)
     5    0.01    0.09    0.37    0.37 ^ _250_/Q (sky130_fd_sc_hd__dfrtp_2)
                                         decoder.delay[0] (net)
                  0.09    0.00    0.37 ^ _126_/B (sky130_fd_sc_hd__and4_2)
     6    0.01    0.10    0.26    0.63 ^ _126_/X (sky130_fd_sc_hd__and4_2)
                                         _059_ (net)
                  0.10    0.00    0.63 ^ _128_/C (sky130_fd_sc_hd__and4_2)
     7    0.02    0.11    0.28    0.91 ^ _128_/X (sky130_fd_sc_hd__and4_2)
                                         _061_ (net)
                  0.11    0.00    0.91 ^ _134_/A (sky130_fd_sc_hd__buf_1)
    10    0.04    0.44    0.37    1.28 ^ _134_/X (sky130_fd_sc_hd__buf_1)
                                         _066_ (net)
                  0.44    0.00    1.28 ^ _135_/B (sky130_fd_sc_hd__nand4b_2)
     2    0.01    0.15    0.19    1.48 v _135_/Y (sky130_fd_sc_hd__nand4b_2)
                                         _067_ (net)
                  0.15    0.00    1.48 v _142_/A2 (sky130_fd_sc_hd__a21oi_2)
     1    0.00    0.07    0.16    1.63 ^ _142_/Y (sky130_fd_sc_hd__a21oi_2)
                                         _054_ (net)
                  0.07    0.00    1.63 ^ _246_/D (sky130_fd_sc_hd__dfrtp_2)
                                  1.63   data arrival time

                  0.00   10.00   10.00   clock CLK100MHZ (rise edge)
                          0.00   10.00   clock network delay (ideal)
                          0.00   10.00   clock reconvergence pessimism
                                 10.00 ^ _246_/CLK (sky130_fd_sc_hd__dfrtp_2)
                         -0.08    9.92   library setup time
                                  9.92   data required time
-----------------------------------------------------------------------------
                                  9.92   data required time
                                 -1.63   data arrival time
-----------------------------------------------------------------------------
                                  8.29   slack (MET)


Startpoint: _250_ (rising edge-triggered flip-flop clocked by CLK100MHZ)
Endpoint: _270_ (rising edge-triggered flip-flop clocked by CLK100MHZ)
Path Group: CLK100MHZ
Path Type: max

Fanout     Cap    Slew   Delay    Time   Description
-----------------------------------------------------------------------------
                  0.00    0.00    0.00   clock CLK100MHZ (rise edge)
                          0.00    0.00   clock network delay (ideal)
                  0.00    0.00    0.00 ^ _250_/CLK (sky130_fd_sc_hd__dfrtp_2)
     5    0.01    0.09    0.37    0.37 ^ _250_/Q (sky130_fd_sc_hd__dfrtp_2)
                                         decoder.delay[0] (net)
                  0.09    0.00    0.37 ^ _126_/B (sky130_fd_sc_hd__and4_2)
     6    0.01    0.10    0.26    0.63 ^ _126_/X (sky130_fd_sc_hd__and4_2)
                                         _059_ (net)
                  0.10    0.00    0.63 ^ _128_/C (sky130_fd_sc_hd__and4_2)
     7    0.02    0.11    0.28    0.91 ^ _128_/X (sky130_fd_sc_hd__and4_2)
                                         _061_ (net)
                  0.11    0.00    0.91 ^ _134_/A (sky130_fd_sc_hd__buf_1)
    10    0.04    0.44    0.37    1.28 ^ _134_/X (sky130_fd_sc_hd__buf_1)
                                         _066_ (net)
                  0.44    0.00    1.28 ^ _144_/C (sky130_fd_sc_hd__and3_2)
     2    0.01    0.07    0.27    1.55 ^ _144_/X (sky130_fd_sc_hd__and3_2)
                                         _073_ (net)
                  0.07    0.00    1.55 ^ _145_/B (sky130_fd_sc_hd__nor2_2)
     1    0.00    0.03    0.03    1.58 v _145_/Y (sky130_fd_sc_hd__nor2_2)
                                         _012_ (net)
                  0.03    0.00    1.58 v _270_/D (sky130_fd_sc_hd__dfrtp_2)
                                  1.58   data arrival time

                  0.00   10.00   10.00   clock CLK100MHZ (rise edge)
                          0.00   10.00   clock network delay (ideal)
                          0.00   10.00   clock reconvergence pessimism
                                 10.00 ^ _270_/CLK (sky130_fd_sc_hd__dfrtp_2)
                         -0.12    9.88   library setup time
                                  9.88   data required time
-----------------------------------------------------------------------------
                                  9.88   data required time
                                 -1.58   data arrival time
-----------------------------------------------------------------------------
                                  8.30   slack (MET)


Startpoint: _250_ (rising edge-triggered flip-flop clocked by CLK100MHZ)
Endpoint: _263_ (rising edge-triggered flip-flop clocked by CLK100MHZ)
Path Group: CLK100MHZ
Path Type: max

Fanout     Cap    Slew   Delay    Time   Description
-----------------------------------------------------------------------------
                  0.00    0.00    0.00   clock CLK100MHZ (rise edge)
                          0.00    0.00   clock network delay (ideal)
                  0.00    0.00    0.00 ^ _250_/CLK (sky130_fd_sc_hd__dfrtp_2)
     5    0.01    0.09    0.37    0.37 ^ _250_/Q (sky130_fd_sc_hd__dfrtp_2)
                                         decoder.delay[0] (net)
                  0.09    0.00    0.37 ^ _126_/B (sky130_fd_sc_hd__and4_2)
     6    0.01    0.10    0.26    0.63 ^ _126_/X (sky130_fd_sc_hd__and4_2)
                                         _059_ (net)
                  0.10    0.00    0.63 ^ _182_/B (sky130_fd_sc_hd__and3_2)
     2    0.01    0.06    0.20    0.83 ^ _182_/X (sky130_fd_sc_hd__and3_2)
                                         _093_ (net)
                  0.06    0.00    0.83 ^ _183_/A (sky130_fd_sc_hd__buf_1)
    10    0.03    0.40    0.33    1.16 ^ _183_/X (sky130_fd_sc_hd__buf_1)
                                         _094_ (net)
                  0.40    0.00    1.16 ^ _201_/D (sky130_fd_sc_hd__and4_2)
     2    0.00    0.06    0.27    1.43 ^ _201_/X (sky130_fd_sc_hd__and4_2)
                                         _106_ (net)
                  0.06    0.00    1.43 ^ _202_/B1_N (sky130_fd_sc_hd__o21ba_2)
     1    0.00    0.03    0.15    1.58 v _202_/X (sky130_fd_sc_hd__o21ba_2)
                                         _004_ (net)
                  0.03    0.00    1.58 v _263_/D (sky130_fd_sc_hd__dfrtp_2)
                                  1.58   data arrival time

                  0.00   10.00   10.00   clock CLK100MHZ (rise edge)
                          0.00   10.00   clock network delay (ideal)
                          0.00   10.00   clock reconvergence pessimism
                                 10.00 ^ _263_/CLK (sky130_fd_sc_hd__dfrtp_2)
                         -0.12    9.88   library setup time
                                  9.88   data required time
-----------------------------------------------------------------------------
                                  9.88   data required time
                                 -1.58   data arrival time
-----------------------------------------------------------------------------
                                  8.30   slack (MET)


Startpoint: _250_ (rising edge-triggered flip-flop clocked by CLK100MHZ)
Endpoint: _269_ (rising edge-triggered flip-flop clocked by CLK100MHZ)
Path Group: CLK100MHZ
Path Type: max

Fanout     Cap    Slew   Delay    Time   Description
-----------------------------------------------------------------------------
                  0.00    0.00    0.00   clock CLK100MHZ (rise edge)
                          0.00    0.00   clock network delay (ideal)
                  0.00    0.00    0.00 ^ _250_/CLK (sky130_fd_sc_hd__dfrtp_2)
     5    0.01    0.09    0.37    0.37 ^ _250_/Q (sky130_fd_sc_hd__dfrtp_2)
                                         decoder.delay[0] (net)
                  0.09    0.00    0.37 ^ _126_/B (sky130_fd_sc_hd__and4_2)
     6    0.01    0.10    0.26    0.63 ^ _126_/X (sky130_fd_sc_hd__and4_2)
                                         _059_ (net)
                  0.10    0.00    0.63 ^ _128_/C (sky130_fd_sc_hd__and4_2)
     7    0.02    0.11    0.28    0.91 ^ _128_/X (sky130_fd_sc_hd__and4_2)
                                         _061_ (net)
                  0.11    0.00    0.91 ^ _134_/A (sky130_fd_sc_hd__buf_1)
    10    0.04    0.44    0.37    1.28 ^ _134_/X (sky130_fd_sc_hd__buf_1)
                                         _066_ (net)
                  0.44    0.00    1.28 ^ _213_/A2_N (sky130_fd_sc_hd__o2bb2a_2)
     1    0.00    0.04    0.27    1.56 v _213_/X (sky130_fd_sc_hd__o2bb2a_2)
                                         _010_ (net)
                  0.04    0.00    1.56 v _269_/D (sky130_fd_sc_hd__dfrtp_2)
                                  1.56   data arrival time

                  0.00   10.00   10.00   clock CLK100MHZ (rise edge)
                          0.00   10.00   clock network delay (ideal)
                          0.00   10.00   clock reconvergence pessimism
                                 10.00 ^ _269_/CLK (sky130_fd_sc_hd__dfrtp_2)
                         -0.12    9.88   library setup time
                                  9.88   data required time
-----------------------------------------------------------------------------
                                  9.88   data required time
                                 -1.56   data arrival time
-----------------------------------------------------------------------------
                                  8.32   slack (MET)


Startpoint: _250_ (rising edge-triggered flip-flop clocked by CLK100MHZ)
Endpoint: _258_ (rising edge-triggered flip-flop clocked by CLK100MHZ)
Path Group: CLK100MHZ
Path Type: max

Fanout     Cap    Slew   Delay    Time   Description
-----------------------------------------------------------------------------
                  0.00    0.00    0.00   clock CLK100MHZ (rise edge)
                          0.00    0.00   clock network delay (ideal)
                  0.00    0.00    0.00 ^ _250_/CLK (sky130_fd_sc_hd__dfrtp_2)
     5    0.01    0.09    0.37    0.37 ^ _250_/Q (sky130_fd_sc_hd__dfrtp_2)
                                         decoder.delay[0] (net)
                  0.09    0.00    0.37 ^ _126_/B (sky130_fd_sc_hd__and4_2)
     6    0.01    0.10    0.26    0.63 ^ _126_/X (sky130_fd_sc_hd__and4_2)
                                         _059_ (net)
                  0.10    0.00    0.63 ^ _182_/B (sky130_fd_sc_hd__and3_2)
     2    0.01    0.06    0.20    0.83 ^ _182_/X (sky130_fd_sc_hd__and3_2)
                                         _093_ (net)
                  0.06    0.00    0.83 ^ _183_/A (sky130_fd_sc_hd__buf_1)
    10    0.03    0.40    0.33    1.16 ^ _183_/X (sky130_fd_sc_hd__buf_1)
                                         _094_ (net)
                  0.40    0.00    1.16 ^ _188_/B (sky130_fd_sc_hd__nand2_2)
     2    0.01    0.09    0.12    1.28 v _188_/Y (sky130_fd_sc_hd__nand2_2)
                                         _098_ (net)
                  0.09    0.00    1.28 v _189_/B (sky130_fd_sc_hd__and2b_2)
     1    0.00    0.03    0.20    1.48 v _189_/X (sky130_fd_sc_hd__and2b_2)
                                         _099_ (net)
                  0.03    0.00    1.48 v _190_/A (sky130_fd_sc_hd__buf_1)
     1    0.00    0.02    0.08    1.56 v _190_/X (sky130_fd_sc_hd__buf_1)
                                         _023_ (net)
                  0.02    0.00    1.56 v _258_/D (sky130_fd_sc_hd__dfrtp_2)
                                  1.56   data arrival time

                  0.00   10.00   10.00   clock CLK100MHZ (rise edge)
                          0.00   10.00   clock network delay (ideal)
                          0.00   10.00   clock reconvergence pessimism
                                 10.00 ^ _258_/CLK (sky130_fd_sc_hd__dfrtp_2)
                         -0.12    9.88   library setup time
                                  9.88   data required time
-----------------------------------------------------------------------------
                                  9.88   data required time
                                 -1.56   data arrival time
-----------------------------------------------------------------------------
                                  8.32   slack (MET)


Startpoint: _252_ (rising edge-triggered flip-flop clocked by CLK100MHZ)
Endpoint: _261_ (rising edge-triggered flip-flop clocked by CLK100MHZ)
Path Group: CLK100MHZ
Path Type: max

Fanout     Cap    Slew   Delay    Time   Description
-----------------------------------------------------------------------------
                  0.00    0.00    0.00   clock CLK100MHZ (rise edge)
                          0.00    0.00   clock network delay (ideal)
                  0.00    0.00    0.00 ^ _252_/CLK (sky130_fd_sc_hd__dfrtp_2)
     3    0.01    0.07    0.40    0.40 v _252_/Q (sky130_fd_sc_hd__dfrtp_2)
                                         decoder.delay[2] (net)
                  0.07    0.00    0.40 v _126_/C (sky130_fd_sc_hd__and4_2)
     6    0.01    0.06    0.26    0.65 v _126_/X (sky130_fd_sc_hd__and4_2)
                                         _059_ (net)
                  0.06    0.00    0.65 v _182_/B (sky130_fd_sc_hd__and3_2)
     2    0.01    0.05    0.21    0.86 v _182_/X (sky130_fd_sc_hd__and3_2)
                                         _093_ (net)
                  0.05    0.00    0.86 v _183_/A (sky130_fd_sc_hd__buf_1)
    10    0.03    0.18    0.21    1.07 v _183_/X (sky130_fd_sc_hd__buf_1)
                                         _094_ (net)
                  0.18    0.00    1.07 v _195_/A2 (sky130_fd_sc_hd__a21oi_2)
     1    0.00    0.07    0.16    1.23 ^ _195_/Y (sky130_fd_sc_hd__a21oi_2)
                                         _102_ (net)
                  0.07    0.00    1.23 ^ _197_/A_N (sky130_fd_sc_hd__and2b_2)
     1    0.00    0.03    0.21    1.44 v _197_/X (sky130_fd_sc_hd__and2b_2)
                                         _104_ (net)
                  0.03    0.00    1.44 v _198_/A (sky130_fd_sc_hd__buf_1)
     1    0.00    0.02    0.08    1.52 v _198_/X (sky130_fd_sc_hd__buf_1)
                                         _002_ (net)
                  0.02    0.00    1.52 v _261_/D (sky130_fd_sc_hd__dfrtp_2)
                                  1.52   data arrival time

                  0.00   10.00   10.00   clock CLK100MHZ (rise edge)
                          0.00   10.00   clock network delay (ideal)
                          0.00   10.00   clock reconvergence pessimism
                                 10.00 ^ _261_/CLK (sky130_fd_sc_hd__dfrtp_2)
                         -0.12    9.88   library setup time
                                  9.88   data required time
-----------------------------------------------------------------------------
                                  9.88   data required time
                                 -1.52   data arrival time
-----------------------------------------------------------------------------
                                  8.37   slack (MET)


Startpoint: _252_ (rising edge-triggered flip-flop clocked by CLK100MHZ)
Endpoint: _260_ (rising edge-triggered flip-flop clocked by CLK100MHZ)
Path Group: CLK100MHZ
Path Type: max

Fanout     Cap    Slew   Delay    Time   Description
-----------------------------------------------------------------------------
                  0.00    0.00    0.00   clock CLK100MHZ (rise edge)
                          0.00    0.00   clock network delay (ideal)
                  0.00    0.00    0.00 ^ _252_/CLK (sky130_fd_sc_hd__dfrtp_2)
     3    0.01    0.07    0.40    0.40 v _252_/Q (sky130_fd_sc_hd__dfrtp_2)
                                         decoder.delay[2] (net)
                  0.07    0.00    0.40 v _126_/C (sky130_fd_sc_hd__and4_2)
     6    0.01    0.06    0.26    0.65 v _126_/X (sky130_fd_sc_hd__and4_2)
                                         _059_ (net)
                  0.06    0.00    0.65 v _182_/B (sky130_fd_sc_hd__and3_2)
     2    0.01    0.05    0.21    0.86 v _182_/X (sky130_fd_sc_hd__and3_2)
                                         _093_ (net)
                  0.05    0.00    0.86 v _183_/A (sky130_fd_sc_hd__buf_1)
    10    0.03    0.18    0.21    1.07 v _183_/X (sky130_fd_sc_hd__buf_1)
                                         _094_ (net)
                  0.18    0.00    1.07 v _193_/A3 (sky130_fd_sc_hd__a31o_2)
     1    0.00    0.03    0.28    1.35 v _193_/X (sky130_fd_sc_hd__a31o_2)
                                         _101_ (net)
                  0.03    0.00    1.35 v _194_/B1_N (sky130_fd_sc_hd__a21boi_2)
     1    0.00    0.07    0.14    1.49 v _194_/Y (sky130_fd_sc_hd__a21boi_2)
                                         _001_ (net)
                  0.07    0.00    1.49 v _260_/D (sky130_fd_sc_hd__dfrtp_2)
                                  1.49   data arrival time

                  0.00   10.00   10.00   clock CLK100MHZ (rise edge)
                          0.00   10.00   clock network delay (ideal)
                          0.00   10.00   clock reconvergence pessimism
                                 10.00 ^ _260_/CLK (sky130_fd_sc_hd__dfrtp_2)
                         -0.14    9.86   library setup time
                                  9.86   data required time
-----------------------------------------------------------------------------
                                  9.86   data required time
                                 -1.49   data arrival time
-----------------------------------------------------------------------------
                                  8.37   slack (MET)


Startpoint: _250_ (rising edge-triggered flip-flop clocked by CLK100MHZ)
Endpoint: _257_ (rising edge-triggered flip-flop clocked by CLK100MHZ)
Path Group: CLK100MHZ
Path Type: max

Fanout     Cap    Slew   Delay    Time   Description
-----------------------------------------------------------------------------
                  0.00    0.00    0.00   clock CLK100MHZ (rise edge)
                          0.00    0.00   clock network delay (ideal)
                  0.00    0.00    0.00 ^ _250_/CLK (sky130_fd_sc_hd__dfrtp_2)
     5    0.01    0.09    0.37    0.37 ^ _250_/Q (sky130_fd_sc_hd__dfrtp_2)
                                         decoder.delay[0] (net)
                  0.09    0.00    0.37 ^ _126_/B (sky130_fd_sc_hd__and4_2)
     6    0.01    0.10    0.26    0.63 ^ _126_/X (sky130_fd_sc_hd__and4_2)
                                         _059_ (net)
                  0.10    0.00    0.63 ^ _182_/B (sky130_fd_sc_hd__and3_2)
     2    0.01    0.06    0.20    0.83 ^ _182_/X (sky130_fd_sc_hd__and3_2)
                                         _093_ (net)
                  0.06    0.00    0.83 ^ _183_/A (sky130_fd_sc_hd__buf_1)
    10    0.03    0.40    0.33    1.16 ^ _183_/X (sky130_fd_sc_hd__buf_1)
                                         _094_ (net)
                  0.40    0.00    1.16 ^ _185_/A_N (sky130_fd_sc_hd__and2b_2)
     1    0.00    0.03    0.26    1.42 v _185_/X (sky130_fd_sc_hd__and2b_2)
                                         _096_ (net)
                  0.03    0.00    1.42 v _186_/A (sky130_fd_sc_hd__buf_1)
     1    0.00    0.02    0.08    1.50 v _186_/X (sky130_fd_sc_hd__buf_1)
                                         _022_ (net)
                  0.02    0.00    1.50 v _257_/D (sky130_fd_sc_hd__dfrtp_2)
                                  1.50   data arrival time

                  0.00   10.00   10.00   clock CLK100MHZ (rise edge)
                          0.00   10.00   clock network delay (ideal)
                          0.00   10.00   clock reconvergence pessimism
                                 10.00 ^ _257_/CLK (sky130_fd_sc_hd__dfrtp_2)
                         -0.12    9.88   library setup time
                                  9.88   data required time
-----------------------------------------------------------------------------
                                  9.88   data required time
                                 -1.50   data arrival time
-----------------------------------------------------------------------------
                                  8.39   slack (MET)


Startpoint: _250_ (rising edge-triggered flip-flop clocked by CLK100MHZ)
Endpoint: _267_ (rising edge-triggered flip-flop clocked by CLK100MHZ)
Path Group: CLK100MHZ
Path Type: max

Fanout     Cap    Slew   Delay    Time   Description
-----------------------------------------------------------------------------
                  0.00    0.00    0.00   clock CLK100MHZ (rise edge)
                          0.00    0.00   clock network delay (ideal)
                  0.00    0.00    0.00 ^ _250_/CLK (sky130_fd_sc_hd__dfrtp_2)
     5    0.01    0.09    0.37    0.37 ^ _250_/Q (sky130_fd_sc_hd__dfrtp_2)
                                         decoder.delay[0] (net)
                  0.09    0.00    0.37 ^ _126_/B (sky130_fd_sc_hd__and4_2)
     6    0.01    0.10    0.26    0.63 ^ _126_/X (sky130_fd_sc_hd__and4_2)
                                         _059_ (net)
                  0.10    0.00    0.63 ^ _128_/C (sky130_fd_sc_hd__and4_2)
     7    0.02    0.11    0.28    0.91 ^ _128_/X (sky130_fd_sc_hd__and4_2)
                                         _061_ (net)
                  0.11    0.00    0.91 ^ _134_/A (sky130_fd_sc_hd__buf_1)
    10    0.04    0.44    0.37    1.28 ^ _134_/X (sky130_fd_sc_hd__buf_1)
                                         _066_ (net)
                  0.44    0.00    1.28 ^ _208_/A2 (sky130_fd_sc_hd__a21oi_2)
     1    0.00    0.08    0.11    1.39 v _208_/Y (sky130_fd_sc_hd__a21oi_2)
                                         _109_ (net)
                  0.08    0.00    1.39 v _210_/A (sky130_fd_sc_hd__nor2_2)
     1    0.00    0.06    0.10    1.49 ^ _210_/Y (sky130_fd_sc_hd__nor2_2)
                                         _008_ (net)
                  0.06    0.00    1.49 ^ _267_/D (sky130_fd_sc_hd__dfrtp_2)
                                  1.49   data arrival time

                  0.00   10.00   10.00   clock CLK100MHZ (rise edge)
                          0.00   10.00   clock network delay (ideal)
                          0.00   10.00   clock reconvergence pessimism
                                 10.00 ^ _267_/CLK (sky130_fd_sc_hd__dfrtp_2)
                         -0.07    9.93   library setup time
                                  9.93   data required time
-----------------------------------------------------------------------------
                                  9.93   data required time
                                 -1.49   data arrival time
-----------------------------------------------------------------------------
                                  8.44   slack (MET)


Startpoint: _250_ (rising edge-triggered flip-flop clocked by CLK100MHZ)
Endpoint: _259_ (rising edge-triggered flip-flop clocked by CLK100MHZ)
Path Group: CLK100MHZ
Path Type: max

Fanout     Cap    Slew   Delay    Time   Description
-----------------------------------------------------------------------------
                  0.00    0.00    0.00   clock CLK100MHZ (rise edge)
                          0.00    0.00   clock network delay (ideal)
                  0.00    0.00    0.00 ^ _250_/CLK (sky130_fd_sc_hd__dfrtp_2)
     5    0.01    0.09    0.37    0.37 ^ _250_/Q (sky130_fd_sc_hd__dfrtp_2)
                                         decoder.delay[0] (net)
                  0.09    0.00    0.37 ^ _126_/B (sky130_fd_sc_hd__and4_2)
     6    0.01    0.10    0.26    0.63 ^ _126_/X (sky130_fd_sc_hd__and4_2)
                                         _059_ (net)
                  0.10    0.00    0.63 ^ _182_/B (sky130_fd_sc_hd__and3_2)
     2    0.01    0.06    0.20    0.83 ^ _182_/X (sky130_fd_sc_hd__and3_2)
                                         _093_ (net)
                  0.06    0.00    0.83 ^ _183_/A (sky130_fd_sc_hd__buf_1)
    10    0.03    0.40    0.33    1.16 ^ _183_/X (sky130_fd_sc_hd__buf_1)
                                         _094_ (net)
                  0.40    0.00    1.16 ^ _188_/B (sky130_fd_sc_hd__nand2_2)
     2    0.01    0.09    0.12    1.28 v _188_/Y (sky130_fd_sc_hd__nand2_2)
                                         _098_ (net)
                  0.09    0.00    1.28 v _191_/B (sky130_fd_sc_hd__xnor2_2)
     1    0.00    0.04    0.14    1.42 v _191_/Y (sky130_fd_sc_hd__xnor2_2)
                                         _024_ (net)
                  0.04    0.00    1.42 v _259_/D (sky130_fd_sc_hd__dfrtp_2)
                                  1.42   data arrival time

                  0.00   10.00   10.00   clock CLK100MHZ (rise edge)
                          0.00   10.00   clock network delay (ideal)
                          0.00   10.00   clock reconvergence pessimism
                                 10.00 ^ _259_/CLK (sky130_fd_sc_hd__dfrtp_2)
                         -0.12    9.88   library setup time
                                  9.88   data required time
-----------------------------------------------------------------------------
                                  9.88   data required time
                                 -1.42   data arrival time
-----------------------------------------------------------------------------
                                  8.46   slack (MET)


Startpoint: _250_ (rising edge-triggered flip-flop clocked by CLK100MHZ)
Endpoint: _266_ (rising edge-triggered flip-flop clocked by CLK100MHZ)
Path Group: CLK100MHZ
Path Type: max

Fanout     Cap    Slew   Delay    Time   Description
-----------------------------------------------------------------------------
                  0.00    0.00    0.00   clock CLK100MHZ (rise edge)
                          0.00    0.00   clock network delay (ideal)
                  0.00    0.00    0.00 ^ _250_/CLK (sky130_fd_sc_hd__dfrtp_2)
     5    0.01    0.09    0.37    0.37 ^ _250_/Q (sky130_fd_sc_hd__dfrtp_2)
                                         decoder.delay[0] (net)
                  0.09    0.00    0.37 ^ _126_/B (sky130_fd_sc_hd__and4_2)
     6    0.01    0.10    0.26    0.63 ^ _126_/X (sky130_fd_sc_hd__and4_2)
                                         _059_ (net)
                  0.10    0.00    0.63 ^ _128_/C (sky130_fd_sc_hd__and4_2)
     7    0.02    0.11    0.28    0.91 ^ _128_/X (sky130_fd_sc_hd__and4_2)
                                         _061_ (net)
                  0.11    0.00    0.91 ^ _134_/A (sky130_fd_sc_hd__buf_1)
    10    0.04    0.44    0.37    1.28 ^ _134_/X (sky130_fd_sc_hd__buf_1)
                                         _066_ (net)
                  0.44    0.00    1.28 ^ _207_/B (sky130_fd_sc_hd__xor2_2)
     1    0.00    0.09    0.10    1.39 v _207_/X (sky130_fd_sc_hd__xor2_2)
                                         _007_ (net)
                  0.09    0.00    1.39 v _266_/D (sky130_fd_sc_hd__dfrtp_2)
                                  1.39   data arrival time

                  0.00   10.00   10.00   clock CLK100MHZ (rise edge)
                          0.00   10.00   clock network delay (ideal)
                          0.00   10.00   clock reconvergence pessimism
                                 10.00 ^ _266_/CLK (sky130_fd_sc_hd__dfrtp_2)
                         -0.14    9.86   library setup time
                                  9.86   data required time
-----------------------------------------------------------------------------
                                  9.86   data required time
                                 -1.39   data arrival time
-----------------------------------------------------------------------------
                                  8.47   slack (MET)


Startpoint: _250_ (rising edge-triggered flip-flop clocked by CLK100MHZ)
Endpoint: _265_ (rising edge-triggered flip-flop clocked by CLK100MHZ)
Path Group: CLK100MHZ
Path Type: max

Fanout     Cap    Slew   Delay    Time   Description
-----------------------------------------------------------------------------
                  0.00    0.00    0.00   clock CLK100MHZ (rise edge)
                          0.00    0.00   clock network delay (ideal)
                  0.00    0.00    0.00 ^ _250_/CLK (sky130_fd_sc_hd__dfrtp_2)
     5    0.01    0.09    0.37    0.37 ^ _250_/Q (sky130_fd_sc_hd__dfrtp_2)
                                         decoder.delay[0] (net)
                  0.09    0.00    0.37 ^ _126_/B (sky130_fd_sc_hd__and4_2)
     6    0.01    0.10    0.26    0.63 ^ _126_/X (sky130_fd_sc_hd__and4_2)
                                         _059_ (net)
                  0.10    0.00    0.63 ^ _128_/C (sky130_fd_sc_hd__and4_2)
     7    0.02    0.11    0.28    0.91 ^ _128_/X (sky130_fd_sc_hd__and4_2)
                                         _061_ (net)
                  0.11    0.00    0.91 ^ _134_/A (sky130_fd_sc_hd__buf_1)
    10    0.04    0.44    0.37    1.28 ^ _134_/X (sky130_fd_sc_hd__buf_1)
                                         _066_ (net)
                  0.44    0.00    1.28 ^ _206_/A (sky130_fd_sc_hd__nor2_2)
     1    0.00    0.07    0.07    1.35 v _206_/Y (sky130_fd_sc_hd__nor2_2)
                                         _006_ (net)
                  0.07    0.00    1.35 v _265_/D (sky130_fd_sc_hd__dfrtp_2)
                                  1.35   data arrival time

                  0.00   10.00   10.00   clock CLK100MHZ (rise edge)
                          0.00   10.00   clock network delay (ideal)
                          0.00   10.00   clock reconvergence pessimism
                                 10.00 ^ _265_/CLK (sky130_fd_sc_hd__dfrtp_2)
                         -0.14    9.86   library setup time
                                  9.86   data required time
-----------------------------------------------------------------------------
                                  9.86   data required time
                                 -1.35   data arrival time
-----------------------------------------------------------------------------
                                  8.51   slack (MET)


Startpoint: _252_ (rising edge-triggered flip-flop clocked by CLK100MHZ)
Endpoint: _273_ (rising edge-triggered flip-flop clocked by CLK100MHZ)
Path Group: CLK100MHZ
Path Type: max

Fanout     Cap    Slew   Delay    Time   Description
-----------------------------------------------------------------------------
                  0.00    0.00    0.00   clock CLK100MHZ (rise edge)
                          0.00    0.00   clock network delay (ideal)
                  0.00    0.00    0.00 ^ _252_/CLK (sky130_fd_sc_hd__dfrtp_2)
     3    0.01    0.07    0.40    0.40 v _252_/Q (sky130_fd_sc_hd__dfrtp_2)
                                         decoder.delay[2] (net)
                  0.07    0.00    0.40 v _126_/C (sky130_fd_sc_hd__and4_2)
     6    0.01    0.06    0.26    0.65 v _126_/X (sky130_fd_sc_hd__and4_2)
                                         _059_ (net)
                  0.06    0.00    0.65 v _128_/C (sky130_fd_sc_hd__and4_2)
     7    0.01    0.07    0.26    0.92 v _128_/X (sky130_fd_sc_hd__and4_2)
                                         _061_ (net)
                  0.07    0.00    0.92 v _151_/A2 (sky130_fd_sc_hd__a21o_2)
     1    0.00    0.03    0.20    1.12 v _151_/X (sky130_fd_sc_hd__a21o_2)
                                         _077_ (net)
                  0.03    0.00    1.12 v _152_/B (sky130_fd_sc_hd__and2_2)
     1    0.00    0.03    0.17    1.29 v _152_/X (sky130_fd_sc_hd__and2_2)
                                         _078_ (net)
                  0.03    0.00    1.29 v _153_/A (sky130_fd_sc_hd__buf_1)
     1    0.00    0.02    0.08    1.37 v _153_/X (sky130_fd_sc_hd__buf_1)
                                         _015_ (net)
                  0.02    0.00    1.37 v _273_/D (sky130_fd_sc_hd__dfrtp_2)
                                  1.37   data arrival time

                  0.00   10.00   10.00   clock CLK100MHZ (rise edge)
                          0.00   10.00   clock network delay (ideal)
                          0.00   10.00   clock reconvergence pessimism
                                 10.00 ^ _273_/CLK (sky130_fd_sc_hd__dfrtp_2)
                         -0.12    9.88   library setup time
                                  9.88   data required time
-----------------------------------------------------------------------------
                                  9.88   data required time
                                 -1.37   data arrival time
-----------------------------------------------------------------------------
                                  8.51   slack (MET)


Startpoint: _252_ (rising edge-triggered flip-flop clocked by CLK100MHZ)
Endpoint: _247_ (rising edge-triggered flip-flop clocked by CLK100MHZ)
Path Group: CLK100MHZ
Path Type: max

Fanout     Cap    Slew   Delay    Time   Description
-----------------------------------------------------------------------------
                  0.00    0.00    0.00   clock CLK100MHZ (rise edge)
                          0.00    0.00   clock network delay (ideal)
                  0.00    0.00    0.00 ^ _252_/CLK (sky130_fd_sc_hd__dfrtp_2)
     3    0.01    0.07    0.40    0.40 v _252_/Q (sky130_fd_sc_hd__dfrtp_2)
                                         decoder.delay[2] (net)
                  0.07    0.00    0.40 v _126_/C (sky130_fd_sc_hd__and4_2)
     6    0.01    0.06    0.26    0.65 v _126_/X (sky130_fd_sc_hd__and4_2)
                                         _059_ (net)
                  0.06    0.00    0.65 v _128_/C (sky130_fd_sc_hd__and4_2)
     7    0.01    0.07    0.26    0.92 v _128_/X (sky130_fd_sc_hd__and4_2)
                                         _061_ (net)
                  0.07    0.00    0.92 v _139_/D (sky130_fd_sc_hd__and4_2)
     2    0.01    0.06    0.27    1.18 v _139_/X (sky130_fd_sc_hd__and4_2)
                                         _070_ (net)
                  0.06    0.00    1.18 v _140_/B (sky130_fd_sc_hd__xor2_2)
     1    0.00    0.05    0.14    1.32 v _140_/X (sky130_fd_sc_hd__xor2_2)
                                         _055_ (net)
                  0.05    0.00    1.32 v _247_/D (sky130_fd_sc_hd__dfrtp_2)
                                  1.32   data arrival time

                  0.00   10.00   10.00   clock CLK100MHZ (rise edge)
                          0.00   10.00   clock network delay (ideal)
                          0.00   10.00   clock reconvergence pessimism
                                 10.00 ^ _247_/CLK (sky130_fd_sc_hd__dfrtp_2)
                         -0.13    9.87   library setup time
                                  9.87   data required time
-----------------------------------------------------------------------------
                                  9.87   data required time
                                 -1.32   data arrival time
-----------------------------------------------------------------------------
                                  8.55   slack (MET)


Startpoint: _252_ (rising edge-triggered flip-flop clocked by CLK100MHZ)
Endpoint: _249_ (rising edge-triggered flip-flop clocked by CLK100MHZ)
Path Group: CLK100MHZ
Path Type: max

Fanout     Cap    Slew   Delay    Time   Description
-----------------------------------------------------------------------------
                  0.00    0.00    0.00   clock CLK100MHZ (rise edge)
                          0.00    0.00   clock network delay (ideal)
                  0.00    0.00    0.00 ^ _252_/CLK (sky130_fd_sc_hd__dfrtp_2)
     3    0.01    0.07    0.40    0.40 v _252_/Q (sky130_fd_sc_hd__dfrtp_2)
                                         decoder.delay[2] (net)
                  0.07    0.00    0.40 v _126_/C (sky130_fd_sc_hd__and4_2)
     6    0.01    0.06    0.26    0.65 v _126_/X (sky130_fd_sc_hd__and4_2)
                                         _059_ (net)
                  0.06    0.00    0.65 v _128_/C (sky130_fd_sc_hd__and4_2)
     7    0.01    0.07    0.26    0.92 v _128_/X (sky130_fd_sc_hd__and4_2)
                                         _061_ (net)
                  0.07    0.00    0.92 v _129_/D (sky130_fd_sc_hd__and4_2)
     1    0.01    0.05    0.25    1.17 v _129_/X (sky130_fd_sc_hd__and4_2)
                                         _062_ (net)
                  0.05    0.00    1.17 v _130_/B (sky130_fd_sc_hd__xor2_2)
     1    0.00    0.04    0.13    1.30 v _130_/X (sky130_fd_sc_hd__xor2_2)
                                         _057_ (net)
                  0.04    0.00    1.30 v _249_/D (sky130_fd_sc_hd__dfrtp_2)
                                  1.30   data arrival time

                  0.00   10.00   10.00   clock CLK100MHZ (rise edge)
                          0.00   10.00   clock network delay (ideal)
                          0.00   10.00   clock reconvergence pessimism
                                 10.00 ^ _249_/CLK (sky130_fd_sc_hd__dfrtp_2)
                         -0.12    9.88   library setup time
                                  9.88   data required time
-----------------------------------------------------------------------------
                                  9.88   data required time
                                 -1.30   data arrival time
-----------------------------------------------------------------------------
                                  8.57   slack (MET)


Startpoint: _252_ (rising edge-triggered flip-flop clocked by CLK100MHZ)
Endpoint: _268_ (rising edge-triggered flip-flop clocked by CLK100MHZ)
Path Group: CLK100MHZ
Path Type: max

Fanout     Cap    Slew   Delay    Time   Description
-----------------------------------------------------------------------------
                  0.00    0.00    0.00   clock CLK100MHZ (rise edge)
                          0.00    0.00   clock network delay (ideal)
                  0.00    0.00    0.00 ^ _252_/CLK (sky130_fd_sc_hd__dfrtp_2)
     3    0.01    0.07    0.40    0.40 v _252_/Q (sky130_fd_sc_hd__dfrtp_2)
                                         decoder.delay[2] (net)
                  0.07    0.00    0.40 v _126_/C (sky130_fd_sc_hd__and4_2)
     6    0.01    0.06    0.26    0.65 v _126_/X (sky130_fd_sc_hd__and4_2)
                                         _059_ (net)
                  0.06    0.00    0.65 v _128_/C (sky130_fd_sc_hd__and4_2)
     7    0.01    0.07    0.26    0.92 v _128_/X (sky130_fd_sc_hd__and4_2)
                                         _061_ (net)
                  0.07    0.00    0.92 v _209_/C (sky130_fd_sc_hd__and3_2)
     2    0.01    0.06    0.24    1.16 v _209_/X (sky130_fd_sc_hd__and3_2)
                                         _110_ (net)
                  0.06    0.00    1.16 v _211_/B (sky130_fd_sc_hd__xor2_2)
     1    0.00    0.04    0.14    1.30 v _211_/X (sky130_fd_sc_hd__xor2_2)
                                         _009_ (net)
                  0.04    0.00    1.30 v _268_/D (sky130_fd_sc_hd__dfrtp_2)
                                  1.30   data arrival time

                  0.00   10.00   10.00   clock CLK100MHZ (rise edge)
                          0.00   10.00   clock network delay (ideal)
                          0.00   10.00   clock reconvergence pessimism
                                 10.00 ^ _268_/CLK (sky130_fd_sc_hd__dfrtp_2)
                         -0.12    9.88   library setup time
                                  9.88   data required time
-----------------------------------------------------------------------------
                                  9.88   data required time
                                 -1.30   data arrival time
-----------------------------------------------------------------------------
                                  8.58   slack (MET)


Startpoint: _266_ (rising edge-triggered flip-flop clocked by CLK100MHZ)
Endpoint: _274_ (rising edge-triggered flip-flop clocked by CLK100MHZ)
Path Group: CLK100MHZ
Path Type: max

Fanout     Cap    Slew   Delay    Time   Description
-----------------------------------------------------------------------------
                  0.00    0.00    0.00   clock CLK100MHZ (rise edge)
                          0.00    0.00   clock network delay (ideal)
                  0.00    0.00    0.00 ^ _266_/CLK (sky130_fd_sc_hd__dfrtp_2)
     5    0.02    0.11    0.38    0.38 ^ _266_/Q (sky130_fd_sc_hd__dfrtp_2)
                                         decoder.delay[16] (net)
                  0.11    0.00    0.38 ^ _121_/B (sky130_fd_sc_hd__and4_2)
     6    0.01    0.10    0.27    0.65 ^ _121_/X (sky130_fd_sc_hd__and4_2)
                                         _116_ (net)
                  0.10    0.00    0.65 ^ _123_/C (sky130_fd_sc_hd__and4_2)
     5    0.01    0.11    0.28    0.93 ^ _123_/X (sky130_fd_sc_hd__and4_2)
                                         _118_ (net)
                  0.11    0.00    0.93 ^ _150_/A (sky130_fd_sc_hd__nand2_2)
     2    0.01    0.06    0.08    1.00 v _150_/Y (sky130_fd_sc_hd__nand2_2)
                                         _076_ (net)
                  0.06    0.00    1.00 v _154_/B (sky130_fd_sc_hd__xnor2_2)
     1    0.00    0.04    0.12    1.12 v _154_/Y (sky130_fd_sc_hd__xnor2_2)
                                         _016_ (net)
                  0.04    0.00    1.12 v _274_/D (sky130_fd_sc_hd__dfrtp_2)
                                  1.12   data arrival time

                  0.00   10.00   10.00   clock CLK100MHZ (rise edge)
                          0.00   10.00   clock network delay (ideal)
                          0.00   10.00   clock reconvergence pessimism
                                 10.00 ^ _274_/CLK (sky130_fd_sc_hd__dfrtp_2)
                         -0.12    9.88   library setup time
                                  9.88   data required time
-----------------------------------------------------------------------------
                                  9.88   data required time
                                 -1.12   data arrival time
-----------------------------------------------------------------------------
                                  8.75   slack (MET)


Startpoint: _252_ (rising edge-triggered flip-flop clocked by CLK100MHZ)
Endpoint: _256_ (rising edge-triggered flip-flop clocked by CLK100MHZ)
Path Group: CLK100MHZ
Path Type: max

Fanout     Cap    Slew   Delay    Time   Description
-----------------------------------------------------------------------------
                  0.00    0.00    0.00   clock CLK100MHZ (rise edge)
                          0.00    0.00   clock network delay (ideal)
                  0.00    0.00    0.00 ^ _252_/CLK (sky130_fd_sc_hd__dfrtp_2)
     3    0.01    0.07    0.40    0.40 v _252_/Q (sky130_fd_sc_hd__dfrtp_2)
                                         decoder.delay[2] (net)
                  0.07    0.00    0.40 v _126_/C (sky130_fd_sc_hd__and4_2)
     6    0.01    0.06    0.26    0.65 v _126_/X (sky130_fd_sc_hd__and4_2)
                                         _059_ (net)
                  0.06    0.00    0.65 v _177_/C (sky130_fd_sc_hd__and3_2)
     3    0.01    0.07    0.25    0.90 v _177_/X (sky130_fd_sc_hd__and3_2)
                                         _090_ (net)
                  0.07    0.00    0.90 v _180_/B (sky130_fd_sc_hd__xor2_2)
     1    0.00    0.04    0.14    1.04 v _180_/X (sky130_fd_sc_hd__xor2_2)
                                         _021_ (net)
                  0.04    0.00    1.04 v _256_/D (sky130_fd_sc_hd__dfrtp_2)
                                  1.04   data arrival time

                  0.00   10.00   10.00   clock CLK100MHZ (rise edge)
                          0.00   10.00   clock network delay (ideal)
                          0.00   10.00   clock reconvergence pessimism
                                 10.00 ^ _256_/CLK (sky130_fd_sc_hd__dfrtp_2)
                         -0.12    9.88   library setup time
                                  9.88   data required time
-----------------------------------------------------------------------------
                                  9.88   data required time
                                 -1.04   data arrival time
-----------------------------------------------------------------------------
                                  8.84   slack (MET)


Startpoint: _250_ (rising edge-triggered flip-flop clocked by CLK100MHZ)
Endpoint: _262_ (rising edge-triggered flip-flop clocked by CLK100MHZ)
Path Group: CLK100MHZ
Path Type: max

Fanout     Cap    Slew   Delay    Time   Description
-----------------------------------------------------------------------------
                  0.00    0.00    0.00   clock CLK100MHZ (rise edge)
                          0.00    0.00   clock network delay (ideal)
                  0.00    0.00    0.00 ^ _250_/CLK (sky130_fd_sc_hd__dfrtp_2)
     5    0.01    0.09    0.37    0.37 ^ _250_/Q (sky130_fd_sc_hd__dfrtp_2)
                                         decoder.delay[0] (net)
                  0.09    0.00    0.37 ^ _126_/B (sky130_fd_sc_hd__and4_2)
     6    0.01    0.10    0.26    0.63 ^ _126_/X (sky130_fd_sc_hd__and4_2)
                                         _059_ (net)
                  0.10    0.00    0.63 ^ _182_/B (sky130_fd_sc_hd__and3_2)
     2    0.01    0.06    0.20    0.83 ^ _182_/X (sky130_fd_sc_hd__and3_2)
                                         _093_ (net)
                  0.06    0.00    0.83 ^ _196_/B (sky130_fd_sc_hd__nand2_2)
     2    0.01    0.05    0.07    0.89 v _196_/Y (sky130_fd_sc_hd__nand2_2)
                                         _103_ (net)
                  0.05    0.00    0.89 v _199_/B (sky130_fd_sc_hd__xnor2_2)
     1    0.00    0.04    0.12    1.01 v _199_/Y (sky130_fd_sc_hd__xnor2_2)
                                         _003_ (net)
                  0.04    0.00    1.01 v _262_/D (sky130_fd_sc_hd__dfrtp_2)
                                  1.01   data arrival time

                  0.00   10.00   10.00   clock CLK100MHZ (rise edge)
                          0.00   10.00   clock network delay (ideal)
                          0.00   10.00   clock reconvergence pessimism
                                 10.00 ^ _262_/CLK (sky130_fd_sc_hd__dfrtp_2)
                         -0.12    9.88   library setup time
                                  9.88   data required time
-----------------------------------------------------------------------------
                                  9.88   data required time
                                 -1.01   data arrival time
-----------------------------------------------------------------------------
                                  8.86   slack (MET)


Startpoint: _252_ (rising edge-triggered flip-flop clocked by CLK100MHZ)
Endpoint: _255_ (rising edge-triggered flip-flop clocked by CLK100MHZ)
Path Group: CLK100MHZ
Path Type: max

Fanout     Cap    Slew   Delay    Time   Description
-----------------------------------------------------------------------------
                  0.00    0.00    0.00   clock CLK100MHZ (rise edge)
                          0.00    0.00   clock network delay (ideal)
                  0.00    0.00    0.00 ^ _252_/CLK (sky130_fd_sc_hd__dfrtp_2)
     3    0.01    0.07    0.40    0.40 v _252_/Q (sky130_fd_sc_hd__dfrtp_2)
                                         decoder.delay[2] (net)
                  0.07    0.00    0.40 v _126_/C (sky130_fd_sc_hd__and4_2)
     6    0.01    0.06    0.26    0.65 v _126_/X (sky130_fd_sc_hd__and4_2)
                                         _059_ (net)
                  0.06    0.00    0.65 v _174_/B (sky130_fd_sc_hd__and2_2)
     2    0.01    0.05    0.21    0.86 v _174_/X (sky130_fd_sc_hd__and2_2)
                                         _088_ (net)
                  0.05    0.00    0.86 v _178_/B (sky130_fd_sc_hd__nor2_2)
     1    0.00    0.08    0.09    0.95 ^ _178_/Y (sky130_fd_sc_hd__nor2_2)
                                         _091_ (net)
                  0.08    0.00    0.95 ^ _179_/B (sky130_fd_sc_hd__nor2_2)
     1    0.00    0.03    0.03    0.98 v _179_/Y (sky130_fd_sc_hd__nor2_2)
                                         _020_ (net)
                  0.03    0.00    0.98 v _255_/D (sky130_fd_sc_hd__dfrtp_2)
                                  0.98   data arrival time

                  0.00   10.00   10.00   clock CLK100MHZ (rise edge)
                          0.00   10.00   clock network delay (ideal)
                          0.00   10.00   clock reconvergence pessimism
                                 10.00 ^ _255_/CLK (sky130_fd_sc_hd__dfrtp_2)
                         -0.12    9.88   library setup time
                                  9.88   data required time
-----------------------------------------------------------------------------
                                  9.88   data required time
                                 -0.98   data arrival time
-----------------------------------------------------------------------------
                                  8.90   slack (MET)


Startpoint: _251_ (rising edge-triggered flip-flop clocked by CLK100MHZ)
Endpoint: _251_ (rising edge-triggered flip-flop clocked by CLK100MHZ)
Path Group: CLK100MHZ
Path Type: max

Fanout     Cap    Slew   Delay    Time   Description
-----------------------------------------------------------------------------
                  0.00    0.00    0.00   clock CLK100MHZ (rise edge)
                          0.00    0.00   clock network delay (ideal)
                  0.00    0.00    0.00 ^ _251_/CLK (sky130_fd_sc_hd__dfrtp_2)
     4    0.01    0.06    0.39    0.39 v _251_/Q (sky130_fd_sc_hd__dfrtp_2)
                                         decoder.delay[1] (net)
                  0.06    0.00    0.39 v _167_/A (sky130_fd_sc_hd__or2_2)
     1    0.00    0.05    0.28    0.67 v _167_/X (sky130_fd_sc_hd__or2_2)
                                         _084_ (net)
                  0.05    0.00    0.67 v _168_/B (sky130_fd_sc_hd__and2_2)
     1    0.00    0.03    0.18    0.85 v _168_/X (sky130_fd_sc_hd__and2_2)
                                         _085_ (net)
                  0.03    0.00    0.85 v _169_/A (sky130_fd_sc_hd__buf_1)
     1    0.00    0.02    0.08    0.93 v _169_/X (sky130_fd_sc_hd__buf_1)
                                         _011_ (net)
                  0.02    0.00    0.93 v _251_/D (sky130_fd_sc_hd__dfrtp_2)
                                  0.93   data arrival time

                  0.00   10.00   10.00   clock CLK100MHZ (rise edge)
                          0.00   10.00   clock network delay (ideal)
                          0.00   10.00   clock reconvergence pessimism
                                 10.00 ^ _251_/CLK (sky130_fd_sc_hd__dfrtp_2)
                         -0.12    9.88   library setup time
                                  9.88   data required time
-----------------------------------------------------------------------------
                                  9.88   data required time
                                 -0.93   data arrival time
-----------------------------------------------------------------------------
                                  8.95   slack (MET)


Startpoint: _250_ (rising edge-triggered flip-flop clocked by CLK100MHZ)
Endpoint: _253_ (rising edge-triggered flip-flop clocked by CLK100MHZ)
Path Group: CLK100MHZ
Path Type: max

Fanout     Cap    Slew   Delay    Time   Description
-----------------------------------------------------------------------------
                  0.00    0.00    0.00   clock CLK100MHZ (rise edge)
                          0.00    0.00   clock network delay (ideal)
                  0.00    0.00    0.00 ^ _250_/CLK (sky130_fd_sc_hd__dfrtp_2)
     5    0.01    0.09    0.37    0.37 ^ _250_/Q (sky130_fd_sc_hd__dfrtp_2)
                                         decoder.delay[0] (net)
                  0.09    0.00    0.37 ^ _126_/B (sky130_fd_sc_hd__and4_2)
     6    0.01    0.10    0.26    0.63 ^ _126_/X (sky130_fd_sc_hd__and4_2)
                                         _059_ (net)
                  0.10    0.00    0.63 ^ _172_/A_N (sky130_fd_sc_hd__and2b_2)
     1    0.00    0.03    0.21    0.84 v _172_/X (sky130_fd_sc_hd__and2b_2)
                                         _087_ (net)
                  0.03    0.00    0.84 v _173_/A (sky130_fd_sc_hd__buf_1)
     1    0.00    0.02    0.08    0.92 v _173_/X (sky130_fd_sc_hd__buf_1)
                                         _018_ (net)
                  0.02    0.00    0.92 v _253_/D (sky130_fd_sc_hd__dfrtp_2)
                                  0.92   data arrival time

                  0.00   10.00   10.00   clock CLK100MHZ (rise edge)
                          0.00   10.00   clock network delay (ideal)
                          0.00   10.00   clock reconvergence pessimism
                                 10.00 ^ _253_/CLK (sky130_fd_sc_hd__dfrtp_2)
                         -0.12    9.88   library setup time
                                  9.88   data required time
-----------------------------------------------------------------------------
                                  9.88   data required time
                                 -0.92   data arrival time
-----------------------------------------------------------------------------
                                  8.96   slack (MET)


Startpoint: _252_ (rising edge-triggered flip-flop clocked by CLK100MHZ)
Endpoint: _254_ (rising edge-triggered flip-flop clocked by CLK100MHZ)
Path Group: CLK100MHZ
Path Type: max

Fanout     Cap    Slew   Delay    Time   Description
-----------------------------------------------------------------------------
                  0.00    0.00    0.00   clock CLK100MHZ (rise edge)
                          0.00    0.00   clock network delay (ideal)
                  0.00    0.00    0.00 ^ _252_/CLK (sky130_fd_sc_hd__dfrtp_2)
     3    0.01    0.07    0.40    0.40 v _252_/Q (sky130_fd_sc_hd__dfrtp_2)
                                         decoder.delay[2] (net)
                  0.07    0.00    0.40 v _126_/C (sky130_fd_sc_hd__and4_2)
     6    0.01    0.06    0.26    0.65 v _126_/X (sky130_fd_sc_hd__and4_2)
                                         _059_ (net)
                  0.06    0.00    0.65 v _174_/B (sky130_fd_sc_hd__and2_2)
     2    0.01    0.05    0.21    0.86 v _174_/X (sky130_fd_sc_hd__and2_2)
                                         _088_ (net)
                  0.05    0.00    0.86 v _176_/A (sky130_fd_sc_hd__nor2_2)
     1    0.00    0.05    0.09    0.95 ^ _176_/Y (sky130_fd_sc_hd__nor2_2)
                                         _019_ (net)
                  0.05    0.00    0.95 ^ _254_/D (sky130_fd_sc_hd__dfrtp_2)
                                  0.95   data arrival time

                  0.00   10.00   10.00   clock CLK100MHZ (rise edge)
                          0.00   10.00   clock network delay (ideal)
                          0.00   10.00   clock reconvergence pessimism
                                 10.00 ^ _254_/CLK (sky130_fd_sc_hd__dfrtp_2)
                         -0.07    9.93   library setup time
                                  9.93   data required time
-----------------------------------------------------------------------------
                                  9.93   data required time
                                 -0.95   data arrival time
-----------------------------------------------------------------------------
                                  8.98   slack (MET)


Startpoint: _250_ (rising edge-triggered flip-flop clocked by CLK100MHZ)
Endpoint: _252_ (rising edge-triggered flip-flop clocked by CLK100MHZ)
Path Group: CLK100MHZ
Path Type: max

Fanout     Cap    Slew   Delay    Time   Description
-----------------------------------------------------------------------------
                  0.00    0.00    0.00   clock CLK100MHZ (rise edge)
                          0.00    0.00   clock network delay (ideal)
                  0.00    0.00    0.00 ^ _250_/CLK (sky130_fd_sc_hd__dfrtp_2)
     5    0.01    0.09    0.37    0.37 ^ _250_/Q (sky130_fd_sc_hd__dfrtp_2)
                                         decoder.delay[0] (net)
                  0.09    0.00    0.37 ^ _166_/B (sky130_fd_sc_hd__nand2_2)
     2    0.01    0.05    0.08    0.44 v _166_/Y (sky130_fd_sc_hd__nand2_2)
                                         _083_ (net)
                  0.05    0.00    0.44 v _170_/B (sky130_fd_sc_hd__xnor2_2)
     1    0.00    0.04    0.12    0.56 v _170_/Y (sky130_fd_sc_hd__xnor2_2)
                                         _017_ (net)
                  0.04    0.00    0.56 v _252_/D (sky130_fd_sc_hd__dfrtp_2)
                                  0.56   data arrival time

                  0.00   10.00   10.00   clock CLK100MHZ (rise edge)
                          0.00   10.00   clock network delay (ideal)
                          0.00   10.00   clock reconvergence pessimism
                                 10.00 ^ _252_/CLK (sky130_fd_sc_hd__dfrtp_2)
                         -0.12    9.88   library setup time
                                  9.88   data required time
-----------------------------------------------------------------------------
                                  9.88   data required time
                                 -0.56   data arrival time
-----------------------------------------------------------------------------
                                  9.32   slack (MET)


Startpoint: _250_ (rising edge-triggered flip-flop clocked by CLK100MHZ)
Endpoint: _250_ (rising edge-triggered flip-flop clocked by CLK100MHZ)
Path Group: CLK100MHZ
Path Type: max

Fanout     Cap    Slew   Delay    Time   Description
-----------------------------------------------------------------------------
                  0.00    0.00    0.00   clock CLK100MHZ (rise edge)
                          0.00    0.00   clock network delay (ideal)
                  0.00    0.00    0.00 ^ _250_/CLK (sky130_fd_sc_hd__dfrtp_2)
     5    0.01    0.07    0.40    0.40 v _250_/Q (sky130_fd_sc_hd__dfrtp_2)
                                         decoder.delay[0] (net)
                  0.07    0.00    0.40 v _165_/A (sky130_fd_sc_hd__inv_2)
     1    0.00    0.03    0.05    0.45 ^ _165_/Y (sky130_fd_sc_hd__inv_2)
                                         _000_ (net)
                  0.03    0.00    0.45 ^ _250_/D (sky130_fd_sc_hd__dfrtp_2)
                                  0.45   data arrival time

                  0.00   10.00   10.00   clock CLK100MHZ (rise edge)
                          0.00   10.00   clock network delay (ideal)
                          0.00   10.00   clock reconvergence pessimism
                                 10.00 ^ _250_/CLK (sky130_fd_sc_hd__dfrtp_2)
                         -0.07    9.93   library setup time
                                  9.93   data required time
-----------------------------------------------------------------------------
                                  9.93   data required time
                                 -0.45   data arrival time
-----------------------------------------------------------------------------
                                  9.49   slack (MET)



worst slack corner Typical: 8.2070
