OpenROAD b16bda7e82721d10566ff7e2b68f1ff0be9f9e38 
Features included (+) or not (-): +Charts +GPU +GUI +Python
This program is licensed under the BSD-3 license. See the LICENSE file for details.
Components of this program may be licensed under more restrictive licenses which must be honored.
Top-level design name: alu
Block boundaries: 0 0 100000 140000
Horizontal Tracks Origin: 340, Count: 206, Step: 680
Vertical Tracks Origin: 230, Count: 217, Step: 460
Placement details for the #E side
Virtual pin count:  0
Actual pin count:  8
Total pin count:  8
Tracks count:  103
Tracks per pin:  12
Used tracks count:  85
Unused track count:  18
Starting track index:  9
Placement Map:
[340, 1700, 3060, 4420, 5780, 7140, 8500, 9860, 11220, [91m12580[0m, 13940, 15300, 16660, 18020, 19380, 20740, 22100, 23460, 24820, 26180, 27540, [91m28900[0m, 30260, 31620, 32980, 34340, 35700, 37060, 38420, 39780, 41140, 42500, 43860, [91m45220[0m, 46580, 47940, 49300, 50660, 52020, 53380, 54740, 56100, 57460, 58820, 60180, [91m61540[0m, 62900, 64260, 65620, 66980, 68340, 69700, 71060, 72420, 73780, 75140, 76500, [91m77860[0m, 79220, 80580, 81940, 83300, 84660, 86020, 87380, 88740, 90100, 91460, 92820, [91m94180[0m, 95540, 96900, 98260, 99620, 100980, 102340, 103700, 105060, 106420, 107780, 109140, [91m110500[0m, 111860, 113220, 114580, 115940, 117300, 118660, 120020, 121380, 122740, 124100, 125460, [91m126820[0m, 128180, 129540, 130900, 132260, 133620, 134980, 136340, 137700, 139060, ]
Indices of used tracks: [9, 21, 33, 45, 57, 69, 81, 93]
---
Placement details for the #W side
Virtual pin count:  0
Actual pin count:  19
Total pin count:  19
Tracks count:  103
Tracks per pin:  5
Used tracks count:  91
Unused track count:  12
Starting track index:  6
Placement Map:
[340, 1700, 3060, 4420, 5780, 7140, [91m8500[0m, 9860, 11220, 12580, 13940, [91m15300[0m, 16660, 18020, 19380, 20740, [91m22100[0m, 23460, 24820, 26180, 27540, [91m28900[0m, 30260, 31620, 32980, 34340, [91m35700[0m, 37060, 38420, 39780, 41140, [91m42500[0m, 43860, 45220, 46580, 47940, [91m49300[0m, 50660, 52020, 53380, 54740, [91m56100[0m, 57460, 58820, 60180, 61540, [91m62900[0m, 64260, 65620, 66980, 68340, [91m69700[0m, 71060, 72420, 73780, 75140, [91m76500[0m, 77860, 79220, 80580, 81940, [91m83300[0m, 84660, 86020, 87380, 88740, [91m90100[0m, 91460, 92820, 94180, 95540, [91m96900[0m, 98260, 99620, 100980, 102340, [91m103700[0m, 105060, 106420, 107780, 109140, [91m110500[0m, 111860, 113220, 114580, 115940, [91m117300[0m, 118660, 120020, 121380, 122740, [91m124100[0m, 125460, 126820, 128180, 129540, [91m130900[0m, 132260, 133620, 134980, 136340, 137700, 139060, ]
Indices of used tracks: [6, 11, 16, 21, 26, 31, 36, 41, 46, 51, 56, 61, 66, 71, 76, 81, 86, 91, 96]
---
