Instance,Terminal,Layer,X location,Y location,Voltage
FILLER_0_31_117,VPWR,li1,59.5700,95.2000,1.800000
FILLER_0_31_113,VPWR,li1,58.4200,95.2000,1.800000
FILLER_0_31_105,VPWR,li1,54.0500,95.2000,1.800000
FILLER_0_31_97,VPWR,li1,51.9800,95.2000,1.800000
FILLER_0_31_85,VPWR,li1,47.3800,95.2000,1.800000
FILLER_0_31_81,VPWR,li1,43.4700,95.2000,1.800000
FILLER_0_31_69,VPWR,li1,40.0200,95.2000,1.800000
FILLER_0_31_57,VPWR,li1,34.5000,95.2000,1.800000
FILLER_0_31_55,VPWR,li1,31.0500,95.2000,1.800000
FILLER_0_31_51,VPWR,li1,29.9000,95.2000,1.800000
FILLER_0_31_39,VPWR,li1,26.2200,95.2000,1.800000
FILLER_0_31_27,VPWR,li1,18.1700,95.2000,1.800000
FILLER_0_31_15,VPWR,li1,15.1800,95.2000,1.800000
FILLER_0_31_3,VPWR,li1,9.6600,95.2000,1.800000
FILLER_0_30_122,VPWR,li1,62.3300,95.2000,1.800000
FILLER_0_30_105,VPWR,li1,54.0500,95.2000,1.800000
FILLER_0_30_97,VPWR,li1,51.9800,95.2000,1.800000
FILLER_0_30_85,VPWR,li1,47.3800,95.2000,1.800000
FILLER_0_30_83,VPWR,li1,43.9300,95.2000,1.800000
FILLER_0_30_77,VPWR,li1,42.3200,95.2000,1.800000
FILLER_0_30_65,VPWR,li1,38.1800,95.2000,1.800000
FILLER_0_30_53,VPWR,li1,32.6600,95.2000,1.800000
FILLER_0_30_41,VPWR,li1,27.1400,95.2000,1.800000
FILLER_0_30_29,VPWR,li1,21.6200,95.2000,1.800000
FILLER_0_30_27,VPWR,li1,18.1700,95.2000,1.800000
FILLER_0_30_15,VPWR,li1,15.1800,95.2000,1.800000
FILLER_0_30_3,VPWR,li1,9.6600,95.2000,1.800000
FILLER_0_29_124,VPWR,li1,62.7900,89.7600,1.799998
FILLER_0_29_118,VPWR,li1,61.1800,89.7600,1.799998
FILLER_0_29_113,VPWR,li1,57.9600,89.7600,1.799998
FILLER_0_29_104,VPWR,li1,55.2000,89.7600,1.799998
FILLER_0_29_99,VPWR,li1,51.5200,89.7600,1.799997
FILLER_0_29_91,VPWR,li1,49.2200,89.7600,1.799997
FILLER_0_29_63,VPWR,li1,34.9600,89.7600,1.799997
FILLER_0_29_57,VPWR,li1,32.4300,89.7600,1.799997
FILLER_0_29_55,VPWR,li1,31.0500,89.7600,1.799997
FILLER_0_29_51,VPWR,li1,29.9000,89.7600,1.799997
FILLER_0_29_39,VPWR,li1,26.2200,89.7600,1.799998
FILLER_0_29_27,VPWR,li1,20.7000,89.7600,1.799998
FILLER_0_29_15,VPWR,li1,15.1800,89.7600,1.799999
FILLER_0_29_3,VPWR,li1,9.6600,89.7600,1.799999
FILLER_0_28_121,VPWR,li1,61.4100,89.7600,1.799998
FILLER_0_28_109,VPWR,li1,58.4200,89.7600,1.799998
FILLER_0_28_97,VPWR,li1,52.9000,89.7600,1.799997
FILLER_0_28_85,VPWR,li1,47.3800,89.7600,1.799996
FILLER_0_28_83,VPWR,li1,43.9300,89.7600,1.799996
FILLER_0_28_79,VPWR,li1,42.7800,89.7600,1.799996
FILLER_0_28_67,VPWR,li1,39.1000,89.7600,1.799995
FILLER_0_28_63,VPWR,li1,34.7300,89.7600,1.799997
FILLER_0_28_59,VPWR,li1,33.5800,89.7600,1.799997
FILLER_0_28_55,VPWR,li1,31.0500,89.7600,1.799997
FILLER_0_28_49,VPWR,li1,29.4400,89.7600,1.799997
FILLER_0_28_37,VPWR,li1,25.3000,89.7600,1.799998
FILLER_0_28_29,VPWR,li1,19.0900,89.7600,1.799998
FILLER_0_28_25,VPWR,li1,17.7100,89.7600,1.799998
FILLER_0_28_21,VPWR,li1,15.4100,89.7600,1.799999
FILLER_0_28_15,VPWR,li1,13.8000,89.7600,1.799999
FILLER_0_28_3,VPWR,li1,9.6600,89.7600,1.799999
FILLER_0_27_121,VPWR,li1,61.4100,84.3200,1.799996
FILLER_0_27_113,VPWR,li1,59.3400,84.3200,1.799996
FILLER_0_27_104,VPWR,li1,55.2000,84.3200,1.799994
FILLER_0_27_95,VPWR,li1,50.1400,84.3200,1.799993
FILLER_0_27_83,VPWR,li1,46.4600,84.3200,1.799993
FILLER_0_27_75,VPWR,li1,40.2500,84.3200,1.799994
FILLER_0_27_69,VPWR,li1,38.6400,84.3200,1.799995
FILLER_0_27_57,VPWR,li1,34.5000,84.3200,1.799995
FILLER_0_27_55,VPWR,li1,31.0500,84.3200,1.799994
FILLER_0_27_28,VPWR,li1,19.0900,84.3200,1.799995
FILLER_0_27_22,VPWR,li1,16.1000,84.3200,1.799995
FILLER_0_27_10,VPWR,li1,12.8800,84.3200,1.799996
FILLER_0_26_124,VPWR,li1,62.7900,84.3200,1.799996
FILLER_0_26_116,VPWR,li1,60.7200,84.3200,1.799996
FILLER_0_26_92,VPWR,li1,48.0700,84.3200,1.799993
FILLER_0_26_85,VPWR,li1,44.8500,84.3200,1.799994
FILLER_0_26_72,VPWR,li1,41.4000,84.3200,1.799994
FILLER_0_26_61,VPWR,li1,34.2700,84.3200,1.799995
FILLER_0_26_53,VPWR,li1,31.7400,84.3200,1.799994
FILLER_0_26_39,VPWR,li1,25.3000,84.3200,1.799993
FILLER_0_26_33,VPWR,li1,20.9300,84.3200,1.799994
FILLER_0_26_29,VPWR,li1,19.7800,84.3200,1.799995
FILLER_0_26_27,VPWR,li1,18.1700,84.3200,1.799995
FILLER_0_26_19,VPWR,li1,16.1000,84.3200,1.799995
FILLER_0_26_7,VPWR,li1,8.9700,84.3200,1.799997
FILLER_0_26_3,VPWR,li1,7.8200,84.3200,1.799997
FILLER_0_25_113,VPWR,li1,60.2600,78.8800,1.799973
FILLER_0_25_106,VPWR,li1,55.6600,78.8800,1.799961
FILLER_0_25_57,VPWR,li1,33.5800,78.8800,1.799983
FILLER_0_25_54,VPWR,li1,30.8200,78.8800,1.799985
FILLER_0_25_50,VPWR,li1,28.7500,78.8800,1.799986
FILLER_0_25_46,VPWR,li1,27.6000,78.8800,1.799986
FILLER_0_25_40,VPWR,li1,24.1500,78.8800,1.799988
FILLER_0_25_34,VPWR,li1,22.5400,78.8800,1.799988
FILLER_0_25_22,VPWR,li1,18.4000,78.8800,1.799991
FILLER_0_25_10,VPWR,li1,12.8800,78.8800,1.799993
FILLER_0_25_3,VPWR,li1,7.8200,78.8800,1.799995
FILLER_0_24_116,VPWR,li1,59.1100,78.8800,1.799967
FILLER_0_24_112,VPWR,li1,57.9600,78.8800,1.799967
FILLER_0_24_91,VPWR,li1,47.6100,78.8800,1.799962
FILLER_0_24_80,VPWR,li1,43.2400,78.8800,1.799966
FILLER_0_24_68,VPWR,li1,39.5600,78.8800,1.799973
FILLER_0_24_56,VPWR,li1,34.0400,78.8800,1.799983
FILLER_0_24_48,VPWR,li1,28.0600,78.8800,1.799986
FILLER_0_24_40,VPWR,li1,25.7600,78.8800,1.799987
FILLER_0_24_29,VPWR,li1,20.7000,78.8800,1.799989
FILLER_0_24_27,VPWR,li1,18.1700,78.8800,1.799991
FILLER_0_24_15,VPWR,li1,15.1800,78.8800,1.799992
FILLER_0_24_3,VPWR,li1,9.6600,78.8800,1.799995
FILLER_0_23_113,VPWR,li1,58.8800,73.4400,1.799962
FILLER_0_23_83,VPWR,li1,45.0800,73.4400,1.799937
FILLER_0_23_57,VPWR,li1,33.1200,73.4400,1.799954
FILLER_0_23_48,VPWR,li1,29.4400,73.4400,1.799959
FILLER_0_23_36,VPWR,li1,24.8400,73.4400,1.799965
FILLER_0_23_24,VPWR,li1,19.3200,73.4400,1.799974
FILLER_0_23_17,VPWR,li1,14.2600,73.4400,1.799983
FILLER_0_23_11,VPWR,li1,11.2700,73.4400,1.799986
FILLER_0_23_3,VPWR,li1,8.7400,73.4400,1.799986
FILLER_0_22_100,VPWR,li1,52.4400,73.4400,1.799947
FILLER_0_22_59,VPWR,li1,32.8900,73.4400,1.799956
FILLER_0_22_53,VPWR,li1,31.2800,73.4400,1.799956
FILLER_0_22_41,VPWR,li1,27.1400,73.4400,1.799962
FILLER_0_22_29,VPWR,li1,21.6200,73.4400,1.799970
FILLER_0_22_20,VPWR,li1,16.5600,73.4400,1.799978
FILLER_0_22_11,VPWR,li1,11.0400,73.4400,1.799986
FILLER_0_22_3,VPWR,li1,8.7400,73.4400,1.799986
FILLER_0_21_121,VPWR,li1,61.4100,68.0000,1.799994
FILLER_0_21_113,VPWR,li1,59.3400,68.0000,1.799994
FILLER_0_21_109,VPWR,li1,56.3500,68.0000,1.799992
FILLER_0_21_97,VPWR,li1,52.9000,68.0000,1.799990
FILLER_0_21_72,VPWR,li1,39.1000,68.0000,1.799991
FILLER_0_21_60,VPWR,li1,35.8800,68.0000,1.799994
FILLER_0_21_50,VPWR,li1,29.9000,68.0000,1.799993
FILLER_0_21_38,VPWR,li1,25.7600,68.0000,1.799993
FILLER_0_21_23,VPWR,li1,18.8600,68.0000,1.799993
FILLER_0_21_11,VPWR,li1,13.3400,68.0000,1.799992
FILLER_0_21_3,VPWR,li1,7.1300,68.0000,1.799994
FILLER_0_20_124,VPWR,li1,62.7900,68.0000,1.799994
FILLER_0_20_118,VPWR,li1,61.1800,68.0000,1.799994
FILLER_0_20_106,VPWR,li1,57.0400,68.0000,1.799992
FILLER_0_20_78,VPWR,li1,42.0900,68.0000,1.799989
FILLER_0_20_70,VPWR,li1,39.5600,68.0000,1.799991
FILLER_0_20_58,VPWR,li1,34.9600,68.0000,1.799994
FILLER_0_20_49,VPWR,li1,28.5200,68.0000,1.799993
FILLER_0_20_41,VPWR,li1,26.2200,68.0000,1.799993
FILLER_0_20_32,VPWR,li1,20.7000,68.0000,1.799993
FILLER_0_20_27,VPWR,li1,18.1700,68.0000,1.799993
FILLER_0_20_3,VPWR,li1,7.1300,68.0000,1.799994
FILLER_0_19_124,VPWR,li1,62.7900,62.5600,1.800000
FILLER_0_19_118,VPWR,li1,61.1800,62.5600,1.800000
FILLER_0_19_111,VPWR,li1,56.8100,62.5600,1.800000
FILLER_0_19_105,VPWR,li1,55.2000,62.5600,1.800000
FILLER_0_19_93,VPWR,li1,51.0600,62.5600,1.800000
FILLER_0_19_88,VPWR,li1,46.4600,62.5600,1.800000
FILLER_0_19_80,VPWR,li1,44.1600,62.5600,1.800000
FILLER_0_19_75,VPWR,li1,40.2500,62.5600,1.800000
FILLER_0_19_69,VPWR,li1,38.6400,62.5600,1.800000
FILLER_0_19_57,VPWR,li1,34.5000,62.5600,1.800000
FILLER_0_19_55,VPWR,li1,31.0500,62.5600,1.800000
FILLER_0_19_47,VPWR,li1,28.9800,62.5600,1.800000
FILLER_0_19_35,VPWR,li1,22.3100,62.5600,1.800000
FILLER_0_19_27,VPWR,li1,19.7800,62.5600,1.800000
FILLER_0_19_15,VPWR,li1,15.1800,62.5600,1.800000
FILLER_0_19_3,VPWR,li1,9.6600,62.5600,1.800000
FILLER_0_18_117,VPWR,li1,61.1800,62.5600,1.800000
FILLER_0_18_109,VPWR,li1,55.8900,62.5600,1.800000
FILLER_0_18_97,VPWR,li1,52.9000,62.5600,1.800000
FILLER_0_18_85,VPWR,li1,47.3800,62.5600,1.800000
FILLER_0_18_78,VPWR,li1,42.7800,62.5600,1.800000
FILLER_0_18_66,VPWR,li1,38.6400,62.5600,1.800000
FILLER_0_18_54,VPWR,li1,33.1200,62.5600,1.800000
FILLER_0_18_49,VPWR,li1,28.2900,62.5600,1.800000
FILLER_0_18_41,VPWR,li1,26.2200,62.5600,1.800000
FILLER_0_18_29,VPWR,li1,21.6200,62.5600,1.800000
FILLER_0_18_27,VPWR,li1,18.1700,62.5600,1.800000
FILLER_0_18_15,VPWR,li1,15.1800,62.5600,1.800000
FILLER_0_18_3,VPWR,li1,9.6600,62.5600,1.800000
FILLER_0_17_119,VPWR,li1,61.6400,57.1200,1.799981
FILLER_0_17_93,VPWR,li1,51.0600,57.1200,1.799964
FILLER_0_17_71,VPWR,li1,38.6400,57.1200,1.799961
FILLER_0_17_65,VPWR,li1,36.1100,57.1200,1.799969
FILLER_0_17_57,VPWR,li1,33.5800,57.1200,1.799971
FILLER_0_17_55,VPWR,li1,31.0500,57.1200,1.799974
FILLER_0_17_49,VPWR,li1,29.4400,57.1200,1.799974
FILLER_0_17_37,VPWR,li1,25.3000,57.1200,1.799978
FILLER_0_17_25,VPWR,li1,19.7800,57.1200,1.799982
FILLER_0_17_13,VPWR,li1,14.2600,57.1200,1.799988
FILLER_0_17_7,VPWR,li1,8.9700,57.1200,1.799992
FILLER_0_17_3,VPWR,li1,7.8200,57.1200,1.799992
FILLER_0_16_123,VPWR,li1,62.5600,57.1200,1.799981
FILLER_0_16_99,VPWR,li1,51.2900,57.1200,1.799964
FILLER_0_16_93,VPWR,li1,49.6800,57.1200,1.799964
FILLER_0_16_58,VPWR,li1,33.5800,57.1200,1.799971
FILLER_0_16_46,VPWR,li1,29.4400,57.1200,1.799974
FILLER_0_16_41,VPWR,li1,24.8400,57.1200,1.799978
FILLER_0_16_33,VPWR,li1,20.9300,57.1200,1.799982
FILLER_0_16_29,VPWR,li1,19.7800,57.1200,1.799982
FILLER_0_16_27,VPWR,li1,18.1700,57.1200,1.799985
FILLER_0_16_15,VPWR,li1,13.3400,57.1200,1.799988
FILLER_0_16_3,VPWR,li1,9.6600,57.1200,1.799992
FILLER_0_15_118,VPWR,li1,60.7200,51.6800,1.799998
FILLER_0_15_109,VPWR,li1,56.3500,51.6800,1.799997
FILLER_0_15_97,VPWR,li1,52.9000,51.6800,1.799996
FILLER_0_15_85,VPWR,li1,47.3800,51.6800,1.799996
FILLER_0_15_55,VPWR,li1,31.0500,51.6800,1.799994
FILLER_0_15_49,VPWR,li1,29.4400,51.6800,1.799994
FILLER_0_15_37,VPWR,li1,25.3000,51.6800,1.799993
FILLER_0_15_15,VPWR,li1,12.8800,51.6800,1.799994
FILLER_0_15_3,VPWR,li1,9.6600,51.6800,1.799995
FILLER_0_14_123,VPWR,li1,62.5600,51.6800,1.799998
FILLER_0_14_111,VPWR,li1,59.3400,51.6800,1.799998
FILLER_0_14_97,VPWR,li1,51.5200,51.6800,1.799996
FILLER_0_14_85,VPWR,li1,47.3800,51.6800,1.799996
FILLER_0_14_80,VPWR,li1,43.2400,51.6800,1.799995
FILLER_0_14_65,VPWR,li1,37.2600,51.6800,1.799994
FILLER_0_14_53,VPWR,li1,32.6600,51.6800,1.799994
FILLER_0_14_41,VPWR,li1,27.1400,51.6800,1.799993
FILLER_0_14_29,VPWR,li1,21.6200,51.6800,1.799992
FILLER_0_14_25,VPWR,li1,17.7100,51.6800,1.799992
FILLER_0_14_19,VPWR,li1,14.4900,51.6800,1.799994
FILLER_0_14_15,VPWR,li1,13.3400,51.6800,1.799994
FILLER_0_14_3,VPWR,li1,9.6600,51.6800,1.799995
FILLER_0_13_113,VPWR,li1,60.2600,46.2400,1.799996
FILLER_0_13_111,VPWR,li1,56.8100,46.2400,1.799994
FILLER_0_13_105,VPWR,li1,55.2000,46.2400,1.799994
FILLER_0_13_93,VPWR,li1,51.0600,46.2400,1.799993
FILLER_0_13_81,VPWR,li1,45.5400,46.2400,1.799994
FILLER_0_13_73,VPWR,li1,39.3300,46.2400,1.799995
FILLER_0_13_69,VPWR,li1,38.1800,46.2400,1.799995
FILLER_0_13_57,VPWR,li1,34.5000,46.2400,1.799996
FILLER_0_13_54,VPWR,li1,30.8200,46.2400,1.799995
FILLER_0_13_46,VPWR,li1,28.5200,46.2400,1.799994
FILLER_0_13_34,VPWR,li1,23.9200,46.2400,1.799992
FILLER_0_13_22,VPWR,li1,17.0200,46.2400,1.799994
FILLER_0_13_10,VPWR,li1,12.8800,46.2400,1.799996
FILLER_0_13_3,VPWR,li1,7.8200,46.2400,1.799997
FILLER_0_12_85,VPWR,li1,46.4600,46.2400,1.799994
FILLER_0_12_81,VPWR,li1,43.4700,46.2400,1.799994
FILLER_0_12_73,VPWR,li1,40.9400,46.2400,1.799995
FILLER_0_12_61,VPWR,li1,36.3400,46.2400,1.799995
FILLER_0_12_49,VPWR,li1,30.8200,46.2400,1.799995
FILLER_0_12_15,VPWR,li1,14.2600,46.2400,1.799996
FILLER_0_12_3,VPWR,li1,9.6600,46.2400,1.799997
FILLER_0_11_113,VPWR,li1,57.7300,40.8000,1.800000
FILLER_0_11_108,VPWR,li1,55.4300,40.8000,1.800000
FILLER_0_11_102,VPWR,li1,53.8200,40.8000,1.800000
FILLER_0_11_93,VPWR,li1,49.6800,40.8000,1.800000
FILLER_0_11_81,VPWR,li1,45.5400,40.8000,1.800000
FILLER_0_11_69,VPWR,li1,40.0200,40.8000,1.800000
FILLER_0_11_57,VPWR,li1,34.5000,40.8000,1.800000
FILLER_0_11_48,VPWR,li1,29.4400,40.8000,1.800000
FILLER_0_11_36,VPWR,li1,24.8400,40.8000,1.800000
FILLER_0_11_24,VPWR,li1,19.3200,40.8000,1.800000
FILLER_0_11_15,VPWR,li1,13.8000,40.8000,1.800000
FILLER_0_11_3,VPWR,li1,9.6600,40.8000,1.800000
FILLER_0_10_121,VPWR,li1,62.1000,40.8000,1.800000
FILLER_0_10_109,VPWR,li1,58.4200,40.8000,1.800000
FILLER_0_10_97,VPWR,li1,52.9000,40.8000,1.800000
FILLER_0_10_85,VPWR,li1,47.3800,40.8000,1.800000
FILLER_0_10_83,VPWR,li1,43.9300,40.8000,1.800000
FILLER_0_10_77,VPWR,li1,42.3200,40.8000,1.800000
FILLER_0_10_65,VPWR,li1,38.1800,40.8000,1.800000
FILLER_0_10_53,VPWR,li1,32.6600,40.8000,1.800000
FILLER_0_10_41,VPWR,li1,27.1400,40.8000,1.800000
FILLER_0_10_29,VPWR,li1,21.6200,40.8000,1.800000
FILLER_0_10_26,VPWR,li1,17.9400,40.8000,1.800000
FILLER_0_10_3,VPWR,li1,8.7400,40.8000,1.800000
FILLER_0_9_118,VPWR,li1,60.7200,35.3600,1.799985
FILLER_0_9_100,VPWR,li1,54.2800,35.3600,1.799975
FILLER_0_9_77,VPWR,li1,41.4000,35.3600,1.799966
FILLER_0_9_49,VPWR,li1,28.2900,35.3600,1.799967
FILLER_0_9_43,VPWR,li1,26.6800,35.3600,1.799967
FILLER_0_9_31,VPWR,li1,22.5400,35.3600,1.799973
FILLER_0_9_23,VPWR,li1,16.5600,35.3600,1.799979
FILLER_0_9_15,VPWR,li1,14.2600,35.3600,1.799982
FILLER_0_9_3,VPWR,li1,9.6600,35.3600,1.799988
FILLER_0_8_123,VPWR,li1,62.5600,35.3600,1.799985
FILLER_0_8_85,VPWR,li1,45.5400,35.3600,1.799967
FILLER_0_8_82,VPWR,li1,43.7000,35.3600,1.799966
FILLER_0_8_74,VPWR,li1,41.4000,35.3600,1.799966
FILLER_0_8_62,VPWR,li1,36.8000,35.3600,1.799964
FILLER_0_8_29,VPWR,li1,21.6200,35.3600,1.799973
FILLER_0_8_27,VPWR,li1,18.1700,35.3600,1.799979
FILLER_0_8_15,VPWR,li1,15.1800,35.3600,1.799982
FILLER_0_8_3,VPWR,li1,9.6600,35.3600,1.799988
FILLER_0_7_124,VPWR,li1,62.7900,29.9200,1.799979
FILLER_0_7_113,VPWR,li1,58.1900,29.9200,1.799973
FILLER_0_7_111,VPWR,li1,56.8100,29.9200,1.799973
FILLER_0_7_103,VPWR,li1,53.1300,29.9200,1.799965
FILLER_0_7_99,VPWR,li1,51.9800,29.9200,1.799960
FILLER_0_7_57,VPWR,li1,31.9700,29.9200,1.799979
FILLER_0_7_55,VPWR,li1,31.0500,29.9200,1.799980
FILLER_0_7_51,VPWR,li1,29.9000,29.9200,1.799980
FILLER_0_7_39,VPWR,li1,26.2200,29.9200,1.799983
FILLER_0_7_30,VPWR,li1,20.7000,29.9200,1.799986
FILLER_0_7_23,VPWR,li1,16.7900,29.9200,1.799989
FILLER_0_7_12,VPWR,li1,11.7300,29.9200,1.799993
FILLER_0_7_3,VPWR,li1,8.2800,29.9200,1.799993
FILLER_0_6_124,VPWR,li1,62.7900,29.9200,1.799979
FILLER_0_6_112,VPWR,li1,59.8000,29.9200,1.799979
FILLER_0_6_101,VPWR,li1,52.2100,29.9200,1.799960
FILLER_0_6_97,VPWR,li1,51.0600,29.9200,1.799960
FILLER_0_6_85,VPWR,li1,47.3800,29.9200,1.799951
FILLER_0_6_62,VPWR,li1,34.2700,29.9200,1.799977
FILLER_0_6_58,VPWR,li1,33.1200,29.9200,1.799979
FILLER_0_6_46,VPWR,li1,29.4400,29.9200,1.799980
FILLER_0_6_37,VPWR,li1,23.0000,29.9200,1.799985
FILLER_0_6_29,VPWR,li1,20.7000,29.9200,1.799986
FILLER_0_6_27,VPWR,li1,18.1700,29.9200,1.799988
FILLER_0_6_19,VPWR,li1,16.1000,29.9200,1.799989
FILLER_0_6_15,VPWR,li1,12.6500,29.9200,1.799992
FILLER_0_6_3,VPWR,li1,9.6600,29.9200,1.799993
FILLER_0_5_121,VPWR,li1,61.4100,24.4800,1.799995
FILLER_0_5_113,VPWR,li1,59.3400,24.4800,1.799995
FILLER_0_5_110,VPWR,li1,56.5800,24.4800,1.799993
FILLER_0_5_98,VPWR,li1,53.3600,24.4800,1.799991
FILLER_0_5_94,VPWR,li1,48.9900,24.4800,1.799988
FILLER_0_5_90,VPWR,li1,47.8400,24.4800,1.799988
FILLER_0_5_65,VPWR,li1,35.8800,24.4800,1.799988
FILLER_0_5_57,VPWR,li1,33.5800,24.4800,1.799986
FILLER_0_5_30,VPWR,li1,19.7800,24.4800,1.799988
FILLER_0_5_22,VPWR,li1,17.4800,24.4800,1.799990
FILLER_0_5_10,VPWR,li1,12.8800,24.4800,1.799992
FILLER_0_4_124,VPWR,li1,62.7900,24.4800,1.799995
FILLER_0_4_116,VPWR,li1,60.7200,24.4800,1.799995
FILLER_0_4_104,VPWR,li1,54.7400,24.4800,1.799992
FILLER_0_4_97,VPWR,li1,50.3700,24.4800,1.799989
FILLER_0_4_85,VPWR,li1,47.3800,24.4800,1.799988
FILLER_0_4_29,VPWR,li1,21.6200,24.4800,1.799987
FILLER_0_4_27,VPWR,li1,18.1700,24.4800,1.799990
FILLER_0_4_15,VPWR,li1,15.1800,24.4800,1.799991
FILLER_0_4_7,VPWR,li1,8.9700,24.4800,1.799994
FILLER_0_4_3,VPWR,li1,7.1300,24.4800,1.799994
FILLER_0_3_113,VPWR,li1,60.2600,19.0400,1.799994
FILLER_0_3_73,VPWR,li1,41.8600,19.0400,1.799991
FILLER_0_3_61,VPWR,li1,33.8100,19.0400,1.799991
FILLER_0_3_57,VPWR,li1,31.9700,19.0400,1.799991
FILLER_0_3_55,VPWR,li1,31.0500,19.0400,1.799991
FILLER_0_3_51,VPWR,li1,29.9000,19.0400,1.799990
FILLER_0_3_40,VPWR,li1,25.7600,19.0400,1.799990
FILLER_0_3_28,VPWR,li1,21.1600,19.0400,1.799992
FILLER_0_3_23,VPWR,li1,16.5600,19.0400,1.799993
FILLER_0_3_15,VPWR,li1,14.2600,19.0400,1.799994
FILLER_0_3_3,VPWR,li1,9.6600,19.0400,1.799996
FILLER_0_2_124,VPWR,li1,62.7900,19.0400,1.799994
FILLER_0_2_120,VPWR,li1,61.6400,19.0400,1.799994
FILLER_0_2_115,VPWR,li1,58.8800,19.0400,1.799994
FILLER_0_2_111,VPWR,li1,56.8100,19.0400,1.799993
FILLER_0_2_100,VPWR,li1,52.2100,19.0400,1.799991
FILLER_0_2_92,VPWR,li1,49.6800,19.0400,1.799991
FILLER_0_2_83,VPWR,li1,43.9300,19.0400,1.799991
FILLER_0_2_77,VPWR,li1,42.3200,19.0400,1.799991
FILLER_0_2_27,VPWR,li1,18.1700,19.0400,1.799993
FILLER_0_2_15,VPWR,li1,15.1800,19.0400,1.799994
FILLER_0_2_3,VPWR,li1,9.6600,19.0400,1.799996
FILLER_0_1_123,VPWR,li1,62.5600,13.6000,1.799999
FILLER_0_1_119,VPWR,li1,60.4900,13.6000,1.799999
FILLER_0_1_113,VPWR,li1,58.8800,13.6000,1.799999
FILLER_0_1_111,VPWR,li1,56.8100,13.6000,1.799999
FILLER_0_1_96,VPWR,li1,51.5200,13.6000,1.799999
FILLER_0_1_91,VPWR,li1,47.6100,13.6000,1.799998
FILLER_0_1_83,VPWR,li1,44.1600,13.6000,1.799998
FILLER_0_1_69,VPWR,li1,38.6400,13.6000,1.799998
FILLER_0_1_57,VPWR,li1,34.5000,13.6000,1.799997
FILLER_0_1_27,VPWR,li1,18.8600,13.6000,1.799995
FILLER_0_1_23,VPWR,li1,16.3300,13.6000,1.799996
FILLER_0_1_15,VPWR,li1,14.2600,13.6000,1.799997
FILLER_0_1_3,VPWR,li1,9.6600,13.6000,1.799997
FILLER_0_0_124,VPWR,li1,62.7900,13.6000,1.799999
FILLER_0_0_117,VPWR,li1,59.5700,13.6000,1.799999
FILLER_0_0_113,VPWR,li1,58.4200,13.6000,1.799999
FILLER_0_0_108,VPWR,li1,55.4300,13.6000,1.799999
FILLER_0_0_96,VPWR,li1,52.4400,13.6000,1.799999
FILLER_0_0_88,VPWR,li1,46.4600,13.6000,1.799998
FILLER_0_0_82,VPWR,li1,43.7000,13.6000,1.799998
FILLER_0_0_74,VPWR,li1,41.4000,13.6000,1.799998
FILLER_0_0_69,VPWR,li1,37.7200,13.6000,1.799998
FILLER_0_0_57,VPWR,li1,34.5000,13.6000,1.799997
FILLER_0_0_48,VPWR,li1,29.4400,13.6000,1.799996
FILLER_0_0_41,VPWR,li1,25.3000,13.6000,1.799994
FILLER_0_0_29,VPWR,li1,21.6200,13.6000,1.799994
FILLER_0_0_22,VPWR,li1,17.0200,13.6000,1.799996
FILLER_0_0_10,VPWR,li1,12.8800,13.6000,1.799997
FILLER_0_0_3,VPWR,li1,7.8200,13.6000,1.799997
clkload2,VPWR,li1,50.8300,73.4400,1.799947
clkload1,VPWR,li1,38.6400,73.4400,1.799928
clkload0,VPWR,li1,29.9000,35.3600,1.799964
clkbuf_2_3__f_CLK100MHZ,VPWR,li1,52.4400,78.8800,1.799952
clkbuf_2_2__f_CLK100MHZ,VPWR,li1,39.1000,73.4400,1.799928
clkbuf_2_1__f_CLK100MHZ,VPWR,li1,46.4600,29.9200,1.799951
clkbuf_2_0__f_CLK100MHZ,VPWR,li1,36.3400,35.3600,1.799964
clkbuf_0_CLK100MHZ,VPWR,li1,39.5600,57.1200,1.799953
ZeroToFiveCounter_8,VPWR,li1,61.8700,13.6000,1.799999
output7,VPWR,li1,60.4900,13.6000,1.799999
output6,VPWR,li1,62.3300,24.4800,1.799995
output5,VPWR,li1,62.3300,40.8000,1.800000
output4,VPWR,li1,62.3300,51.6800,1.799998
output3,VPWR,li1,62.3300,68.0000,1.799994
output2,VPWR,li1,62.3300,84.3200,1.799996
output1,VPWR,li1,60.4900,95.2000,1.800000
ZeroToFiveCounter_9,VPWR,li1,45.3100,13.6000,1.799998
ZeroToFiveCounter_11,VPWR,li1,9.4300,13.6000,1.799997
ZeroToFiveCounter_10,VPWR,li1,26.9100,13.6000,1.799995
TAP_TAPCELL_ROW_31_131,VPWR,li1,57.2700,95.5060,1.800000
TAP_TAPCELL_ROW_31_130,VPWR,li1,44.3900,95.5060,1.800000
TAP_TAPCELL_ROW_31_129,VPWR,li1,31.5100,95.5060,1.800000
TAP_TAPCELL_ROW_31_128,VPWR,li1,18.6300,95.5060,1.800000
TAP_TAPCELL_ROW_30_127,VPWR,li1,44.3900,94.8930,1.800000
TAP_TAPCELL_ROW_30_126,VPWR,li1,18.6300,94.8930,1.800000
TAP_TAPCELL_ROW_29_125,VPWR,li1,57.2700,90.0660,1.799998
TAP_TAPCELL_ROW_29_124,VPWR,li1,31.5100,90.0660,1.799997
TAP_TAPCELL_ROW_28_123,VPWR,li1,44.3900,89.4530,1.799996
TAP_TAPCELL_ROW_28_122,VPWR,li1,18.6300,89.4530,1.799998
TAP_TAPCELL_ROW_27_121,VPWR,li1,57.2700,84.6260,1.799995
TAP_TAPCELL_ROW_27_120,VPWR,li1,31.5100,84.6260,1.799994
TAP_TAPCELL_ROW_26_119,VPWR,li1,44.3900,84.0130,1.799994
TAP_TAPCELL_ROW_26_118,VPWR,li1,18.6300,84.0130,1.799995
TAP_TAPCELL_ROW_25_117,VPWR,li1,57.2700,79.1860,1.799961
TAP_TAPCELL_ROW_25_116,VPWR,li1,31.5100,79.1860,1.799984
TAP_TAPCELL_ROW_24_115,VPWR,li1,44.3900,78.5730,1.799966
TAP_TAPCELL_ROW_24_114,VPWR,li1,18.6300,78.5730,1.799991
TAP_TAPCELL_ROW_23_113,VPWR,li1,57.2700,73.7460,1.799962
TAP_TAPCELL_ROW_23_112,VPWR,li1,31.5100,73.7460,1.799956
TAP_TAPCELL_ROW_22_111,VPWR,li1,44.3900,73.1330,1.799937
TAP_TAPCELL_ROW_22_110,VPWR,li1,18.6300,73.1330,1.799974
TAP_TAPCELL_ROW_21_109,VPWR,li1,57.2700,68.3060,1.799992
TAP_TAPCELL_ROW_21_108,VPWR,li1,31.5100,68.3060,1.799993
TAP_TAPCELL_ROW_20_107,VPWR,li1,44.3900,67.6930,1.799988
TAP_TAPCELL_ROW_20_106,VPWR,li1,18.6300,67.6930,1.799993
TAP_TAPCELL_ROW_19_105,VPWR,li1,57.2700,62.8660,1.800000
TAP_TAPCELL_ROW_19_104,VPWR,li1,31.5100,62.8660,1.800000
TAP_TAPCELL_ROW_18_103,VPWR,li1,44.3900,62.2530,1.800000
TAP_TAPCELL_ROW_18_102,VPWR,li1,18.6300,62.2530,1.800000
TAP_TAPCELL_ROW_17_101,VPWR,li1,57.2700,57.4260,1.799975
TAP_TAPCELL_ROW_17_100,VPWR,li1,31.5100,57.4260,1.799972
TAP_TAPCELL_ROW_16_99,VPWR,li1,44.3900,56.8130,1.799956
TAP_TAPCELL_ROW_16_98,VPWR,li1,18.6300,56.8130,1.799985
TAP_TAPCELL_ROW_15_97,VPWR,li1,57.2700,51.9860,1.799998
TAP_TAPCELL_ROW_15_96,VPWR,li1,31.5100,51.9860,1.799994
TAP_TAPCELL_ROW_14_95,VPWR,li1,44.3900,51.3730,1.799995
TAP_TAPCELL_ROW_14_94,VPWR,li1,18.6300,51.3730,1.799992
TAP_TAPCELL_ROW_13_93,VPWR,li1,57.2700,46.5460,1.799995
TAP_TAPCELL_ROW_13_92,VPWR,li1,31.5100,46.5460,1.799995
TAP_TAPCELL_ROW_12_91,VPWR,li1,44.3900,45.9330,1.799994
TAP_TAPCELL_ROW_12_90,VPWR,li1,18.6300,45.9330,1.799994
TAP_TAPCELL_ROW_11_89,VPWR,li1,57.2700,41.1060,1.800000
TAP_TAPCELL_ROW_11_88,VPWR,li1,31.5100,41.1060,1.800000
TAP_TAPCELL_ROW_10_87,VPWR,li1,44.3900,40.4930,1.800000
TAP_TAPCELL_ROW_10_86,VPWR,li1,18.6300,40.4930,1.800000
TAP_TAPCELL_ROW_9_85,VPWR,li1,57.2700,35.6660,1.799980
TAP_TAPCELL_ROW_9_84,VPWR,li1,31.5100,35.6660,1.799964
TAP_TAPCELL_ROW_8_83,VPWR,li1,44.3900,35.0530,1.799966
TAP_TAPCELL_ROW_8_82,VPWR,li1,18.6300,35.0530,1.799977
TAP_TAPCELL_ROW_7_81,VPWR,li1,57.2700,30.2260,1.799973
TAP_TAPCELL_ROW_7_80,VPWR,li1,31.5100,30.2260,1.799979
TAP_TAPCELL_ROW_6_79,VPWR,li1,44.3900,29.6130,1.799954
TAP_TAPCELL_ROW_6_78,VPWR,li1,18.6300,29.6130,1.799988
TAP_TAPCELL_ROW_5_77,VPWR,li1,57.2700,24.7860,1.799993
TAP_TAPCELL_ROW_5_76,VPWR,li1,31.5100,24.7860,1.799985
TAP_TAPCELL_ROW_4_75,VPWR,li1,44.3900,24.1730,1.799986
TAP_TAPCELL_ROW_4_74,VPWR,li1,18.6300,24.1730,1.799990
TAP_TAPCELL_ROW_3_73,VPWR,li1,57.2700,19.3460,1.799993
TAP_TAPCELL_ROW_3_72,VPWR,li1,31.5100,19.3460,1.799991
TAP_TAPCELL_ROW_2_71,VPWR,li1,44.3900,18.7330,1.799991
TAP_TAPCELL_ROW_2_70,VPWR,li1,18.6300,18.7330,1.799992
TAP_TAPCELL_ROW_1_69,VPWR,li1,57.2700,13.9060,1.799999
TAP_TAPCELL_ROW_1_68,VPWR,li1,31.5100,13.9060,1.799996
TAP_TAPCELL_ROW_0_67,VPWR,li1,57.2700,13.2930,1.799999
TAP_TAPCELL_ROW_0_66,VPWR,li1,44.3900,13.2930,1.799998
TAP_TAPCELL_ROW_0_65,VPWR,li1,31.5100,13.2930,1.799996
TAP_TAPCELL_ROW_0_64,VPWR,li1,18.6300,13.2930,1.799995
PHY_EDGE_ROW_31_Left_63,VPWR,li1,6.2100,95.2000,1.800000
PHY_EDGE_ROW_30_Left_62,VPWR,li1,6.2100,95.2000,1.800000
PHY_EDGE_ROW_29_Left_61,VPWR,li1,6.2100,89.7600,1.799999
PHY_EDGE_ROW_28_Left_60,VPWR,li1,6.2100,89.7600,1.799999
PHY_EDGE_ROW_27_Left_59,VPWR,li1,6.2100,84.3200,1.799997
PHY_EDGE_ROW_26_Left_58,VPWR,li1,6.2100,84.3200,1.799997
PHY_EDGE_ROW_25_Left_57,VPWR,li1,6.2100,78.8800,1.799995
PHY_EDGE_ROW_24_Left_56,VPWR,li1,6.2100,78.8800,1.799995
PHY_EDGE_ROW_23_Left_55,VPWR,li1,6.2100,73.4400,1.799986
PHY_EDGE_ROW_22_Left_54,VPWR,li1,6.2100,73.4400,1.799986
PHY_EDGE_ROW_21_Left_53,VPWR,li1,6.2100,68.0000,1.799994
PHY_EDGE_ROW_20_Left_52,VPWR,li1,6.2100,68.0000,1.799994
PHY_EDGE_ROW_19_Left_51,VPWR,li1,6.2100,62.5600,1.800000
PHY_EDGE_ROW_18_Left_50,VPWR,li1,6.2100,62.5600,1.800000
PHY_EDGE_ROW_17_Left_49,VPWR,li1,6.2100,57.1200,1.799992
PHY_EDGE_ROW_16_Left_48,VPWR,li1,6.2100,57.1200,1.799992
PHY_EDGE_ROW_15_Left_47,VPWR,li1,6.2100,51.6800,1.799995
PHY_EDGE_ROW_14_Left_46,VPWR,li1,6.2100,51.6800,1.799995
PHY_EDGE_ROW_13_Left_45,VPWR,li1,6.2100,46.2400,1.799997
PHY_EDGE_ROW_12_Left_44,VPWR,li1,6.2100,46.2400,1.799997
PHY_EDGE_ROW_11_Left_43,VPWR,li1,6.2100,40.8000,1.800000
PHY_EDGE_ROW_10_Left_42,VPWR,li1,6.2100,40.8000,1.800000
PHY_EDGE_ROW_9_Left_41,VPWR,li1,6.2100,35.3600,1.799988
PHY_EDGE_ROW_8_Left_40,VPWR,li1,6.2100,35.3600,1.799988
PHY_EDGE_ROW_7_Left_39,VPWR,li1,6.2100,29.9200,1.799993
PHY_EDGE_ROW_6_Left_38,VPWR,li1,6.2100,29.9200,1.799993
PHY_EDGE_ROW_5_Left_37,VPWR,li1,6.2100,24.4800,1.799994
PHY_EDGE_ROW_4_Left_36,VPWR,li1,6.2100,24.4800,1.799994
PHY_EDGE_ROW_3_Left_35,VPWR,li1,6.2100,19.0400,1.799996
PHY_EDGE_ROW_2_Left_34,VPWR,li1,6.2100,19.0400,1.799996
PHY_EDGE_ROW_1_Left_33,VPWR,li1,6.2100,13.6000,1.799997
PHY_EDGE_ROW_0_Left_32,VPWR,li1,6.2100,13.6000,1.799997
PHY_EDGE_ROW_31_Right_31,VPWR,li1,63.7100,95.2000,1.800000
PHY_EDGE_ROW_30_Right_30,VPWR,li1,63.7100,95.2000,1.800000
PHY_EDGE_ROW_29_Right_29,VPWR,li1,63.7100,89.7600,1.799998
PHY_EDGE_ROW_28_Right_28,VPWR,li1,63.7100,89.7600,1.799998
PHY_EDGE_ROW_27_Right_27,VPWR,li1,63.7100,84.3200,1.799996
PHY_EDGE_ROW_26_Right_26,VPWR,li1,63.7100,84.3200,1.799996
PHY_EDGE_ROW_25_Right_25,VPWR,li1,63.7100,78.8800,1.799973
PHY_EDGE_ROW_24_Right_24,VPWR,li1,63.7100,78.8800,1.799973
PHY_EDGE_ROW_23_Right_23,VPWR,li1,63.7100,73.4400,1.799971
PHY_EDGE_ROW_22_Right_22,VPWR,li1,63.7100,73.4400,1.799971
PHY_EDGE_ROW_21_Right_21,VPWR,li1,63.7100,68.0000,1.799994
PHY_EDGE_ROW_20_Right_20,VPWR,li1,63.7100,68.0000,1.799994
PHY_EDGE_ROW_19_Right_19,VPWR,li1,63.7100,62.5600,1.800000
PHY_EDGE_ROW_18_Right_18,VPWR,li1,63.7100,62.5600,1.800000
PHY_EDGE_ROW_17_Right_17,VPWR,li1,63.7100,57.1200,1.799981
PHY_EDGE_ROW_16_Right_16,VPWR,li1,63.7100,57.1200,1.799981
PHY_EDGE_ROW_15_Right_15,VPWR,li1,63.7100,51.6800,1.799998
PHY_EDGE_ROW_14_Right_14,VPWR,li1,63.7100,51.6800,1.799998
PHY_EDGE_ROW_13_Right_13,VPWR,li1,63.7100,46.2400,1.799996
PHY_EDGE_ROW_12_Right_12,VPWR,li1,63.7100,46.2400,1.799996
PHY_EDGE_ROW_11_Right_11,VPWR,li1,63.7100,40.8000,1.800000
PHY_EDGE_ROW_10_Right_10,VPWR,li1,63.7100,40.8000,1.800000
PHY_EDGE_ROW_9_Right_9,VPWR,li1,63.7100,35.3600,1.799985
PHY_EDGE_ROW_8_Right_8,VPWR,li1,63.7100,35.3600,1.799985
PHY_EDGE_ROW_7_Right_7,VPWR,li1,63.7100,29.9200,1.799979
PHY_EDGE_ROW_6_Right_6,VPWR,li1,63.7100,29.9200,1.799979
PHY_EDGE_ROW_5_Right_5,VPWR,li1,63.7100,24.4800,1.799995
PHY_EDGE_ROW_4_Right_4,VPWR,li1,63.7100,24.4800,1.799995
PHY_EDGE_ROW_3_Right_3,VPWR,li1,63.7100,19.0400,1.799994
PHY_EDGE_ROW_2_Right_2,VPWR,li1,63.7100,19.0400,1.799994
PHY_EDGE_ROW_1_Right_1,VPWR,li1,63.7100,13.6000,1.799999
PHY_EDGE_ROW_0_Right_0,VPWR,li1,63.7100,13.6000,1.799999
_279_,VPWR,li1,35.6500,89.7600,1.799997
_274_,VPWR,li1,29.6700,24.4800,1.799984
_273_,VPWR,li1,52.9000,84.3200,1.799993
_272_,VPWR,li1,36.3400,19.0400,1.799992
_271_,VPWR,li1,44.1600,68.0000,1.799988
_270_,VPWR,li1,52.4400,19.0400,1.799991
_269_,VPWR,li1,24.3800,13.6000,1.799994
_268_,VPWR,li1,26.4500,24.4800,1.799984
_267_,VPWR,li1,29.2100,35.3600,1.799964
_266_,VPWR,li1,54.0500,35.3600,1.799975
_265_,VPWR,li1,27.1400,19.0400,1.799990
_264_,VPWR,li1,17.9400,51.6800,1.799992
_263_,VPWR,li1,49.4500,68.0000,1.799988
_262_,VPWR,li1,40.7100,89.7600,1.799995
_261_,VPWR,li1,40.2500,78.8800,1.799973
_260_,VPWR,li1,52.9000,46.2400,1.799993
_259_,VPWR,li1,58.1900,73.4400,1.799962
_258_,VPWR,li1,46.6900,35.3600,1.799967
_257_,VPWR,li1,43.7000,57.1200,1.799956
_256_,VPWR,li1,37.0300,29.9200,1.799969
_255_,VPWR,li1,39.3300,29.9200,1.799963
_254_,VPWR,li1,24.6100,84.3200,1.799993
_253_,VPWR,li1,49.6800,78.8800,1.799955
_252_,VPWR,li1,39.5600,24.4800,1.799985
_251_,VPWR,li1,23.4600,46.2400,1.799992
_250_,VPWR,li1,56.8100,57.1200,1.799971
_249_,VPWR,li1,51.7500,73.4400,1.799947
_248_,VPWR,li1,12.6500,68.0000,1.799992
_247_,VPWR,li1,41.6300,24.4800,1.799985
_246_,VPWR,li1,37.0300,51.6800,1.799994
_245_,VPWR,li1,28.2900,19.0400,1.799990
_244_,VPWR,li1,60.0300,19.0400,1.799994
_243_,VPWR,li1,46.6900,89.7600,1.799996
_242_,VPWR,li1,17.7100,19.0400,1.799993
_241_,VPWR,li1,47.1500,35.3600,1.799967
_240_,VPWR,li1,12.6500,73.4400,1.799983
_239_,VPWR,li1,17.2500,13.6000,1.799996
_238_,VPWR,li1,56.3500,40.8000,1.800000
_237_,VPWR,li1,23.2300,78.8800,1.799988
_236_,VPWR,li1,22.7700,95.2000,1.800000
_235_,VPWR,li1,20.9300,24.4800,1.799988
_234_,VPWR,li1,48.5300,35.3600,1.799970
_233_,VPWR,li1,26.4500,62.5600,1.800000
_232_,VPWR,li1,8.0500,24.4800,1.799994
_231_,VPWR,li1,51.7500,40.8000,1.800000
_230_,VPWR,li1,15.8700,40.8000,1.800000
_229_,VPWR,li1,9.4300,78.8800,1.799995
_228_,VPWR,li1,47.6100,62.5600,1.800000
_227_,VPWR,li1,47.6100,13.6000,1.799998
_226_,VPWR,li1,56.8100,95.2000,1.800000
_225_,VPWR,li1,61.4100,13.6000,1.799999
_224_,VPWR,li1,13.5700,29.9200,1.799992
_223_,VPWR,li1,33.8100,89.7600,1.799997
_222_,VPWR,li1,62.3300,89.7600,1.799998
_221_,VPWR,li1,22.7700,29.9200,1.799985
_220_,VPWR,li1,60.9500,40.8000,1.800000
_219_,VPWR,li1,52.6700,89.7600,1.799997
_218_,VPWR,li1,38.8700,13.6000,1.799998
_217_,VPWR,li1,32.4300,68.0000,1.799993
_216_,VPWR,li1,22.3100,68.0000,1.799993
_215_,VPWR,li1,11.7300,84.3200,1.799997
_214_,VPWR,li1,58.8800,57.1200,1.799975
_213_,VPWR,li1,20.7000,19.0400,1.799992
_212_,VPWR,li1,46.2300,19.0400,1.799991
_211_,VPWR,li1,13.1100,73.4400,1.799983
_210_,VPWR,li1,57.7300,19.0400,1.799993
_209_,VPWR,li1,22.3100,84.3200,1.799994
_208_,VPWR,li1,62.1000,95.2000,1.800000
_207_,VPWR,li1,42.0900,84.3200,1.799994
_206_,VPWR,li1,37.0300,19.0400,1.799991
_205_,VPWR,li1,48.7600,13.6000,1.799998
_204_,VPWR,li1,41.8600,13.6000,1.799998
_203_,VPWR,li1,22.7700,68.0000,1.799993
_202_,VPWR,li1,12.4200,40.8000,1.800000
_201_,VPWR,li1,57.7300,62.5600,1.800000
_200_,VPWR,li1,15.8700,40.8000,1.800000
_199_,VPWR,li1,30.5900,68.0000,1.799993
_198_,VPWR,li1,49.4500,68.0000,1.799988
_197_,VPWR,li1,28.5200,84.3200,1.799994
_196_,VPWR,li1,37.4900,57.1200,1.799961
_195_,VPWR,li1,17.4800,84.3200,1.799995
_194_,VPWR,li1,46.0000,13.6000,1.799998
_193_,VPWR,li1,55.4300,57.1200,1.799971
_192_,VPWR,li1,58.6500,35.3600,1.799980
_191_,VPWR,li1,22.7700,57.1200,1.799980
_190_,VPWR,li1,32.8900,19.0400,1.799991
_189_,VPWR,li1,55.6600,95.2000,1.800000
_188_,VPWR,li1,15.8700,73.4400,1.799978
_187_,VPWR,li1,59.1100,89.7600,1.799998
_186_,VPWR,li1,25.9900,57.1200,1.799978
_185_,VPWR,li1,46.0000,78.8800,1.799962
_184_,VPWR,li1,18.4000,35.3600,1.799977
_183_,VPWR,li1,61.6400,73.4400,1.799971
_182_,VPWR,li1,58.6500,51.6800,1.799998
_181_,VPWR,li1,10.3500,57.1200,1.799992
_180_,VPWR,li1,10.8100,24.4800,1.799994
_179_,VPWR,li1,29.6700,78.8800,1.799985
_178_,VPWR,li1,56.3500,13.6000,1.799999
_177_,VPWR,li1,36.1100,84.3200,1.799995
_176_,VPWR,li1,16.3300,89.7600,1.799998
_175_,VPWR,li1,49.9100,24.4800,1.799989
_174_,VPWR,li1,60.4900,95.2000,1.800000
_173_,VPWR,li1,58.1900,84.3200,1.799995
_172_,VPWR,li1,29.9000,78.8800,1.799985
_171_,VPWR,li1,25.0700,29.9200,1.799983
_170_,VPWR,li1,40.7100,51.6800,1.799994
_169_,VPWR,li1,51.2900,24.4800,1.799989
_168_,VPWR,li1,35.1900,19.0400,1.799992
_167_,VPWR,li1,58.6500,62.5600,1.800000
_166_,VPWR,li1,19.5500,68.0000,1.799993
_165_,VPWR,li1,62.3300,35.3600,1.799985
_164_,VPWR,li1,57.5000,24.4800,1.799993
_163_,VPWR,li1,62.3300,46.2400,1.799996
_162_,VPWR,li1,59.1100,40.8000,1.800000
_161_,VPWR,li1,10.3500,29.9200,1.799993
_160_,VPWR,li1,19.7800,46.2400,1.799994
_159_,VPWR,li1,30.1300,84.3200,1.799994
_158_,VPWR,li1,59.5700,46.2400,1.799996
_157_,VPWR,li1,43.4700,68.0000,1.799989
_156_,VPWR,li1,52.6700,24.4800,1.799991
_155_,VPWR,li1,25.5300,78.8800,1.799987
_154_,VPWR,li1,41.1700,46.2400,1.799995
_153_,VPWR,li1,48.9900,13.6000,1.799998
_152_,VPWR,li1,43.4700,51.6800,1.799995
_151_,VPWR,li1,46.4600,84.3200,1.799993
_150_,VPWR,li1,38.4100,19.0400,1.799991
_149_,VPWR,li1,14.2600,29.9200,1.799992
_148_,VPWR,li1,52.2100,84.3200,1.799993
_147_,VPWR,li1,54.7400,19.0400,1.799992
_146_,VPWR,li1,17.2500,46.2400,1.799994
_145_,VPWR,li1,9.4300,46.2400,1.799997
_144_,VPWR,li1,30.1300,13.6000,1.799996
_143_,VPWR,li1,41.4000,62.5600,1.800000
_142_,VPWR,li1,18.4000,29.9200,1.799988
_141_,VPWR,li1,31.9700,89.7600,1.799997
_140_,VPWR,li1,46.2300,19.0400,1.799991
_139_,VPWR,li1,20.9300,89.7600,1.799998
_138_,VPWR,li1,54.7400,29.9200,1.799965
_137_,VPWR,li1,8.5100,24.4800,1.799994
_136_,VPWR,li1,37.9500,84.3200,1.799995
_135_,VPWR,li1,47.3800,73.4400,1.799942
_134_,VPWR,li1,24.3800,62.5600,1.800000
_133_,VPWR,li1,17.2500,57.1200,1.799985
_132_,VPWR,li1,8.5100,84.3200,1.799997
_131_,VPWR,li1,29.4400,62.5600,1.800000
_130_,VPWR,li1,20.4700,95.2000,1.800000
_129_,VPWR,li1,54.9700,29.9200,1.799969
_128_,VPWR,li1,46.4600,57.1200,1.799960
_127_,VPWR,li1,8.9700,68.0000,1.799994
_126_,VPWR,li1,61.1800,78.8800,1.799973
_125_,VPWR,li1,54.9700,13.6000,1.799999
_124_,VPWR,li1,60.4900,35.3600,1.799985
_123_,VPWR,li1,60.7200,29.9200,1.799979
_122_,VPWR,li1,15.8700,51.6800,1.799993
_121_,VPWR,li1,54.7400,51.6800,1.799997
_120_,VPWR,li1,15.4100,57.1200,1.799986
