Instance,Terminal,Layer,X location,Y location,Voltage
FILLER_0_31_117,VGND,li1,59.5700,97.9200,0.000000
FILLER_0_31_113,VGND,li1,58.4200,97.9200,0.000000
FILLER_0_31_105,VGND,li1,54.0500,97.9200,0.000000
FILLER_0_31_97,VGND,li1,51.9800,97.9200,0.000000
FILLER_0_31_85,VGND,li1,47.3800,97.9200,0.000000
FILLER_0_31_81,VGND,li1,43.4700,97.9200,0.000000
FILLER_0_31_69,VGND,li1,40.0200,97.9200,0.000000
FILLER_0_31_57,VGND,li1,34.5000,97.9200,0.000000
FILLER_0_31_55,VGND,li1,31.0500,97.9200,0.000000
FILLER_0_31_51,VGND,li1,29.9000,97.9200,0.000000
FILLER_0_31_39,VGND,li1,26.2200,97.9200,0.000000
FILLER_0_31_27,VGND,li1,18.1700,97.9200,0.000000
FILLER_0_31_15,VGND,li1,15.1800,97.9200,0.000000
FILLER_0_31_3,VGND,li1,9.6600,97.9200,0.000000
FILLER_0_30_122,VGND,li1,62.3300,92.4800,0.000002
FILLER_0_30_105,VGND,li1,54.0500,92.4800,0.000003
FILLER_0_30_97,VGND,li1,51.9800,92.4800,0.000003
FILLER_0_30_85,VGND,li1,47.3800,92.4800,0.000004
FILLER_0_30_83,VGND,li1,43.9300,92.4800,0.000004
FILLER_0_30_77,VGND,li1,42.3200,92.4800,0.000005
FILLER_0_30_65,VGND,li1,38.1800,92.4800,0.000004
FILLER_0_30_53,VGND,li1,32.6600,92.4800,0.000003
FILLER_0_30_41,VGND,li1,27.1400,92.4800,0.000002
FILLER_0_30_29,VGND,li1,21.6200,92.4800,0.000002
FILLER_0_30_27,VGND,li1,18.1700,92.4800,0.000001
FILLER_0_30_15,VGND,li1,15.1800,92.4800,0.000001
FILLER_0_30_3,VGND,li1,9.6600,92.4800,0.000001
FILLER_0_29_124,VGND,li1,62.7900,92.4800,0.000002
FILLER_0_29_118,VGND,li1,61.1800,92.4800,0.000002
FILLER_0_29_113,VGND,li1,57.9600,92.4800,0.000002
FILLER_0_29_104,VGND,li1,55.2000,92.4800,0.000003
FILLER_0_29_99,VGND,li1,51.5200,92.4800,0.000003
FILLER_0_29_91,VGND,li1,49.2200,92.4800,0.000003
FILLER_0_29_63,VGND,li1,34.9600,92.4800,0.000003
FILLER_0_29_57,VGND,li1,32.4300,92.4800,0.000003
FILLER_0_29_55,VGND,li1,31.0500,92.4800,0.000003
FILLER_0_29_51,VGND,li1,29.9000,92.4800,0.000003
FILLER_0_29_39,VGND,li1,26.2200,92.4800,0.000002
FILLER_0_29_27,VGND,li1,20.7000,92.4800,0.000002
FILLER_0_29_15,VGND,li1,15.1800,92.4800,0.000001
FILLER_0_29_3,VGND,li1,9.6600,92.4800,0.000001
FILLER_0_28_121,VGND,li1,61.4100,87.0400,0.000001
FILLER_0_28_109,VGND,li1,58.4200,87.0400,0.000001
FILLER_0_28_97,VGND,li1,52.9000,87.0400,0.000001
FILLER_0_28_85,VGND,li1,47.3800,87.0400,0.000002
FILLER_0_28_83,VGND,li1,43.9300,87.0400,0.000002
FILLER_0_28_79,VGND,li1,42.7800,87.0400,0.000002
FILLER_0_28_67,VGND,li1,39.1000,87.0400,0.000002
FILLER_0_28_63,VGND,li1,34.7300,87.0400,0.000004
FILLER_0_28_59,VGND,li1,33.5800,87.0400,0.000004
FILLER_0_28_55,VGND,li1,31.0500,87.0400,0.000005
FILLER_0_28_49,VGND,li1,29.4400,87.0400,0.000005
FILLER_0_28_37,VGND,li1,25.3000,87.0400,0.000006
FILLER_0_28_29,VGND,li1,19.0900,87.0400,0.000004
FILLER_0_28_25,VGND,li1,17.7100,87.0400,0.000004
FILLER_0_28_21,VGND,li1,15.4100,87.0400,0.000004
FILLER_0_28_15,VGND,li1,13.8000,87.0400,0.000003
FILLER_0_28_3,VGND,li1,9.6600,87.0400,0.000003
FILLER_0_27_121,VGND,li1,61.4100,87.0400,0.000001
FILLER_0_27_113,VGND,li1,59.3400,87.0400,0.000001
FILLER_0_27_104,VGND,li1,55.2000,87.0400,0.000001
FILLER_0_27_95,VGND,li1,50.1400,87.0400,0.000002
FILLER_0_27_83,VGND,li1,46.4600,87.0400,0.000002
FILLER_0_27_75,VGND,li1,40.2500,87.0400,0.000002
FILLER_0_27_69,VGND,li1,38.6400,87.0400,0.000002
FILLER_0_27_57,VGND,li1,34.5000,87.0400,0.000004
FILLER_0_27_55,VGND,li1,31.0500,87.0400,0.000005
FILLER_0_27_28,VGND,li1,19.0900,87.0400,0.000004
FILLER_0_27_22,VGND,li1,16.1000,87.0400,0.000004
FILLER_0_27_10,VGND,li1,12.8800,87.0400,0.000003
FILLER_0_26_124,VGND,li1,62.7900,81.6000,0.000007
FILLER_0_26_116,VGND,li1,60.7200,81.6000,0.000009
FILLER_0_26_92,VGND,li1,48.0700,81.6000,0.000013
FILLER_0_26_85,VGND,li1,44.8500,81.6000,0.000013
FILLER_0_26_72,VGND,li1,41.4000,81.6000,0.000011
FILLER_0_26_61,VGND,li1,34.2700,81.6000,0.000007
FILLER_0_26_53,VGND,li1,31.7400,81.6000,0.000007
FILLER_0_26_39,VGND,li1,25.3000,81.6000,0.000005
FILLER_0_26_33,VGND,li1,20.9300,81.6000,0.000004
FILLER_0_26_29,VGND,li1,19.7800,81.6000,0.000003
FILLER_0_26_27,VGND,li1,18.1700,81.6000,0.000003
FILLER_0_26_19,VGND,li1,16.1000,81.6000,0.000003
FILLER_0_26_7,VGND,li1,8.9700,81.6000,0.000002
FILLER_0_26_3,VGND,li1,7.8200,81.6000,0.000002
FILLER_0_25_113,VGND,li1,60.2600,81.6000,0.000009
FILLER_0_25_106,VGND,li1,55.6600,81.6000,0.000013
FILLER_0_25_57,VGND,li1,33.5800,81.6000,0.000007
FILLER_0_25_54,VGND,li1,30.8200,81.6000,0.000006
FILLER_0_25_50,VGND,li1,28.7500,81.6000,0.000006
FILLER_0_25_46,VGND,li1,27.6000,81.6000,0.000006
FILLER_0_25_40,VGND,li1,24.1500,81.6000,0.000005
FILLER_0_25_34,VGND,li1,22.5400,81.6000,0.000004
FILLER_0_25_22,VGND,li1,18.4000,81.6000,0.000003
FILLER_0_25_10,VGND,li1,12.8800,81.6000,0.000002
FILLER_0_25_3,VGND,li1,7.8200,81.6000,0.000002
FILLER_0_24_116,VGND,li1,59.1100,76.1600,0.000042
FILLER_0_24_112,VGND,li1,57.9600,76.1600,0.000047
FILLER_0_24_91,VGND,li1,47.6100,76.1600,0.000056
FILLER_0_24_80,VGND,li1,43.2400,76.1600,0.000050
FILLER_0_24_68,VGND,li1,39.5600,76.1600,0.000043
FILLER_0_24_56,VGND,li1,34.0400,76.1600,0.000036
FILLER_0_24_48,VGND,li1,28.0600,76.1600,0.000030
FILLER_0_24_40,VGND,li1,25.7600,76.1600,0.000027
FILLER_0_24_29,VGND,li1,20.7000,76.1600,0.000021
FILLER_0_24_27,VGND,li1,18.1700,76.1600,0.000018
FILLER_0_24_15,VGND,li1,15.1800,76.1600,0.000012
FILLER_0_24_3,VGND,li1,9.6600,76.1600,0.000012
FILLER_0_23_113,VGND,li1,58.8800,76.1600,0.000047
FILLER_0_23_83,VGND,li1,45.0800,76.1600,0.000053
FILLER_0_23_57,VGND,li1,33.1200,76.1600,0.000036
FILLER_0_23_48,VGND,li1,29.4400,76.1600,0.000030
FILLER_0_23_36,VGND,li1,24.8400,76.1600,0.000024
FILLER_0_23_24,VGND,li1,19.3200,76.1600,0.000018
FILLER_0_23_17,VGND,li1,14.2600,76.1600,0.000012
FILLER_0_23_11,VGND,li1,11.2700,76.1600,0.000012
FILLER_0_23_3,VGND,li1,8.7400,76.1600,0.000012
FILLER_0_22_100,VGND,li1,52.4400,70.7200,0.000025
FILLER_0_22_59,VGND,li1,32.8900,70.7200,0.000025
FILLER_0_22_53,VGND,li1,31.2800,70.7200,0.000023
FILLER_0_22_41,VGND,li1,27.1400,70.7200,0.000019
FILLER_0_22_29,VGND,li1,21.6200,70.7200,0.000016
FILLER_0_22_20,VGND,li1,16.5600,70.7200,0.000011
FILLER_0_22_11,VGND,li1,11.0400,70.7200,0.000008
FILLER_0_22_3,VGND,li1,8.7400,70.7200,0.000008
FILLER_0_21_121,VGND,li1,61.4100,70.7200,0.000016
FILLER_0_21_113,VGND,li1,59.3400,70.7200,0.000020
FILLER_0_21_109,VGND,li1,56.3500,70.7200,0.000022
FILLER_0_21_97,VGND,li1,52.9000,70.7200,0.000025
FILLER_0_21_72,VGND,li1,39.1000,70.7200,0.000030
FILLER_0_21_60,VGND,li1,35.8800,70.7200,0.000027
FILLER_0_21_50,VGND,li1,29.9000,70.7200,0.000023
FILLER_0_21_38,VGND,li1,25.7600,70.7200,0.000019
FILLER_0_21_23,VGND,li1,18.8600,70.7200,0.000013
FILLER_0_21_11,VGND,li1,13.3400,70.7200,0.000008
FILLER_0_21_3,VGND,li1,7.1300,70.7200,0.000008
FILLER_0_20_124,VGND,li1,62.7900,65.2800,0.000004
FILLER_0_20_118,VGND,li1,61.1800,65.2800,0.000004
FILLER_0_20_106,VGND,li1,57.0400,65.2800,0.000005
FILLER_0_20_78,VGND,li1,42.0900,65.2800,0.000005
FILLER_0_20_70,VGND,li1,39.5600,65.2800,0.000004
FILLER_0_20_58,VGND,li1,34.9600,65.2800,0.000004
FILLER_0_20_49,VGND,li1,28.5200,65.2800,0.000004
FILLER_0_20_41,VGND,li1,26.2200,65.2800,0.000004
FILLER_0_20_32,VGND,li1,20.7000,65.2800,0.000005
FILLER_0_20_27,VGND,li1,18.1700,65.2800,0.000005
FILLER_0_20_3,VGND,li1,7.1300,65.2800,0.000005
FILLER_0_19_124,VGND,li1,62.7900,65.2800,0.000004
FILLER_0_19_118,VGND,li1,61.1800,65.2800,0.000004
FILLER_0_19_111,VGND,li1,56.8100,65.2800,0.000005
FILLER_0_19_105,VGND,li1,55.2000,65.2800,0.000005
FILLER_0_19_93,VGND,li1,51.0600,65.2800,0.000007
FILLER_0_19_88,VGND,li1,46.4600,65.2800,0.000006
FILLER_0_19_80,VGND,li1,44.1600,65.2800,0.000005
FILLER_0_19_75,VGND,li1,40.2500,65.2800,0.000004
FILLER_0_19_69,VGND,li1,38.6400,65.2800,0.000004
FILLER_0_19_57,VGND,li1,34.5000,65.2800,0.000004
FILLER_0_19_55,VGND,li1,31.0500,65.2800,0.000004
FILLER_0_19_47,VGND,li1,28.9800,65.2800,0.000004
FILLER_0_19_35,VGND,li1,22.3100,65.2800,0.000005
FILLER_0_19_27,VGND,li1,19.7800,65.2800,0.000005
FILLER_0_19_15,VGND,li1,15.1800,65.2800,0.000005
FILLER_0_19_3,VGND,li1,9.6600,65.2800,0.000005
FILLER_0_18_117,VGND,li1,61.1800,59.8400,0.000002
FILLER_0_18_109,VGND,li1,55.8900,59.8400,0.000003
FILLER_0_18_97,VGND,li1,52.9000,59.8400,0.000004
FILLER_0_18_85,VGND,li1,47.3800,59.8400,0.000005
FILLER_0_18_78,VGND,li1,42.7800,59.8400,0.000005
FILLER_0_18_66,VGND,li1,38.6400,59.8400,0.000003
FILLER_0_18_54,VGND,li1,33.1200,59.8400,0.000003
FILLER_0_18_49,VGND,li1,28.2900,59.8400,0.000002
FILLER_0_18_41,VGND,li1,26.2200,59.8400,0.000002
FILLER_0_18_29,VGND,li1,21.6200,59.8400,0.000002
FILLER_0_18_27,VGND,li1,18.1700,59.8400,0.000001
FILLER_0_18_15,VGND,li1,15.1800,59.8400,0.000001
FILLER_0_18_3,VGND,li1,9.6600,59.8400,0.000001
FILLER_0_17_119,VGND,li1,61.6400,59.8400,0.000002
FILLER_0_17_93,VGND,li1,51.0600,59.8400,0.000004
FILLER_0_17_71,VGND,li1,38.6400,59.8400,0.000003
FILLER_0_17_65,VGND,li1,36.1100,59.8400,0.000003
FILLER_0_17_57,VGND,li1,33.5800,59.8400,0.000003
FILLER_0_17_55,VGND,li1,31.0500,59.8400,0.000003
FILLER_0_17_49,VGND,li1,29.4400,59.8400,0.000002
FILLER_0_17_37,VGND,li1,25.3000,59.8400,0.000002
FILLER_0_17_25,VGND,li1,19.7800,59.8400,0.000001
FILLER_0_17_13,VGND,li1,14.2600,59.8400,0.000001
FILLER_0_17_7,VGND,li1,8.9700,59.8400,0.000001
FILLER_0_17_3,VGND,li1,7.8200,59.8400,0.000001
FILLER_0_16_123,VGND,li1,62.5600,54.4000,0.000014
FILLER_0_16_99,VGND,li1,51.2900,54.4000,0.000028
FILLER_0_16_93,VGND,li1,49.6800,54.4000,0.000028
FILLER_0_16_58,VGND,li1,33.5800,54.4000,0.000033
FILLER_0_16_46,VGND,li1,29.4400,54.4000,0.000030
FILLER_0_16_41,VGND,li1,24.8400,54.4000,0.000026
FILLER_0_16_33,VGND,li1,20.9300,54.4000,0.000022
FILLER_0_16_29,VGND,li1,19.7800,54.4000,0.000022
FILLER_0_16_27,VGND,li1,18.1700,54.4000,0.000020
FILLER_0_16_15,VGND,li1,13.3400,54.4000,0.000014
FILLER_0_16_3,VGND,li1,9.6600,54.4000,0.000014
FILLER_0_15_118,VGND,li1,60.7200,54.4000,0.000016
FILLER_0_15_109,VGND,li1,56.3500,54.4000,0.000022
FILLER_0_15_97,VGND,li1,52.9000,54.4000,0.000025
FILLER_0_15_85,VGND,li1,47.3800,54.4000,0.000030
FILLER_0_15_55,VGND,li1,31.0500,54.4000,0.000030
FILLER_0_15_49,VGND,li1,29.4400,54.4000,0.000030
FILLER_0_15_37,VGND,li1,25.3000,54.4000,0.000026
FILLER_0_15_15,VGND,li1,12.8800,54.4000,0.000014
FILLER_0_15_3,VGND,li1,9.6600,54.4000,0.000014
FILLER_0_14_123,VGND,li1,62.5600,48.9600,0.000000
FILLER_0_14_111,VGND,li1,59.3400,48.9600,0.000000
FILLER_0_14_97,VGND,li1,51.5200,48.9600,0.000000
FILLER_0_14_85,VGND,li1,47.3800,48.9600,0.000000
FILLER_0_14_80,VGND,li1,43.2400,48.9600,0.000000
FILLER_0_14_65,VGND,li1,37.2600,48.9600,0.000000
FILLER_0_14_53,VGND,li1,32.6600,48.9600,0.000000
FILLER_0_14_41,VGND,li1,27.1400,48.9600,0.000000
FILLER_0_14_29,VGND,li1,21.6200,48.9600,0.000000
FILLER_0_14_25,VGND,li1,17.7100,48.9600,0.000000
FILLER_0_14_19,VGND,li1,14.4900,48.9600,0.000000
FILLER_0_14_15,VGND,li1,13.3400,48.9600,0.000000
FILLER_0_14_3,VGND,li1,9.6600,48.9600,0.000000
FILLER_0_13_113,VGND,li1,60.2600,48.9600,0.000000
FILLER_0_13_111,VGND,li1,56.8100,48.9600,0.000000
FILLER_0_13_105,VGND,li1,55.2000,48.9600,0.000000
FILLER_0_13_93,VGND,li1,51.0600,48.9600,0.000000
FILLER_0_13_81,VGND,li1,45.5400,48.9600,0.000000
FILLER_0_13_73,VGND,li1,39.3300,48.9600,0.000000
FILLER_0_13_69,VGND,li1,38.1800,48.9600,0.000000
FILLER_0_13_57,VGND,li1,34.5000,48.9600,0.000000
FILLER_0_13_54,VGND,li1,30.8200,48.9600,0.000000
FILLER_0_13_46,VGND,li1,28.5200,48.9600,0.000000
FILLER_0_13_34,VGND,li1,23.9200,48.9600,0.000000
FILLER_0_13_22,VGND,li1,17.0200,48.9600,0.000000
FILLER_0_13_10,VGND,li1,12.8800,48.9600,0.000000
FILLER_0_13_3,VGND,li1,7.8200,48.9600,0.000000
FILLER_0_12_85,VGND,li1,46.4600,43.5200,0.000006
FILLER_0_12_81,VGND,li1,43.4700,43.5200,0.000006
FILLER_0_12_73,VGND,li1,40.9400,43.5200,0.000005
FILLER_0_12_61,VGND,li1,36.3400,43.5200,0.000005
FILLER_0_12_49,VGND,li1,30.8200,43.5200,0.000006
FILLER_0_12_15,VGND,li1,14.2600,43.5200,0.000004
FILLER_0_12_3,VGND,li1,9.6600,43.5200,0.000004
FILLER_0_11_113,VGND,li1,57.7300,43.5200,0.000006
FILLER_0_11_108,VGND,li1,55.4300,43.5200,0.000007
FILLER_0_11_102,VGND,li1,53.8200,43.5200,0.000007
FILLER_0_11_93,VGND,li1,49.6800,43.5200,0.000007
FILLER_0_11_81,VGND,li1,45.5400,43.5200,0.000006
FILLER_0_11_69,VGND,li1,40.0200,43.5200,0.000005
FILLER_0_11_57,VGND,li1,34.5000,43.5200,0.000005
FILLER_0_11_48,VGND,li1,29.4400,43.5200,0.000006
FILLER_0_11_36,VGND,li1,24.8400,43.5200,0.000008
FILLER_0_11_24,VGND,li1,19.3200,43.5200,0.000006
FILLER_0_11_15,VGND,li1,13.8000,43.5200,0.000004
FILLER_0_11_3,VGND,li1,9.6600,43.5200,0.000004
FILLER_0_10_121,VGND,li1,62.1000,38.0800,0.000013
FILLER_0_10_109,VGND,li1,58.4200,38.0800,0.000016
FILLER_0_10_97,VGND,li1,52.9000,38.0800,0.000020
FILLER_0_10_85,VGND,li1,47.3800,38.0800,0.000026
FILLER_0_10_83,VGND,li1,43.9300,38.0800,0.000027
FILLER_0_10_77,VGND,li1,42.3200,38.0800,0.000028
FILLER_0_10_65,VGND,li1,38.1800,38.0800,0.000029
FILLER_0_10_53,VGND,li1,32.6600,38.0800,0.000038
FILLER_0_10_41,VGND,li1,27.1400,38.0800,0.000032
FILLER_0_10_29,VGND,li1,21.6200,38.0800,0.000025
FILLER_0_10_26,VGND,li1,17.9400,38.0800,0.000018
FILLER_0_10_3,VGND,li1,8.7400,38.0800,0.000013
FILLER_0_9_118,VGND,li1,60.7200,38.0800,0.000013
FILLER_0_9_100,VGND,li1,54.2800,38.0800,0.000020
FILLER_0_9_77,VGND,li1,41.4000,38.0800,0.000028
FILLER_0_9_49,VGND,li1,28.2900,38.0800,0.000032
FILLER_0_9_43,VGND,li1,26.6800,38.0800,0.000032
FILLER_0_9_31,VGND,li1,22.5400,38.0800,0.000025
FILLER_0_9_23,VGND,li1,16.5600,38.0800,0.000018
FILLER_0_9_15,VGND,li1,14.2600,38.0800,0.000015
FILLER_0_9_3,VGND,li1,9.6600,38.0800,0.000013
FILLER_0_8_123,VGND,li1,62.5600,32.6400,0.000019
FILLER_0_8_85,VGND,li1,45.5400,32.6400,0.000046
FILLER_0_8_82,VGND,li1,43.7000,32.6400,0.000041
FILLER_0_8_74,VGND,li1,41.4000,32.6400,0.000035
FILLER_0_8_62,VGND,li1,36.8000,32.6400,0.000028
FILLER_0_8_29,VGND,li1,21.6200,32.6400,0.000017
FILLER_0_8_27,VGND,li1,18.1700,32.6400,0.000013
FILLER_0_8_15,VGND,li1,15.1800,32.6400,0.000010
FILLER_0_8_3,VGND,li1,9.6600,32.6400,0.000010
FILLER_0_7_124,VGND,li1,62.7900,32.6400,0.000019
FILLER_0_7_113,VGND,li1,58.1900,32.6400,0.000030
FILLER_0_7_111,VGND,li1,56.8100,32.6400,0.000030
FILLER_0_7_103,VGND,li1,53.1300,32.6400,0.000037
FILLER_0_7_99,VGND,li1,51.9800,32.6400,0.000037
FILLER_0_7_57,VGND,li1,31.9700,32.6400,0.000026
FILLER_0_7_55,VGND,li1,31.0500,32.6400,0.000026
FILLER_0_7_51,VGND,li1,29.9000,32.6400,0.000025
FILLER_0_7_39,VGND,li1,26.2200,32.6400,0.000022
FILLER_0_7_30,VGND,li1,20.7000,32.6400,0.000017
FILLER_0_7_23,VGND,li1,16.7900,32.6400,0.000013
FILLER_0_7_12,VGND,li1,11.7300,32.6400,0.000010
FILLER_0_7_3,VGND,li1,8.2800,32.6400,0.000010
FILLER_0_6_124,VGND,li1,62.7900,27.2000,0.000004
FILLER_0_6_112,VGND,li1,59.8000,27.2000,0.000005
FILLER_0_6_101,VGND,li1,52.2100,27.2000,0.000007
FILLER_0_6_97,VGND,li1,51.0600,27.2000,0.000008
FILLER_0_6_85,VGND,li1,47.3800,27.2000,0.000009
FILLER_0_6_62,VGND,li1,34.2700,27.2000,0.000010
FILLER_0_6_58,VGND,li1,33.1200,27.2000,0.000010
FILLER_0_6_46,VGND,li1,29.4400,27.2000,0.000011
FILLER_0_6_37,VGND,li1,23.0000,27.2000,0.000010
FILLER_0_6_29,VGND,li1,20.7000,27.2000,0.000009
FILLER_0_6_27,VGND,li1,18.1700,27.2000,0.000008
FILLER_0_6_19,VGND,li1,16.1000,27.2000,0.000007
FILLER_0_6_15,VGND,li1,12.6500,27.2000,0.000005
FILLER_0_6_3,VGND,li1,9.6600,27.2000,0.000005
FILLER_0_5_121,VGND,li1,61.4100,27.2000,0.000004
FILLER_0_5_113,VGND,li1,59.3400,27.2000,0.000005
FILLER_0_5_110,VGND,li1,56.5800,27.2000,0.000006
FILLER_0_5_98,VGND,li1,53.3600,27.2000,0.000007
FILLER_0_5_94,VGND,li1,48.9900,27.2000,0.000009
FILLER_0_5_90,VGND,li1,47.8400,27.2000,0.000009
FILLER_0_5_65,VGND,li1,35.8800,27.2000,0.000010
FILLER_0_5_57,VGND,li1,33.5800,27.2000,0.000010
FILLER_0_5_30,VGND,li1,19.7800,27.2000,0.000008
FILLER_0_5_22,VGND,li1,17.4800,27.2000,0.000007
FILLER_0_5_10,VGND,li1,12.8800,27.2000,0.000005
FILLER_0_4_124,VGND,li1,62.7900,21.7600,0.000005
FILLER_0_4_116,VGND,li1,60.7200,21.7600,0.000006
FILLER_0_4_104,VGND,li1,54.7400,21.7600,0.000009
FILLER_0_4_97,VGND,li1,50.3700,21.7600,0.000010
FILLER_0_4_85,VGND,li1,47.3800,21.7600,0.000009
FILLER_0_4_29,VGND,li1,21.6200,21.7600,0.000007
FILLER_0_4_27,VGND,li1,18.1700,21.7600,0.000005
FILLER_0_4_15,VGND,li1,15.1800,21.7600,0.000004
FILLER_0_4_7,VGND,li1,8.9700,21.7600,0.000004
FILLER_0_4_3,VGND,li1,7.1300,21.7600,0.000004
FILLER_0_3_113,VGND,li1,60.2600,21.7600,0.000006
FILLER_0_3_73,VGND,li1,41.8600,21.7600,0.000009
FILLER_0_3_61,VGND,li1,33.8100,21.7600,0.000010
FILLER_0_3_57,VGND,li1,31.9700,21.7600,0.000010
FILLER_0_3_55,VGND,li1,31.0500,21.7600,0.000010
FILLER_0_3_51,VGND,li1,29.9000,21.7600,0.000010
FILLER_0_3_40,VGND,li1,25.7600,21.7600,0.000009
FILLER_0_3_28,VGND,li1,21.1600,21.7600,0.000007
FILLER_0_3_23,VGND,li1,16.5600,21.7600,0.000005
FILLER_0_3_15,VGND,li1,14.2600,21.7600,0.000004
FILLER_0_3_3,VGND,li1,9.6600,21.7600,0.000004
FILLER_0_2_124,VGND,li1,62.7900,16.3200,0.000003
FILLER_0_2_120,VGND,li1,61.6400,16.3200,0.000003
FILLER_0_2_115,VGND,li1,58.8800,16.3200,0.000004
FILLER_0_2_111,VGND,li1,56.8100,16.3200,0.000004
FILLER_0_2_100,VGND,li1,52.2100,16.3200,0.000005
FILLER_0_2_92,VGND,li1,49.6800,16.3200,0.000006
FILLER_0_2_83,VGND,li1,43.9300,16.3200,0.000007
FILLER_0_2_77,VGND,li1,42.3200,16.3200,0.000008
FILLER_0_2_27,VGND,li1,18.1700,16.3200,0.000010
FILLER_0_2_15,VGND,li1,15.1800,16.3200,0.000007
FILLER_0_2_3,VGND,li1,9.6600,16.3200,0.000007
FILLER_0_1_123,VGND,li1,62.5600,16.3200,0.000003
FILLER_0_1_119,VGND,li1,60.4900,16.3200,0.000004
FILLER_0_1_113,VGND,li1,58.8800,16.3200,0.000004
FILLER_0_1_111,VGND,li1,56.8100,16.3200,0.000004
FILLER_0_1_96,VGND,li1,51.5200,16.3200,0.000005
FILLER_0_1_91,VGND,li1,47.6100,16.3200,0.000007
FILLER_0_1_83,VGND,li1,44.1600,16.3200,0.000007
FILLER_0_1_69,VGND,li1,38.6400,16.3200,0.000008
FILLER_0_1_57,VGND,li1,34.5000,16.3200,0.000012
FILLER_0_1_27,VGND,li1,18.8600,16.3200,0.000010
FILLER_0_1_23,VGND,li1,16.3300,16.3200,0.000009
FILLER_0_1_15,VGND,li1,14.2600,16.3200,0.000007
FILLER_0_1_3,VGND,li1,9.6600,16.3200,0.000007
FILLER_0_0_124,VGND,li1,62.7900,10.8800,0.000000
FILLER_0_0_117,VGND,li1,59.5700,10.8800,0.000000
FILLER_0_0_113,VGND,li1,58.4200,10.8800,0.000000
FILLER_0_0_108,VGND,li1,55.4300,10.8800,0.000000
FILLER_0_0_96,VGND,li1,52.4400,10.8800,0.000000
FILLER_0_0_88,VGND,li1,46.4600,10.8800,0.000000
FILLER_0_0_82,VGND,li1,43.7000,10.8800,0.000000
FILLER_0_0_74,VGND,li1,41.4000,10.8800,0.000000
FILLER_0_0_69,VGND,li1,37.7200,10.8800,0.000000
FILLER_0_0_57,VGND,li1,34.5000,10.8800,0.000000
FILLER_0_0_48,VGND,li1,29.4400,10.8800,0.000000
FILLER_0_0_41,VGND,li1,25.3000,10.8800,0.000000
FILLER_0_0_29,VGND,li1,21.6200,10.8800,0.000000
FILLER_0_0_22,VGND,li1,17.0200,10.8800,0.000000
FILLER_0_0_10,VGND,li1,12.8800,10.8800,0.000000
FILLER_0_0_3,VGND,li1,7.8200,10.8800,0.000000
clkload2,VGND,li1,50.8300,70.7200,0.000027
clkload1,VGND,li1,38.6400,70.7200,0.000030
clkload0,VGND,li1,29.9000,38.0800,0.000036
clkbuf_2_3__f_CLK100MHZ,VGND,li1,52.4400,76.1600,0.000063
clkbuf_2_2__f_CLK100MHZ,VGND,li1,39.1000,76.1600,0.000043
clkbuf_2_1__f_CLK100MHZ,VGND,li1,46.4600,32.6400,0.000046
clkbuf_2_0__f_CLK100MHZ,VGND,li1,36.3400,38.0800,0.000039
clkbuf_0_CLK100MHZ,VGND,li1,39.5600,54.4000,0.000036
ZeroToFiveCounter_8,VGND,li1,61.8700,10.8800,0.000000
output7,VGND,li1,60.4900,10.8800,0.000000
output6,VGND,li1,62.3300,27.2000,0.000004
output5,VGND,li1,62.3300,43.5200,0.000004
output4,VGND,li1,62.3300,54.4000,0.000016
output3,VGND,li1,62.3300,70.7200,0.000016
output2,VGND,li1,62.3300,87.0400,0.000001
output1,VGND,li1,60.4900,97.9200,0.000000
ZeroToFiveCounter_9,VGND,li1,45.3100,10.8800,0.000000
ZeroToFiveCounter_11,VGND,li1,9.4300,10.8800,0.000000
ZeroToFiveCounter_10,VGND,li1,26.9100,10.8800,0.000000
TAP_TAPCELL_ROW_31_131,VGND,li1,57.2700,97.6280,0.000000
TAP_TAPCELL_ROW_31_130,VGND,li1,44.3900,97.6280,0.000000
TAP_TAPCELL_ROW_31_129,VGND,li1,31.5100,97.6280,0.000000
TAP_TAPCELL_ROW_31_128,VGND,li1,18.6300,97.6280,0.000000
TAP_TAPCELL_ROW_30_127,VGND,li1,44.3900,92.7710,0.000004
TAP_TAPCELL_ROW_30_126,VGND,li1,18.6300,92.7710,0.000001
TAP_TAPCELL_ROW_29_125,VGND,li1,57.2700,92.1880,0.000002
TAP_TAPCELL_ROW_29_124,VGND,li1,31.5100,92.1880,0.000003
TAP_TAPCELL_ROW_28_123,VGND,li1,44.3900,87.3310,0.000002
TAP_TAPCELL_ROW_28_122,VGND,li1,18.6300,87.3310,0.000004
TAP_TAPCELL_ROW_27_121,VGND,li1,57.2700,86.7480,0.000001
TAP_TAPCELL_ROW_27_120,VGND,li1,31.5100,86.7480,0.000004
TAP_TAPCELL_ROW_26_119,VGND,li1,44.3900,81.8910,0.000013
TAP_TAPCELL_ROW_26_118,VGND,li1,18.6300,81.8910,0.000003
TAP_TAPCELL_ROW_25_117,VGND,li1,57.2700,81.3080,0.000013
TAP_TAPCELL_ROW_25_116,VGND,li1,31.5100,81.3080,0.000007
TAP_TAPCELL_ROW_24_115,VGND,li1,44.3900,76.4510,0.000050
TAP_TAPCELL_ROW_24_114,VGND,li1,18.6300,76.4510,0.000018
TAP_TAPCELL_ROW_23_113,VGND,li1,57.2700,75.8680,0.000047
TAP_TAPCELL_ROW_23_112,VGND,li1,31.5100,75.8680,0.000032
TAP_TAPCELL_ROW_22_111,VGND,li1,44.3900,71.0110,0.000030
TAP_TAPCELL_ROW_22_110,VGND,li1,18.6300,71.0110,0.000013
TAP_TAPCELL_ROW_21_109,VGND,li1,57.2700,70.4280,0.000022
TAP_TAPCELL_ROW_21_108,VGND,li1,31.5100,70.4280,0.000023
TAP_TAPCELL_ROW_20_107,VGND,li1,44.3900,65.5710,0.000005
TAP_TAPCELL_ROW_20_106,VGND,li1,18.6300,65.5710,0.000005
TAP_TAPCELL_ROW_19_105,VGND,li1,57.2700,64.9880,0.000005
TAP_TAPCELL_ROW_19_104,VGND,li1,31.5100,64.9880,0.000004
TAP_TAPCELL_ROW_18_103,VGND,li1,44.3900,60.1310,0.000005
TAP_TAPCELL_ROW_18_102,VGND,li1,18.6300,60.1310,0.000001
TAP_TAPCELL_ROW_17_101,VGND,li1,57.2700,59.5480,0.000003
TAP_TAPCELL_ROW_17_100,VGND,li1,31.5100,59.5480,0.000003
TAP_TAPCELL_ROW_16_99,VGND,li1,44.3900,54.6910,0.000033
TAP_TAPCELL_ROW_16_98,VGND,li1,18.6300,54.6910,0.000020
TAP_TAPCELL_ROW_15_97,VGND,li1,57.2700,54.1080,0.000022
TAP_TAPCELL_ROW_15_96,VGND,li1,31.5100,54.1080,0.000032
TAP_TAPCELL_ROW_14_95,VGND,li1,44.3900,49.2510,0.000000
TAP_TAPCELL_ROW_14_94,VGND,li1,18.6300,49.2510,0.000000
TAP_TAPCELL_ROW_13_93,VGND,li1,57.2700,48.6680,0.000000
TAP_TAPCELL_ROW_13_92,VGND,li1,31.5100,48.6680,0.000000
TAP_TAPCELL_ROW_12_91,VGND,li1,44.3900,43.8110,0.000006
TAP_TAPCELL_ROW_12_90,VGND,li1,18.6300,43.8110,0.000006
TAP_TAPCELL_ROW_11_89,VGND,li1,57.2700,43.2280,0.000006
TAP_TAPCELL_ROW_11_88,VGND,li1,31.5100,43.2280,0.000006
TAP_TAPCELL_ROW_10_87,VGND,li1,44.3900,38.3710,0.000027
TAP_TAPCELL_ROW_10_86,VGND,li1,18.6300,38.3710,0.000021
TAP_TAPCELL_ROW_9_85,VGND,li1,57.2700,37.7880,0.000016
TAP_TAPCELL_ROW_9_84,VGND,li1,31.5100,37.7880,0.000036
TAP_TAPCELL_ROW_8_83,VGND,li1,44.3900,32.9310,0.000041
TAP_TAPCELL_ROW_8_82,VGND,li1,18.6300,32.9310,0.000015
TAP_TAPCELL_ROW_7_81,VGND,li1,57.2700,32.3480,0.000030
TAP_TAPCELL_ROW_7_80,VGND,li1,31.5100,32.3480,0.000026
TAP_TAPCELL_ROW_6_79,VGND,li1,44.3900,27.4910,0.000010
TAP_TAPCELL_ROW_6_78,VGND,li1,18.6300,27.4910,0.000008
TAP_TAPCELL_ROW_5_77,VGND,li1,57.2700,26.9080,0.000006
TAP_TAPCELL_ROW_5_76,VGND,li1,31.5100,26.9080,0.000010
TAP_TAPCELL_ROW_4_75,VGND,li1,44.3900,22.0510,0.000009
TAP_TAPCELL_ROW_4_74,VGND,li1,18.6300,22.0510,0.000006
TAP_TAPCELL_ROW_3_73,VGND,li1,57.2700,21.4680,0.000008
TAP_TAPCELL_ROW_3_72,VGND,li1,31.5100,21.4680,0.000010
TAP_TAPCELL_ROW_2_71,VGND,li1,44.3900,16.6110,0.000007
TAP_TAPCELL_ROW_2_70,VGND,li1,18.6300,16.6110,0.000010
TAP_TAPCELL_ROW_1_69,VGND,li1,57.2700,16.0280,0.000004
TAP_TAPCELL_ROW_1_68,VGND,li1,31.5100,16.0280,0.000014
TAP_TAPCELL_ROW_0_67,VGND,li1,57.2700,11.1710,0.000000
TAP_TAPCELL_ROW_0_66,VGND,li1,44.3900,11.1710,0.000000
TAP_TAPCELL_ROW_0_65,VGND,li1,31.5100,11.1710,0.000000
TAP_TAPCELL_ROW_0_64,VGND,li1,18.6300,11.1710,0.000000
PHY_EDGE_ROW_31_Left_63,VGND,li1,6.2100,97.9200,0.000000
PHY_EDGE_ROW_30_Left_62,VGND,li1,6.2100,92.4800,0.000001
PHY_EDGE_ROW_29_Left_61,VGND,li1,6.2100,92.4800,0.000001
PHY_EDGE_ROW_28_Left_60,VGND,li1,6.2100,87.0400,0.000003
PHY_EDGE_ROW_27_Left_59,VGND,li1,6.2100,87.0400,0.000003
PHY_EDGE_ROW_26_Left_58,VGND,li1,6.2100,81.6000,0.000002
PHY_EDGE_ROW_25_Left_57,VGND,li1,6.2100,81.6000,0.000002
PHY_EDGE_ROW_24_Left_56,VGND,li1,6.2100,76.1600,0.000012
PHY_EDGE_ROW_23_Left_55,VGND,li1,6.2100,76.1600,0.000012
PHY_EDGE_ROW_22_Left_54,VGND,li1,6.2100,70.7200,0.000008
PHY_EDGE_ROW_21_Left_53,VGND,li1,6.2100,70.7200,0.000008
PHY_EDGE_ROW_20_Left_52,VGND,li1,6.2100,65.2800,0.000005
PHY_EDGE_ROW_19_Left_51,VGND,li1,6.2100,65.2800,0.000005
PHY_EDGE_ROW_18_Left_50,VGND,li1,6.2100,59.8400,0.000001
PHY_EDGE_ROW_17_Left_49,VGND,li1,6.2100,59.8400,0.000001
PHY_EDGE_ROW_16_Left_48,VGND,li1,6.2100,54.4000,0.000014
PHY_EDGE_ROW_15_Left_47,VGND,li1,6.2100,54.4000,0.000014
PHY_EDGE_ROW_14_Left_46,VGND,li1,6.2100,48.9600,0.000000
PHY_EDGE_ROW_13_Left_45,VGND,li1,6.2100,48.9600,0.000000
PHY_EDGE_ROW_12_Left_44,VGND,li1,6.2100,43.5200,0.000004
PHY_EDGE_ROW_11_Left_43,VGND,li1,6.2100,43.5200,0.000004
PHY_EDGE_ROW_10_Left_42,VGND,li1,6.2100,38.0800,0.000013
PHY_EDGE_ROW_9_Left_41,VGND,li1,6.2100,38.0800,0.000013
PHY_EDGE_ROW_8_Left_40,VGND,li1,6.2100,32.6400,0.000010
PHY_EDGE_ROW_7_Left_39,VGND,li1,6.2100,32.6400,0.000010
PHY_EDGE_ROW_6_Left_38,VGND,li1,6.2100,27.2000,0.000005
PHY_EDGE_ROW_5_Left_37,VGND,li1,6.2100,27.2000,0.000005
PHY_EDGE_ROW_4_Left_36,VGND,li1,6.2100,21.7600,0.000004
PHY_EDGE_ROW_3_Left_35,VGND,li1,6.2100,21.7600,0.000004
PHY_EDGE_ROW_2_Left_34,VGND,li1,6.2100,16.3200,0.000007
PHY_EDGE_ROW_1_Left_33,VGND,li1,6.2100,16.3200,0.000007
PHY_EDGE_ROW_0_Left_32,VGND,li1,6.2100,10.8800,0.000000
PHY_EDGE_ROW_31_Right_31,VGND,li1,63.7100,97.9200,0.000000
PHY_EDGE_ROW_30_Right_30,VGND,li1,63.7100,92.4800,0.000001
PHY_EDGE_ROW_29_Right_29,VGND,li1,63.7100,92.4800,0.000001
PHY_EDGE_ROW_28_Right_28,VGND,li1,63.7100,87.0400,0.000001
PHY_EDGE_ROW_27_Right_27,VGND,li1,63.7100,87.0400,0.000001
PHY_EDGE_ROW_26_Right_26,VGND,li1,63.7100,81.6000,0.000007
PHY_EDGE_ROW_25_Right_25,VGND,li1,63.7100,81.6000,0.000007
PHY_EDGE_ROW_24_Right_24,VGND,li1,63.7100,76.1600,0.000029
PHY_EDGE_ROW_23_Right_23,VGND,li1,63.7100,76.1600,0.000029
PHY_EDGE_ROW_22_Right_22,VGND,li1,63.7100,70.7200,0.000013
PHY_EDGE_ROW_21_Right_21,VGND,li1,63.7100,70.7200,0.000013
PHY_EDGE_ROW_20_Right_20,VGND,li1,63.7100,65.2800,0.000003
PHY_EDGE_ROW_19_Right_19,VGND,li1,63.7100,65.2800,0.000003
PHY_EDGE_ROW_18_Right_18,VGND,li1,63.7100,59.8400,0.000002
PHY_EDGE_ROW_17_Right_17,VGND,li1,63.7100,59.8400,0.000002
PHY_EDGE_ROW_16_Right_16,VGND,li1,63.7100,54.4000,0.000014
PHY_EDGE_ROW_15_Right_15,VGND,li1,63.7100,54.4000,0.000014
PHY_EDGE_ROW_14_Right_14,VGND,li1,63.7100,48.9600,0.000000
PHY_EDGE_ROW_13_Right_13,VGND,li1,63.7100,48.9600,0.000000
PHY_EDGE_ROW_12_Right_12,VGND,li1,63.7100,43.5200,0.000004
PHY_EDGE_ROW_11_Right_11,VGND,li1,63.7100,43.5200,0.000004
PHY_EDGE_ROW_10_Right_10,VGND,li1,63.7100,38.0800,0.000010
PHY_EDGE_ROW_9_Right_9,VGND,li1,63.7100,38.0800,0.000010
PHY_EDGE_ROW_8_Right_8,VGND,li1,63.7100,32.6400,0.000019
PHY_EDGE_ROW_7_Right_7,VGND,li1,63.7100,32.6400,0.000019
PHY_EDGE_ROW_6_Right_6,VGND,li1,63.7100,27.2000,0.000003
PHY_EDGE_ROW_5_Right_5,VGND,li1,63.7100,27.2000,0.000003
PHY_EDGE_ROW_4_Right_4,VGND,li1,63.7100,21.7600,0.000005
PHY_EDGE_ROW_3_Right_3,VGND,li1,63.7100,21.7600,0.000005
PHY_EDGE_ROW_2_Right_2,VGND,li1,63.7100,16.3200,0.000002
PHY_EDGE_ROW_1_Right_1,VGND,li1,63.7100,16.3200,0.000002
PHY_EDGE_ROW_0_Right_0,VGND,li1,63.7100,10.8800,0.000000
_279_,VGND,li1,35.6500,87.0400,0.000003
_274_,VGND,li1,29.6700,21.7600,0.000010
_273_,VGND,li1,52.9000,81.6000,0.000015
_272_,VGND,li1,36.3400,16.3200,0.000011
_271_,VGND,li1,44.1600,70.7200,0.000030
_270_,VGND,li1,52.4400,21.7600,0.000010
_269_,VGND,li1,24.3800,16.3200,0.000015
_268_,VGND,li1,26.4500,27.2000,0.000011
_267_,VGND,li1,29.2100,32.6400,0.000025
_266_,VGND,li1,54.0500,32.6400,0.000035
_265_,VGND,li1,27.1400,16.3200,0.000015
_264_,VGND,li1,17.9400,54.4000,0.000020
_263_,VGND,li1,49.4500,65.2800,0.000007
_262_,VGND,li1,40.7100,92.4800,0.000005
_261_,VGND,li1,40.2500,81.6000,0.000011
_260_,VGND,li1,52.9000,43.5200,0.000008
_259_,VGND,li1,58.1900,70.7200,0.000020
_258_,VGND,li1,46.6900,38.0800,0.000026
_257_,VGND,li1,43.7000,59.8400,0.000005
_256_,VGND,li1,37.0300,32.6400,0.000028
_255_,VGND,li1,39.3300,27.2000,0.000010
_254_,VGND,li1,24.6100,87.0400,0.000006
_253_,VGND,li1,49.6800,81.6000,0.000015
_252_,VGND,li1,39.5600,21.7600,0.000009
_251_,VGND,li1,23.4600,43.5200,0.000008
_250_,VGND,li1,56.8100,54.4000,0.000022
_249_,VGND,li1,51.7500,76.1600,0.000063
_248_,VGND,li1,12.6500,65.2800,0.000005
_247_,VGND,li1,41.6300,27.2000,0.000010
_246_,VGND,li1,37.0300,54.4000,0.000036
_245_,VGND,li1,28.2900,21.7600,0.000010
_244_,VGND,li1,60.0300,16.3200,0.000004
_243_,VGND,li1,46.6900,92.4800,0.000004
_242_,VGND,li1,17.7100,21.7600,0.000005
_241_,VGND,li1,47.1500,32.6400,0.000046
_240_,VGND,li1,12.6500,76.1600,0.000012
_239_,VGND,li1,17.2500,16.3200,0.000009
_238_,VGND,li1,56.3500,43.5200,0.000006
_237_,VGND,li1,23.2300,76.1600,0.000024
_236_,VGND,li1,22.7700,97.9200,0.000000
_235_,VGND,li1,20.9300,27.2000,0.000009
_234_,VGND,li1,48.5300,32.6400,0.000042
_233_,VGND,li1,26.4500,65.2800,0.000004
_232_,VGND,li1,8.0500,21.7600,0.000004
_231_,VGND,li1,51.7500,43.5200,0.000008
_230_,VGND,li1,15.8700,43.5200,0.000005
_229_,VGND,li1,9.4300,81.6000,0.000002
_228_,VGND,li1,47.6100,65.2800,0.000006
_227_,VGND,li1,47.6100,10.8800,0.000000
_226_,VGND,li1,56.8100,92.4800,0.000002
_225_,VGND,li1,61.4100,16.3200,0.000003
_224_,VGND,li1,13.5700,27.2000,0.000005
_223_,VGND,li1,33.8100,92.4800,0.000003
_222_,VGND,li1,62.3300,87.0400,0.000001
_221_,VGND,li1,22.7700,32.6400,0.000019
_220_,VGND,li1,60.9500,43.5200,0.000004
_219_,VGND,li1,52.6700,92.4800,0.000003
_218_,VGND,li1,38.8700,10.8800,0.000000
_217_,VGND,li1,32.4300,70.7200,0.000025
_216_,VGND,li1,22.3100,70.7200,0.000016
_215_,VGND,li1,11.7300,81.6000,0.000002
_214_,VGND,li1,58.8800,59.8400,0.000003
_213_,VGND,li1,20.7000,16.3200,0.000012
_212_,VGND,li1,46.2300,21.7600,0.000009
_211_,VGND,li1,13.1100,70.7200,0.000008
_210_,VGND,li1,57.7300,16.3200,0.000004
_209_,VGND,li1,22.3100,81.6000,0.000004
_208_,VGND,li1,62.1000,97.9200,0.000000
_207_,VGND,li1,42.0900,87.0400,0.000002
_206_,VGND,li1,37.0300,21.7600,0.000009
_205_,VGND,li1,48.7600,16.3200,0.000006
_204_,VGND,li1,41.8600,16.3200,0.000008
_203_,VGND,li1,22.7700,65.2800,0.000005
_202_,VGND,li1,12.4200,38.0800,0.000013
_201_,VGND,li1,57.7300,59.8400,0.000003
_200_,VGND,li1,15.8700,38.0800,0.000015
_199_,VGND,li1,30.5900,65.2800,0.000004
_198_,VGND,li1,49.4500,70.7200,0.000027
_197_,VGND,li1,28.5200,81.6000,0.000006
_196_,VGND,li1,37.4900,59.8400,0.000003
_195_,VGND,li1,17.4800,87.0400,0.000004
_194_,VGND,li1,46.0000,16.3200,0.000007
_193_,VGND,li1,55.4300,59.8400,0.000003
_192_,VGND,li1,58.6500,38.0800,0.000016
_191_,VGND,li1,22.7700,54.4000,0.000025
_190_,VGND,li1,32.8900,21.7600,0.000010
_189_,VGND,li1,55.6600,97.9200,0.000000
_188_,VGND,li1,15.8700,76.1600,0.000015
_187_,VGND,li1,59.1100,92.4800,0.000002
_186_,VGND,li1,25.9900,54.4000,0.000026
_185_,VGND,li1,46.0000,76.1600,0.000053
_184_,VGND,li1,18.4000,38.0800,0.000021
_183_,VGND,li1,61.6400,76.1600,0.000036
_182_,VGND,li1,58.6500,54.4000,0.000019
_181_,VGND,li1,10.3500,59.8400,0.000001
_180_,VGND,li1,10.8100,21.7600,0.000004
_179_,VGND,li1,29.6700,81.6000,0.000006
_178_,VGND,li1,56.3500,10.8800,0.000000
_177_,VGND,li1,36.1100,81.6000,0.000008
_176_,VGND,li1,16.3300,87.0400,0.000004
_175_,VGND,li1,49.9100,27.2000,0.000008
_174_,VGND,li1,60.4900,92.4800,0.000002
_173_,VGND,li1,58.1900,81.6000,0.000011
_172_,VGND,li1,29.9000,76.1600,0.000032
_171_,VGND,li1,25.0700,27.2000,0.000011
_170_,VGND,li1,40.7100,48.9600,0.000000
_169_,VGND,li1,51.2900,21.7600,0.000010
_168_,VGND,li1,35.1900,21.7600,0.000009
_167_,VGND,li1,58.6500,65.2800,0.000005
_166_,VGND,li1,19.5500,65.2800,0.000005
_165_,VGND,li1,62.3300,38.0800,0.000013
_164_,VGND,li1,57.5000,21.7600,0.000008
_163_,VGND,li1,62.3300,43.5200,0.000004
_162_,VGND,li1,59.1100,43.5200,0.000005
_161_,VGND,li1,10.3500,32.6400,0.000010
_160_,VGND,li1,19.7800,48.9600,0.000000
_159_,VGND,li1,30.1300,87.0400,0.000005
_158_,VGND,li1,59.5700,43.5200,0.000005
_157_,VGND,li1,43.4700,65.2800,0.000005
_156_,VGND,li1,52.6700,21.7600,0.000010
_155_,VGND,li1,25.5300,81.6000,0.000005
_154_,VGND,li1,41.1700,48.9600,0.000000
_153_,VGND,li1,48.9900,10.8800,0.000000
_152_,VGND,li1,43.4700,54.4000,0.000033
_151_,VGND,li1,46.4600,81.6000,0.000013
_150_,VGND,li1,38.4100,21.7600,0.000009
_149_,VGND,li1,14.2600,32.6400,0.000010
_148_,VGND,li1,52.2100,87.0400,0.000001
_147_,VGND,li1,54.7400,16.3200,0.000005
_146_,VGND,li1,17.2500,43.5200,0.000005
_145_,VGND,li1,9.4300,48.9600,0.000000
_144_,VGND,li1,30.1300,16.3200,0.000014
_143_,VGND,li1,41.4000,65.2800,0.000005
_142_,VGND,li1,18.4000,32.6400,0.000013
_141_,VGND,li1,31.9700,87.0400,0.000004
_140_,VGND,li1,46.2300,16.3200,0.000007
_139_,VGND,li1,20.9300,87.0400,0.000005
_138_,VGND,li1,54.7400,27.2000,0.000006
_137_,VGND,li1,8.5100,27.2000,0.000005
_136_,VGND,li1,37.9500,81.6000,0.000008
_135_,VGND,li1,47.3800,70.7200,0.000028
_134_,VGND,li1,24.3800,65.2800,0.000005
_133_,VGND,li1,17.2500,54.4000,0.000020
_132_,VGND,li1,8.5100,87.0400,0.000003
_131_,VGND,li1,29.4400,59.8400,0.000002
_130_,VGND,li1,20.4700,97.9200,0.000000
_129_,VGND,li1,54.9700,32.6400,0.000035
_128_,VGND,li1,46.4600,54.4000,0.000030
_127_,VGND,li1,8.9700,70.7200,0.000008
_126_,VGND,li1,61.1800,76.1600,0.000036
_125_,VGND,li1,54.9700,16.3200,0.000005
_124_,VGND,li1,60.4900,32.6400,0.000023
_123_,VGND,li1,60.7200,32.6400,0.000023
_122_,VGND,li1,15.8700,48.9600,0.000000
_121_,VGND,li1,54.7400,48.9600,0.000000
_120_,VGND,li1,15.4100,54.4000,0.000018
