
===========================================================================
report_checks -path_delay min (Hold)
============================================================================
======================= Typical Corner ===================================

Startpoint: B[5] (input port clocked by __VIRTUAL_CLK__)
Endpoint: out[5] (output port clocked by __VIRTUAL_CLK__)
Path Group: __VIRTUAL_CLK__
Path Type: min

Fanout     Cap    Slew   Delay    Time   Description
-----------------------------------------------------------------------------
                  0.00    0.00    0.00   clock __VIRTUAL_CLK__ (rise edge)
                          0.00    0.00   clock network delay (ideal)
                          2.00    2.00 ^ input external delay
     1    0.00    0.02    0.01    2.01 ^ B[5] (in)
                                         B[5] (net)
                  0.02    0.00    2.01 ^ input14/A (sky130_fd_sc_hd__buf_2)
     5    0.01    0.08    0.12    2.13 ^ input14/X (sky130_fd_sc_hd__buf_2)
                                         net14 (net)
                  0.08    0.00    2.13 ^ _233_/A1 (sky130_fd_sc_hd__a311o_1)
     1    0.00    0.05    0.14    2.27 ^ _233_/X (sky130_fd_sc_hd__a311o_1)
                                         _161_ (net)
                  0.05    0.00    2.27 ^ _267_/B1 (sky130_fd_sc_hd__a211o_1)
     1    0.01    0.10    0.13    2.40 ^ _267_/X (sky130_fd_sc_hd__a211o_1)
                                         net25 (net)
                  0.10    0.00    2.40 ^ output25/A (sky130_fd_sc_hd__buf_2)
     1    0.03    0.17    0.21    2.61 ^ output25/X (sky130_fd_sc_hd__buf_2)
                                         out[5] (net)
                  0.17    0.00    2.61 ^ out[5] (out)
                                  2.61   data arrival time

                  0.00    0.00    0.00   clock __VIRTUAL_CLK__ (rise edge)
                          0.00    0.00   clock network delay (ideal)
                          0.25    0.25   clock uncertainty
                          0.00    0.25   clock reconvergence pessimism
                         -2.00   -1.75   output external delay
                                 -1.75   data required time
-----------------------------------------------------------------------------
                                 -1.75   data required time
                                 -2.61   data arrival time
-----------------------------------------------------------------------------
                                  4.36   slack (MET)


Startpoint: opcode[2] (input port clocked by __VIRTUAL_CLK__)
Endpoint: out[7] (output port clocked by __VIRTUAL_CLK__)
Path Group: __VIRTUAL_CLK__
Path Type: min

Fanout     Cap    Slew   Delay    Time   Description
-----------------------------------------------------------------------------
                  0.00    0.00    0.00   clock __VIRTUAL_CLK__ (rise edge)
                          0.00    0.00   clock network delay (ideal)
                          2.00    2.00 v input external delay
     1    0.00    0.01    0.01    2.01 v opcode[2] (in)
                                         opcode[2] (net)
                  0.01    0.00    2.01 v input19/A (sky130_fd_sc_hd__clkbuf_4)
     6    0.02    0.06    0.14    2.15 v input19/X (sky130_fd_sc_hd__clkbuf_4)
                                         net19 (net)
                  0.06    0.00    2.15 v _265_/A (sky130_fd_sc_hd__and3_2)
     7    0.02    0.07    0.21    2.35 v _265_/X (sky130_fd_sc_hd__and3_2)
                                         _023_ (net)
                  0.07    0.00    2.35 v _302_/A1 (sky130_fd_sc_hd__a31o_1)
     1    0.00    0.03    0.16    2.52 v _302_/X (sky130_fd_sc_hd__a31o_1)
                                         net27 (net)
                  0.03    0.00    2.52 v output27/A (sky130_fd_sc_hd__buf_2)
     1    0.04    0.09    0.17    2.69 v output27/X (sky130_fd_sc_hd__buf_2)
                                         out[7] (net)
                  0.09    0.00    2.69 v out[7] (out)
                                  2.69   data arrival time

                  0.00    0.00    0.00   clock __VIRTUAL_CLK__ (rise edge)
                          0.00    0.00   clock network delay (ideal)
                          0.25    0.25   clock uncertainty
                          0.00    0.25   clock reconvergence pessimism
                         -2.00   -1.75   output external delay
                                 -1.75   data required time
-----------------------------------------------------------------------------
                                 -1.75   data required time
                                 -2.69   data arrival time
-----------------------------------------------------------------------------
                                  4.44   slack (MET)


Startpoint: B[0] (input port clocked by __VIRTUAL_CLK__)
Endpoint: out[0] (output port clocked by __VIRTUAL_CLK__)
Path Group: __VIRTUAL_CLK__
Path Type: min

Fanout     Cap    Slew   Delay    Time   Description
-----------------------------------------------------------------------------
                  0.00    0.00    0.00   clock __VIRTUAL_CLK__ (rise edge)
                          0.00    0.00   clock network delay (ideal)
                          2.00    2.00 v input external delay
     1    0.00    0.01    0.00    2.00 v B[0] (in)
                                         B[0] (net)
                  0.01    0.00    2.00 v input9/A (sky130_fd_sc_hd__dlymetal6s2s_1)
     4    0.01    0.06    0.13    2.14 v input9/X (sky130_fd_sc_hd__dlymetal6s2s_1)
                                         net9 (net)
                  0.06    0.00    2.14 v _184_/A (sky130_fd_sc_hd__buf_4)
    10    0.05    0.07    0.18    2.32 v _184_/X (sky130_fd_sc_hd__buf_4)
                                         _112_ (net)
                  0.07    0.00    2.32 v _307_/A1 (sky130_fd_sc_hd__a31o_1)
     1    0.01    0.08    0.22    2.53 v _307_/X (sky130_fd_sc_hd__a31o_1)
                                         net20 (net)
                  0.08    0.00    2.53 v output20/A (sky130_fd_sc_hd__buf_2)
     1    0.03    0.09    0.18    2.72 v output20/X (sky130_fd_sc_hd__buf_2)
                                         out[0] (net)
                  0.09    0.00    2.72 v out[0] (out)
                                  2.72   data arrival time

                  0.00    0.00    0.00   clock __VIRTUAL_CLK__ (rise edge)
                          0.00    0.00   clock network delay (ideal)
                          0.25    0.25   clock uncertainty
                          0.00    0.25   clock reconvergence pessimism
                         -2.00   -1.75   output external delay
                                 -1.75   data required time
-----------------------------------------------------------------------------
                                 -1.75   data required time
                                 -2.72   data arrival time
-----------------------------------------------------------------------------
                                  4.47   slack (MET)


Startpoint: A[4] (input port clocked by __VIRTUAL_CLK__)
Endpoint: out[4] (output port clocked by __VIRTUAL_CLK__)
Path Group: __VIRTUAL_CLK__
Path Type: min

Fanout     Cap    Slew   Delay    Time   Description
-----------------------------------------------------------------------------
                  0.00    0.00    0.00   clock __VIRTUAL_CLK__ (rise edge)
                          0.00    0.00   clock network delay (ideal)
                          2.00    2.00 ^ input external delay
     1    0.00    0.02    0.01    2.01 ^ A[4] (in)
                                         A[4] (net)
                  0.02    0.00    2.01 ^ input5/A (sky130_fd_sc_hd__clkbuf_4)
     6    0.02    0.08    0.15    2.16 ^ input5/X (sky130_fd_sc_hd__clkbuf_4)
                                         net5 (net)
                  0.08    0.00    2.16 ^ _341_/A2 (sky130_fd_sc_hd__a31o_1)
     1    0.01    0.10    0.18    2.34 ^ _341_/X (sky130_fd_sc_hd__a31o_1)
                                         _092_ (net)
                  0.10    0.00    2.34 ^ _346_/B (sky130_fd_sc_hd__or3_1)
     1    0.00    0.03    0.10    2.44 ^ _346_/X (sky130_fd_sc_hd__or3_1)
                                         _097_ (net)
                  0.03    0.00    2.44 ^ _347_/A (sky130_fd_sc_hd__buf_1)
     1    0.00    0.05    0.08    2.52 ^ _347_/X (sky130_fd_sc_hd__buf_1)
                                         net24 (net)
                  0.05    0.00    2.52 ^ output24/A (sky130_fd_sc_hd__buf_2)
     1    0.04    0.18    0.20    2.72 ^ output24/X (sky130_fd_sc_hd__buf_2)
                                         out[4] (net)
                  0.18    0.00    2.72 ^ out[4] (out)
                                  2.72   data arrival time

                  0.00    0.00    0.00   clock __VIRTUAL_CLK__ (rise edge)
                          0.00    0.00   clock network delay (ideal)
                          0.25    0.25   clock uncertainty
                          0.00    0.25   clock reconvergence pessimism
                         -2.00   -1.75   output external delay
                                 -1.75   data required time
-----------------------------------------------------------------------------
                                 -1.75   data required time
                                 -2.72   data arrival time
-----------------------------------------------------------------------------
                                  4.47   slack (MET)


Startpoint: A[5] (input port clocked by __VIRTUAL_CLK__)
Endpoint: out[6] (output port clocked by __VIRTUAL_CLK__)
Path Group: __VIRTUAL_CLK__
Path Type: min

Fanout     Cap    Slew   Delay    Time   Description
-----------------------------------------------------------------------------
                  0.00    0.00    0.00   clock __VIRTUAL_CLK__ (rise edge)
                          0.00    0.00   clock network delay (ideal)
                          2.00    2.00 v input external delay
     1    0.00    0.01    0.00    2.00 v A[5] (in)
                                         A[5] (net)
                  0.01    0.00    2.00 v input6/A (sky130_fd_sc_hd__buf_2)
     6    0.01    0.05    0.12    2.13 v input6/X (sky130_fd_sc_hd__buf_2)
                                         net6 (net)
                  0.05    0.00    2.13 v _261_/A (sky130_fd_sc_hd__nand2_2)
     3    0.02    0.10    0.10    2.22 ^ _261_/Y (sky130_fd_sc_hd__nand2_2)
                                         _019_ (net)
                  0.10    0.00    2.22 ^ _274_/A1 (sky130_fd_sc_hd__a31o_1)
     1    0.00    0.04    0.13    2.35 ^ _274_/X (sky130_fd_sc_hd__a31o_1)
                                         _031_ (net)
                  0.04    0.00    2.35 ^ _275_/B (sky130_fd_sc_hd__nand2_1)
     1    0.00    0.03    0.04    2.39 v _275_/Y (sky130_fd_sc_hd__nand2_1)
                                         _032_ (net)
                  0.03    0.00    2.39 v _291_/A1 (sky130_fd_sc_hd__a21o_1)
     1    0.01    0.06    0.16    2.55 v _291_/X (sky130_fd_sc_hd__a21o_1)
                                         net26 (net)
                  0.06    0.00    2.56 v output26/A (sky130_fd_sc_hd__buf_2)
     1    0.03    0.09    0.18    2.73 v output26/X (sky130_fd_sc_hd__buf_2)
                                         out[6] (net)
                  0.09    0.00    2.73 v out[6] (out)
                                  2.73   data arrival time

                  0.00    0.00    0.00   clock __VIRTUAL_CLK__ (rise edge)
                          0.00    0.00   clock network delay (ideal)
                          0.25    0.25   clock uncertainty
                          0.00    0.25   clock reconvergence pessimism
                         -2.00   -1.75   output external delay
                                 -1.75   data required time
-----------------------------------------------------------------------------
                                 -1.75   data required time
                                 -2.73   data arrival time
-----------------------------------------------------------------------------
                                  4.48   slack (MET)


Startpoint: B[3] (input port clocked by __VIRTUAL_CLK__)
Endpoint: out[3] (output port clocked by __VIRTUAL_CLK__)
Path Group: __VIRTUAL_CLK__
Path Type: min

Fanout     Cap    Slew   Delay    Time   Description
-----------------------------------------------------------------------------
                  0.00    0.00    0.00   clock __VIRTUAL_CLK__ (rise edge)
                          0.00    0.00   clock network delay (ideal)
                          2.00    2.00 ^ input external delay
     1    0.00    0.02    0.01    2.01 ^ B[3] (in)
                                         B[3] (net)
                  0.02    0.00    2.01 ^ input12/A (sky130_fd_sc_hd__clkbuf_2)
     3    0.01    0.06    0.10    2.12 ^ input12/X (sky130_fd_sc_hd__clkbuf_2)
                                         net12 (net)
                  0.06    0.00    2.12 ^ _191_/A (sky130_fd_sc_hd__buf_4)
    10    0.04    0.11    0.16    2.28 ^ _191_/X (sky130_fd_sc_hd__buf_4)
                                         _119_ (net)
                  0.11    0.00    2.28 ^ _334_/A1 (sky130_fd_sc_hd__a311o_1)
     1    0.00    0.04    0.15    2.43 ^ _334_/X (sky130_fd_sc_hd__a311o_1)
                                         _086_ (net)
                  0.04    0.00    2.43 ^ _335_/C1 (sky130_fd_sc_hd__a221o_1)
     1    0.01    0.09    0.13    2.56 ^ _335_/X (sky130_fd_sc_hd__a221o_1)
                                         net23 (net)
                  0.09    0.00    2.56 ^ output23/A (sky130_fd_sc_hd__buf_2)
     1    0.03    0.17    0.20    2.76 ^ output23/X (sky130_fd_sc_hd__buf_2)
                                         out[3] (net)
                  0.17    0.00    2.77 ^ out[3] (out)
                                  2.77   data arrival time

                  0.00    0.00    0.00   clock __VIRTUAL_CLK__ (rise edge)
                          0.00    0.00   clock network delay (ideal)
                          0.25    0.25   clock uncertainty
                          0.00    0.25   clock reconvergence pessimism
                         -2.00   -1.75   output external delay
                                 -1.75   data required time
-----------------------------------------------------------------------------
                                 -1.75   data required time
                                 -2.77   data arrival time
-----------------------------------------------------------------------------
                                  4.52   slack (MET)


Startpoint: opcode[2] (input port clocked by __VIRTUAL_CLK__)
Endpoint: out[2] (output port clocked by __VIRTUAL_CLK__)
Path Group: __VIRTUAL_CLK__
Path Type: min

Fanout     Cap    Slew   Delay    Time   Description
-----------------------------------------------------------------------------
                  0.00    0.00    0.00   clock __VIRTUAL_CLK__ (rise edge)
                          0.00    0.00   clock network delay (ideal)
                          2.00    2.00 v input external delay
     1    0.00    0.01    0.01    2.01 v opcode[2] (in)
                                         opcode[2] (net)
                  0.01    0.00    2.01 v input19/A (sky130_fd_sc_hd__clkbuf_4)
     6    0.02    0.06    0.14    2.15 v input19/X (sky130_fd_sc_hd__clkbuf_4)
                                         net19 (net)
                  0.06    0.00    2.15 v _265_/A (sky130_fd_sc_hd__and3_2)
     7    0.02    0.07    0.21    2.35 v _265_/X (sky130_fd_sc_hd__and3_2)
                                         _023_ (net)
                  0.07    0.00    2.35 v _326_/A2 (sky130_fd_sc_hd__a31o_1)
     1    0.01    0.06    0.23    2.59 v _326_/X (sky130_fd_sc_hd__a31o_1)
                                         net22 (net)
                  0.06    0.00    2.59 v output22/A (sky130_fd_sc_hd__buf_2)
     1    0.04    0.09    0.18    2.77 v output22/X (sky130_fd_sc_hd__buf_2)
                                         out[2] (net)
                  0.09    0.00    2.77 v out[2] (out)
                                  2.77   data arrival time

                  0.00    0.00    0.00   clock __VIRTUAL_CLK__ (rise edge)
                          0.00    0.00   clock network delay (ideal)
                          0.25    0.25   clock uncertainty
                          0.00    0.25   clock reconvergence pessimism
                         -2.00   -1.75   output external delay
                                 -1.75   data required time
-----------------------------------------------------------------------------
                                 -1.75   data required time
                                 -2.77   data arrival time
-----------------------------------------------------------------------------
                                  4.52   slack (MET)


Startpoint: B[1] (input port clocked by __VIRTUAL_CLK__)
Endpoint: out[1] (output port clocked by __VIRTUAL_CLK__)
Path Group: __VIRTUAL_CLK__
Path Type: min

Fanout     Cap    Slew   Delay    Time   Description
-----------------------------------------------------------------------------
                  0.00    0.00    0.00   clock __VIRTUAL_CLK__ (rise edge)
                          0.00    0.00   clock network delay (ideal)
                          2.00    2.00 ^ input external delay
     1    0.00    0.02    0.01    2.01 ^ B[1] (in)
                                         B[1] (net)
                  0.02    0.00    2.01 ^ input10/A (sky130_fd_sc_hd__clkbuf_2)
     5    0.01    0.07    0.11    2.12 ^ input10/X (sky130_fd_sc_hd__clkbuf_2)
                                         net10 (net)
                  0.07    0.00    2.12 ^ _175_/A (sky130_fd_sc_hd__clkbuf_4)
    10    0.03    0.11    0.18    2.30 ^ _175_/X (sky130_fd_sc_hd__clkbuf_4)
                                         _103_ (net)
                  0.11    0.00    2.30 ^ _309_/A2 (sky130_fd_sc_hd__o22a_1)
     1    0.01    0.07    0.15    2.45 ^ _309_/X (sky130_fd_sc_hd__o22a_1)
                                         _063_ (net)
                  0.07    0.00    2.45 ^ _317_/A (sky130_fd_sc_hd__or4b_2)
     1    0.00    0.03    0.11    2.56 ^ _317_/X (sky130_fd_sc_hd__or4b_2)
                                         _071_ (net)
                  0.03    0.00    2.56 ^ _318_/A (sky130_fd_sc_hd__buf_1)
     1    0.01    0.11    0.12    2.68 ^ _318_/X (sky130_fd_sc_hd__buf_1)
                                         net21 (net)
                  0.11    0.00    2.68 ^ output21/A (sky130_fd_sc_hd__buf_2)
     1    0.03    0.17    0.21    2.89 ^ output21/X (sky130_fd_sc_hd__buf_2)
                                         out[1] (net)
                  0.17    0.00    2.89 ^ out[1] (out)
                                  2.89   data arrival time

                  0.00    0.00    0.00   clock __VIRTUAL_CLK__ (rise edge)
                          0.00    0.00   clock network delay (ideal)
                          0.25    0.25   clock uncertainty
                          0.00    0.25   clock reconvergence pessimism
                         -2.00   -1.75   output external delay
                                 -1.75   data required time
-----------------------------------------------------------------------------
                                 -1.75   data required time
                                 -2.89   data arrival time
-----------------------------------------------------------------------------
                                  4.64   slack (MET)



worst slack corner Typical: 4.3632
