
===========================================================================
report_checks -path_delay max (Setup)
============================================================================
======================= Typical Corner ===================================

Startpoint: B[0] (input port clocked by __VIRTUAL_CLK__)
Endpoint: out[6] (output port clocked by __VIRTUAL_CLK__)
Path Group: __VIRTUAL_CLK__
Path Type: max

Fanout     Cap    Slew   Delay    Time   Description
-----------------------------------------------------------------------------
                  0.00    0.00    0.00   clock __VIRTUAL_CLK__ (rise edge)
                          0.00    0.00   clock network delay (ideal)
                          2.00    2.00 v input external delay
     1    0.00    0.01    0.01    2.01 v B[0] (in)
                                         B[0] (net)
                  0.01    0.00    2.01 v input9/A (sky130_fd_sc_hd__dlymetal6s2s_1)
     4    0.01    0.06    0.15    2.15 v input9/X (sky130_fd_sc_hd__dlymetal6s2s_1)
                                         net9 (net)
                  0.06    0.00    2.15 v _234_/A (sky130_fd_sc_hd__or2_4)
     4    0.02    0.07    0.30    2.45 v _234_/X (sky130_fd_sc_hd__or2_4)
                                         _162_ (net)
                  0.07    0.00    2.46 v _236_/A3 (sky130_fd_sc_hd__o31a_2)
     3    0.02    0.09    0.36    2.82 v _236_/X (sky130_fd_sc_hd__o31a_2)
                                         _164_ (net)
                  0.09    0.00    2.82 v _268_/A3 (sky130_fd_sc_hd__o31a_2)
     2    0.02    0.08    0.36    3.18 v _268_/X (sky130_fd_sc_hd__o31a_2)
                                         _025_ (net)
                  0.08    0.00    3.18 v _269_/B (sky130_fd_sc_hd__xnor2_2)
     2    0.00    0.05    0.15    3.33 v _269_/Y (sky130_fd_sc_hd__xnor2_2)
                                         _026_ (net)
                  0.05    0.00    3.33 v _270_/B (sky130_fd_sc_hd__and2_1)
     3    0.02    0.10    0.23    3.55 v _270_/X (sky130_fd_sc_hd__and2_1)
                                         _027_ (net)
                  0.10    0.00    3.56 v _272_/A (sky130_fd_sc_hd__or2_4)
     2    0.01    0.06    0.29    3.85 v _272_/X (sky130_fd_sc_hd__or2_4)
                                         _029_ (net)
                  0.06    0.00    3.85 v _276_/C1 (sky130_fd_sc_hd__a311oi_4)
     2    0.01    0.23    0.23    4.08 ^ _276_/Y (sky130_fd_sc_hd__a311oi_4)
                                         _033_ (net)
                  0.23    0.00    4.08 ^ rebuffer1/A (sky130_fd_sc_hd__buf_4)
     2    0.01    0.05    0.18    4.26 ^ rebuffer1/X (sky130_fd_sc_hd__buf_4)
                                         net28 (net)
                  0.05    0.00    4.26 ^ _277_/A_N (sky130_fd_sc_hd__and2b_1)
     1    0.01    0.05    0.20    4.46 v _277_/X (sky130_fd_sc_hd__and2b_1)
                                         _034_ (net)
                  0.05    0.00    4.46 v _291_/A2 (sky130_fd_sc_hd__a21o_1)
     1    0.01    0.06    0.21    4.67 v _291_/X (sky130_fd_sc_hd__a21o_1)
                                         net26 (net)
                  0.06    0.00    4.67 v output26/A (sky130_fd_sc_hd__buf_2)
     1    0.03    0.09    0.19    4.87 v output26/X (sky130_fd_sc_hd__buf_2)
                                         out[6] (net)
                  0.09    0.00    4.87 v out[6] (out)
                                  4.87   data arrival time

                  0.00   10.00   10.00   clock __VIRTUAL_CLK__ (rise edge)
                          0.00   10.00   clock network delay (ideal)
                         -0.25    9.75   clock uncertainty
                          0.00    9.75   clock reconvergence pessimism
                         -2.00    7.75   output external delay
                                  7.75   data required time
-----------------------------------------------------------------------------
                                  7.75   data required time
                                 -4.87   data arrival time
-----------------------------------------------------------------------------
                                  2.88   slack (MET)


Startpoint: B[0] (input port clocked by __VIRTUAL_CLK__)
Endpoint: out[7] (output port clocked by __VIRTUAL_CLK__)
Path Group: __VIRTUAL_CLK__
Path Type: max

Fanout     Cap    Slew   Delay    Time   Description
-----------------------------------------------------------------------------
                  0.00    0.00    0.00   clock __VIRTUAL_CLK__ (rise edge)
                          0.00    0.00   clock network delay (ideal)
                          2.00    2.00 v input external delay
     1    0.00    0.01    0.01    2.01 v B[0] (in)
                                         B[0] (net)
                  0.01    0.00    2.01 v input9/A (sky130_fd_sc_hd__dlymetal6s2s_1)
     4    0.01    0.06    0.15    2.15 v input9/X (sky130_fd_sc_hd__dlymetal6s2s_1)
                                         net9 (net)
                  0.06    0.00    2.15 v _234_/A (sky130_fd_sc_hd__or2_4)
     4    0.02    0.07    0.30    2.45 v _234_/X (sky130_fd_sc_hd__or2_4)
                                         _162_ (net)
                  0.07    0.00    2.46 v _236_/A3 (sky130_fd_sc_hd__o31a_2)
     3    0.02    0.09    0.36    2.82 v _236_/X (sky130_fd_sc_hd__o31a_2)
                                         _164_ (net)
                  0.09    0.00    2.82 v _268_/A3 (sky130_fd_sc_hd__o31a_2)
     2    0.02    0.08    0.36    3.18 v _268_/X (sky130_fd_sc_hd__o31a_2)
                                         _025_ (net)
                  0.08    0.00    3.18 v _269_/B (sky130_fd_sc_hd__xnor2_2)
     2    0.00    0.05    0.15    3.33 v _269_/Y (sky130_fd_sc_hd__xnor2_2)
                                         _026_ (net)
                  0.05    0.00    3.33 v _270_/B (sky130_fd_sc_hd__and2_1)
     3    0.02    0.10    0.23    3.55 v _270_/X (sky130_fd_sc_hd__and2_1)
                                         _027_ (net)
                  0.10    0.00    3.56 v _272_/A (sky130_fd_sc_hd__or2_4)
     2    0.01    0.06    0.29    3.85 v _272_/X (sky130_fd_sc_hd__or2_4)
                                         _029_ (net)
                  0.06    0.00    3.85 v _276_/C1 (sky130_fd_sc_hd__a311oi_4)
     2    0.01    0.23    0.23    4.08 ^ _276_/Y (sky130_fd_sc_hd__a311oi_4)
                                         _033_ (net)
                  0.23    0.00    4.08 ^ rebuffer1/A (sky130_fd_sc_hd__buf_4)
     2    0.01    0.05    0.18    4.26 ^ rebuffer1/X (sky130_fd_sc_hd__buf_4)
                                         net28 (net)
                  0.05    0.00    4.27 ^ _295_/A2 (sky130_fd_sc_hd__o21ai_1)
     1    0.01    0.09    0.08    4.35 v _295_/Y (sky130_fd_sc_hd__o21ai_1)
                                         _051_ (net)
                  0.09    0.00    4.35 v _302_/A2 (sky130_fd_sc_hd__a31o_1)
     1    0.00    0.03    0.22    4.57 v _302_/X (sky130_fd_sc_hd__a31o_1)
                                         net27 (net)
                  0.03    0.00    4.57 v output27/A (sky130_fd_sc_hd__buf_2)
     1    0.04    0.09    0.19    4.76 v output27/X (sky130_fd_sc_hd__buf_2)
                                         out[7] (net)
                  0.09    0.00    4.76 v out[7] (out)
                                  4.76   data arrival time

                  0.00   10.00   10.00   clock __VIRTUAL_CLK__ (rise edge)
                          0.00   10.00   clock network delay (ideal)
                         -0.25    9.75   clock uncertainty
                          0.00    9.75   clock reconvergence pessimism
                         -2.00    7.75   output external delay
                                  7.75   data required time
-----------------------------------------------------------------------------
                                  7.75   data required time
                                 -4.76   data arrival time
-----------------------------------------------------------------------------
                                  2.99   slack (MET)


Startpoint: B[0] (input port clocked by __VIRTUAL_CLK__)
Endpoint: out[5] (output port clocked by __VIRTUAL_CLK__)
Path Group: __VIRTUAL_CLK__
Path Type: max

Fanout     Cap    Slew   Delay    Time   Description
-----------------------------------------------------------------------------
                  0.00    0.00    0.00   clock __VIRTUAL_CLK__ (rise edge)
                          0.00    0.00   clock network delay (ideal)
                          2.00    2.00 v input external delay
     1    0.00    0.01    0.01    2.01 v B[0] (in)
                                         B[0] (net)
                  0.01    0.00    2.01 v input9/A (sky130_fd_sc_hd__dlymetal6s2s_1)
     4    0.01    0.06    0.15    2.15 v input9/X (sky130_fd_sc_hd__dlymetal6s2s_1)
                                         net9 (net)
                  0.06    0.00    2.15 v _234_/A (sky130_fd_sc_hd__or2_4)
     4    0.02    0.07    0.30    2.45 v _234_/X (sky130_fd_sc_hd__or2_4)
                                         _162_ (net)
                  0.07    0.00    2.46 v _236_/A3 (sky130_fd_sc_hd__o31a_2)
     3    0.02    0.09    0.36    2.82 v _236_/X (sky130_fd_sc_hd__o31a_2)
                                         _164_ (net)
                  0.09    0.00    2.82 v _237_/B (sky130_fd_sc_hd__xnor2_2)
     2    0.02    0.25    0.25    3.07 ^ _237_/Y (sky130_fd_sc_hd__xnor2_2)
                                         _165_ (net)
                  0.25    0.00    3.07 ^ _255_/B (sky130_fd_sc_hd__or2_1)
     1    0.01    0.11    0.20    3.28 ^ _255_/X (sky130_fd_sc_hd__or2_1)
                                         _013_ (net)
                  0.11    0.00    3.28 ^ _256_/B (sky130_fd_sc_hd__nand2_1)
     2    0.01    0.06    0.09    3.37 v _256_/Y (sky130_fd_sc_hd__nand2_1)
                                         _014_ (net)
                  0.06    0.00    3.37 v _257_/C1 (sky130_fd_sc_hd__a311o_4)
     5    0.02    0.08    0.36    3.73 v _257_/X (sky130_fd_sc_hd__a311o_4)
                                         _015_ (net)
                  0.08    0.00    3.73 v _263_/A2 (sky130_fd_sc_hd__a21o_1)
     1    0.00    0.03    0.18    3.91 v _263_/X (sky130_fd_sc_hd__a21o_1)
                                         _021_ (net)
                  0.03    0.00    3.91 v _266_/A (sky130_fd_sc_hd__and3_1)
     1    0.01    0.07    0.18    4.09 v _266_/X (sky130_fd_sc_hd__and3_1)
                                         _024_ (net)
                  0.07    0.00    4.09 v _267_/C1 (sky130_fd_sc_hd__a211o_1)
     1    0.01    0.08    0.29    4.38 v _267_/X (sky130_fd_sc_hd__a211o_1)
                                         net25 (net)
                  0.08    0.00    4.38 v output25/A (sky130_fd_sc_hd__buf_2)
     1    0.03    0.09    0.21    4.59 v output25/X (sky130_fd_sc_hd__buf_2)
                                         out[5] (net)
                  0.09    0.00    4.59 v out[5] (out)
                                  4.59   data arrival time

                  0.00   10.00   10.00   clock __VIRTUAL_CLK__ (rise edge)
                          0.00   10.00   clock network delay (ideal)
                         -0.25    9.75   clock uncertainty
                          0.00    9.75   clock reconvergence pessimism
                         -2.00    7.75   output external delay
                                  7.75   data required time
-----------------------------------------------------------------------------
                                  7.75   data required time
                                 -4.59   data arrival time
-----------------------------------------------------------------------------
                                  3.16   slack (MET)


Startpoint: B[0] (input port clocked by __VIRTUAL_CLK__)
Endpoint: out[4] (output port clocked by __VIRTUAL_CLK__)
Path Group: __VIRTUAL_CLK__
Path Type: max

Fanout     Cap    Slew   Delay    Time   Description
-----------------------------------------------------------------------------
                  0.00    0.00    0.00   clock __VIRTUAL_CLK__ (rise edge)
                          0.00    0.00   clock network delay (ideal)
                          2.00    2.00 v input external delay
     1    0.00    0.01    0.01    2.01 v B[0] (in)
                                         B[0] (net)
                  0.01    0.00    2.01 v input9/A (sky130_fd_sc_hd__dlymetal6s2s_1)
     4    0.01    0.06    0.15    2.15 v input9/X (sky130_fd_sc_hd__dlymetal6s2s_1)
                                         net9 (net)
                  0.06    0.00    2.15 v _234_/A (sky130_fd_sc_hd__or2_4)
     4    0.02    0.07    0.30    2.45 v _234_/X (sky130_fd_sc_hd__or2_4)
                                         _162_ (net)
                  0.07    0.00    2.46 v _236_/A3 (sky130_fd_sc_hd__o31a_2)
     3    0.02    0.09    0.36    2.82 v _236_/X (sky130_fd_sc_hd__o31a_2)
                                         _164_ (net)
                  0.09    0.00    2.82 v _237_/B (sky130_fd_sc_hd__xnor2_2)
     2    0.02    0.25    0.25    3.07 ^ _237_/Y (sky130_fd_sc_hd__xnor2_2)
                                         _165_ (net)
                  0.25    0.00    3.07 ^ _255_/B (sky130_fd_sc_hd__or2_1)
     1    0.01    0.11    0.20    3.28 ^ _255_/X (sky130_fd_sc_hd__or2_1)
                                         _013_ (net)
                  0.11    0.00    3.28 ^ _256_/B (sky130_fd_sc_hd__nand2_1)
     2    0.01    0.06    0.09    3.37 v _256_/Y (sky130_fd_sc_hd__nand2_1)
                                         _014_ (net)
                  0.06    0.00    3.37 v _257_/C1 (sky130_fd_sc_hd__a311o_4)
     5    0.02    0.08    0.36    3.73 v _257_/X (sky130_fd_sc_hd__a311o_4)
                                         _015_ (net)
                  0.08    0.00    3.73 v _338_/A (sky130_fd_sc_hd__and3_1)
     1    0.01    0.05    0.18    3.91 v _338_/X (sky130_fd_sc_hd__and3_1)
                                         _089_ (net)
                  0.05    0.00    3.91 v _346_/A (sky130_fd_sc_hd__or3_1)
     1    0.00    0.06    0.37    4.28 v _346_/X (sky130_fd_sc_hd__or3_1)
                                         _097_ (net)
                  0.06    0.00    4.28 v _347_/A (sky130_fd_sc_hd__buf_1)
     1    0.00    0.03    0.10    4.38 v _347_/X (sky130_fd_sc_hd__buf_1)
                                         net24 (net)
                  0.03    0.00    4.38 v output24/A (sky130_fd_sc_hd__buf_2)
     1    0.04    0.09    0.19    4.57 v output24/X (sky130_fd_sc_hd__buf_2)
                                         out[4] (net)
                  0.09    0.00    4.57 v out[4] (out)
                                  4.57   data arrival time

                  0.00   10.00   10.00   clock __VIRTUAL_CLK__ (rise edge)
                          0.00   10.00   clock network delay (ideal)
                         -0.25    9.75   clock uncertainty
                          0.00    9.75   clock reconvergence pessimism
                         -2.00    7.75   output external delay
                                  7.75   data required time
-----------------------------------------------------------------------------
                                  7.75   data required time
                                 -4.57   data arrival time
-----------------------------------------------------------------------------
                                  3.18   slack (MET)


Startpoint: B[0] (input port clocked by __VIRTUAL_CLK__)
Endpoint: out[1] (output port clocked by __VIRTUAL_CLK__)
Path Group: __VIRTUAL_CLK__
Path Type: max

Fanout     Cap    Slew   Delay    Time   Description
-----------------------------------------------------------------------------
                  0.00    0.00    0.00   clock __VIRTUAL_CLK__ (rise edge)
                          0.00    0.00   clock network delay (ideal)
                          2.00    2.00 v input external delay
     1    0.00    0.01    0.01    2.01 v B[0] (in)
                                         B[0] (net)
                  0.01    0.00    2.01 v input9/A (sky130_fd_sc_hd__dlymetal6s2s_1)
     4    0.01    0.06    0.15    2.15 v input9/X (sky130_fd_sc_hd__dlymetal6s2s_1)
                                         net9 (net)
                  0.06    0.00    2.15 v _184_/A (sky130_fd_sc_hd__buf_4)
    10    0.05    0.07    0.20    2.35 v _184_/X (sky130_fd_sc_hd__buf_4)
                                         _112_ (net)
                  0.07    0.00    2.35 v _242_/C (sky130_fd_sc_hd__and3_1)
     2    0.01    0.07    0.23    2.58 v _242_/X (sky130_fd_sc_hd__and3_1)
                                         _000_ (net)
                  0.07    0.00    2.58 v rebuffer2/A (sky130_fd_sc_hd__dlymetal6s2s_1)
     1    0.01    0.05    0.16    2.75 v rebuffer2/X (sky130_fd_sc_hd__dlymetal6s2s_1)
                                         net29 (net)
                  0.05    0.00    2.75 v _244_/A1 (sky130_fd_sc_hd__o21a_2)
     4    0.01    0.06    0.25    2.99 v _244_/X (sky130_fd_sc_hd__o21a_2)
                                         _002_ (net)
                  0.06    0.00    2.99 v _247_/A_N (sky130_fd_sc_hd__and3b_2)
     3    0.01    0.09    0.28    3.28 ^ _247_/X (sky130_fd_sc_hd__and3b_2)
                                         _005_ (net)
                  0.09    0.00    3.28 ^ _316_/A (sky130_fd_sc_hd__or3b_1)
     1    0.01    0.08    0.15    3.42 ^ _316_/X (sky130_fd_sc_hd__or3b_1)
                                         _070_ (net)
                  0.08    0.00    3.42 ^ _317_/D_N (sky130_fd_sc_hd__or4b_2)
     1    0.00    0.09    0.60    4.03 v _317_/X (sky130_fd_sc_hd__or4b_2)
                                         _071_ (net)
                  0.09    0.00    4.03 v _318_/A (sky130_fd_sc_hd__buf_1)
     1    0.01    0.06    0.14    4.17 v _318_/X (sky130_fd_sc_hd__buf_1)
                                         net21 (net)
                  0.06    0.00    4.17 v output21/A (sky130_fd_sc_hd__buf_2)
     1    0.03    0.09    0.19    4.36 v output21/X (sky130_fd_sc_hd__buf_2)
                                         out[1] (net)
                  0.09    0.00    4.36 v out[1] (out)
                                  4.36   data arrival time

                  0.00   10.00   10.00   clock __VIRTUAL_CLK__ (rise edge)
                          0.00   10.00   clock network delay (ideal)
                         -0.25    9.75   clock uncertainty
                          0.00    9.75   clock reconvergence pessimism
                         -2.00    7.75   output external delay
                                  7.75   data required time
-----------------------------------------------------------------------------
                                  7.75   data required time
                                 -4.36   data arrival time
-----------------------------------------------------------------------------
                                  3.39   slack (MET)


Startpoint: B[0] (input port clocked by __VIRTUAL_CLK__)
Endpoint: out[3] (output port clocked by __VIRTUAL_CLK__)
Path Group: __VIRTUAL_CLK__
Path Type: max

Fanout     Cap    Slew   Delay    Time   Description
-----------------------------------------------------------------------------
                  0.00    0.00    0.00   clock __VIRTUAL_CLK__ (rise edge)
                          0.00    0.00   clock network delay (ideal)
                          2.00    2.00 v input external delay
     1    0.00    0.01    0.01    2.01 v B[0] (in)
                                         B[0] (net)
                  0.01    0.00    2.01 v input9/A (sky130_fd_sc_hd__dlymetal6s2s_1)
     4    0.01    0.06    0.15    2.15 v input9/X (sky130_fd_sc_hd__dlymetal6s2s_1)
                                         net9 (net)
                  0.06    0.00    2.15 v _184_/A (sky130_fd_sc_hd__buf_4)
    10    0.05    0.07    0.20    2.35 v _184_/X (sky130_fd_sc_hd__buf_4)
                                         _112_ (net)
                  0.07    0.00    2.35 v _242_/C (sky130_fd_sc_hd__and3_1)
     2    0.01    0.07    0.23    2.58 v _242_/X (sky130_fd_sc_hd__and3_1)
                                         _000_ (net)
                  0.07    0.00    2.58 v _245_/B (sky130_fd_sc_hd__or3_4)
     2    0.01    0.07    0.39    2.98 v _245_/X (sky130_fd_sc_hd__or3_4)
                                         _003_ (net)
                  0.07    0.00    2.98 v _247_/B (sky130_fd_sc_hd__and3b_2)
     3    0.01    0.06    0.24    3.22 v _247_/X (sky130_fd_sc_hd__and3b_2)
                                         _005_ (net)
                  0.06    0.00    3.22 v _250_/A1 (sky130_fd_sc_hd__o21ai_4)
     4    0.02    0.18    0.21    3.43 ^ _250_/Y (sky130_fd_sc_hd__o21ai_4)
                                         _008_ (net)
                  0.18    0.00    3.43 ^ _328_/B (sky130_fd_sc_hd__nand2_1)
     1    0.00    0.06    0.09    3.52 v _328_/Y (sky130_fd_sc_hd__nand2_1)
                                         _080_ (net)
                  0.06    0.00    3.52 v _329_/B (sky130_fd_sc_hd__xnor2_1)
     1    0.00    0.04    0.13    3.65 v _329_/Y (sky130_fd_sc_hd__xnor2_1)
                                         _081_ (net)
                  0.04    0.00    3.65 v _335_/A2 (sky130_fd_sc_hd__a221o_1)
     1    0.01    0.08    0.40    4.04 v _335_/X (sky130_fd_sc_hd__a221o_1)
                                         net23 (net)
                  0.08    0.00    4.04 v output23/A (sky130_fd_sc_hd__buf_2)
     1    0.03    0.09    0.21    4.25 v output23/X (sky130_fd_sc_hd__buf_2)
                                         out[3] (net)
                  0.09    0.00    4.25 v out[3] (out)
                                  4.25   data arrival time

                  0.00   10.00   10.00   clock __VIRTUAL_CLK__ (rise edge)
                          0.00   10.00   clock network delay (ideal)
                         -0.25    9.75   clock uncertainty
                          0.00    9.75   clock reconvergence pessimism
                         -2.00    7.75   output external delay
                                  7.75   data required time
-----------------------------------------------------------------------------
                                  7.75   data required time
                                 -4.25   data arrival time
-----------------------------------------------------------------------------
                                  3.50   slack (MET)


Startpoint: B[0] (input port clocked by __VIRTUAL_CLK__)
Endpoint: out[2] (output port clocked by __VIRTUAL_CLK__)
Path Group: __VIRTUAL_CLK__
Path Type: max

Fanout     Cap    Slew   Delay    Time   Description
-----------------------------------------------------------------------------
                  0.00    0.00    0.00   clock __VIRTUAL_CLK__ (rise edge)
                          0.00    0.00   clock network delay (ideal)
                          2.00    2.00 v input external delay
     1    0.00    0.01    0.01    2.01 v B[0] (in)
                                         B[0] (net)
                  0.01    0.00    2.01 v input9/A (sky130_fd_sc_hd__dlymetal6s2s_1)
     4    0.01    0.06    0.15    2.15 v input9/X (sky130_fd_sc_hd__dlymetal6s2s_1)
                                         net9 (net)
                  0.06    0.00    2.15 v _234_/A (sky130_fd_sc_hd__or2_4)
     4    0.02    0.07    0.30    2.45 v _234_/X (sky130_fd_sc_hd__or2_4)
                                         _162_ (net)
                  0.07    0.00    2.46 v _240_/C (sky130_fd_sc_hd__and3_2)
     2    0.01    0.05    0.25    2.70 v _240_/X (sky130_fd_sc_hd__and3_2)
                                         _168_ (net)
                  0.05    0.00    2.70 v _248_/C (sky130_fd_sc_hd__or3_1)
     1    0.00    0.07    0.32    3.03 v _248_/X (sky130_fd_sc_hd__or3_1)
                                         _006_ (net)
                  0.07    0.00    3.03 v _249_/B (sky130_fd_sc_hd__and2_4)
     2    0.01    0.04    0.18    3.21 v _249_/X (sky130_fd_sc_hd__and2_4)
                                         _007_ (net)
                  0.04    0.00    3.21 v _319_/A (sky130_fd_sc_hd__or3_1)
     1    0.00    0.06    0.37    3.58 v _319_/X (sky130_fd_sc_hd__or3_1)
                                         _072_ (net)
                  0.06    0.00    3.58 v _326_/A3 (sky130_fd_sc_hd__a31o_1)
     1    0.01    0.07    0.26    3.84 v _326_/X (sky130_fd_sc_hd__a31o_1)
                                         net22 (net)
                  0.07    0.00    3.84 v output22/A (sky130_fd_sc_hd__buf_2)
     1    0.04    0.09    0.20    4.05 v output22/X (sky130_fd_sc_hd__buf_2)
                                         out[2] (net)
                  0.09    0.00    4.05 v out[2] (out)
                                  4.05   data arrival time

                  0.00   10.00   10.00   clock __VIRTUAL_CLK__ (rise edge)
                          0.00   10.00   clock network delay (ideal)
                         -0.25    9.75   clock uncertainty
                          0.00    9.75   clock reconvergence pessimism
                         -2.00    7.75   output external delay
                                  7.75   data required time
-----------------------------------------------------------------------------
                                  7.75   data required time
                                 -4.05   data arrival time
-----------------------------------------------------------------------------
                                  3.70   slack (MET)


Startpoint: opcode[1] (input port clocked by __VIRTUAL_CLK__)
Endpoint: out[0] (output port clocked by __VIRTUAL_CLK__)
Path Group: __VIRTUAL_CLK__
Path Type: max

Fanout     Cap    Slew   Delay    Time   Description
-----------------------------------------------------------------------------
                  0.00    0.00    0.00   clock __VIRTUAL_CLK__ (rise edge)
                          0.00    0.00   clock network delay (ideal)
                          2.00    2.00 v input external delay
     1    0.00    0.01    0.00    2.00 v opcode[1] (in)
                                         opcode[1] (net)
                  0.01    0.00    2.00 v input18/A (sky130_fd_sc_hd__clkbuf_4)
     6    0.02    0.06    0.15    2.16 v input18/X (sky130_fd_sc_hd__clkbuf_4)
                                         net18 (net)
                  0.06    0.00    2.16 v _171_/B (sky130_fd_sc_hd__or2_2)
     4    0.02    0.09    0.34    2.50 v _171_/X (sky130_fd_sc_hd__or2_2)
                                         _099_ (net)
                  0.09    0.00    2.50 v _224_/B (sky130_fd_sc_hd__or2_1)
     1    0.00    0.06    0.24    2.74 v _224_/X (sky130_fd_sc_hd__or2_1)
                                         _152_ (net)
                  0.06    0.00    2.74 v _225_/A (sky130_fd_sc_hd__clkbuf_4)
     8    0.04    0.10    0.21    2.95 v _225_/X (sky130_fd_sc_hd__clkbuf_4)
                                         _153_ (net)
                  0.10    0.01    2.95 v _306_/A2 (sky130_fd_sc_hd__o21ai_1)
     1    0.00    0.10    0.13    3.09 ^ _306_/Y (sky130_fd_sc_hd__o21ai_1)
                                         _061_ (net)
                  0.10    0.00    3.09 ^ _307_/B1 (sky130_fd_sc_hd__a31o_1)
     1    0.01    0.14    0.18    3.27 ^ _307_/X (sky130_fd_sc_hd__a31o_1)
                                         net20 (net)
                  0.14    0.00    3.27 ^ output20/A (sky130_fd_sc_hd__buf_2)
     1    0.03    0.17    0.24    3.51 ^ output20/X (sky130_fd_sc_hd__buf_2)
                                         out[0] (net)
                  0.17    0.00    3.51 ^ out[0] (out)
                                  3.51   data arrival time

                  0.00   10.00   10.00   clock __VIRTUAL_CLK__ (rise edge)
                          0.00   10.00   clock network delay (ideal)
                         -0.25    9.75   clock uncertainty
                          0.00    9.75   clock reconvergence pessimism
                         -2.00    7.75   output external delay
                                  7.75   data required time
-----------------------------------------------------------------------------
                                  7.75   data required time
                                 -3.51   data arrival time
-----------------------------------------------------------------------------
                                  4.24   slack (MET)



worst slack corner Typical: 2.8815
