OpenROAD b16bda7e82721d10566ff7e2b68f1ff0be9f9e38 
Features included (+) or not (-): +Charts +GPU +GUI +Python
This program is licensed under the BSD-3 license. See the LICENSE file for details.
Components of this program may be licensed under more restrictive licenses which must be honored.
Top-level design name: ZeroToFiveCounter
Block boundaries: 0 0 70000 110000
Horizontal Tracks Origin: 340, Count: 162, Step: 680
Vertical Tracks Origin: 230, Count: 152, Step: 460
Placement details for the #E side
Virtual pin count:  0
Actual pin count:  7
Total pin count:  7
Tracks count:  81
Tracks per pin:  11
Used tracks count:  67
Unused track count:  14
Starting track index:  7
Placement Map:
[340, 1700, 3060, 4420, 5780, 7140, 8500, [91m9860[0m, 11220, 12580, 13940, 15300, 16660, 18020, 19380, 20740, 22100, 23460, [91m24820[0m, 26180, 27540, 28900, 30260, 31620, 32980, 34340, 35700, 37060, 38420, [91m39780[0m, 41140, 42500, 43860, 45220, 46580, 47940, 49300, 50660, 52020, 53380, [91m54740[0m, 56100, 57460, 58820, 60180, 61540, 62900, 64260, 65620, 66980, 68340, [91m69700[0m, 71060, 72420, 73780, 75140, 76500, 77860, 79220, 80580, 81940, 83300, [91m84660[0m, 86020, 87380, 88740, 90100, 91460, 92820, 94180, 95540, 96900, 98260, [91m99620[0m, 100980, 102340, 103700, 105060, 106420, 107780, 109140, ]
Indices of used tracks: [7, 18, 29, 40, 51, 62, 73]
---
Placement details for the #S side
Virtual pin count:  0
Actual pin count:  4
Total pin count:  4
Tracks count:  152
Tracks per pin:  38
Used tracks count:  115
Unused track count:  37
Starting track index:  18
Placement Map:
[230, 690, 1150, 1610, 2070, 2530, 2990, 3450, 3910, 4370, 4830, 5290, 5750, 6210, 6670, 7130, 7590, 8050, [91m8510[0m, 8970, 9430, 9890, 10350, 10810, 11270, 11730, 12190, 12650, 13110, 13570, 14030, 14490, 14950, 15410, 15870, 16330, 16790, 17250, 17710, 18170, 18630, 19090, 19550, 20010, 20470, 20930, 21390, 21850, 22310, 22770, 23230, 23690, 24150, 24610, 25070, 25530, [91m25990[0m, 26450, 26910, 27370, 27830, 28290, 28750, 29210, 29670, 30130, 30590, 31050, 31510, 31970, 32430, 32890, 33350, 33810, 34270, 34730, 35190, 35650, 36110, 36570, 37030, 37490, 37950, 38410, 38870, 39330, 39790, 40250, 40710, 41170, 41630, 42090, 42550, 43010, [91m43470[0m, 43930, 44390, 44850, 45310, 45770, 46230, 46690, 47150, 47610, 48070, 48530, 48990, 49450, 49910, 50370, 50830, 51290, 51750, 52210, 52670, 53130, 53590, 54050, 54510, 54970, 55430, 55890, 56350, 56810, 57270, 57730, 58190, 58650, 59110, 59570, 60030, 60490, [91m60950[0m, 61410, 61870, 62330, 62790, 63250, 63710, 64170, 64630, 65090, 65550, 66010, 66470, 66930, 67390, 67850, 68310, 68770, 69230, 69690, ]
Indices of used tracks: [18, 56, 94, 132]
---
Placement details for the #W side
Virtual pin count:  0
Actual pin count:  2
Total pin count:  2
Tracks count:  81
Tracks per pin:  40
Used tracks count:  41
Unused track count:  40
Starting track index:  20
Placement Map:
[340, 1700, 3060, 4420, 5780, 7140, 8500, 9860, 11220, 12580, 13940, 15300, 16660, 18020, 19380, 20740, 22100, 23460, 24820, 26180, [91m27540[0m, 28900, 30260, 31620, 32980, 34340, 35700, 37060, 38420, 39780, 41140, 42500, 43860, 45220, 46580, 47940, 49300, 50660, 52020, 53380, 54740, 56100, 57460, 58820, 60180, 61540, 62900, 64260, 65620, 66980, 68340, 69700, 71060, 72420, 73780, 75140, 76500, 77860, 79220, 80580, [91m81940[0m, 83300, 84660, 86020, 87380, 88740, 90100, 91460, 92820, 94180, 95540, 96900, 98260, 99620, 100980, 102340, 103700, 105060, 106420, 107780, 109140, ]
Indices of used tracks: [20, 60]
---
