
===========================================================================
report_checks -path_delay min (Hold)
============================================================================
======================= Fastest Corner ===================================

Startpoint: B[5] (input port clocked by __VIRTUAL_CLK__)
Endpoint: out[5] (output port clocked by __VIRTUAL_CLK__)
Path Group: __VIRTUAL_CLK__
Path Type: min
Corner: Fastest

Fanout     Cap    Slew   Delay    Time   Description
-----------------------------------------------------------------------------
                  0.00    0.00    0.00   clock __VIRTUAL_CLK__ (rise edge)
                          0.00    0.00   clock network delay (ideal)
                          2.00    2.00 ^ input external delay
     1    0.00    0.01    0.01    2.01 ^ B[5] (in)
                                         B[5] (net)
                  0.01    0.00    2.01 ^ input14/A (sky130_fd_sc_hd__buf_2)
     5    0.05    0.18    0.16    2.16 ^ input14/X (sky130_fd_sc_hd__buf_2)
                                         net14 (net)
                  0.18    0.00    2.17 ^ _233_/A1 (sky130_fd_sc_hd__a311o_1)
     1    0.01    0.07    0.13    2.30 ^ _233_/X (sky130_fd_sc_hd__a311o_1)
                                         _161_ (net)
                  0.07    0.00    2.30 ^ _267_/B1 (sky130_fd_sc_hd__a211o_1)
     1    0.02    0.16    0.15    2.45 ^ _267_/X (sky130_fd_sc_hd__a211o_1)
                                         net25 (net)
                  0.16    0.00    2.45 ^ output25/A (sky130_fd_sc_hd__buf_2)
     1    0.03    0.13    0.15    2.60 ^ output25/X (sky130_fd_sc_hd__buf_2)
                                         out[5] (net)
                  0.13    0.00    2.60 ^ out[5] (out)
                                  2.60   data arrival time

                  0.00    0.00    0.00   clock __VIRTUAL_CLK__ (rise edge)
                          0.00    0.00   clock network delay (ideal)
                          0.25    0.25   clock uncertainty
                          0.00    0.25   clock reconvergence pessimism
                         -2.00   -1.75   output external delay
                                 -1.75   data required time
-----------------------------------------------------------------------------
                                 -1.75   data required time
                                 -2.60   data arrival time
-----------------------------------------------------------------------------
                                  4.35   slack (MET)


Startpoint: A[7] (input port clocked by __VIRTUAL_CLK__)
Endpoint: out[7] (output port clocked by __VIRTUAL_CLK__)
Path Group: __VIRTUAL_CLK__
Path Type: min
Corner: Fastest

Fanout     Cap    Slew   Delay    Time   Description
-----------------------------------------------------------------------------
                  0.00    0.00    0.00   clock __VIRTUAL_CLK__ (rise edge)
                          0.00    0.00   clock network delay (ideal)
                          2.00    2.00 ^ input external delay
     1    0.00    0.01    0.01    2.01 ^ A[7] (in)
                                         A[7] (net)
                  0.01    0.00    2.01 ^ input8/A (sky130_fd_sc_hd__buf_2)
     4    0.04    0.15    0.14    2.14 ^ input8/X (sky130_fd_sc_hd__buf_2)
                                         net8 (net)
                  0.15    0.01    2.15 ^ _300_/A1 (sky130_fd_sc_hd__o221a_1)
     1    0.00    0.04    0.11    2.26 ^ _300_/X (sky130_fd_sc_hd__o221a_1)
                                         _056_ (net)
                  0.04    0.00    2.26 ^ _301_/B1_N (sky130_fd_sc_hd__a21bo_1)
     1    0.02    0.07    0.13    2.39 v _301_/X (sky130_fd_sc_hd__a21bo_1)
                                         _057_ (net)
                  0.07    0.00    2.39 v _302_/B1 (sky130_fd_sc_hd__a31o_1)
     1    0.01    0.04    0.10    2.49 v _302_/X (sky130_fd_sc_hd__a31o_1)
                                         net27 (net)
                  0.04    0.00    2.49 v output27/A (sky130_fd_sc_hd__buf_2)
     1    0.03    0.06    0.12    2.61 v output27/X (sky130_fd_sc_hd__buf_2)
                                         out[7] (net)
                  0.06    0.00    2.61 v out[7] (out)
                                  2.61   data arrival time

                  0.00    0.00    0.00   clock __VIRTUAL_CLK__ (rise edge)
                          0.00    0.00   clock network delay (ideal)
                          0.25    0.25   clock uncertainty
                          0.00    0.25   clock reconvergence pessimism
                         -2.00   -1.75   output external delay
                                 -1.75   data required time
-----------------------------------------------------------------------------
                                 -1.75   data required time
                                 -2.61   data arrival time
-----------------------------------------------------------------------------
                                  4.36   slack (MET)


Startpoint: B[0] (input port clocked by __VIRTUAL_CLK__)
Endpoint: out[0] (output port clocked by __VIRTUAL_CLK__)
Path Group: __VIRTUAL_CLK__
Path Type: min
Corner: Fastest

Fanout     Cap    Slew   Delay    Time   Description
-----------------------------------------------------------------------------
                  0.00    0.00    0.00   clock __VIRTUAL_CLK__ (rise edge)
                          0.00    0.00   clock network delay (ideal)
                          2.00    2.00 v input external delay
     1    0.00    0.00    0.00    2.00 v B[0] (in)
                                         B[0] (net)
                  0.00    0.00    2.00 v input9/A (sky130_fd_sc_hd__clkbuf_2)
     5    0.04    0.10    0.11    2.12 v input9/X (sky130_fd_sc_hd__clkbuf_2)
                                         net9 (net)
                  0.10    0.00    2.12 v clone7/A (sky130_fd_sc_hd__buf_2)
     5    0.06    0.10    0.16    2.28 v clone7/X (sky130_fd_sc_hd__buf_2)
                                         net34 (net)
                  0.10    0.00    2.28 v _307_/A1 (sky130_fd_sc_hd__a31o_1)
     2    0.03    0.10    0.19    2.48 v _307_/X (sky130_fd_sc_hd__a31o_1)
                                         net20 (net)
                  0.10    0.00    2.48 v output20/A (sky130_fd_sc_hd__buf_2)
     1    0.03    0.06    0.14    2.62 v output20/X (sky130_fd_sc_hd__buf_2)
                                         out[0] (net)
                  0.06    0.00    2.62 v out[0] (out)
                                  2.62   data arrival time

                  0.00    0.00    0.00   clock __VIRTUAL_CLK__ (rise edge)
                          0.00    0.00   clock network delay (ideal)
                          0.25    0.25   clock uncertainty
                          0.00    0.25   clock reconvergence pessimism
                         -2.00   -1.75   output external delay
                                 -1.75   data required time
-----------------------------------------------------------------------------
                                 -1.75   data required time
                                 -2.62   data arrival time
-----------------------------------------------------------------------------
                                  4.37   slack (MET)


Startpoint: opcode[2] (input port clocked by __VIRTUAL_CLK__)
Endpoint: out[2] (output port clocked by __VIRTUAL_CLK__)
Path Group: __VIRTUAL_CLK__
Path Type: min
Corner: Fastest

Fanout     Cap    Slew   Delay    Time   Description
-----------------------------------------------------------------------------
                  0.00    0.00    0.00   clock __VIRTUAL_CLK__ (rise edge)
                          0.00    0.00   clock network delay (ideal)
                          2.00    2.00 v input external delay
     1    0.00    0.00    0.00    2.00 v opcode[2] (in)
                                         opcode[2] (net)
                  0.00    0.00    2.00 v input19/A (sky130_fd_sc_hd__clkbuf_4)
     6    0.07    0.10    0.13    2.13 v input19/X (sky130_fd_sc_hd__clkbuf_4)
                                         net19 (net)
                  0.10    0.01    2.14 v _265_/A (sky130_fd_sc_hd__and3_2)
     7    0.05    0.10    0.20    2.34 v _265_/X (sky130_fd_sc_hd__and3_2)
                                         _023_ (net)
                  0.10    0.00    2.35 v _326_/A2 (sky130_fd_sc_hd__a31o_1)
     1    0.02    0.06    0.19    2.54 v _326_/X (sky130_fd_sc_hd__a31o_1)
                                         net22 (net)
                  0.06    0.00    2.54 v output22/A (sky130_fd_sc_hd__buf_2)
     1    0.04    0.07    0.12    2.66 v output22/X (sky130_fd_sc_hd__buf_2)
                                         out[2] (net)
                  0.07    0.00    2.67 v out[2] (out)
                                  2.67   data arrival time

                  0.00    0.00    0.00   clock __VIRTUAL_CLK__ (rise edge)
                          0.00    0.00   clock network delay (ideal)
                          0.25    0.25   clock uncertainty
                          0.00    0.25   clock reconvergence pessimism
                         -2.00   -1.75   output external delay
                                 -1.75   data required time
-----------------------------------------------------------------------------
                                 -1.75   data required time
                                 -2.67   data arrival time
-----------------------------------------------------------------------------
                                  4.42   slack (MET)


Startpoint: A[6] (input port clocked by __VIRTUAL_CLK__)
Endpoint: out[6] (output port clocked by __VIRTUAL_CLK__)
Path Group: __VIRTUAL_CLK__
Path Type: min
Corner: Fastest

Fanout     Cap    Slew   Delay    Time   Description
-----------------------------------------------------------------------------
                  0.00    0.00    0.00   clock __VIRTUAL_CLK__ (rise edge)
                          0.00    0.00   clock network delay (ideal)
                          2.00    2.00 ^ input external delay
     1    0.00    0.02    0.01    2.01 ^ A[6] (in)
                                         A[6] (net)
                  0.02    0.00    2.01 ^ input7/A (sky130_fd_sc_hd__clkbuf_2)
     5    0.04    0.16    0.14    2.15 ^ input7/X (sky130_fd_sc_hd__clkbuf_2)
                                         net7 (net)
                  0.16    0.00    2.15 ^ _289_/A1 (sky130_fd_sc_hd__o211ai_2)
     1    0.03    0.11    0.13    2.28 v _289_/Y (sky130_fd_sc_hd__o211ai_2)
                                         _046_ (net)
                  0.11    0.01    2.28 v _290_/B1 (sky130_fd_sc_hd__a31o_1)
     1    0.03    0.09    0.15    2.44 v _290_/X (sky130_fd_sc_hd__a31o_1)
                                         _047_ (net)
                  0.09    0.00    2.44 v _291_/B1 (sky130_fd_sc_hd__a21o_1)
     1    0.02    0.06    0.12    2.56 v _291_/X (sky130_fd_sc_hd__a21o_1)
                                         net26 (net)
                  0.06    0.00    2.56 v output26/A (sky130_fd_sc_hd__clkbuf_4)
     1    0.03    0.06    0.13    2.69 v output26/X (sky130_fd_sc_hd__clkbuf_4)
                                         out[6] (net)
                  0.06    0.00    2.69 v out[6] (out)
                                  2.69   data arrival time

                  0.00    0.00    0.00   clock __VIRTUAL_CLK__ (rise edge)
                          0.00    0.00   clock network delay (ideal)
                          0.25    0.25   clock uncertainty
                          0.00    0.25   clock reconvergence pessimism
                         -2.00   -1.75   output external delay
                                 -1.75   data required time
-----------------------------------------------------------------------------
                                 -1.75   data required time
                                 -2.69   data arrival time
-----------------------------------------------------------------------------
                                  4.44   slack (MET)


Startpoint: opcode[2] (input port clocked by __VIRTUAL_CLK__)
Endpoint: out[3] (output port clocked by __VIRTUAL_CLK__)
Path Group: __VIRTUAL_CLK__
Path Type: min
Corner: Fastest

Fanout     Cap    Slew   Delay    Time   Description
-----------------------------------------------------------------------------
                  0.00    0.00    0.00   clock __VIRTUAL_CLK__ (rise edge)
                          0.00    0.00   clock network delay (ideal)
                          2.00    2.00 v input external delay
     1    0.00    0.00    0.00    2.00 v opcode[2] (in)
                                         opcode[2] (net)
                  0.00    0.00    2.00 v input19/A (sky130_fd_sc_hd__clkbuf_4)
     6    0.07    0.10    0.13    2.13 v input19/X (sky130_fd_sc_hd__clkbuf_4)
                                         net19 (net)
                  0.10    0.01    2.14 v _265_/A (sky130_fd_sc_hd__and3_2)
     7    0.05    0.10    0.20    2.34 v _265_/X (sky130_fd_sc_hd__and3_2)
                                         _023_ (net)
                  0.10    0.00    2.35 v _335_/A1 (sky130_fd_sc_hd__a221o_1)
     1    0.02    0.07    0.22    2.57 v _335_/X (sky130_fd_sc_hd__a221o_1)
                                         net23 (net)
                  0.07    0.00    2.57 v output23/A (sky130_fd_sc_hd__buf_2)
     1    0.03    0.06    0.13    2.69 v output23/X (sky130_fd_sc_hd__buf_2)
                                         out[3] (net)
                  0.06    0.00    2.69 v out[3] (out)
                                  2.69   data arrival time

                  0.00    0.00    0.00   clock __VIRTUAL_CLK__ (rise edge)
                          0.00    0.00   clock network delay (ideal)
                          0.25    0.25   clock uncertainty
                          0.00    0.25   clock reconvergence pessimism
                         -2.00   -1.75   output external delay
                                 -1.75   data required time
-----------------------------------------------------------------------------
                                 -1.75   data required time
                                 -2.69   data arrival time
-----------------------------------------------------------------------------
                                  4.44   slack (MET)


Startpoint: A[4] (input port clocked by __VIRTUAL_CLK__)
Endpoint: out[4] (output port clocked by __VIRTUAL_CLK__)
Path Group: __VIRTUAL_CLK__
Path Type: min
Corner: Fastest

Fanout     Cap    Slew   Delay    Time   Description
-----------------------------------------------------------------------------
                  0.00    0.00    0.00   clock __VIRTUAL_CLK__ (rise edge)
                          0.00    0.00   clock network delay (ideal)
                          2.00    2.00 ^ input external delay
     1    0.00    0.02    0.01    2.01 ^ A[4] (in)
                                         A[4] (net)
                  0.02    0.00    2.01 ^ input5/A (sky130_fd_sc_hd__clkbuf_4)
     6    0.07    0.15    0.16    2.16 ^ input5/X (sky130_fd_sc_hd__clkbuf_4)
                                         net5 (net)
                  0.15    0.00    2.17 ^ _341_/A2 (sky130_fd_sc_hd__a31o_1)
     1    0.02    0.14    0.16    2.33 ^ _341_/X (sky130_fd_sc_hd__a31o_1)
                                         _092_ (net)
                  0.14    0.00    2.33 ^ _346_/B (sky130_fd_sc_hd__or3_1)
     1    0.01    0.06    0.10    2.43 ^ _346_/X (sky130_fd_sc_hd__or3_1)
                                         _097_ (net)
                  0.06    0.00    2.43 ^ _347_/A (sky130_fd_sc_hd__buf_1)
     1    0.02    0.15    0.13    2.57 ^ _347_/X (sky130_fd_sc_hd__buf_1)
                                         net24 (net)
                  0.15    0.00    2.57 ^ output24/A (sky130_fd_sc_hd__buf_2)
     1    0.03    0.13    0.15    2.72 ^ output24/X (sky130_fd_sc_hd__buf_2)
                                         out[4] (net)
                  0.13    0.00    2.73 ^ out[4] (out)
                                  2.73   data arrival time

                  0.00    0.00    0.00   clock __VIRTUAL_CLK__ (rise edge)
                          0.00    0.00   clock network delay (ideal)
                          0.25    0.25   clock uncertainty
                          0.00    0.25   clock reconvergence pessimism
                         -2.00   -1.75   output external delay
                                 -1.75   data required time
-----------------------------------------------------------------------------
                                 -1.75   data required time
                                 -2.73   data arrival time
-----------------------------------------------------------------------------
                                  4.48   slack (MET)


Startpoint: B[1] (input port clocked by __VIRTUAL_CLK__)
Endpoint: out[1] (output port clocked by __VIRTUAL_CLK__)
Path Group: __VIRTUAL_CLK__
Path Type: min
Corner: Fastest

Fanout     Cap    Slew   Delay    Time   Description
-----------------------------------------------------------------------------
                  0.00    0.00    0.00   clock __VIRTUAL_CLK__ (rise edge)
                          0.00    0.00   clock network delay (ideal)
                          2.00    2.00 ^ input external delay
     1    0.00    0.01    0.01    2.01 ^ B[1] (in)
                                         B[1] (net)
                  0.01    0.00    2.01 ^ input10/A (sky130_fd_sc_hd__clkbuf_2)
     5    0.05    0.19    0.16    2.17 ^ input10/X (sky130_fd_sc_hd__clkbuf_2)
                                         net10 (net)
                  0.19    0.00    2.17 ^ _175_/A (sky130_fd_sc_hd__buf_6)
    10    0.07    0.11    0.13    2.30 ^ _175_/X (sky130_fd_sc_hd__buf_6)
                                         _103_ (net)
                  0.12    0.01    2.31 ^ _309_/A2 (sky130_fd_sc_hd__o22a_1)
     1    0.01    0.10    0.12    2.44 ^ _309_/X (sky130_fd_sc_hd__o22a_1)
                                         _063_ (net)
                  0.10    0.00    2.44 ^ _317_/A (sky130_fd_sc_hd__or4b_2)
     1    0.03    0.12    0.15    2.59 ^ _317_/X (sky130_fd_sc_hd__or4b_2)
                                         _071_ (net)
                  0.12    0.00    2.59 ^ _318_/A (sky130_fd_sc_hd__buf_1)
     1    0.02    0.14    0.13    2.72 ^ _318_/X (sky130_fd_sc_hd__buf_1)
                                         net21 (net)
                  0.14    0.00    2.72 ^ output21/A (sky130_fd_sc_hd__buf_2)
     1    0.03    0.13    0.15    2.88 ^ output21/X (sky130_fd_sc_hd__buf_2)
                                         out[1] (net)
                  0.13    0.00    2.88 ^ out[1] (out)
                                  2.88   data arrival time

                  0.00    0.00    0.00   clock __VIRTUAL_CLK__ (rise edge)
                          0.00    0.00   clock network delay (ideal)
                          0.25    0.25   clock uncertainty
                          0.00    0.25   clock reconvergence pessimism
                         -2.00   -1.75   output external delay
                                 -1.75   data required time
-----------------------------------------------------------------------------
                                 -1.75   data required time
                                 -2.88   data arrival time
-----------------------------------------------------------------------------
                                  4.63   slack (MET)



worst slack corner Fastest: 4.3537
======================= Slowest Corner ===================================

Startpoint: B[5] (input port clocked by __VIRTUAL_CLK__)
Endpoint: out[5] (output port clocked by __VIRTUAL_CLK__)
Path Group: __VIRTUAL_CLK__
Path Type: min
Corner: Slowest

Fanout     Cap    Slew   Delay    Time   Description
-----------------------------------------------------------------------------
                  0.00    0.00    0.00   clock __VIRTUAL_CLK__ (rise edge)
                          0.00    0.00   clock network delay (ideal)
                          2.00    2.00 ^ input external delay
     1    0.00    0.03    0.01    2.01 ^ B[5] (in)
                                         B[5] (net)
                  0.03    0.00    2.01 ^ input14/A (sky130_fd_sc_hd__buf_2)
     5    0.05    0.38    0.38    2.39 ^ input14/X (sky130_fd_sc_hd__buf_2)
                                         net14 (net)
                  0.38    0.00    2.39 ^ _233_/A1 (sky130_fd_sc_hd__a311o_1)
     1    0.01    0.16    0.48    2.87 ^ _233_/X (sky130_fd_sc_hd__a311o_1)
                                         _161_ (net)
                  0.16    0.00    2.87 ^ _267_/B1 (sky130_fd_sc_hd__a211o_1)
     1    0.02    0.32    0.38    3.25 ^ _267_/X (sky130_fd_sc_hd__a211o_1)
                                         net25 (net)
                  0.32    0.00    3.25 ^ output25/A (sky130_fd_sc_hd__buf_2)
     1    0.03    0.27    0.43    3.68 ^ output25/X (sky130_fd_sc_hd__buf_2)
                                         out[5] (net)
                  0.27    0.00    3.68 ^ out[5] (out)
                                  3.68   data arrival time

                  0.00    0.00    0.00   clock __VIRTUAL_CLK__ (rise edge)
                          0.00    0.00   clock network delay (ideal)
                          0.25    0.25   clock uncertainty
                          0.00    0.25   clock reconvergence pessimism
                         -2.00   -1.75   output external delay
                                 -1.75   data required time
-----------------------------------------------------------------------------
                                 -1.75   data required time
                                 -3.68   data arrival time
-----------------------------------------------------------------------------
                                  5.43   slack (MET)


Startpoint: B[0] (input port clocked by __VIRTUAL_CLK__)
Endpoint: out[0] (output port clocked by __VIRTUAL_CLK__)
Path Group: __VIRTUAL_CLK__
Path Type: min
Corner: Slowest

Fanout     Cap    Slew   Delay    Time   Description
-----------------------------------------------------------------------------
                  0.00    0.00    0.00   clock __VIRTUAL_CLK__ (rise edge)
                          0.00    0.00   clock network delay (ideal)
                          2.00    2.00 v input external delay
     1    0.00    0.02    0.01    2.01 v B[0] (in)
                                         B[0] (net)
                  0.02    0.00    2.01 v input9/A (sky130_fd_sc_hd__clkbuf_2)
     5    0.04    0.25    0.30    2.31 v input9/X (sky130_fd_sc_hd__clkbuf_2)
                                         net9 (net)
                  0.25    0.00    2.32 v clone7/A (sky130_fd_sc_hd__buf_2)
     5    0.06    0.26    0.48    2.79 v clone7/X (sky130_fd_sc_hd__buf_2)
                                         net34 (net)
                  0.26    0.00    2.80 v _307_/A1 (sky130_fd_sc_hd__a31o_1)
     2    0.03    0.27    0.56    3.36 v _307_/X (sky130_fd_sc_hd__a31o_1)
                                         net20 (net)
                  0.27    0.00    3.36 v output20/A (sky130_fd_sc_hd__buf_2)
     1    0.03    0.17    0.42    3.78 v output20/X (sky130_fd_sc_hd__buf_2)
                                         out[0] (net)
                  0.17    0.00    3.78 v out[0] (out)
                                  3.78   data arrival time

                  0.00    0.00    0.00   clock __VIRTUAL_CLK__ (rise edge)
                          0.00    0.00   clock network delay (ideal)
                          0.25    0.25   clock uncertainty
                          0.00    0.25   clock reconvergence pessimism
                         -2.00   -1.75   output external delay
                                 -1.75   data required time
-----------------------------------------------------------------------------
                                 -1.75   data required time
                                 -3.78   data arrival time
-----------------------------------------------------------------------------
                                  5.53   slack (MET)


Startpoint: opcode[2] (input port clocked by __VIRTUAL_CLK__)
Endpoint: out[7] (output port clocked by __VIRTUAL_CLK__)
Path Group: __VIRTUAL_CLK__
Path Type: min
Corner: Slowest

Fanout     Cap    Slew   Delay    Time   Description
-----------------------------------------------------------------------------
                  0.00    0.00    0.00   clock __VIRTUAL_CLK__ (rise edge)
                          0.00    0.00   clock network delay (ideal)
                          2.00    2.00 v input external delay
     1    0.00    0.02    0.01    2.01 v opcode[2] (in)
                                         opcode[2] (net)
                  0.02    0.00    2.01 v input19/A (sky130_fd_sc_hd__clkbuf_4)
     6    0.07    0.25    0.36    2.37 v input19/X (sky130_fd_sc_hd__clkbuf_4)
                                         net19 (net)
                  0.25    0.01    2.38 v _265_/A (sky130_fd_sc_hd__and3_2)
     7    0.05    0.27    0.62    3.00 v _265_/X (sky130_fd_sc_hd__and3_2)
                                         _023_ (net)
                  0.27    0.00    3.00 v _302_/A1 (sky130_fd_sc_hd__a31o_1)
     1    0.01    0.13    0.45    3.45 v _302_/X (sky130_fd_sc_hd__a31o_1)
                                         net27 (net)
                  0.13    0.00    3.45 v output27/A (sky130_fd_sc_hd__buf_2)
     1    0.03    0.17    0.35    3.80 v output27/X (sky130_fd_sc_hd__buf_2)
                                         out[7] (net)
                  0.17    0.00    3.80 v out[7] (out)
                                  3.80   data arrival time

                  0.00    0.00    0.00   clock __VIRTUAL_CLK__ (rise edge)
                          0.00    0.00   clock network delay (ideal)
                          0.25    0.25   clock uncertainty
                          0.00    0.25   clock reconvergence pessimism
                         -2.00   -1.75   output external delay
                                 -1.75   data required time
-----------------------------------------------------------------------------
                                 -1.75   data required time
                                 -3.80   data arrival time
-----------------------------------------------------------------------------
                                  5.55   slack (MET)


Startpoint: opcode[2] (input port clocked by __VIRTUAL_CLK__)
Endpoint: out[2] (output port clocked by __VIRTUAL_CLK__)
Path Group: __VIRTUAL_CLK__
Path Type: min
Corner: Slowest

Fanout     Cap    Slew   Delay    Time   Description
-----------------------------------------------------------------------------
                  0.00    0.00    0.00   clock __VIRTUAL_CLK__ (rise edge)
                          0.00    0.00   clock network delay (ideal)
                          2.00    2.00 v input external delay
     1    0.00    0.02    0.01    2.01 v opcode[2] (in)
                                         opcode[2] (net)
                  0.02    0.00    2.01 v input19/A (sky130_fd_sc_hd__clkbuf_4)
     6    0.07    0.25    0.36    2.37 v input19/X (sky130_fd_sc_hd__clkbuf_4)
                                         net19 (net)
                  0.25    0.01    2.38 v _265_/A (sky130_fd_sc_hd__and3_2)
     7    0.05    0.27    0.62    3.00 v _265_/X (sky130_fd_sc_hd__and3_2)
                                         _023_ (net)
                  0.27    0.00    3.00 v _326_/A2 (sky130_fd_sc_hd__a31o_1)
     1    0.02    0.18    0.54    3.54 v _326_/X (sky130_fd_sc_hd__a31o_1)
                                         net22 (net)
                  0.18    0.00    3.54 v output22/A (sky130_fd_sc_hd__buf_2)
     1    0.04    0.17    0.38    3.93 v output22/X (sky130_fd_sc_hd__buf_2)
                                         out[2] (net)
                  0.17    0.00    3.93 v out[2] (out)
                                  3.93   data arrival time

                  0.00    0.00    0.00   clock __VIRTUAL_CLK__ (rise edge)
                          0.00    0.00   clock network delay (ideal)
                          0.25    0.25   clock uncertainty
                          0.00    0.25   clock reconvergence pessimism
                         -2.00   -1.75   output external delay
                                 -1.75   data required time
-----------------------------------------------------------------------------
                                 -1.75   data required time
                                 -3.93   data arrival time
-----------------------------------------------------------------------------
                                  5.68   slack (MET)


Startpoint: A[4] (input port clocked by __VIRTUAL_CLK__)
Endpoint: out[4] (output port clocked by __VIRTUAL_CLK__)
Path Group: __VIRTUAL_CLK__
Path Type: min
Corner: Slowest

Fanout     Cap    Slew   Delay    Time   Description
-----------------------------------------------------------------------------
                  0.00    0.00    0.00   clock __VIRTUAL_CLK__ (rise edge)
                          0.00    0.00   clock network delay (ideal)
                          2.00    2.00 ^ input external delay
     1    0.00    0.03    0.02    2.02 ^ A[4] (in)
                                         A[4] (net)
                  0.03    0.00    2.02 ^ input5/A (sky130_fd_sc_hd__clkbuf_4)
     6    0.07    0.32    0.39    2.41 ^ input5/X (sky130_fd_sc_hd__clkbuf_4)
                                         net5 (net)
                  0.32    0.00    2.41 ^ _341_/A2 (sky130_fd_sc_hd__a31o_1)
     1    0.02    0.30    0.52    2.93 ^ _341_/X (sky130_fd_sc_hd__a31o_1)
                                         _092_ (net)
                  0.30    0.00    2.93 ^ _346_/B (sky130_fd_sc_hd__or3_1)
     1    0.01    0.13    0.30    3.23 ^ _346_/X (sky130_fd_sc_hd__or3_1)
                                         _097_ (net)
                  0.13    0.00    3.23 ^ _347_/A (sky130_fd_sc_hd__buf_1)
     1    0.02    0.33    0.34    3.58 ^ _347_/X (sky130_fd_sc_hd__buf_1)
                                         net24 (net)
                  0.33    0.00    3.58 ^ output24/A (sky130_fd_sc_hd__buf_2)
     1    0.03    0.27    0.43    4.01 ^ output24/X (sky130_fd_sc_hd__buf_2)
                                         out[4] (net)
                  0.27    0.00    4.01 ^ out[4] (out)
                                  4.01   data arrival time

                  0.00    0.00    0.00   clock __VIRTUAL_CLK__ (rise edge)
                          0.00    0.00   clock network delay (ideal)
                          0.25    0.25   clock uncertainty
                          0.00    0.25   clock reconvergence pessimism
                         -2.00   -1.75   output external delay
                                 -1.75   data required time
-----------------------------------------------------------------------------
                                 -1.75   data required time
                                 -4.01   data arrival time
-----------------------------------------------------------------------------
                                  5.76   slack (MET)


Startpoint: opcode[2] (input port clocked by __VIRTUAL_CLK__)
Endpoint: out[3] (output port clocked by __VIRTUAL_CLK__)
Path Group: __VIRTUAL_CLK__
Path Type: min
Corner: Slowest

Fanout     Cap    Slew   Delay    Time   Description
-----------------------------------------------------------------------------
                  0.00    0.00    0.00   clock __VIRTUAL_CLK__ (rise edge)
                          0.00    0.00   clock network delay (ideal)
                          2.00    2.00 v input external delay
     1    0.00    0.02    0.01    2.01 v opcode[2] (in)
                                         opcode[2] (net)
                  0.02    0.00    2.01 v input19/A (sky130_fd_sc_hd__clkbuf_4)
     6    0.07    0.25    0.36    2.37 v input19/X (sky130_fd_sc_hd__clkbuf_4)
                                         net19 (net)
                  0.25    0.01    2.38 v _170_/A (sky130_fd_sc_hd__inv_2)
     2    0.04    0.27    0.30    2.67 ^ _170_/Y (sky130_fd_sc_hd__inv_2)
                                         _098_ (net)
                  0.27    0.00    2.68 ^ _172_/A (sky130_fd_sc_hd__nor2_4)
     8    0.08    0.19    0.25    2.92 v _172_/Y (sky130_fd_sc_hd__nor2_4)
                                         _100_ (net)
                  0.19    0.01    2.93 v _335_/B2 (sky130_fd_sc_hd__a221o_1)
     1    0.02    0.20    0.73    3.67 v _335_/X (sky130_fd_sc_hd__a221o_1)
                                         net23 (net)
                  0.20    0.00    3.67 v output23/A (sky130_fd_sc_hd__buf_2)
     1    0.03    0.17    0.39    4.06 v output23/X (sky130_fd_sc_hd__buf_2)
                                         out[3] (net)
                  0.17    0.00    4.06 v out[3] (out)
                                  4.06   data arrival time

                  0.00    0.00    0.00   clock __VIRTUAL_CLK__ (rise edge)
                          0.00    0.00   clock network delay (ideal)
                          0.25    0.25   clock uncertainty
                          0.00    0.25   clock reconvergence pessimism
                         -2.00   -1.75   output external delay
                                 -1.75   data required time
-----------------------------------------------------------------------------
                                 -1.75   data required time
                                 -4.06   data arrival time
-----------------------------------------------------------------------------
                                  5.81   slack (MET)


Startpoint: A[6] (input port clocked by __VIRTUAL_CLK__)
Endpoint: out[6] (output port clocked by __VIRTUAL_CLK__)
Path Group: __VIRTUAL_CLK__
Path Type: min
Corner: Slowest

Fanout     Cap    Slew   Delay    Time   Description
-----------------------------------------------------------------------------
                  0.00    0.00    0.00   clock __VIRTUAL_CLK__ (rise edge)
                          0.00    0.00   clock network delay (ideal)
                          2.00    2.00 v input external delay
     1    0.00    0.02    0.01    2.01 v A[6] (in)
                                         A[6] (net)
                  0.02    0.00    2.01 v input7/A (sky130_fd_sc_hd__clkbuf_2)
     5    0.04    0.26    0.31    2.31 v input7/X (sky130_fd_sc_hd__clkbuf_2)
                                         net7 (net)
                  0.26    0.00    2.32 v _289_/A1 (sky130_fd_sc_hd__o211ai_2)
     1    0.03    0.31    0.66    2.97 ^ _289_/Y (sky130_fd_sc_hd__o211ai_2)
                                         _046_ (net)
                  0.31    0.01    2.98 ^ _290_/B1 (sky130_fd_sc_hd__a31o_1)
     1    0.03    0.42    0.49    3.47 ^ _290_/X (sky130_fd_sc_hd__a31o_1)
                                         _047_ (net)
                  0.42    0.00    3.47 ^ _291_/B1 (sky130_fd_sc_hd__a21o_1)
     1    0.02    0.23    0.36    3.84 ^ _291_/X (sky130_fd_sc_hd__a21o_1)
                                         net26 (net)
                  0.23    0.00    3.84 ^ output26/A (sky130_fd_sc_hd__clkbuf_4)
     1    0.03    0.18    0.38    4.22 ^ output26/X (sky130_fd_sc_hd__clkbuf_4)
                                         out[6] (net)
                  0.18    0.00    4.22 ^ out[6] (out)
                                  4.22   data arrival time

                  0.00    0.00    0.00   clock __VIRTUAL_CLK__ (rise edge)
                          0.00    0.00   clock network delay (ideal)
                          0.25    0.25   clock uncertainty
                          0.00    0.25   clock reconvergence pessimism
                         -2.00   -1.75   output external delay
                                 -1.75   data required time
-----------------------------------------------------------------------------
                                 -1.75   data required time
                                 -4.22   data arrival time
-----------------------------------------------------------------------------
                                  5.97   slack (MET)


Startpoint: B[1] (input port clocked by __VIRTUAL_CLK__)
Endpoint: out[1] (output port clocked by __VIRTUAL_CLK__)
Path Group: __VIRTUAL_CLK__
Path Type: min
Corner: Slowest

Fanout     Cap    Slew   Delay    Time   Description
-----------------------------------------------------------------------------
                  0.00    0.00    0.00   clock __VIRTUAL_CLK__ (rise edge)
                          0.00    0.00   clock network delay (ideal)
                          2.00    2.00 ^ input external delay
     1    0.00    0.03    0.02    2.02 ^ B[1] (in)
                                         B[1] (net)
                  0.03    0.00    2.02 ^ input10/A (sky130_fd_sc_hd__clkbuf_2)
     5    0.05    0.39    0.38    2.40 ^ input10/X (sky130_fd_sc_hd__clkbuf_2)
                                         net10 (net)
                  0.39    0.00    2.40 ^ _175_/A (sky130_fd_sc_hd__buf_6)
    10    0.07    0.24    0.41    2.81 ^ _175_/X (sky130_fd_sc_hd__buf_6)
                                         _103_ (net)
                  0.24    0.01    2.82 ^ _309_/A2 (sky130_fd_sc_hd__o22a_1)
     1    0.01    0.22    0.40    3.22 ^ _309_/X (sky130_fd_sc_hd__o22a_1)
                                         _063_ (net)
                  0.22    0.00    3.22 ^ _317_/A (sky130_fd_sc_hd__or4b_2)
     1    0.03    0.24    0.39    3.61 ^ _317_/X (sky130_fd_sc_hd__or4b_2)
                                         _071_ (net)
                  0.24    0.00    3.61 ^ _318_/A (sky130_fd_sc_hd__buf_1)
     1    0.02    0.31    0.37    3.98 ^ _318_/X (sky130_fd_sc_hd__buf_1)
                                         net21 (net)
                  0.31    0.00    3.98 ^ output21/A (sky130_fd_sc_hd__buf_2)
     1    0.03    0.27    0.42    4.40 ^ output21/X (sky130_fd_sc_hd__buf_2)
                                         out[1] (net)
                  0.27    0.00    4.40 ^ out[1] (out)
                                  4.40   data arrival time

                  0.00    0.00    0.00   clock __VIRTUAL_CLK__ (rise edge)
                          0.00    0.00   clock network delay (ideal)
                          0.25    0.25   clock uncertainty
                          0.00    0.25   clock reconvergence pessimism
                         -2.00   -1.75   output external delay
                                 -1.75   data required time
-----------------------------------------------------------------------------
                                 -1.75   data required time
                                 -4.40   data arrival time
-----------------------------------------------------------------------------
                                  6.15   slack (MET)



worst slack corner Slowest: 5.4329
======================= Typical Corner ===================================

Startpoint: B[5] (input port clocked by __VIRTUAL_CLK__)
Endpoint: out[5] (output port clocked by __VIRTUAL_CLK__)
Path Group: __VIRTUAL_CLK__
Path Type: min
Corner: Typical

Fanout     Cap    Slew   Delay    Time   Description
-----------------------------------------------------------------------------
                  0.00    0.00    0.00   clock __VIRTUAL_CLK__ (rise edge)
                          0.00    0.00   clock network delay (ideal)
                          2.00    2.00 ^ input external delay
     1    0.00    0.02    0.01    2.01 ^ B[5] (in)
                                         B[5] (net)
                  0.02    0.00    2.01 ^ input14/A (sky130_fd_sc_hd__buf_2)
     5    0.05    0.24    0.22    2.23 ^ input14/X (sky130_fd_sc_hd__buf_2)
                                         net14 (net)
                  0.24    0.00    2.23 ^ _233_/A1 (sky130_fd_sc_hd__a311o_1)
     1    0.01    0.10    0.23    2.46 ^ _233_/X (sky130_fd_sc_hd__a311o_1)
                                         _161_ (net)
                  0.10    0.00    2.46 ^ _267_/B1 (sky130_fd_sc_hd__a211o_1)
     1    0.02    0.21    0.22    2.68 ^ _267_/X (sky130_fd_sc_hd__a211o_1)
                                         net25 (net)
                  0.21    0.00    2.68 ^ output25/A (sky130_fd_sc_hd__buf_2)
     1    0.03    0.17    0.24    2.92 ^ output25/X (sky130_fd_sc_hd__buf_2)
                                         out[5] (net)
                  0.17    0.00    2.92 ^ out[5] (out)
                                  2.92   data arrival time

                  0.00    0.00    0.00   clock __VIRTUAL_CLK__ (rise edge)
                          0.00    0.00   clock network delay (ideal)
                          0.25    0.25   clock uncertainty
                          0.00    0.25   clock reconvergence pessimism
                         -2.00   -1.75   output external delay
                                 -1.75   data required time
-----------------------------------------------------------------------------
                                 -1.75   data required time
                                 -2.92   data arrival time
-----------------------------------------------------------------------------
                                  4.67   slack (MET)


Startpoint: opcode[2] (input port clocked by __VIRTUAL_CLK__)
Endpoint: out[7] (output port clocked by __VIRTUAL_CLK__)
Path Group: __VIRTUAL_CLK__
Path Type: min
Corner: Typical

Fanout     Cap    Slew   Delay    Time   Description
-----------------------------------------------------------------------------
                  0.00    0.00    0.00   clock __VIRTUAL_CLK__ (rise edge)
                          0.00    0.00   clock network delay (ideal)
                          2.00    2.00 v input external delay
     1    0.00    0.01    0.00    2.00 v opcode[2] (in)
                                         opcode[2] (net)
                  0.01    0.00    2.00 v input19/A (sky130_fd_sc_hd__clkbuf_4)
     6    0.07    0.14    0.20    2.20 v input19/X (sky130_fd_sc_hd__clkbuf_4)
                                         net19 (net)
                  0.14    0.01    2.21 v _265_/A (sky130_fd_sc_hd__and3_2)
     7    0.05    0.14    0.30    2.52 v _265_/X (sky130_fd_sc_hd__and3_2)
                                         _023_ (net)
                  0.14    0.00    2.52 v _302_/A1 (sky130_fd_sc_hd__a31o_1)
     1    0.01    0.07    0.23    2.75 v _302_/X (sky130_fd_sc_hd__a31o_1)
                                         net27 (net)
                  0.07    0.00    2.75 v output27/A (sky130_fd_sc_hd__buf_2)
     1    0.03    0.09    0.18    2.93 v output27/X (sky130_fd_sc_hd__buf_2)
                                         out[7] (net)
                  0.09    0.00    2.93 v out[7] (out)
                                  2.93   data arrival time

                  0.00    0.00    0.00   clock __VIRTUAL_CLK__ (rise edge)
                          0.00    0.00   clock network delay (ideal)
                          0.25    0.25   clock uncertainty
                          0.00    0.25   clock reconvergence pessimism
                         -2.00   -1.75   output external delay
                                 -1.75   data required time
-----------------------------------------------------------------------------
                                 -1.75   data required time
                                 -2.93   data arrival time
-----------------------------------------------------------------------------
                                  4.68   slack (MET)


Startpoint: B[0] (input port clocked by __VIRTUAL_CLK__)
Endpoint: out[0] (output port clocked by __VIRTUAL_CLK__)
Path Group: __VIRTUAL_CLK__
Path Type: min
Corner: Typical

Fanout     Cap    Slew   Delay    Time   Description
-----------------------------------------------------------------------------
                  0.00    0.00    0.00   clock __VIRTUAL_CLK__ (rise edge)
                          0.00    0.00   clock network delay (ideal)
                          2.00    2.00 v input external delay
     1    0.00    0.01    0.00    2.00 v B[0] (in)
                                         B[0] (net)
                  0.01    0.00    2.00 v input9/A (sky130_fd_sc_hd__clkbuf_2)
     5    0.04    0.14    0.17    2.17 v input9/X (sky130_fd_sc_hd__clkbuf_2)
                                         net9 (net)
                  0.14    0.00    2.18 v clone7/A (sky130_fd_sc_hd__buf_2)
     5    0.06    0.13    0.24    2.42 v clone7/X (sky130_fd_sc_hd__buf_2)
                                         net34 (net)
                  0.13    0.00    2.42 v _307_/A1 (sky130_fd_sc_hd__a31o_1)
     2    0.03    0.14    0.30    2.72 v _307_/X (sky130_fd_sc_hd__a31o_1)
                                         net20 (net)
                  0.14    0.00    2.72 v output20/A (sky130_fd_sc_hd__buf_2)
     1    0.03    0.09    0.21    2.93 v output20/X (sky130_fd_sc_hd__buf_2)
                                         out[0] (net)
                  0.09    0.00    2.93 v out[0] (out)
                                  2.93   data arrival time

                  0.00    0.00    0.00   clock __VIRTUAL_CLK__ (rise edge)
                          0.00    0.00   clock network delay (ideal)
                          0.25    0.25   clock uncertainty
                          0.00    0.25   clock reconvergence pessimism
                         -2.00   -1.75   output external delay
                                 -1.75   data required time
-----------------------------------------------------------------------------
                                 -1.75   data required time
                                 -2.93   data arrival time
-----------------------------------------------------------------------------
                                  4.68   slack (MET)


Startpoint: opcode[2] (input port clocked by __VIRTUAL_CLK__)
Endpoint: out[2] (output port clocked by __VIRTUAL_CLK__)
Path Group: __VIRTUAL_CLK__
Path Type: min
Corner: Typical

Fanout     Cap    Slew   Delay    Time   Description
-----------------------------------------------------------------------------
                  0.00    0.00    0.00   clock __VIRTUAL_CLK__ (rise edge)
                          0.00    0.00   clock network delay (ideal)
                          2.00    2.00 v input external delay
     1    0.00    0.01    0.00    2.00 v opcode[2] (in)
                                         opcode[2] (net)
                  0.01    0.00    2.00 v input19/A (sky130_fd_sc_hd__clkbuf_4)
     6    0.07    0.14    0.20    2.20 v input19/X (sky130_fd_sc_hd__clkbuf_4)
                                         net19 (net)
                  0.14    0.01    2.21 v _265_/A (sky130_fd_sc_hd__and3_2)
     7    0.05    0.14    0.30    2.52 v _265_/X (sky130_fd_sc_hd__and3_2)
                                         _023_ (net)
                  0.14    0.00    2.52 v _326_/A2 (sky130_fd_sc_hd__a31o_1)
     1    0.02    0.10    0.29    2.81 v _326_/X (sky130_fd_sc_hd__a31o_1)
                                         net22 (net)
                  0.10    0.00    2.81 v output22/A (sky130_fd_sc_hd__buf_2)
     1    0.04    0.09    0.20    3.00 v output22/X (sky130_fd_sc_hd__buf_2)
                                         out[2] (net)
                  0.09    0.00    3.01 v out[2] (out)
                                  3.01   data arrival time

                  0.00    0.00    0.00   clock __VIRTUAL_CLK__ (rise edge)
                          0.00    0.00   clock network delay (ideal)
                          0.25    0.25   clock uncertainty
                          0.00    0.25   clock reconvergence pessimism
                         -2.00   -1.75   output external delay
                                 -1.75   data required time
-----------------------------------------------------------------------------
                                 -1.75   data required time
                                 -3.01   data arrival time
-----------------------------------------------------------------------------
                                  4.76   slack (MET)


Startpoint: A[4] (input port clocked by __VIRTUAL_CLK__)
Endpoint: out[4] (output port clocked by __VIRTUAL_CLK__)
Path Group: __VIRTUAL_CLK__
Path Type: min
Corner: Typical

Fanout     Cap    Slew   Delay    Time   Description
-----------------------------------------------------------------------------
                  0.00    0.00    0.00   clock __VIRTUAL_CLK__ (rise edge)
                          0.00    0.00   clock network delay (ideal)
                          2.00    2.00 ^ input external delay
     1    0.00    0.02    0.01    2.01 ^ A[4] (in)
                                         A[4] (net)
                  0.02    0.00    2.01 ^ input5/A (sky130_fd_sc_hd__clkbuf_4)
     6    0.07    0.20    0.22    2.24 ^ input5/X (sky130_fd_sc_hd__clkbuf_4)
                                         net5 (net)
                  0.20    0.00    2.24 ^ _341_/A2 (sky130_fd_sc_hd__a31o_1)
     1    0.02    0.18    0.26    2.50 ^ _341_/X (sky130_fd_sc_hd__a31o_1)
                                         _092_ (net)
                  0.18    0.00    2.50 ^ _346_/B (sky130_fd_sc_hd__or3_1)
     1    0.01    0.08    0.16    2.66 ^ _346_/X (sky130_fd_sc_hd__or3_1)
                                         _097_ (net)
                  0.08    0.00    2.66 ^ _347_/A (sky130_fd_sc_hd__buf_1)
     1    0.02    0.21    0.19    2.86 ^ _347_/X (sky130_fd_sc_hd__buf_1)
                                         net24 (net)
                  0.21    0.00    2.86 ^ output24/A (sky130_fd_sc_hd__buf_2)
     1    0.03    0.17    0.24    3.09 ^ output24/X (sky130_fd_sc_hd__buf_2)
                                         out[4] (net)
                  0.17    0.00    3.10 ^ out[4] (out)
                                  3.10   data arrival time

                  0.00    0.00    0.00   clock __VIRTUAL_CLK__ (rise edge)
                          0.00    0.00   clock network delay (ideal)
                          0.25    0.25   clock uncertainty
                          0.00    0.25   clock reconvergence pessimism
                         -2.00   -1.75   output external delay
                                 -1.75   data required time
-----------------------------------------------------------------------------
                                 -1.75   data required time
                                 -3.10   data arrival time
-----------------------------------------------------------------------------
                                  4.85   slack (MET)


Startpoint: opcode[2] (input port clocked by __VIRTUAL_CLK__)
Endpoint: out[3] (output port clocked by __VIRTUAL_CLK__)
Path Group: __VIRTUAL_CLK__
Path Type: min
Corner: Typical

Fanout     Cap    Slew   Delay    Time   Description
-----------------------------------------------------------------------------
                  0.00    0.00    0.00   clock __VIRTUAL_CLK__ (rise edge)
                          0.00    0.00   clock network delay (ideal)
                          2.00    2.00 v input external delay
     1    0.00    0.01    0.00    2.00 v opcode[2] (in)
                                         opcode[2] (net)
                  0.01    0.00    2.00 v input19/A (sky130_fd_sc_hd__clkbuf_4)
     6    0.07    0.14    0.20    2.20 v input19/X (sky130_fd_sc_hd__clkbuf_4)
                                         net19 (net)
                  0.14    0.01    2.21 v _265_/A (sky130_fd_sc_hd__and3_2)
     7    0.05    0.14    0.30    2.52 v _265_/X (sky130_fd_sc_hd__and3_2)
                                         _023_ (net)
                  0.14    0.00    2.52 v _335_/A1 (sky130_fd_sc_hd__a221o_1)
     1    0.02    0.11    0.39    2.91 v _335_/X (sky130_fd_sc_hd__a221o_1)
                                         net23 (net)
                  0.11    0.00    2.91 v output23/A (sky130_fd_sc_hd__buf_2)
     1    0.03    0.09    0.20    3.11 v output23/X (sky130_fd_sc_hd__buf_2)
                                         out[3] (net)
                  0.09    0.00    3.11 v out[3] (out)
                                  3.11   data arrival time

                  0.00    0.00    0.00   clock __VIRTUAL_CLK__ (rise edge)
                          0.00    0.00   clock network delay (ideal)
                          0.25    0.25   clock uncertainty
                          0.00    0.25   clock reconvergence pessimism
                         -2.00   -1.75   output external delay
                                 -1.75   data required time
-----------------------------------------------------------------------------
                                 -1.75   data required time
                                 -3.11   data arrival time
-----------------------------------------------------------------------------
                                  4.86   slack (MET)


Startpoint: opcode[2] (input port clocked by __VIRTUAL_CLK__)
Endpoint: out[6] (output port clocked by __VIRTUAL_CLK__)
Path Group: __VIRTUAL_CLK__
Path Type: min
Corner: Typical

Fanout     Cap    Slew   Delay    Time   Description
-----------------------------------------------------------------------------
                  0.00    0.00    0.00   clock __VIRTUAL_CLK__ (rise edge)
                          0.00    0.00   clock network delay (ideal)
                          2.00    2.00 v input external delay
     1    0.00    0.01    0.00    2.00 v opcode[2] (in)
                                         opcode[2] (net)
                  0.01    0.00    2.00 v input19/A (sky130_fd_sc_hd__clkbuf_4)
     6    0.07    0.14    0.20    2.20 v input19/X (sky130_fd_sc_hd__clkbuf_4)
                                         net19 (net)
                  0.14    0.01    2.21 v _265_/A (sky130_fd_sc_hd__and3_2)
     7    0.05    0.14    0.30    2.52 v _265_/X (sky130_fd_sc_hd__and3_2)
                                         _023_ (net)
                  0.14    0.00    2.52 v _277_/B (sky130_fd_sc_hd__and2b_1)
     1    0.01    0.07    0.22    2.74 v _277_/X (sky130_fd_sc_hd__and2b_1)
                                         _034_ (net)
                  0.07    0.00    2.74 v _291_/A2 (sky130_fd_sc_hd__a21o_1)
     1    0.02    0.09    0.22    2.96 v _291_/X (sky130_fd_sc_hd__a21o_1)
                                         net26 (net)
                  0.09    0.00    2.96 v output26/A (sky130_fd_sc_hd__clkbuf_4)
     1    0.03    0.08    0.19    3.15 v output26/X (sky130_fd_sc_hd__clkbuf_4)
                                         out[6] (net)
                  0.08    0.00    3.16 v out[6] (out)
                                  3.16   data arrival time

                  0.00    0.00    0.00   clock __VIRTUAL_CLK__ (rise edge)
                          0.00    0.00   clock network delay (ideal)
                          0.25    0.25   clock uncertainty
                          0.00    0.25   clock reconvergence pessimism
                         -2.00   -1.75   output external delay
                                 -1.75   data required time
-----------------------------------------------------------------------------
                                 -1.75   data required time
                                 -3.16   data arrival time
-----------------------------------------------------------------------------
                                  4.91   slack (MET)


Startpoint: B[1] (input port clocked by __VIRTUAL_CLK__)
Endpoint: out[1] (output port clocked by __VIRTUAL_CLK__)
Path Group: __VIRTUAL_CLK__
Path Type: min
Corner: Typical

Fanout     Cap    Slew   Delay    Time   Description
-----------------------------------------------------------------------------
                  0.00    0.00    0.00   clock __VIRTUAL_CLK__ (rise edge)
                          0.00    0.00   clock network delay (ideal)
                          2.00    2.00 ^ input external delay
     1    0.00    0.02    0.01    2.01 ^ B[1] (in)
                                         B[1] (net)
                  0.02    0.00    2.01 ^ input10/A (sky130_fd_sc_hd__clkbuf_2)
     5    0.05    0.25    0.23    2.24 ^ input10/X (sky130_fd_sc_hd__clkbuf_2)
                                         net10 (net)
                  0.25    0.00    2.24 ^ _175_/A (sky130_fd_sc_hd__buf_6)
    10    0.07    0.15    0.21    2.45 ^ _175_/X (sky130_fd_sc_hd__buf_6)
                                         _103_ (net)
                  0.15    0.01    2.46 ^ _309_/A2 (sky130_fd_sc_hd__o22a_1)
     1    0.01    0.13    0.21    2.67 ^ _309_/X (sky130_fd_sc_hd__o22a_1)
                                         _063_ (net)
                  0.13    0.00    2.67 ^ _317_/A (sky130_fd_sc_hd__or4b_2)
     1    0.03    0.15    0.22    2.89 ^ _317_/X (sky130_fd_sc_hd__or4b_2)
                                         _071_ (net)
                  0.15    0.00    2.89 ^ _318_/A (sky130_fd_sc_hd__buf_1)
     1    0.02    0.19    0.20    3.09 ^ _318_/X (sky130_fd_sc_hd__buf_1)
                                         net21 (net)
                  0.19    0.00    3.09 ^ output21/A (sky130_fd_sc_hd__buf_2)
     1    0.03    0.17    0.23    3.32 ^ output21/X (sky130_fd_sc_hd__buf_2)
                                         out[1] (net)
                  0.17    0.00    3.33 ^ out[1] (out)
                                  3.33   data arrival time

                  0.00    0.00    0.00   clock __VIRTUAL_CLK__ (rise edge)
                          0.00    0.00   clock network delay (ideal)
                          0.25    0.25   clock uncertainty
                          0.00    0.25   clock reconvergence pessimism
                         -2.00   -1.75   output external delay
                                 -1.75   data required time
-----------------------------------------------------------------------------
                                 -1.75   data required time
                                 -3.33   data arrival time
-----------------------------------------------------------------------------
                                  5.08   slack (MET)



worst slack corner Typical: 4.6701
