
===========================================================================
report_checks -path_delay min (Hold)
============================================================================
======================= Typical Corner ===================================

Startpoint: in[0] (input port clocked by __VIRTUAL_CLK__)
Endpoint: out[0] (output port clocked by __VIRTUAL_CLK__)
Path Group: __VIRTUAL_CLK__
Path Type: min

Fanout     Cap    Slew   Delay    Time   Description
-----------------------------------------------------------------------------
                  0.00    0.00    0.00   clock __VIRTUAL_CLK__ (rise edge)
                          0.00    0.00   clock network delay (ideal)
                          2.00    2.00 ^ input external delay
     1    0.00    0.03    0.02    2.02 ^ in[0] (in)
                                         in[0] (net)
                  0.03    0.00    2.02 ^ _6_/A (sky130_fd_sc_hd__inv_2)
     1    0.03    0.08    0.07    2.09 v _6_/Y (sky130_fd_sc_hd__inv_2)
                                         out[0] (net)
                  0.08    0.00    2.09 v out[0] (out)
                                  2.09   data arrival time

                  0.00    0.00    0.00   clock __VIRTUAL_CLK__ (rise edge)
                          0.00    0.00   clock network delay (ideal)
                          0.25    0.25   clock uncertainty
                          0.00    0.25   clock reconvergence pessimism
                         -2.00   -1.75   output external delay
                                 -1.75   data required time
-----------------------------------------------------------------------------
                                 -1.75   data required time
                                 -2.09   data arrival time
-----------------------------------------------------------------------------
                                  3.84   slack (MET)


Startpoint: in[1] (input port clocked by __VIRTUAL_CLK__)
Endpoint: out[1] (output port clocked by __VIRTUAL_CLK__)
Path Group: __VIRTUAL_CLK__
Path Type: min

Fanout     Cap    Slew   Delay    Time   Description
-----------------------------------------------------------------------------
                  0.00    0.00    0.00   clock __VIRTUAL_CLK__ (rise edge)
                          0.00    0.00   clock network delay (ideal)
                          2.00    2.00 ^ input external delay
     1    0.00    0.03    0.02    2.02 ^ in[1] (in)
                                         in[1] (net)
                  0.03    0.00    2.02 ^ _7_/A (sky130_fd_sc_hd__inv_2)
     1    0.03    0.08    0.07    2.09 v _7_/Y (sky130_fd_sc_hd__inv_2)
                                         out[1] (net)
                  0.08    0.00    2.09 v out[1] (out)
                                  2.09   data arrival time

                  0.00    0.00    0.00   clock __VIRTUAL_CLK__ (rise edge)
                          0.00    0.00   clock network delay (ideal)
                          0.25    0.25   clock uncertainty
                          0.00    0.25   clock reconvergence pessimism
                         -2.00   -1.75   output external delay
                                 -1.75   data required time
-----------------------------------------------------------------------------
                                 -1.75   data required time
                                 -2.09   data arrival time
-----------------------------------------------------------------------------
                                  3.84   slack (MET)


Startpoint: in[2] (input port clocked by __VIRTUAL_CLK__)
Endpoint: out[2] (output port clocked by __VIRTUAL_CLK__)
Path Group: __VIRTUAL_CLK__
Path Type: min

Fanout     Cap    Slew   Delay    Time   Description
-----------------------------------------------------------------------------
                  0.00    0.00    0.00   clock __VIRTUAL_CLK__ (rise edge)
                          0.00    0.00   clock network delay (ideal)
                          2.00    2.00 ^ input external delay
     1    0.00    0.03    0.02    2.02 ^ in[2] (in)
                                         in[2] (net)
                  0.03    0.00    2.02 ^ _0_/A (sky130_fd_sc_hd__inv_2)
     1    0.03    0.08    0.07    2.09 v _0_/Y (sky130_fd_sc_hd__inv_2)
                                         out[2] (net)
                  0.08    0.00    2.09 v out[2] (out)
                                  2.09   data arrival time

                  0.00    0.00    0.00   clock __VIRTUAL_CLK__ (rise edge)
                          0.00    0.00   clock network delay (ideal)
                          0.25    0.25   clock uncertainty
                          0.00    0.25   clock reconvergence pessimism
                         -2.00   -1.75   output external delay
                                 -1.75   data required time
-----------------------------------------------------------------------------
                                 -1.75   data required time
                                 -2.09   data arrival time
-----------------------------------------------------------------------------
                                  3.84   slack (MET)


Startpoint: in[3] (input port clocked by __VIRTUAL_CLK__)
Endpoint: out[3] (output port clocked by __VIRTUAL_CLK__)
Path Group: __VIRTUAL_CLK__
Path Type: min

Fanout     Cap    Slew   Delay    Time   Description
-----------------------------------------------------------------------------
                  0.00    0.00    0.00   clock __VIRTUAL_CLK__ (rise edge)
                          0.00    0.00   clock network delay (ideal)
                          2.00    2.00 ^ input external delay
     1    0.00    0.03    0.02    2.02 ^ in[3] (in)
                                         in[3] (net)
                  0.03    0.00    2.02 ^ _1_/A (sky130_fd_sc_hd__inv_2)
     1    0.03    0.08    0.07    2.09 v _1_/Y (sky130_fd_sc_hd__inv_2)
                                         out[3] (net)
                  0.08    0.00    2.09 v out[3] (out)
                                  2.09   data arrival time

                  0.00    0.00    0.00   clock __VIRTUAL_CLK__ (rise edge)
                          0.00    0.00   clock network delay (ideal)
                          0.25    0.25   clock uncertainty
                          0.00    0.25   clock reconvergence pessimism
                         -2.00   -1.75   output external delay
                                 -1.75   data required time
-----------------------------------------------------------------------------
                                 -1.75   data required time
                                 -2.09   data arrival time
-----------------------------------------------------------------------------
                                  3.84   slack (MET)


Startpoint: in[4] (input port clocked by __VIRTUAL_CLK__)
Endpoint: out[4] (output port clocked by __VIRTUAL_CLK__)
Path Group: __VIRTUAL_CLK__
Path Type: min

Fanout     Cap    Slew   Delay    Time   Description
-----------------------------------------------------------------------------
                  0.00    0.00    0.00   clock __VIRTUAL_CLK__ (rise edge)
                          0.00    0.00   clock network delay (ideal)
                          2.00    2.00 ^ input external delay
     1    0.00    0.03    0.02    2.02 ^ in[4] (in)
                                         in[4] (net)
                  0.03    0.00    2.02 ^ _2_/A (sky130_fd_sc_hd__inv_2)
     1    0.03    0.08    0.07    2.09 v _2_/Y (sky130_fd_sc_hd__inv_2)
                                         out[4] (net)
                  0.08    0.00    2.09 v out[4] (out)
                                  2.09   data arrival time

                  0.00    0.00    0.00   clock __VIRTUAL_CLK__ (rise edge)
                          0.00    0.00   clock network delay (ideal)
                          0.25    0.25   clock uncertainty
                          0.00    0.25   clock reconvergence pessimism
                         -2.00   -1.75   output external delay
                                 -1.75   data required time
-----------------------------------------------------------------------------
                                 -1.75   data required time
                                 -2.09   data arrival time
-----------------------------------------------------------------------------
                                  3.84   slack (MET)


Startpoint: in[5] (input port clocked by __VIRTUAL_CLK__)
Endpoint: out[5] (output port clocked by __VIRTUAL_CLK__)
Path Group: __VIRTUAL_CLK__
Path Type: min

Fanout     Cap    Slew   Delay    Time   Description
-----------------------------------------------------------------------------
                  0.00    0.00    0.00   clock __VIRTUAL_CLK__ (rise edge)
                          0.00    0.00   clock network delay (ideal)
                          2.00    2.00 ^ input external delay
     1    0.00    0.03    0.02    2.02 ^ in[5] (in)
                                         in[5] (net)
                  0.03    0.00    2.02 ^ _3_/A (sky130_fd_sc_hd__inv_2)
     1    0.03    0.08    0.07    2.09 v _3_/Y (sky130_fd_sc_hd__inv_2)
                                         out[5] (net)
                  0.08    0.00    2.09 v out[5] (out)
                                  2.09   data arrival time

                  0.00    0.00    0.00   clock __VIRTUAL_CLK__ (rise edge)
                          0.00    0.00   clock network delay (ideal)
                          0.25    0.25   clock uncertainty
                          0.00    0.25   clock reconvergence pessimism
                         -2.00   -1.75   output external delay
                                 -1.75   data required time
-----------------------------------------------------------------------------
                                 -1.75   data required time
                                 -2.09   data arrival time
-----------------------------------------------------------------------------
                                  3.84   slack (MET)


Startpoint: in[6] (input port clocked by __VIRTUAL_CLK__)
Endpoint: out[6] (output port clocked by __VIRTUAL_CLK__)
Path Group: __VIRTUAL_CLK__
Path Type: min

Fanout     Cap    Slew   Delay    Time   Description
-----------------------------------------------------------------------------
                  0.00    0.00    0.00   clock __VIRTUAL_CLK__ (rise edge)
                          0.00    0.00   clock network delay (ideal)
                          2.00    2.00 ^ input external delay
     1    0.00    0.03    0.02    2.02 ^ in[6] (in)
                                         in[6] (net)
                  0.03    0.00    2.02 ^ _4_/A (sky130_fd_sc_hd__inv_2)
     1    0.03    0.08    0.07    2.09 v _4_/Y (sky130_fd_sc_hd__inv_2)
                                         out[6] (net)
                  0.08    0.00    2.09 v out[6] (out)
                                  2.09   data arrival time

                  0.00    0.00    0.00   clock __VIRTUAL_CLK__ (rise edge)
                          0.00    0.00   clock network delay (ideal)
                          0.25    0.25   clock uncertainty
                          0.00    0.25   clock reconvergence pessimism
                         -2.00   -1.75   output external delay
                                 -1.75   data required time
-----------------------------------------------------------------------------
                                 -1.75   data required time
                                 -2.09   data arrival time
-----------------------------------------------------------------------------
                                  3.84   slack (MET)


Startpoint: in[7] (input port clocked by __VIRTUAL_CLK__)
Endpoint: out[7] (output port clocked by __VIRTUAL_CLK__)
Path Group: __VIRTUAL_CLK__
Path Type: min

Fanout     Cap    Slew   Delay    Time   Description
-----------------------------------------------------------------------------
                  0.00    0.00    0.00   clock __VIRTUAL_CLK__ (rise edge)
                          0.00    0.00   clock network delay (ideal)
                          2.00    2.00 ^ input external delay
     1    0.00    0.03    0.02    2.02 ^ in[7] (in)
                                         in[7] (net)
                  0.03    0.00    2.02 ^ _5_/A (sky130_fd_sc_hd__inv_2)
     1    0.03    0.08    0.07    2.09 v _5_/Y (sky130_fd_sc_hd__inv_2)
                                         out[7] (net)
                  0.08    0.00    2.09 v out[7] (out)
                                  2.09   data arrival time

                  0.00    0.00    0.00   clock __VIRTUAL_CLK__ (rise edge)
                          0.00    0.00   clock network delay (ideal)
                          0.25    0.25   clock uncertainty
                          0.00    0.25   clock reconvergence pessimism
                         -2.00   -1.75   output external delay
                                 -1.75   data required time
-----------------------------------------------------------------------------
                                 -1.75   data required time
                                 -2.09   data arrival time
-----------------------------------------------------------------------------
                                  3.84   slack (MET)



worst slack corner Typical: 3.8350
