OpenROAD b16bda7e82721d10566ff7e2b68f1ff0be9f9e38 
Features included (+) or not (-): +Charts +GPU +GUI +Python
This program is licensed under the BSD-3 license. See the LICENSE file for details.
Components of this program may be licensed under more restrictive licenses which must be honored.
define_corners Typical
read_liberty -corner Typical /home/urgay/.volare/sky130A/libs.ref/sky130_fd_sc_hd/lib/sky130_fd_sc_hd__tt_025C_1v80.lib
Using 1e-12 for capacitance...
Using 1e+03 for resistance...
Using 1e-09 for time...
Using 1e+00 for voltage...
Using 1e-03 for current...
Using 1e-09 for power...
Using 1e-06 for distance...
[INFO]: Reading ODB at '/openlane/designs/alu/runs/RUN_2025.04.27_16.04.45/tmp/16-alu.odb'…
Reading design constraints file at '/openlane/scripts/base.sdc'…
[INFO]: Setting output delay to: 2.0
[INFO]: Setting input delay to: 2.0
[WARNING STA-0366] port '__VIRTUAL_CLK__' not found.
[INFO]: Setting load to: 0.033442
[INFO]: Setting clock uncertainty to: 0.25
[INFO]: Setting clock transition to: 0.15
[WARNING STA-0419] transition time can not be specified for virtual clocks.
[INFO]: Setting timing derate to: 5.0 %
[INFO]: Propagating all clocks
[WARNING STA-0450] virtual clock __VIRTUAL_CLK__ can not be propagated.
[INFO]: Setting RC values...
[WARNING GRT-0026] Missing route to pin _244_/A2.
[WARNING GRT-0026] Missing route to pin _244_/X.
[WARNING GRT-0026] Missing route to pin _257_/A2.
[WARNING GRT-0026] Missing route to pin _257_/A3.
[WARNING GRT-0026] Missing route to pin _257_/B1.
[WARNING GRT-0026] Missing route to pin _257_/C1.
[WARNING GRT-0026] Missing route to pin _257_/X.
[WARNING GRT-0026] Missing route to pin _175_/X.
[WARNING GRT-0026] Missing route to pin _257_/A1.
[WARNING GRT-0026] Missing route to pin clone7/A.
[WARNING GRT-0026] Missing route to pin _244_/A1.
min_report

===========================================================================
report_checks -path_delay min (Hold)
============================================================================
======================= Typical Corner ===================================

Startpoint: B[5] (input port clocked by __VIRTUAL_CLK__)
Endpoint: out[5] (output port clocked by __VIRTUAL_CLK__)
Path Group: __VIRTUAL_CLK__
Path Type: min

Fanout     Cap    Slew   Delay    Time   Description
-----------------------------------------------------------------------------
                  0.00    0.00    0.00   clock __VIRTUAL_CLK__ (rise edge)
                          0.00    0.00   clock network delay (ideal)
                          2.00    2.00 ^ input external delay
     1    0.00    0.02    0.01    2.01 ^ B[5] (in)
                                         B[5] (net)
                  0.02    0.00    2.01 ^ input14/A (sky130_fd_sc_hd__buf_2)
     5    0.01    0.08    0.12    2.13 ^ input14/X (sky130_fd_sc_hd__buf_2)
                                         net14 (net)
                  0.08    0.00    2.13 ^ _233_/A1 (sky130_fd_sc_hd__a311o_1)
     1    0.00    0.05    0.14    2.27 ^ _233_/X (sky130_fd_sc_hd__a311o_1)
                                         _161_ (net)
                  0.05    0.00    2.27 ^ _267_/B1 (sky130_fd_sc_hd__a211o_1)
     1    0.01    0.10    0.13    2.40 ^ _267_/X (sky130_fd_sc_hd__a211o_1)
                                         net25 (net)
                  0.10    0.00    2.40 ^ output25/A (sky130_fd_sc_hd__buf_2)
     1    0.03    0.17    0.21    2.61 ^ output25/X (sky130_fd_sc_hd__buf_2)
                                         out[5] (net)
                  0.17    0.00    2.61 ^ out[5] (out)
                                  2.61   data arrival time

                  0.00    0.00    0.00   clock __VIRTUAL_CLK__ (rise edge)
                          0.00    0.00   clock network delay (ideal)
                          0.25    0.25   clock uncertainty
                          0.00    0.25   clock reconvergence pessimism
                         -2.00   -1.75   output external delay
                                 -1.75   data required time
-----------------------------------------------------------------------------
                                 -1.75   data required time
                                 -2.61   data arrival time
-----------------------------------------------------------------------------
                                  4.36   slack (MET)


Startpoint: B[0] (input port clocked by __VIRTUAL_CLK__)
Endpoint: out[0] (output port clocked by __VIRTUAL_CLK__)
Path Group: __VIRTUAL_CLK__
Path Type: min

Fanout     Cap    Slew   Delay    Time   Description
-----------------------------------------------------------------------------
                  0.00    0.00    0.00   clock __VIRTUAL_CLK__ (rise edge)
                          0.00    0.00   clock network delay (ideal)
                          2.00    2.00 v input external delay
     1    0.00    0.01    0.01    2.01 v B[0] (in)
                                         B[0] (net)
                  0.01    0.00    2.01 v input9/A (sky130_fd_sc_hd__clkbuf_2)
     5    0.01    0.05    0.11    2.11 v input9/X (sky130_fd_sc_hd__clkbuf_2)
                                         net9 (net)
                  0.05    0.00    2.11 v clone7/A (sky130_fd_sc_hd__buf_2)
     5    0.01    0.05    0.14    2.25 v clone7/X (sky130_fd_sc_hd__buf_2)
                                         net34 (net)
                  0.05    0.00    2.25 v _307_/A1 (sky130_fd_sc_hd__a31o_1)
     1    0.01    0.08    0.20    2.45 v _307_/X (sky130_fd_sc_hd__a31o_1)
                                         net20 (net)
                  0.08    0.00    2.45 v output20/A (sky130_fd_sc_hd__buf_2)
     1    0.03    0.09    0.18    2.64 v output20/X (sky130_fd_sc_hd__buf_2)
                                         out[0] (net)
                  0.09    0.00    2.64 v out[0] (out)
                                  2.64   data arrival time

                  0.00    0.00    0.00   clock __VIRTUAL_CLK__ (rise edge)
                          0.00    0.00   clock network delay (ideal)
                          0.25    0.25   clock uncertainty
                          0.00    0.25   clock reconvergence pessimism
                         -2.00   -1.75   output external delay
                                 -1.75   data required time
-----------------------------------------------------------------------------
                                 -1.75   data required time
                                 -2.64   data arrival time
-----------------------------------------------------------------------------
                                  4.39   slack (MET)


Startpoint: opcode[2] (input port clocked by __VIRTUAL_CLK__)
Endpoint: out[7] (output port clocked by __VIRTUAL_CLK__)
Path Group: __VIRTUAL_CLK__
Path Type: min

Fanout     Cap    Slew   Delay    Time   Description
-----------------------------------------------------------------------------
                  0.00    0.00    0.00   clock __VIRTUAL_CLK__ (rise edge)
                          0.00    0.00   clock network delay (ideal)
                          2.00    2.00 v input external delay
     1    0.00    0.01    0.01    2.01 v opcode[2] (in)
                                         opcode[2] (net)
                  0.01    0.00    2.01 v input19/A (sky130_fd_sc_hd__clkbuf_4)
     6    0.02    0.06    0.14    2.15 v input19/X (sky130_fd_sc_hd__clkbuf_4)
                                         net19 (net)
                  0.06    0.00    2.15 v _265_/A (sky130_fd_sc_hd__and3_2)
     7    0.02    0.07    0.21    2.35 v _265_/X (sky130_fd_sc_hd__and3_2)
                                         _023_ (net)
                  0.07    0.00    2.35 v _302_/A1 (sky130_fd_sc_hd__a31o_1)
     1    0.00    0.03    0.16    2.52 v _302_/X (sky130_fd_sc_hd__a31o_1)
                                         net27 (net)
                  0.03    0.00    2.52 v output27/A (sky130_fd_sc_hd__buf_2)
     1    0.04    0.09    0.17    2.69 v output27/X (sky130_fd_sc_hd__buf_2)
                                         out[7] (net)
                  0.09    0.00    2.69 v out[7] (out)
                                  2.69   data arrival time

                  0.00    0.00    0.00   clock __VIRTUAL_CLK__ (rise edge)
                          0.00    0.00   clock network delay (ideal)
                          0.25    0.25   clock uncertainty
                          0.00    0.25   clock reconvergence pessimism
                         -2.00   -1.75   output external delay
                                 -1.75   data required time
-----------------------------------------------------------------------------
                                 -1.75   data required time
                                 -2.69   data arrival time
-----------------------------------------------------------------------------
                                  4.44   slack (MET)


Startpoint: A[4] (input port clocked by __VIRTUAL_CLK__)
Endpoint: out[4] (output port clocked by __VIRTUAL_CLK__)
Path Group: __VIRTUAL_CLK__
Path Type: min

Fanout     Cap    Slew   Delay    Time   Description
-----------------------------------------------------------------------------
                  0.00    0.00    0.00   clock __VIRTUAL_CLK__ (rise edge)
                          0.00    0.00   clock network delay (ideal)
                          2.00    2.00 ^ input external delay
     1    0.00    0.02    0.01    2.01 ^ A[4] (in)
                                         A[4] (net)
                  0.02    0.00    2.01 ^ input5/A (sky130_fd_sc_hd__clkbuf_4)
     6    0.02    0.08    0.15    2.16 ^ input5/X (sky130_fd_sc_hd__clkbuf_4)
                                         net5 (net)
                  0.08    0.00    2.16 ^ _341_/A2 (sky130_fd_sc_hd__a31o_1)
     1    0.01    0.10    0.18    2.34 ^ _341_/X (sky130_fd_sc_hd__a31o_1)
                                         _092_ (net)
                  0.10    0.00    2.34 ^ _346_/B (sky130_fd_sc_hd__or3_1)
     1    0.00    0.03    0.10    2.44 ^ _346_/X (sky130_fd_sc_hd__or3_1)
                                         _097_ (net)
                  0.03    0.00    2.44 ^ _347_/A (sky130_fd_sc_hd__buf_1)
     1    0.00    0.05    0.08    2.52 ^ _347_/X (sky130_fd_sc_hd__buf_1)
                                         net24 (net)
                  0.05    0.00    2.52 ^ output24/A (sky130_fd_sc_hd__buf_2)
     1    0.04    0.18    0.20    2.72 ^ output24/X (sky130_fd_sc_hd__buf_2)
                                         out[4] (net)
                  0.18    0.00    2.72 ^ out[4] (out)
                                  2.72   data arrival time

                  0.00    0.00    0.00   clock __VIRTUAL_CLK__ (rise edge)
                          0.00    0.00   clock network delay (ideal)
                          0.25    0.25   clock uncertainty
                          0.00    0.25   clock reconvergence pessimism
                         -2.00   -1.75   output external delay
                                 -1.75   data required time
-----------------------------------------------------------------------------
                                 -1.75   data required time
                                 -2.72   data arrival time
-----------------------------------------------------------------------------
                                  4.47   slack (MET)


Startpoint: A[5] (input port clocked by __VIRTUAL_CLK__)
Endpoint: out[6] (output port clocked by __VIRTUAL_CLK__)
Path Group: __VIRTUAL_CLK__
Path Type: min

Fanout     Cap    Slew   Delay    Time   Description
-----------------------------------------------------------------------------
                  0.00    0.00    0.00   clock __VIRTUAL_CLK__ (rise edge)
                          0.00    0.00   clock network delay (ideal)
                          2.00    2.00 v input external delay
     1    0.00    0.01    0.00    2.00 v A[5] (in)
                                         A[5] (net)
                  0.01    0.00    2.00 v input6/A (sky130_fd_sc_hd__buf_2)
     6    0.01    0.05    0.12    2.13 v input6/X (sky130_fd_sc_hd__buf_2)
                                         net6 (net)
                  0.05    0.00    2.13 v _261_/A (sky130_fd_sc_hd__nand2_2)
     3    0.02    0.10    0.10    2.23 ^ _261_/Y (sky130_fd_sc_hd__nand2_2)
                                         _019_ (net)
                  0.10    0.00    2.23 ^ _274_/A1 (sky130_fd_sc_hd__a31o_1)
     1    0.00    0.04    0.13    2.35 ^ _274_/X (sky130_fd_sc_hd__a31o_1)
                                         _031_ (net)
                  0.04    0.00    2.35 ^ _275_/B (sky130_fd_sc_hd__nand2_1)
     1    0.00    0.03    0.04    2.40 v _275_/Y (sky130_fd_sc_hd__nand2_1)
                                         _032_ (net)
                  0.03    0.00    2.40 v _291_/A1 (sky130_fd_sc_hd__a21o_1)
     1    0.01    0.06    0.16    2.56 v _291_/X (sky130_fd_sc_hd__a21o_1)
                                         net26 (net)
                  0.06    0.00    2.56 v output26/A (sky130_fd_sc_hd__clkbuf_4)
     1    0.03    0.08    0.18    2.74 v output26/X (sky130_fd_sc_hd__clkbuf_4)
                                         out[6] (net)
                  0.08    0.00    2.74 v out[6] (out)
                                  2.74   data arrival time

                  0.00    0.00    0.00   clock __VIRTUAL_CLK__ (rise edge)
                          0.00    0.00   clock network delay (ideal)
                          0.25    0.25   clock uncertainty
                          0.00    0.25   clock reconvergence pessimism
                         -2.00   -1.75   output external delay
                                 -1.75   data required time
-----------------------------------------------------------------------------
                                 -1.75   data required time
                                 -2.74   data arrival time
-----------------------------------------------------------------------------
                                  4.49   slack (MET)


Startpoint: B[3] (input port clocked by __VIRTUAL_CLK__)
Endpoint: out[3] (output port clocked by __VIRTUAL_CLK__)
Path Group: __VIRTUAL_CLK__
Path Type: min

Fanout     Cap    Slew   Delay    Time   Description
-----------------------------------------------------------------------------
                  0.00    0.00    0.00   clock __VIRTUAL_CLK__ (rise edge)
                          0.00    0.00   clock network delay (ideal)
                          2.00    2.00 ^ input external delay
     1    0.00    0.02    0.01    2.01 ^ B[3] (in)
                                         B[3] (net)
                  0.02    0.00    2.01 ^ input12/A (sky130_fd_sc_hd__clkbuf_2)
     3    0.01    0.06    0.10    2.12 ^ input12/X (sky130_fd_sc_hd__clkbuf_2)
                                         net12 (net)
                  0.06    0.00    2.12 ^ _191_/A (sky130_fd_sc_hd__buf_4)
    10    0.04    0.11    0.16    2.28 ^ _191_/X (sky130_fd_sc_hd__buf_4)
                                         _119_ (net)
                  0.11    0.00    2.28 ^ _334_/A1 (sky130_fd_sc_hd__a311o_1)
     1    0.00    0.04    0.15    2.43 ^ _334_/X (sky130_fd_sc_hd__a311o_1)
                                         _086_ (net)
                  0.04    0.00    2.43 ^ _335_/C1 (sky130_fd_sc_hd__a221o_1)
     1    0.01    0.09    0.13    2.56 ^ _335_/X (sky130_fd_sc_hd__a221o_1)
                                         net23 (net)
                  0.09    0.00    2.56 ^ output23/A (sky130_fd_sc_hd__buf_2)
     1    0.03    0.17    0.20    2.76 ^ output23/X (sky130_fd_sc_hd__buf_2)
                                         out[3] (net)
                  0.17    0.00    2.77 ^ out[3] (out)
                                  2.77   data arrival time

                  0.00    0.00    0.00   clock __VIRTUAL_CLK__ (rise edge)
                          0.00    0.00   clock network delay (ideal)
                          0.25    0.25   clock uncertainty
                          0.00    0.25   clock reconvergence pessimism
                         -2.00   -1.75   output external delay
                                 -1.75   data required time
-----------------------------------------------------------------------------
                                 -1.75   data required time
                                 -2.77   data arrival time
-----------------------------------------------------------------------------
                                  4.52   slack (MET)


Startpoint: opcode[2] (input port clocked by __VIRTUAL_CLK__)
Endpoint: out[2] (output port clocked by __VIRTUAL_CLK__)
Path Group: __VIRTUAL_CLK__
Path Type: min

Fanout     Cap    Slew   Delay    Time   Description
-----------------------------------------------------------------------------
                  0.00    0.00    0.00   clock __VIRTUAL_CLK__ (rise edge)
                          0.00    0.00   clock network delay (ideal)
                          2.00    2.00 v input external delay
     1    0.00    0.01    0.01    2.01 v opcode[2] (in)
                                         opcode[2] (net)
                  0.01    0.00    2.01 v input19/A (sky130_fd_sc_hd__clkbuf_4)
     6    0.02    0.06    0.14    2.15 v input19/X (sky130_fd_sc_hd__clkbuf_4)
                                         net19 (net)
                  0.06    0.00    2.15 v _265_/A (sky130_fd_sc_hd__and3_2)
     7    0.02    0.07    0.21    2.35 v _265_/X (sky130_fd_sc_hd__and3_2)
                                         _023_ (net)
                  0.07    0.00    2.35 v _326_/A2 (sky130_fd_sc_hd__a31o_1)
     1    0.01    0.06    0.23    2.59 v _326_/X (sky130_fd_sc_hd__a31o_1)
                                         net22 (net)
                  0.06    0.00    2.59 v output22/A (sky130_fd_sc_hd__buf_2)
     1    0.04    0.09    0.18    2.77 v output22/X (sky130_fd_sc_hd__buf_2)
                                         out[2] (net)
                  0.09    0.00    2.77 v out[2] (out)
                                  2.77   data arrival time

                  0.00    0.00    0.00   clock __VIRTUAL_CLK__ (rise edge)
                          0.00    0.00   clock network delay (ideal)
                          0.25    0.25   clock uncertainty
                          0.00    0.25   clock reconvergence pessimism
                         -2.00   -1.75   output external delay
                                 -1.75   data required time
-----------------------------------------------------------------------------
                                 -1.75   data required time
                                 -2.77   data arrival time
-----------------------------------------------------------------------------
                                  4.52   slack (MET)


Startpoint: B[1] (input port clocked by __VIRTUAL_CLK__)
Endpoint: out[1] (output port clocked by __VIRTUAL_CLK__)
Path Group: __VIRTUAL_CLK__
Path Type: min

Fanout     Cap    Slew   Delay    Time   Description
-----------------------------------------------------------------------------
                  0.00    0.00    0.00   clock __VIRTUAL_CLK__ (rise edge)
                          0.00    0.00   clock network delay (ideal)
                          2.00    2.00 ^ input external delay
     1    0.00    0.02    0.01    2.01 ^ B[1] (in)
                                         B[1] (net)
                  0.02    0.00    2.01 ^ input10/A (sky130_fd_sc_hd__clkbuf_2)
     5    0.01    0.08    0.12    2.13 ^ input10/X (sky130_fd_sc_hd__clkbuf_2)
                                         net10 (net)
                  0.08    0.00    2.13 ^ _175_/A (sky130_fd_sc_hd__buf_6)
    10    0.03    0.07    0.13    2.26 ^ _175_/X (sky130_fd_sc_hd__buf_6)
                                         _103_ (net)
                  0.07    0.00    2.26 ^ _309_/A2 (sky130_fd_sc_hd__o22a_1)
     1    0.01    0.07    0.14    2.40 ^ _309_/X (sky130_fd_sc_hd__o22a_1)
                                         _063_ (net)
                  0.07    0.00    2.40 ^ _317_/A (sky130_fd_sc_hd__or4b_2)
     1    0.00    0.03    0.11    2.51 ^ _317_/X (sky130_fd_sc_hd__or4b_2)
                                         _071_ (net)
                  0.03    0.00    2.51 ^ _318_/A (sky130_fd_sc_hd__buf_1)
     1    0.01    0.11    0.12    2.63 ^ _318_/X (sky130_fd_sc_hd__buf_1)
                                         net21 (net)
                  0.11    0.00    2.63 ^ output21/A (sky130_fd_sc_hd__buf_2)
     1    0.03    0.17    0.21    2.84 ^ output21/X (sky130_fd_sc_hd__buf_2)
                                         out[1] (net)
                  0.17    0.00    2.84 ^ out[1] (out)
                                  2.84   data arrival time

                  0.00    0.00    0.00   clock __VIRTUAL_CLK__ (rise edge)
                          0.00    0.00   clock network delay (ideal)
                          0.25    0.25   clock uncertainty
                          0.00    0.25   clock reconvergence pessimism
                         -2.00   -1.75   output external delay
                                 -1.75   data required time
-----------------------------------------------------------------------------
                                 -1.75   data required time
                                 -2.84   data arrival time
-----------------------------------------------------------------------------
                                  4.59   slack (MET)



worst slack corner Typical: 4.3632
min_report_end
max_report

===========================================================================
report_checks -path_delay max (Setup)
============================================================================
======================= Typical Corner ===================================

Startpoint: B[0] (input port clocked by __VIRTUAL_CLK__)
Endpoint: out[6] (output port clocked by __VIRTUAL_CLK__)
Path Group: __VIRTUAL_CLK__
Path Type: max

Fanout     Cap    Slew   Delay    Time   Description
-----------------------------------------------------------------------------
                  0.00    0.00    0.00   clock __VIRTUAL_CLK__ (rise edge)
                          0.00    0.00   clock network delay (ideal)
                          2.00    2.00 v input external delay
     1    0.00    0.01    0.01    2.01 v B[0] (in)
                                         B[0] (net)
                  0.01    0.00    2.01 v input9/A (sky130_fd_sc_hd__clkbuf_2)
     5    0.01    0.05    0.12    2.12 v input9/X (sky130_fd_sc_hd__clkbuf_2)
                                         net9 (net)
                  0.05    0.00    2.12 v _234_/A (sky130_fd_sc_hd__or2_4)
     4    0.02    0.07    0.30    2.42 v _234_/X (sky130_fd_sc_hd__or2_4)
                                         _162_ (net)
                  0.07    0.00    2.42 v _236_/A3 (sky130_fd_sc_hd__o31a_2)
     3    0.02    0.09    0.36    2.79 v _236_/X (sky130_fd_sc_hd__o31a_2)
                                         _164_ (net)
                  0.09    0.00    2.79 v _268_/A3 (sky130_fd_sc_hd__o31a_2)
     2    0.02    0.08    0.36    3.15 v _268_/X (sky130_fd_sc_hd__o31a_2)
                                         _025_ (net)
                  0.08    0.00    3.15 v _269_/B (sky130_fd_sc_hd__xnor2_2)
     2    0.00    0.05    0.15    3.30 v _269_/Y (sky130_fd_sc_hd__xnor2_2)
                                         _026_ (net)
                  0.05    0.00    3.30 v _270_/B (sky130_fd_sc_hd__and2_1)
     3    0.02    0.10    0.23    3.52 v _270_/X (sky130_fd_sc_hd__and2_1)
                                         _027_ (net)
                  0.10    0.00    3.52 v _272_/A (sky130_fd_sc_hd__or2_4)
     2    0.01    0.06    0.29    3.82 v _272_/X (sky130_fd_sc_hd__or2_4)
                                         _029_ (net)
                  0.06    0.00    3.82 v _276_/C1 (sky130_fd_sc_hd__a311oi_4)
     2    0.01    0.25    0.25    4.07 ^ _276_/Y (sky130_fd_sc_hd__a311oi_4)
                                         _033_ (net)
                  0.25    0.00    4.07 ^ rebuffer1/A (sky130_fd_sc_hd__buf_6)
     2    0.01    0.04    0.16    4.22 ^ rebuffer1/X (sky130_fd_sc_hd__buf_6)
                                         net28 (net)
                  0.04    0.00    4.22 ^ _277_/A_N (sky130_fd_sc_hd__and2b_1)
     1    0.01    0.05    0.19    4.42 v _277_/X (sky130_fd_sc_hd__and2b_1)
                                         _034_ (net)
                  0.05    0.00    4.42 v _291_/A2 (sky130_fd_sc_hd__a21o_1)
     1    0.01    0.06    0.21    4.63 v _291_/X (sky130_fd_sc_hd__a21o_1)
                                         net26 (net)
                  0.06    0.00    4.63 v output26/A (sky130_fd_sc_hd__clkbuf_4)
     1    0.03    0.08    0.20    4.83 v output26/X (sky130_fd_sc_hd__clkbuf_4)
                                         out[6] (net)
                  0.08    0.00    4.83 v out[6] (out)
                                  4.83   data arrival time

                  0.00   10.00   10.00   clock __VIRTUAL_CLK__ (rise edge)
                          0.00   10.00   clock network delay (ideal)
                         -0.25    9.75   clock uncertainty
                          0.00    9.75   clock reconvergence pessimism
                         -2.00    7.75   output external delay
                                  7.75   data required time
-----------------------------------------------------------------------------
                                  7.75   data required time
                                 -4.83   data arrival time
-----------------------------------------------------------------------------
                                  2.92   slack (MET)


Startpoint: B[0] (input port clocked by __VIRTUAL_CLK__)
Endpoint: out[7] (output port clocked by __VIRTUAL_CLK__)
Path Group: __VIRTUAL_CLK__
Path Type: max

Fanout     Cap    Slew   Delay    Time   Description
-----------------------------------------------------------------------------
                  0.00    0.00    0.00   clock __VIRTUAL_CLK__ (rise edge)
                          0.00    0.00   clock network delay (ideal)
                          2.00    2.00 v input external delay
     1    0.00    0.01    0.01    2.01 v B[0] (in)
                                         B[0] (net)
                  0.01    0.00    2.01 v input9/A (sky130_fd_sc_hd__clkbuf_2)
     5    0.01    0.05    0.12    2.12 v input9/X (sky130_fd_sc_hd__clkbuf_2)
                                         net9 (net)
                  0.05    0.00    2.12 v _234_/A (sky130_fd_sc_hd__or2_4)
     4    0.02    0.07    0.30    2.42 v _234_/X (sky130_fd_sc_hd__or2_4)
                                         _162_ (net)
                  0.07    0.00    2.42 v _236_/A3 (sky130_fd_sc_hd__o31a_2)
     3    0.02    0.09    0.36    2.79 v _236_/X (sky130_fd_sc_hd__o31a_2)
                                         _164_ (net)
                  0.09    0.00    2.79 v _268_/A3 (sky130_fd_sc_hd__o31a_2)
     2    0.02    0.08    0.36    3.15 v _268_/X (sky130_fd_sc_hd__o31a_2)
                                         _025_ (net)
                  0.08    0.00    3.15 v _269_/B (sky130_fd_sc_hd__xnor2_2)
     2    0.00    0.05    0.15    3.30 v _269_/Y (sky130_fd_sc_hd__xnor2_2)
                                         _026_ (net)
                  0.05    0.00    3.30 v _270_/B (sky130_fd_sc_hd__and2_1)
     3    0.02    0.10    0.23    3.52 v _270_/X (sky130_fd_sc_hd__and2_1)
                                         _027_ (net)
                  0.10    0.00    3.52 v _272_/A (sky130_fd_sc_hd__or2_4)
     2    0.01    0.06    0.29    3.82 v _272_/X (sky130_fd_sc_hd__or2_4)
                                         _029_ (net)
                  0.06    0.00    3.82 v _276_/C1 (sky130_fd_sc_hd__a311oi_4)
     2    0.01    0.25    0.25    4.07 ^ _276_/Y (sky130_fd_sc_hd__a311oi_4)
                                         _033_ (net)
                  0.25    0.00    4.07 ^ rebuffer1/A (sky130_fd_sc_hd__buf_6)
     2    0.01    0.04    0.16    4.22 ^ rebuffer1/X (sky130_fd_sc_hd__buf_6)
                                         net28 (net)
                  0.04    0.00    4.22 ^ _295_/A2 (sky130_fd_sc_hd__o21ai_1)
     1    0.01    0.09    0.08    4.30 v _295_/Y (sky130_fd_sc_hd__o21ai_1)
                                         _051_ (net)
                  0.09    0.00    4.30 v _302_/A2 (sky130_fd_sc_hd__a31o_1)
     1    0.00    0.03    0.22    4.52 v _302_/X (sky130_fd_sc_hd__a31o_1)
                                         net27 (net)
                  0.03    0.00    4.52 v output27/A (sky130_fd_sc_hd__buf_2)
     1    0.04    0.09    0.19    4.71 v output27/X (sky130_fd_sc_hd__buf_2)
                                         out[7] (net)
                  0.09    0.00    4.71 v out[7] (out)
                                  4.71   data arrival time

                  0.00   10.00   10.00   clock __VIRTUAL_CLK__ (rise edge)
                          0.00   10.00   clock network delay (ideal)
                         -0.25    9.75   clock uncertainty
                          0.00    9.75   clock reconvergence pessimism
                         -2.00    7.75   output external delay
                                  7.75   data required time
-----------------------------------------------------------------------------
                                  7.75   data required time
                                 -4.71   data arrival time
-----------------------------------------------------------------------------
                                  3.04   slack (MET)


Startpoint: B[0] (input port clocked by __VIRTUAL_CLK__)
Endpoint: out[5] (output port clocked by __VIRTUAL_CLK__)
Path Group: __VIRTUAL_CLK__
Path Type: max

Fanout     Cap    Slew   Delay    Time   Description
-----------------------------------------------------------------------------
                  0.00    0.00    0.00   clock __VIRTUAL_CLK__ (rise edge)
                          0.00    0.00   clock network delay (ideal)
                          2.00    2.00 v input external delay
     1    0.00    0.01    0.01    2.01 v B[0] (in)
                                         B[0] (net)
                  0.01    0.00    2.01 v input9/A (sky130_fd_sc_hd__clkbuf_2)
     5    0.01    0.05    0.12    2.12 v input9/X (sky130_fd_sc_hd__clkbuf_2)
                                         net9 (net)
                  0.05    0.00    2.12 v _234_/A (sky130_fd_sc_hd__or2_4)
     4    0.02    0.07    0.30    2.42 v _234_/X (sky130_fd_sc_hd__or2_4)
                                         _162_ (net)
                  0.07    0.00    2.42 v _236_/A3 (sky130_fd_sc_hd__o31a_2)
     3    0.02    0.09    0.36    2.79 v _236_/X (sky130_fd_sc_hd__o31a_2)
                                         _164_ (net)
                  0.09    0.00    2.79 v _237_/B (sky130_fd_sc_hd__xnor2_2)
     2    0.02    0.25    0.25    3.04 ^ _237_/Y (sky130_fd_sc_hd__xnor2_2)
                                         _165_ (net)
                  0.25    0.00    3.04 ^ _255_/B (sky130_fd_sc_hd__or2_1)
     1    0.01    0.11    0.20    3.24 ^ _255_/X (sky130_fd_sc_hd__or2_1)
                                         _013_ (net)
                  0.11    0.00    3.24 ^ _256_/B (sky130_fd_sc_hd__nand2_1)
     2    0.01    0.06    0.09    3.33 v _256_/Y (sky130_fd_sc_hd__nand2_1)
                                         _014_ (net)
                  0.06    0.00    3.33 v _257_/C1 (sky130_fd_sc_hd__a311o_4)
     5    0.02    0.08    0.36    3.69 v _257_/X (sky130_fd_sc_hd__a311o_4)
                                         _015_ (net)
                  0.08    0.00    3.69 v rebuffer6/A (sky130_fd_sc_hd__dlymetal6s4s_1)
     1    0.00    0.04    0.27    3.96 v rebuffer6/X (sky130_fd_sc_hd__dlymetal6s4s_1)
                                         net33 (net)
                  0.04    0.00    3.96 v _264_/C (sky130_fd_sc_hd__nand3_1)
     1    0.00    0.06    0.07    4.04 ^ _264_/Y (sky130_fd_sc_hd__nand3_1)
                                         _022_ (net)
                  0.06    0.00    4.04 ^ _266_/A (sky130_fd_sc_hd__and3_1)
     1    0.01    0.12    0.21    4.24 ^ _266_/X (sky130_fd_sc_hd__and3_1)
                                         _024_ (net)
                  0.12    0.00    4.24 ^ _267_/C1 (sky130_fd_sc_hd__a211o_1)
     1    0.01    0.11    0.17    4.41 ^ _267_/X (sky130_fd_sc_hd__a211o_1)
                                         net25 (net)
                  0.11    0.00    4.41 ^ output25/A (sky130_fd_sc_hd__buf_2)
     1    0.03    0.17    0.23    4.64 ^ output25/X (sky130_fd_sc_hd__buf_2)
                                         out[5] (net)
                  0.17    0.00    4.64 ^ out[5] (out)
                                  4.64   data arrival time

                  0.00   10.00   10.00   clock __VIRTUAL_CLK__ (rise edge)
                          0.00   10.00   clock network delay (ideal)
                         -0.25    9.75   clock uncertainty
                          0.00    9.75   clock reconvergence pessimism
                         -2.00    7.75   output external delay
                                  7.75   data required time
-----------------------------------------------------------------------------
                                  7.75   data required time
                                 -4.64   data arrival time
-----------------------------------------------------------------------------
                                  3.11   slack (MET)


Startpoint: B[0] (input port clocked by __VIRTUAL_CLK__)
Endpoint: out[4] (output port clocked by __VIRTUAL_CLK__)
Path Group: __VIRTUAL_CLK__
Path Type: max

Fanout     Cap    Slew   Delay    Time   Description
-----------------------------------------------------------------------------
                  0.00    0.00    0.00   clock __VIRTUAL_CLK__ (rise edge)
                          0.00    0.00   clock network delay (ideal)
                          2.00    2.00 v input external delay
     1    0.00    0.01    0.01    2.01 v B[0] (in)
                                         B[0] (net)
                  0.01    0.00    2.01 v input9/A (sky130_fd_sc_hd__clkbuf_2)
     5    0.01    0.05    0.12    2.12 v input9/X (sky130_fd_sc_hd__clkbuf_2)
                                         net9 (net)
                  0.05    0.00    2.12 v _234_/A (sky130_fd_sc_hd__or2_4)
     4    0.02    0.07    0.30    2.42 v _234_/X (sky130_fd_sc_hd__or2_4)
                                         _162_ (net)
                  0.07    0.00    2.42 v _236_/A3 (sky130_fd_sc_hd__o31a_2)
     3    0.02    0.09    0.36    2.79 v _236_/X (sky130_fd_sc_hd__o31a_2)
                                         _164_ (net)
                  0.09    0.00    2.79 v _237_/B (sky130_fd_sc_hd__xnor2_2)
     2    0.02    0.25    0.25    3.04 ^ _237_/Y (sky130_fd_sc_hd__xnor2_2)
                                         _165_ (net)
                  0.25    0.00    3.04 ^ _255_/B (sky130_fd_sc_hd__or2_1)
     1    0.01    0.11    0.20    3.24 ^ _255_/X (sky130_fd_sc_hd__or2_1)
                                         _013_ (net)
                  0.11    0.00    3.24 ^ _256_/B (sky130_fd_sc_hd__nand2_1)
     2    0.01    0.06    0.09    3.33 v _256_/Y (sky130_fd_sc_hd__nand2_1)
                                         _014_ (net)
                  0.06    0.00    3.33 v _257_/C1 (sky130_fd_sc_hd__a311o_4)
     5    0.02    0.08    0.36    3.69 v _257_/X (sky130_fd_sc_hd__a311o_4)
                                         _015_ (net)
                  0.08    0.00    3.69 v _338_/A (sky130_fd_sc_hd__and3_1)
     1    0.01    0.05    0.18    3.87 v _338_/X (sky130_fd_sc_hd__and3_1)
                                         _089_ (net)
                  0.05    0.00    3.87 v _346_/A (sky130_fd_sc_hd__or3_1)
     1    0.00    0.06    0.37    4.24 v _346_/X (sky130_fd_sc_hd__or3_1)
                                         _097_ (net)
                  0.06    0.00    4.24 v _347_/A (sky130_fd_sc_hd__buf_1)
     1    0.00    0.03    0.10    4.35 v _347_/X (sky130_fd_sc_hd__buf_1)
                                         net24 (net)
                  0.03    0.00    4.35 v output24/A (sky130_fd_sc_hd__buf_2)
     1    0.04    0.09    0.19    4.54 v output24/X (sky130_fd_sc_hd__buf_2)
                                         out[4] (net)
                  0.09    0.00    4.54 v out[4] (out)
                                  4.54   data arrival time

                  0.00   10.00   10.00   clock __VIRTUAL_CLK__ (rise edge)
                          0.00   10.00   clock network delay (ideal)
                         -0.25    9.75   clock uncertainty
                          0.00    9.75   clock reconvergence pessimism
                         -2.00    7.75   output external delay
                                  7.75   data required time
-----------------------------------------------------------------------------
                                  7.75   data required time
                                 -4.54   data arrival time
-----------------------------------------------------------------------------
                                  3.21   slack (MET)


Startpoint: opcode[0] (input port clocked by __VIRTUAL_CLK__)
Endpoint: out[1] (output port clocked by __VIRTUAL_CLK__)
Path Group: __VIRTUAL_CLK__
Path Type: max

Fanout     Cap    Slew   Delay    Time   Description
-----------------------------------------------------------------------------
                  0.00    0.00    0.00   clock __VIRTUAL_CLK__ (rise edge)
                          0.00    0.00   clock network delay (ideal)
                          2.00    2.00 v input external delay
     1    0.00    0.01    0.00    2.00 v opcode[0] (in)
                                         opcode[0] (net)
                  0.01    0.00    2.00 v input17/A (sky130_fd_sc_hd__buf_2)
     5    0.01    0.05    0.13    2.14 v input17/X (sky130_fd_sc_hd__buf_2)
                                         net17 (net)
                  0.05    0.00    2.14 v _235_/A_N (sky130_fd_sc_hd__nand3b_4)
     3    0.01    0.07    0.18    2.32 v _235_/Y (sky130_fd_sc_hd__nand3b_4)
                                         _163_ (net)
                  0.07    0.00    2.32 v _242_/A (sky130_fd_sc_hd__and3_1)
     2    0.01    0.07    0.19    2.51 v _242_/X (sky130_fd_sc_hd__and3_1)
                                         _000_ (net)
                  0.07    0.00    2.51 v rebuffer2/A (sky130_fd_sc_hd__dlymetal6s2s_1)
     1    0.00    0.05    0.16    2.67 v rebuffer2/X (sky130_fd_sc_hd__dlymetal6s2s_1)
                                         net29 (net)
                  0.05    0.00    2.67 v _244_/A1 (sky130_fd_sc_hd__o21a_4)
     4    0.01    0.05    0.23    2.90 v _244_/X (sky130_fd_sc_hd__o21a_4)
                                         _002_ (net)
                  0.05    0.00    2.90 v _247_/A_N (sky130_fd_sc_hd__and3b_2)
     3    0.01    0.09    0.28    3.18 ^ _247_/X (sky130_fd_sc_hd__and3b_2)
                                         _005_ (net)
                  0.09    0.00    3.18 ^ _316_/A (sky130_fd_sc_hd__or3b_1)
     1    0.01    0.08    0.15    3.33 ^ _316_/X (sky130_fd_sc_hd__or3b_1)
                                         _070_ (net)
                  0.08    0.00    3.33 ^ _317_/D_N (sky130_fd_sc_hd__or4b_2)
     1    0.00    0.09    0.60    3.93 v _317_/X (sky130_fd_sc_hd__or4b_2)
                                         _071_ (net)
                  0.09    0.00    3.93 v _318_/A (sky130_fd_sc_hd__buf_1)
     1    0.01    0.06    0.14    4.07 v _318_/X (sky130_fd_sc_hd__buf_1)
                                         net21 (net)
                  0.06    0.00    4.07 v output21/A (sky130_fd_sc_hd__buf_2)
     1    0.03    0.09    0.19    4.27 v output21/X (sky130_fd_sc_hd__buf_2)
                                         out[1] (net)
                  0.09    0.00    4.27 v out[1] (out)
                                  4.27   data arrival time

                  0.00   10.00   10.00   clock __VIRTUAL_CLK__ (rise edge)
                          0.00   10.00   clock network delay (ideal)
                         -0.25    9.75   clock uncertainty
                          0.00    9.75   clock reconvergence pessimism
                         -2.00    7.75   output external delay
                                  7.75   data required time
-----------------------------------------------------------------------------
                                  7.75   data required time
                                 -4.27   data arrival time
-----------------------------------------------------------------------------
                                  3.48   slack (MET)


Startpoint: A[3] (input port clocked by __VIRTUAL_CLK__)
Endpoint: out[3] (output port clocked by __VIRTUAL_CLK__)
Path Group: __VIRTUAL_CLK__
Path Type: max

Fanout     Cap    Slew   Delay    Time   Description
-----------------------------------------------------------------------------
                  0.00    0.00    0.00   clock __VIRTUAL_CLK__ (rise edge)
                          0.00    0.00   clock network delay (ideal)
                          2.00    2.00 v input external delay
     1    0.00    0.01    0.01    2.01 v A[3] (in)
                                         A[3] (net)
                  0.01    0.00    2.01 v input4/A (sky130_fd_sc_hd__clkbuf_2)
     4    0.03    0.10    0.16    2.16 v input4/X (sky130_fd_sc_hd__clkbuf_2)
                                         net4 (net)
                  0.10    0.00    2.16 v _186_/D (sky130_fd_sc_hd__and4_2)
     3    0.01    0.06    0.29    2.45 v _186_/X (sky130_fd_sc_hd__and4_2)
                                         _114_ (net)
                  0.06    0.00    2.45 v _192_/A (sky130_fd_sc_hd__or3_4)
     2    0.00    0.06    0.40    2.85 v _192_/X (sky130_fd_sc_hd__or3_4)
                                         _120_ (net)
                  0.06    0.00    2.85 v _198_/A (sky130_fd_sc_hd__and3_1)
     2    0.00    0.04    0.16    3.01 v _198_/X (sky130_fd_sc_hd__and3_1)
                                         _126_ (net)
                  0.04    0.00    3.01 v _208_/A_N (sky130_fd_sc_hd__and2b_1)
     1    0.02    0.16    0.28    3.29 ^ _208_/X (sky130_fd_sc_hd__and2b_1)
                                         _136_ (net)
                  0.16    0.00    3.29 ^ _209_/B (sky130_fd_sc_hd__xnor2_4)
     3    0.02    0.18    0.16    3.46 ^ _209_/Y (sky130_fd_sc_hd__xnor2_4)
                                         _137_ (net)
                  0.18    0.00    3.46 ^ _330_/B (sky130_fd_sc_hd__xor2_1)
     1    0.01    0.22    0.25    3.71 ^ _330_/X (sky130_fd_sc_hd__xor2_1)
                                         _082_ (net)
                  0.22    0.00    3.71 ^ _335_/B1 (sky130_fd_sc_hd__a221o_1)
     1    0.01    0.10    0.23    3.94 ^ _335_/X (sky130_fd_sc_hd__a221o_1)
                                         net23 (net)
                  0.10    0.00    3.94 ^ output23/A (sky130_fd_sc_hd__buf_2)
     1    0.03    0.17    0.23    4.17 ^ output23/X (sky130_fd_sc_hd__buf_2)
                                         out[3] (net)
                  0.17    0.00    4.17 ^ out[3] (out)
                                  4.17   data arrival time

                  0.00   10.00   10.00   clock __VIRTUAL_CLK__ (rise edge)
                          0.00   10.00   clock network delay (ideal)
                         -0.25    9.75   clock uncertainty
                          0.00    9.75   clock reconvergence pessimism
                         -2.00    7.75   output external delay
                                  7.75   data required time
-----------------------------------------------------------------------------
                                  7.75   data required time
                                 -4.17   data arrival time
-----------------------------------------------------------------------------
                                  3.58   slack (MET)


Startpoint: opcode[0] (input port clocked by __VIRTUAL_CLK__)
Endpoint: out[2] (output port clocked by __VIRTUAL_CLK__)
Path Group: __VIRTUAL_CLK__
Path Type: max

Fanout     Cap    Slew   Delay    Time   Description
-----------------------------------------------------------------------------
                  0.00    0.00    0.00   clock __VIRTUAL_CLK__ (rise edge)
                          0.00    0.00   clock network delay (ideal)
                          2.00    2.00 v input external delay
     1    0.00    0.01    0.00    2.00 v opcode[0] (in)
                                         opcode[0] (net)
                  0.01    0.00    2.00 v input17/A (sky130_fd_sc_hd__buf_2)
     5    0.01    0.05    0.13    2.14 v input17/X (sky130_fd_sc_hd__buf_2)
                                         net17 (net)
                  0.05    0.00    2.14 v _235_/A_N (sky130_fd_sc_hd__nand3b_4)
     3    0.01    0.07    0.18    2.32 v _235_/Y (sky130_fd_sc_hd__nand3b_4)
                                         _163_ (net)
                  0.07    0.00    2.32 v rebuffer3/A (sky130_fd_sc_hd__buf_8)
     7    0.02    0.03    0.15    2.46 v rebuffer3/X (sky130_fd_sc_hd__buf_8)
                                         net30 (net)
                  0.03    0.00    2.46 v _240_/B (sky130_fd_sc_hd__and3_2)
     2    0.01    0.05    0.22    2.68 v _240_/X (sky130_fd_sc_hd__and3_2)
                                         _168_ (net)
                  0.05    0.00    2.68 v _248_/C (sky130_fd_sc_hd__or3_1)
     1    0.00    0.07    0.32    3.00 v _248_/X (sky130_fd_sc_hd__or3_1)
                                         _006_ (net)
                  0.07    0.00    3.00 v _249_/B (sky130_fd_sc_hd__and2_4)
     2    0.01    0.04    0.18    3.19 v _249_/X (sky130_fd_sc_hd__and2_4)
                                         _007_ (net)
                  0.04    0.00    3.19 v _319_/A (sky130_fd_sc_hd__or3_1)
     1    0.00    0.06    0.37    3.56 v _319_/X (sky130_fd_sc_hd__or3_1)
                                         _072_ (net)
                  0.06    0.00    3.56 v _326_/A3 (sky130_fd_sc_hd__a31o_1)
     1    0.01    0.07    0.26    3.82 v _326_/X (sky130_fd_sc_hd__a31o_1)
                                         net22 (net)
                  0.07    0.00    3.82 v output22/A (sky130_fd_sc_hd__buf_2)
     1    0.04    0.09    0.20    4.02 v output22/X (sky130_fd_sc_hd__buf_2)
                                         out[2] (net)
                  0.09    0.00    4.03 v out[2] (out)
                                  4.03   data arrival time

                  0.00   10.00   10.00   clock __VIRTUAL_CLK__ (rise edge)
                          0.00   10.00   clock network delay (ideal)
                         -0.25    9.75   clock uncertainty
                          0.00    9.75   clock reconvergence pessimism
                         -2.00    7.75   output external delay
                                  7.75   data required time
-----------------------------------------------------------------------------
                                  7.75   data required time
                                 -4.03   data arrival time
-----------------------------------------------------------------------------
                                  3.72   slack (MET)


Startpoint: opcode[1] (input port clocked by __VIRTUAL_CLK__)
Endpoint: out[0] (output port clocked by __VIRTUAL_CLK__)
Path Group: __VIRTUAL_CLK__
Path Type: max

Fanout     Cap    Slew   Delay    Time   Description
-----------------------------------------------------------------------------
                  0.00    0.00    0.00   clock __VIRTUAL_CLK__ (rise edge)
                          0.00    0.00   clock network delay (ideal)
                          2.00    2.00 v input external delay
     1    0.00    0.01    0.00    2.00 v opcode[1] (in)
                                         opcode[1] (net)
                  0.01    0.00    2.00 v input18/A (sky130_fd_sc_hd__clkbuf_4)
     6    0.02    0.06    0.15    2.16 v input18/X (sky130_fd_sc_hd__clkbuf_4)
                                         net18 (net)
                  0.06    0.00    2.16 v _171_/B (sky130_fd_sc_hd__or2_2)
     4    0.02    0.09    0.34    2.50 v _171_/X (sky130_fd_sc_hd__or2_2)
                                         _099_ (net)
                  0.09    0.00    2.50 v _224_/B (sky130_fd_sc_hd__or2_1)
     1    0.00    0.06    0.24    2.74 v _224_/X (sky130_fd_sc_hd__or2_1)
                                         _152_ (net)
                  0.06    0.00    2.74 v _225_/A (sky130_fd_sc_hd__clkbuf_4)
     8    0.04    0.10    0.21    2.95 v _225_/X (sky130_fd_sc_hd__clkbuf_4)
                                         _153_ (net)
                  0.10    0.01    2.95 v _306_/A2 (sky130_fd_sc_hd__o21ai_1)
     1    0.00    0.10    0.13    3.09 ^ _306_/Y (sky130_fd_sc_hd__o21ai_1)
                                         _061_ (net)
                  0.10    0.00    3.09 ^ _307_/B1 (sky130_fd_sc_hd__a31o_1)
     1    0.01    0.14    0.18    3.27 ^ _307_/X (sky130_fd_sc_hd__a31o_1)
                                         net20 (net)
                  0.14    0.00    3.27 ^ output20/A (sky130_fd_sc_hd__buf_2)
     1    0.03    0.17    0.24    3.51 ^ output20/X (sky130_fd_sc_hd__buf_2)
                                         out[0] (net)
                  0.17    0.00    3.51 ^ out[0] (out)
                                  3.51   data arrival time

                  0.00   10.00   10.00   clock __VIRTUAL_CLK__ (rise edge)
                          0.00   10.00   clock network delay (ideal)
                         -0.25    9.75   clock uncertainty
                          0.00    9.75   clock reconvergence pessimism
                         -2.00    7.75   output external delay
                                  7.75   data required time
-----------------------------------------------------------------------------
                                  7.75   data required time
                                 -3.51   data arrival time
-----------------------------------------------------------------------------
                                  4.24   slack (MET)



worst slack corner Typical: 2.9202
max_report_end
checks_report

===========================================================================
report_checks -unconstrained
===========================================================================
======================= Typical Corner ===================================

Startpoint: B[0] (input port clocked by __VIRTUAL_CLK__)
Endpoint: out[6] (output port clocked by __VIRTUAL_CLK__)
Path Group: __VIRTUAL_CLK__
Path Type: max

Fanout     Cap    Slew   Delay    Time   Description
-----------------------------------------------------------------------------
                  0.00    0.00    0.00   clock __VIRTUAL_CLK__ (rise edge)
                          0.00    0.00   clock network delay (ideal)
                          2.00    2.00 v input external delay
     1    0.00    0.01    0.01    2.01 v B[0] (in)
                                         B[0] (net)
                  0.01    0.00    2.01 v input9/A (sky130_fd_sc_hd__clkbuf_2)
     5    0.01    0.05    0.12    2.12 v input9/X (sky130_fd_sc_hd__clkbuf_2)
                                         net9 (net)
                  0.05    0.00    2.12 v _234_/A (sky130_fd_sc_hd__or2_4)
     4    0.02    0.07    0.30    2.42 v _234_/X (sky130_fd_sc_hd__or2_4)
                                         _162_ (net)
                  0.07    0.00    2.42 v _236_/A3 (sky130_fd_sc_hd__o31a_2)
     3    0.02    0.09    0.36    2.79 v _236_/X (sky130_fd_sc_hd__o31a_2)
                                         _164_ (net)
                  0.09    0.00    2.79 v _268_/A3 (sky130_fd_sc_hd__o31a_2)
     2    0.02    0.08    0.36    3.15 v _268_/X (sky130_fd_sc_hd__o31a_2)
                                         _025_ (net)
                  0.08    0.00    3.15 v _269_/B (sky130_fd_sc_hd__xnor2_2)
     2    0.00    0.05    0.15    3.30 v _269_/Y (sky130_fd_sc_hd__xnor2_2)
                                         _026_ (net)
                  0.05    0.00    3.30 v _270_/B (sky130_fd_sc_hd__and2_1)
     3    0.02    0.10    0.23    3.52 v _270_/X (sky130_fd_sc_hd__and2_1)
                                         _027_ (net)
                  0.10    0.00    3.52 v _272_/A (sky130_fd_sc_hd__or2_4)
     2    0.01    0.06    0.29    3.82 v _272_/X (sky130_fd_sc_hd__or2_4)
                                         _029_ (net)
                  0.06    0.00    3.82 v _276_/C1 (sky130_fd_sc_hd__a311oi_4)
     2    0.01    0.25    0.25    4.07 ^ _276_/Y (sky130_fd_sc_hd__a311oi_4)
                                         _033_ (net)
                  0.25    0.00    4.07 ^ rebuffer1/A (sky130_fd_sc_hd__buf_6)
     2    0.01    0.04    0.16    4.22 ^ rebuffer1/X (sky130_fd_sc_hd__buf_6)
                                         net28 (net)
                  0.04    0.00    4.22 ^ _277_/A_N (sky130_fd_sc_hd__and2b_1)
     1    0.01    0.05    0.19    4.42 v _277_/X (sky130_fd_sc_hd__and2b_1)
                                         _034_ (net)
                  0.05    0.00    4.42 v _291_/A2 (sky130_fd_sc_hd__a21o_1)
     1    0.01    0.06    0.21    4.63 v _291_/X (sky130_fd_sc_hd__a21o_1)
                                         net26 (net)
                  0.06    0.00    4.63 v output26/A (sky130_fd_sc_hd__clkbuf_4)
     1    0.03    0.08    0.20    4.83 v output26/X (sky130_fd_sc_hd__clkbuf_4)
                                         out[6] (net)
                  0.08    0.00    4.83 v out[6] (out)
                                  4.83   data arrival time

                  0.00   10.00   10.00   clock __VIRTUAL_CLK__ (rise edge)
                          0.00   10.00   clock network delay (ideal)
                         -0.25    9.75   clock uncertainty
                          0.00    9.75   clock reconvergence pessimism
                         -2.00    7.75   output external delay
                                  7.75   data required time
-----------------------------------------------------------------------------
                                  7.75   data required time
                                 -4.83   data arrival time
-----------------------------------------------------------------------------
                                  2.92   slack (MET)




===========================================================================
report_checks --slack_max -0.01
============================================================================
======================= Typical Corner ===================================

No paths found.


===========================================================================
 report_check_types -max_slew -max_cap -max_fanout -violators
============================================================================
======================= Typical Corner ===================================


max slew violations count Typical: 0
max fanout violations count Typical: 0
max cap violations count Typical: 0

===========================================================================
report_parasitic_annotation -report_unannotated
============================================================================
Found 2 unannotated drivers.
 clone7/X
 rebuffer6/X
Found 113 partially unannotated drivers.
 opcode[1]
 _170_/Y
 _171_/X
 _172_/Y
 _173_/X
 _175_/X
 _176_/X
 _178_/X
 _179_/X
 _180_/Y
 _182_/Y
 _183_/Y
 _186_/X
 _187_/Y
 _189_/Y
 _190_/X
 _191_/X
 _192_/X
 _193_/Y
 _195_/X
 _196_/X
 _197_/X
 _198_/X
 _201_/X
 _204_/Y
 _205_/X
 _206_/X
 _209_/Y
 _212_/X
 _214_/Y
 _217_/Y
 _219_/Y
 _222_/Y
 _223_/Y
 _226_/Y
 _228_/Y
 _230_/X
 _231_/Y
 _233_/X
 _239_/Y
 _240_/X
 _241_/Y
 _243_/Y
 _244_/X
 _245_/X
 _247_/X
 _248_/X
 _249_/X
 _250_/Y
 _253_/Y
 _254_/Y
 _256_/Y
 _257_/X
 _259_/Y
 _261_/Y
 _262_/Y
 _263_/X
 _264_/Y
 _265_/X
 _269_/Y
 _272_/X
 _273_/Y
 _274_/X
 _275_/Y
 _278_/Y
 _279_/Y
 _280_/X
 _281_/Y
 _282_/X
 _283_/X
 _285_/Y
 _289_/Y
 _290_/X
 _293_/X
 _298_/X
 _301_/X
 _302_/X
 _306_/Y
 _310_/X
 _311_/X
 _313_/Y
 _314_/X
 _315_/Y
 _317_/X
 _319_/X
 _322_/X
 _325_/Y
 _327_/X
 _328_/Y
 _329_/Y
 _332_/X
 _334_/X
 _336_/X
 _337_/Y
 _339_/Y
 _346_/X
 _347_/X
 input10/X
 input11/X
 input12/X
 input13/X
 input14/X
 input15/X
 input17/X
 input18/X
 input19/X
 input2/X
 input3/X
 input5/X
 input6/X
 input9/X
 rebuffer1/X
 rebuffer2/X

===========================================================================
max slew violation count 0
max fanout violation count 0
max cap violation count 0
============================================================================

===========================================================================
check_setup -verbose -unconstrained_endpoints -multiple_clock -no_clock -no_input_delay -loops -generated_clocks
===========================================================================
checks_report_end
power_report

===========================================================================
 report_power
============================================================================
======================= Typical Corner ===================================

Group                  Internal  Switching    Leakage      Total
                          Power      Power      Power      Power (Watts)
----------------------------------------------------------------
Sequential             0.00e+00   0.00e+00   0.00e+00   0.00e+00   0.0%
Combinational          5.20e-05   7.00e-05   8.49e-10   1.22e-04 100.0%
Clock                  0.00e+00   0.00e+00   2.79e-10   2.79e-10   0.0%
Macro                  0.00e+00   0.00e+00   0.00e+00   0.00e+00   0.0%
Pad                    0.00e+00   0.00e+00   0.00e+00   0.00e+00   0.0%
----------------------------------------------------------------
Total                  5.20e-05   7.00e-05   1.13e-09   1.22e-04 100.0%
                          42.6%      57.4%       0.0%

power_report_end
summary_report

===========================================================================
report_tns
============================================================================
tns 0.00

===========================================================================
report_wns
============================================================================
wns 0.00

===========================================================================
report_worst_slack -max (Setup)
============================================================================
worst slack 2.92

===========================================================================
report_worst_slack -min (Hold)
============================================================================
worst slack 4.36
summary_report_end
area_report

===========================================================================
report_design_area
============================================================================
Design area 1948 u^2 19% utilization.
area_report_end
check_nonpropagated_clocks
__VIRTUAL_CLK__
check_nonpropagated_clocks_end
[WARNING] Did not save OpenROAD database!
Writing SDF to '/openlane/designs/alu/runs/RUN_2025.04.27_16.04.45/results/signoff/alu.sdf'…
Writing timing model to '/openlane/designs/alu/runs/RUN_2025.04.27_16.04.45/results/signoff/alu.lib'…
