
===========================================================================
report_checks -unconstrained
===========================================================================
======================= Typical Corner ===================================

Startpoint: B[0] (input port clocked by __VIRTUAL_CLK__)
Endpoint: out[6] (output port clocked by __VIRTUAL_CLK__)
Path Group: __VIRTUAL_CLK__
Path Type: max

Fanout     Cap    Slew   Delay    Time   Description
-----------------------------------------------------------------------------
                  0.00    0.00    0.00   clock __VIRTUAL_CLK__ (rise edge)
                          0.00    0.00   clock network delay (ideal)
                          2.00    2.00 v input external delay
     1    0.00    0.01    0.01    2.01 v B[0] (in)
                                         B[0] (net)
                  0.01    0.00    2.01 v input9/A (sky130_fd_sc_hd__clkbuf_2)
     5    0.01    0.05    0.12    2.12 v input9/X (sky130_fd_sc_hd__clkbuf_2)
                                         net9 (net)
                  0.05    0.00    2.12 v _234_/A (sky130_fd_sc_hd__or2_4)
     4    0.02    0.07    0.30    2.42 v _234_/X (sky130_fd_sc_hd__or2_4)
                                         _162_ (net)
                  0.07    0.00    2.42 v _236_/A3 (sky130_fd_sc_hd__o31a_2)
     3    0.02    0.09    0.36    2.79 v _236_/X (sky130_fd_sc_hd__o31a_2)
                                         _164_ (net)
                  0.09    0.00    2.79 v _268_/A3 (sky130_fd_sc_hd__o31a_2)
     2    0.02    0.08    0.36    3.15 v _268_/X (sky130_fd_sc_hd__o31a_2)
                                         _025_ (net)
                  0.08    0.00    3.15 v _269_/B (sky130_fd_sc_hd__xnor2_2)
     2    0.00    0.05    0.15    3.30 v _269_/Y (sky130_fd_sc_hd__xnor2_2)
                                         _026_ (net)
                  0.05    0.00    3.30 v _270_/B (sky130_fd_sc_hd__and2_1)
     3    0.02    0.10    0.23    3.52 v _270_/X (sky130_fd_sc_hd__and2_1)
                                         _027_ (net)
                  0.10    0.00    3.52 v _272_/A (sky130_fd_sc_hd__or2_4)
     2    0.01    0.06    0.29    3.82 v _272_/X (sky130_fd_sc_hd__or2_4)
                                         _029_ (net)
                  0.06    0.00    3.82 v _276_/C1 (sky130_fd_sc_hd__a311oi_4)
     2    0.01    0.25    0.25    4.07 ^ _276_/Y (sky130_fd_sc_hd__a311oi_4)
                                         _033_ (net)
                  0.25    0.00    4.07 ^ rebuffer1/A (sky130_fd_sc_hd__buf_6)
     2    0.01    0.04    0.16    4.22 ^ rebuffer1/X (sky130_fd_sc_hd__buf_6)
                                         net28 (net)
                  0.04    0.00    4.22 ^ _277_/A_N (sky130_fd_sc_hd__and2b_1)
     1    0.01    0.05    0.19    4.42 v _277_/X (sky130_fd_sc_hd__and2b_1)
                                         _034_ (net)
                  0.05    0.00    4.42 v _291_/A2 (sky130_fd_sc_hd__a21o_1)
     1    0.01    0.06    0.21    4.63 v _291_/X (sky130_fd_sc_hd__a21o_1)
                                         net26 (net)
                  0.06    0.00    4.63 v output26/A (sky130_fd_sc_hd__clkbuf_4)
     1    0.03    0.08    0.20    4.83 v output26/X (sky130_fd_sc_hd__clkbuf_4)
                                         out[6] (net)
                  0.08    0.00    4.83 v out[6] (out)
                                  4.83   data arrival time

                  0.00   10.00   10.00   clock __VIRTUAL_CLK__ (rise edge)
                          0.00   10.00   clock network delay (ideal)
                         -0.25    9.75   clock uncertainty
                          0.00    9.75   clock reconvergence pessimism
                         -2.00    7.75   output external delay
                                  7.75   data required time
-----------------------------------------------------------------------------
                                  7.75   data required time
                                 -4.83   data arrival time
-----------------------------------------------------------------------------
                                  2.92   slack (MET)




===========================================================================
report_checks --slack_max -0.01
============================================================================
======================= Typical Corner ===================================

No paths found.


===========================================================================
 report_check_types -max_slew -max_cap -max_fanout -violators
============================================================================
======================= Typical Corner ===================================


max slew violations count Typical: 0
max fanout violations count Typical: 0
max cap violations count Typical: 0

===========================================================================
report_parasitic_annotation -report_unannotated
============================================================================
Found 2 unannotated drivers.
 clone7/X
 rebuffer6/X
Found 113 partially unannotated drivers.
 opcode[1]
 _170_/Y
 _171_/X
 _172_/Y
 _173_/X
 _175_/X
 _176_/X
 _178_/X
 _179_/X
 _180_/Y
 _182_/Y
 _183_/Y
 _186_/X
 _187_/Y
 _189_/Y
 _190_/X
 _191_/X
 _192_/X
 _193_/Y
 _195_/X
 _196_/X
 _197_/X
 _198_/X
 _201_/X
 _204_/Y
 _205_/X
 _206_/X
 _209_/Y
 _212_/X
 _214_/Y
 _217_/Y
 _219_/Y
 _222_/Y
 _223_/Y
 _226_/Y
 _228_/Y
 _230_/X
 _231_/Y
 _233_/X
 _239_/Y
 _240_/X
 _241_/Y
 _243_/Y
 _244_/X
 _245_/X
 _247_/X
 _248_/X
 _249_/X
 _250_/Y
 _253_/Y
 _254_/Y
 _256_/Y
 _257_/X
 _259_/Y
 _261_/Y
 _262_/Y
 _263_/X
 _264_/Y
 _265_/X
 _269_/Y
 _272_/X
 _273_/Y
 _274_/X
 _275_/Y
 _278_/Y
 _279_/Y
 _280_/X
 _281_/Y
 _282_/X
 _283_/X
 _285_/Y
 _289_/Y
 _290_/X
 _293_/X
 _298_/X
 _301_/X
 _302_/X
 _306_/Y
 _310_/X
 _311_/X
 _313_/Y
 _314_/X
 _315_/Y
 _317_/X
 _319_/X
 _322_/X
 _325_/Y
 _327_/X
 _328_/Y
 _329_/Y
 _332_/X
 _334_/X
 _336_/X
 _337_/Y
 _339_/Y
 _346_/X
 _347_/X
 input10/X
 input11/X
 input12/X
 input13/X
 input14/X
 input15/X
 input17/X
 input18/X
 input19/X
 input2/X
 input3/X
 input5/X
 input6/X
 input9/X
 rebuffer1/X
 rebuffer2/X

===========================================================================
max slew violation count 0
max fanout violation count 0
max cap violation count 0
============================================================================

===========================================================================
check_setup -verbose -unconstrained_endpoints -multiple_clock -no_clock -no_input_delay -loops -generated_clocks
===========================================================================
