
===========================================================================
report_checks -unconstrained
===========================================================================
======================= Typical Corner ===================================

Startpoint: in[0] (input port clocked by __VIRTUAL_CLK__)
Endpoint: out[0] (output port clocked by __VIRTUAL_CLK__)
Path Group: __VIRTUAL_CLK__
Path Type: max

Fanout     Cap    Slew   Delay    Time   Description
-----------------------------------------------------------------------------
                  0.00    0.00    0.00   clock __VIRTUAL_CLK__ (rise edge)
                          0.00    0.00   clock network delay (ideal)
                          2.00    2.00 v input external delay
     1    0.00    0.01    0.00    2.00 v in[0] (in)
                                         in[0] (net)
                  0.01    0.00    2.00 v input1/A (sky130_fd_sc_hd__buf_1)
     1    0.00    0.04    0.08    2.09 v input1/X (sky130_fd_sc_hd__buf_1)
                                         net1 (net)
                  0.04    0.00    2.09 v _6_/A (sky130_fd_sc_hd__inv_2)
     1    0.00    0.02    0.03    2.12 ^ _6_/Y (sky130_fd_sc_hd__inv_2)
                                         net9 (net)
                  0.02    0.00    2.12 ^ output9/A (sky130_fd_sc_hd__buf_2)
     1    0.03    0.17    0.19    2.32 ^ output9/X (sky130_fd_sc_hd__buf_2)
                                         out[0] (net)
                  0.17    0.00    2.32 ^ out[0] (out)
                                  2.32   data arrival time

                  0.00   10.00   10.00   clock __VIRTUAL_CLK__ (rise edge)
                          0.00   10.00   clock network delay (ideal)
                         -0.25    9.75   clock uncertainty
                          0.00    9.75   clock reconvergence pessimism
                         -2.00    7.75   output external delay
                                  7.75   data required time
-----------------------------------------------------------------------------
                                  7.75   data required time
                                 -2.32   data arrival time
-----------------------------------------------------------------------------
                                  5.43   slack (MET)




===========================================================================
report_checks --slack_max -0.01
============================================================================
======================= Typical Corner ===================================

No paths found.


===========================================================================
 report_check_types -max_slew -max_cap -max_fanout -violators
============================================================================
======================= Typical Corner ===================================


max slew violations count Typical: 0
max fanout violations count Typical: 0
max cap violations count Typical: 0

===========================================================================
report_parasitic_annotation -report_unannotated
============================================================================
Found 32 unannotated drivers.
 in[0]
 in[1]
 in[2]
 in[3]
 in[4]
 in[5]
 in[6]
 in[7]
 _0_/Y
 _1_/Y
 _2_/Y
 _3_/Y
 _4_/Y
 _5_/Y
 _6_/Y
 _7_/Y
 input1/X
 input2/X
 input3/X
 input4/X
 input5/X
 input6/X
 input7/X
 input8/X
 output10/X
 output11/X
 output12/X
 output13/X
 output14/X
 output15/X
 output16/X
 output9/X
Found 0 partially unannotated drivers.

===========================================================================
max slew violation count 0
max fanout violation count 0
max cap violation count 0
============================================================================

===========================================================================
check_setup -verbose -unconstrained_endpoints -multiple_clock -no_clock -no_input_delay -loops -generated_clocks
===========================================================================
