
===========================================================================
 report_power
============================================================================
======================= Fastest Corner ===================================

Group                  Internal  Switching    Leakage      Total
                          Power      Power      Power      Power (Watts)
----------------------------------------------------------------
Sequential             1.37e-04   0.00e+00   2.96e-08   1.37e-04  38.8%
Combinational          2.79e-06   1.25e-05   7.66e-10   1.53e-05   4.3%
Clock                  1.36e-04   6.42e-05   1.06e-09   2.00e-04  56.8%
Macro                  0.00e+00   0.00e+00   0.00e+00   0.00e+00   0.0%
Pad                    0.00e+00   0.00e+00   0.00e+00   0.00e+00   0.0%
----------------------------------------------------------------
Total                  2.76e-04   7.67e-05   3.14e-08   3.52e-04 100.0%
                          78.2%      21.8%       0.0%

======================= Slowest Corner ===================================

Group                  Internal  Switching    Leakage      Total
                          Power      Power      Power      Power (Watts)
----------------------------------------------------------------
Sequential             9.02e-05   0.00e+00   5.50e-07   9.08e-05  37.7%
Combinational          1.89e-06   8.32e-06   5.96e-07   1.08e-05   4.5%
Clock                  9.73e-05   4.18e-05   1.31e-07   1.39e-04  57.8%
Macro                  0.00e+00   0.00e+00   0.00e+00   0.00e+00   0.0%
Pad                    0.00e+00   0.00e+00   0.00e+00   0.00e+00   0.0%
----------------------------------------------------------------
Total                  1.89e-04   5.01e-05   1.28e-06   2.41e-04 100.0%
                          78.7%      20.8%       0.5%

======================= Typical Corner ===================================

Group                  Internal  Switching    Leakage      Total
                          Power      Power      Power      Power (Watts)
----------------------------------------------------------------
Sequential             1.17e-04   0.00e+00   2.93e-08   1.17e-04  38.7%
Combinational          2.32e-06   1.07e-05   5.31e-10   1.30e-05   4.3%
Clock                  1.19e-04   5.38e-05   7.29e-10   1.73e-04  57.0%
Macro                  0.00e+00   0.00e+00   0.00e+00   0.00e+00   0.0%
Pad                    0.00e+00   0.00e+00   0.00e+00   0.00e+00   0.0%
----------------------------------------------------------------
Total                  2.39e-04   6.45e-05   3.05e-08   3.03e-04 100.0%
                          78.7%      21.3%       0.0%

